
[1mRooFit v3.60 -- Developed by Wouter Verkerke and David Kirkby[0m 
                Copyright (C) 2000-2013 NIKHEF, University of California & Stanford University
                All rights reserved, please read http://roofit.sourceforge.net/license.txt

******************* Decorating *******************
Renaming workspace...
Workspace: old name w, new name combWS
ModelConfig: old name ModelConfig, new name ModelConfig
Dataset: old name obsData, new name combData
[#0] ERROR:ObjectHandling -- RooWorkspace::loadSnapshot(combWS) no snapshot with name nominalGlobs is available
		!!!!!!WARNING: global observable nominalLumi has non-zero value 1
[#0] ERROR:ObjectHandling -- RooWorkspace::loadSnapshot(combWS) no snapshot with name nominalNuis is available
**************************************************
	~~~~~~~~Begin Summary~~~~~~~~
	There are 3 sub channels:
		Index: 0, Pdf: model_resolved_4b_2016, Data: resolved_4b_2016, SumEntries: 8921
		Index: 1, Pdf: model_resolved_4b_2017, Data: resolved_4b_2017, SumEntries: 10861
		Index: 2, Pdf: model_resolved_4b_2018, Data: resolved_4b_2018, SumEntries: 19499
	 ########### POI ########### 	
  1) 0x5f6e620 RooRealVar:: mu = 1  L(-1000 - 1e+06)  "mu"
	 ########### Dataset ########### 	
RooDataSet::asimovData[obs_x_resolved_4b_2016,obs_x_resolved_4b_2017,obs_x_resolved_4b_2018,weightVar,channelCat,weight:binWeightAsimov] = 210 entries (40817.3 weighted)
RooDataSet::combData[channelCat,obs_x_resolved_4b_2016,obs_x_resolved_4b_2017,obs_x_resolved_4b_2018,weight:weightVar] = 210 entries (39281 weighted)
	~~~~~~~~~End Summary~~~~~~~~~
[#0] ERROR:ObjectHandling -- RooWorkspace::loadSnapshot(combWS) no snapshot with name ucmles is available
File output/regularised/spin0/bbbb/500.root has been saved.
Done in 0.02 min (cpu), 0.03 min (real)
