
[1mRooFit v3.60 -- Developed by Wouter Verkerke and David Kirkby[0m 
                Copyright (C) 2000-2013 NIKHEF, University of California & Stanford University
                All rights reserved, please read http://roofit.sourceforge.net/license.txt

Warning in <TClassTable::Add>: class RooNovosibirsk_nancy already in TClassTable
Warning in <TClassTable::Add>: class ExpGausExpPDF already in TClassTable
Warning in <TClassTable::Add>: class HggTwoSidedCBPdf already in TClassTable
You called: 
/afs/cern.ch/work/c/chlcheng/Repository/hh_combination_fw/submodules/RooStatTools/./bin/makeAsimovData output/rescaled/spin0/bbbb/1100.root output/rescaled/spin0/bbbb/1100_with_Asimov_POI_0_NP_nom.root combWS ModelConfig combData false 0.0 asimovData_POI_0_NP_nom xsec_br 
#--- Running makeAsimovData ---
# - Settings: 
  - input_ws:           output/rescaled/spin0/bbbb/1100.root
  - output_ws:          output/rescaled/spin0/bbbb/1100_with_Asimov_POI_0_NP_nom.root
  - workspacename:      combWS
  - modelConfigName:    ModelConfig
  - dataName:           combData
  - doConditional:      0 (false)
  - mu:                 0
  - asimovData_name:    asimovData_POI_0_NP_nom
  - poiName:            xsec_br
Executing makeAsimovData().
inside makeAsimovData().
- doConditional: 0
Pairing nui: Lumi, with glob: nominalLumi, from constraint: lumiConstraint
Pairing nui: alpha_BackgroundNorm16, with glob: nom_alpha_BackgroundNorm16, from constraint: alpha_BackgroundNorm16Constraint
Pairing nui: alpha_BackgroundShape_HighHT_16, with glob: nom_alpha_BackgroundShape_HighHT_16, from constraint: alpha_BackgroundShape_HighHT_16Constraint
Pairing nui: alpha_BackgroundShape_LowHT_16, with glob: nom_alpha_BackgroundShape_LowHT_16, from constraint: alpha_BackgroundShape_LowHT_16Constraint
Pairing nui: alpha_Theory, with glob: nom_alpha_Theory, from constraint: alpha_TheoryConstraint
Pairing nui: alpha_FT_EFF_Eigen_B_0, with glob: nom_alpha_FT_EFF_Eigen_B_0, from constraint: alpha_FT_EFF_Eigen_B_0Constraint
Pairing nui: alpha_FT_EFF_Eigen_B_1, with glob: nom_alpha_FT_EFF_Eigen_B_1, from constraint: alpha_FT_EFF_Eigen_B_1Constraint
Pairing nui: alpha_FT_EFF_Eigen_B_2, with glob: nom_alpha_FT_EFF_Eigen_B_2, from constraint: alpha_FT_EFF_Eigen_B_2Constraint
Pairing nui: alpha_FT_EFF_Eigen_B_3, with glob: nom_alpha_FT_EFF_Eigen_B_3, from constraint: alpha_FT_EFF_Eigen_B_3Constraint
Pairing nui: alpha_FT_EFF_Eigen_B_4, with glob: nom_alpha_FT_EFF_Eigen_B_4, from constraint: alpha_FT_EFF_Eigen_B_4Constraint
Pairing nui: alpha_FT_EFF_Eigen_B_5, with glob: nom_alpha_FT_EFF_Eigen_B_5, from constraint: alpha_FT_EFF_Eigen_B_5Constraint
Pairing nui: alpha_FT_EFF_Eigen_B_6, with glob: nom_alpha_FT_EFF_Eigen_B_6, from constraint: alpha_FT_EFF_Eigen_B_6Constraint
Pairing nui: alpha_FT_EFF_Eigen_B_7, with glob: nom_alpha_FT_EFF_Eigen_B_7, from constraint: alpha_FT_EFF_Eigen_B_7Constraint
Pairing nui: alpha_FT_EFF_Eigen_B_8, with glob: nom_alpha_FT_EFF_Eigen_B_8, from constraint: alpha_FT_EFF_Eigen_B_8Constraint
Pairing nui: alpha_FT_EFF_Eigen_C_0, with glob: nom_alpha_FT_EFF_Eigen_C_0, from constraint: alpha_FT_EFF_Eigen_C_0Constraint
Pairing nui: alpha_FT_EFF_Eigen_C_1, with glob: nom_alpha_FT_EFF_Eigen_C_1, from constraint: alpha_FT_EFF_Eigen_C_1Constraint
Pairing nui: alpha_FT_EFF_Eigen_C_2, with glob: nom_alpha_FT_EFF_Eigen_C_2, from constraint: alpha_FT_EFF_Eigen_C_2Constraint
Pairing nui: alpha_FT_EFF_Eigen_C_3, with glob: nom_alpha_FT_EFF_Eigen_C_3, from constraint: alpha_FT_EFF_Eigen_C_3Constraint
Pairing nui: alpha_FT_EFF_Eigen_Light_0, with glob: nom_alpha_FT_EFF_Eigen_Light_0, from constraint: alpha_FT_EFF_Eigen_Light_0Constraint
Pairing nui: alpha_FT_EFF_Eigen_Light_1, with glob: nom_alpha_FT_EFF_Eigen_Light_1, from constraint: alpha_FT_EFF_Eigen_Light_1Constraint
Pairing nui: alpha_FT_EFF_Eigen_Light_2, with glob: nom_alpha_FT_EFF_Eigen_Light_2, from constraint: alpha_FT_EFF_Eigen_Light_2Constraint
Pairing nui: alpha_FT_EFF_Eigen_Light_3, with glob: nom_alpha_FT_EFF_Eigen_Light_3, from constraint: alpha_FT_EFF_Eigen_Light_3Constraint
Pairing nui: alpha_FT_EFF_extrapolation, with glob: nom_alpha_FT_EFF_extrapolation, from constraint: alpha_FT_EFF_extrapolationConstraint
Pairing nui: alpha_FT_EFF_extrapolation_from_charm, with glob: nom_alpha_FT_EFF_extrapolation_from_charm, from constraint: alpha_FT_EFF_extrapolation_from_charmConstraint
Pairing nui: alpha_JET_BJES_Response, with glob: nom_alpha_JET_BJES_Response, from constraint: alpha_JET_BJES_ResponseConstraint
Pairing nui: alpha_JET_EffectiveNP_Detector1, with glob: nom_alpha_JET_EffectiveNP_Detector1, from constraint: alpha_JET_EffectiveNP_Detector1Constraint
Pairing nui: alpha_JET_EffectiveNP_Detector2, with glob: nom_alpha_JET_EffectiveNP_Detector2, from constraint: alpha_JET_EffectiveNP_Detector2Constraint
Pairing nui: alpha_JET_EffectiveNP_Mixed1, with glob: nom_alpha_JET_EffectiveNP_Mixed1, from constraint: alpha_JET_EffectiveNP_Mixed1Constraint
Pairing nui: alpha_JET_EffectiveNP_Mixed2, with glob: nom_alpha_JET_EffectiveNP_Mixed2, from constraint: alpha_JET_EffectiveNP_Mixed2Constraint
Pairing nui: alpha_JET_EffectiveNP_Mixed3, with glob: nom_alpha_JET_EffectiveNP_Mixed3, from constraint: alpha_JET_EffectiveNP_Mixed3Constraint
Pairing nui: alpha_JET_EffectiveNP_Modelling1, with glob: nom_alpha_JET_EffectiveNP_Modelling1, from constraint: alpha_JET_EffectiveNP_Modelling1Constraint
Pairing nui: alpha_JET_EffectiveNP_Modelling2, with glob: nom_alpha_JET_EffectiveNP_Modelling2, from constraint: alpha_JET_EffectiveNP_Modelling2Constraint
Pairing nui: alpha_JET_EffectiveNP_Modelling3, with glob: nom_alpha_JET_EffectiveNP_Modelling3, from constraint: alpha_JET_EffectiveNP_Modelling3Constraint
Pairing nui: alpha_JET_EffectiveNP_Modelling4, with glob: nom_alpha_JET_EffectiveNP_Modelling4, from constraint: alpha_JET_EffectiveNP_Modelling4Constraint
Pairing nui: alpha_JET_EffectiveNP_Statistical1, with glob: nom_alpha_JET_EffectiveNP_Statistical1, from constraint: alpha_JET_EffectiveNP_Statistical1Constraint
Pairing nui: alpha_JET_EffectiveNP_Statistical2, with glob: nom_alpha_JET_EffectiveNP_Statistical2, from constraint: alpha_JET_EffectiveNP_Statistical2Constraint
Pairing nui: alpha_JET_EffectiveNP_Statistical3, with glob: nom_alpha_JET_EffectiveNP_Statistical3, from constraint: alpha_JET_EffectiveNP_Statistical3Constraint
Pairing nui: alpha_JET_EffectiveNP_Statistical4, with glob: nom_alpha_JET_EffectiveNP_Statistical4, from constraint: alpha_JET_EffectiveNP_Statistical4Constraint
Pairing nui: alpha_JET_EffectiveNP_Statistical5, with glob: nom_alpha_JET_EffectiveNP_Statistical5, from constraint: alpha_JET_EffectiveNP_Statistical5Constraint
Pairing nui: alpha_JET_EffectiveNP_Statistical6, with glob: nom_alpha_JET_EffectiveNP_Statistical6, from constraint: alpha_JET_EffectiveNP_Statistical6Constraint
Pairing nui: alpha_JET_EtaIntercalibration_Modelling, with glob: nom_alpha_JET_EtaIntercalibration_Modelling, from constraint: alpha_JET_EtaIntercalibration_ModellingConstraint
Pairing nui: alpha_JET_EtaIntercalibration_NonClosure_highE, with glob: nom_alpha_JET_EtaIntercalibration_NonClosure_highE, from constraint: alpha_JET_EtaIntercalibration_NonClosure_highEConstraint
Pairing nui: alpha_JET_EtaIntercalibration_NonClosure_negEta, with glob: nom_alpha_JET_EtaIntercalibration_NonClosure_negEta, from constraint: alpha_JET_EtaIntercalibration_NonClosure_negEtaConstraint
Pairing nui: alpha_JET_EtaIntercalibration_NonClosure_posEta, with glob: nom_alpha_JET_EtaIntercalibration_NonClosure_posEta, from constraint: alpha_JET_EtaIntercalibration_NonClosure_posEtaConstraint
Pairing nui: alpha_JET_EtaIntercalibration_TotalStat, with glob: nom_alpha_JET_EtaIntercalibration_TotalStat, from constraint: alpha_JET_EtaIntercalibration_TotalStatConstraint
Pairing nui: alpha_JET_Flavor_Composition, with glob: nom_alpha_JET_Flavor_Composition, from constraint: alpha_JET_Flavor_CompositionConstraint
Pairing nui: alpha_JET_Flavor_Response, with glob: nom_alpha_JET_Flavor_Response, from constraint: alpha_JET_Flavor_ResponseConstraint
Pairing nui: alpha_JET_JER_DataVsMC, with glob: nom_alpha_JET_JER_DataVsMC, from constraint: alpha_JET_JER_DataVsMCConstraint
Pairing nui: alpha_JET_JER_EffectiveNP_1, with glob: nom_alpha_JET_JER_EffectiveNP_1, from constraint: alpha_JET_JER_EffectiveNP_1Constraint
Pairing nui: alpha_JET_JER_EffectiveNP_10, with glob: nom_alpha_JET_JER_EffectiveNP_10, from constraint: alpha_JET_JER_EffectiveNP_10Constraint
Pairing nui: alpha_JET_JER_EffectiveNP_11, with glob: nom_alpha_JET_JER_EffectiveNP_11, from constraint: alpha_JET_JER_EffectiveNP_11Constraint
Pairing nui: alpha_JET_JER_EffectiveNP_12restTerm, with glob: nom_alpha_JET_JER_EffectiveNP_12restTerm, from constraint: alpha_JET_JER_EffectiveNP_12restTermConstraint
Pairing nui: alpha_JET_JER_EffectiveNP_2, with glob: nom_alpha_JET_JER_EffectiveNP_2, from constraint: alpha_JET_JER_EffectiveNP_2Constraint
Pairing nui: alpha_JET_JER_EffectiveNP_3, with glob: nom_alpha_JET_JER_EffectiveNP_3, from constraint: alpha_JET_JER_EffectiveNP_3Constraint
Pairing nui: alpha_JET_JER_EffectiveNP_4, with glob: nom_alpha_JET_JER_EffectiveNP_4, from constraint: alpha_JET_JER_EffectiveNP_4Constraint
Pairing nui: alpha_JET_JER_EffectiveNP_5, with glob: nom_alpha_JET_JER_EffectiveNP_5, from constraint: alpha_JET_JER_EffectiveNP_5Constraint
Pairing nui: alpha_JET_JER_EffectiveNP_6, with glob: nom_alpha_JET_JER_EffectiveNP_6, from constraint: alpha_JET_JER_EffectiveNP_6Constraint
Pairing nui: alpha_JET_JER_EffectiveNP_7, with glob: nom_alpha_JET_JER_EffectiveNP_7, from constraint: alpha_JET_JER_EffectiveNP_7Constraint
Pairing nui: alpha_JET_JER_EffectiveNP_8, with glob: nom_alpha_JET_JER_EffectiveNP_8, from constraint: alpha_JET_JER_EffectiveNP_8Constraint
Pairing nui: alpha_JET_JER_EffectiveNP_9, with glob: nom_alpha_JET_JER_EffectiveNP_9, from constraint: alpha_JET_JER_EffectiveNP_9Constraint
Pairing nui: alpha_JET_Pileup_OffsetMu, with glob: nom_alpha_JET_Pileup_OffsetMu, from constraint: alpha_JET_Pileup_OffsetMuConstraint
Pairing nui: alpha_JET_Pileup_OffsetNPV, with glob: nom_alpha_JET_Pileup_OffsetNPV, from constraint: alpha_JET_Pileup_OffsetNPVConstraint
Pairing nui: alpha_JET_Pileup_PtTerm, with glob: nom_alpha_JET_Pileup_PtTerm, from constraint: alpha_JET_Pileup_PtTermConstraint
Pairing nui: alpha_JET_Pileup_RhoTopology, with glob: nom_alpha_JET_Pileup_RhoTopology, from constraint: alpha_JET_Pileup_RhoTopologyConstraint
Pairing nui: alpha_JET_PunchThrough_MC16, with glob: nom_alpha_JET_PunchThrough_MC16, from constraint: alpha_JET_PunchThrough_MC16Constraint
Pairing nui: alpha_JET_SingleParticle_HighPt, with glob: nom_alpha_JET_SingleParticle_HighPt, from constraint: alpha_JET_SingleParticle_HighPtConstraint
Pairing nui: gamma_stat_resolved_4b_2016_bin_0_poisMean, with glob: nom_gamma_stat_resolved_4b_2016_bin_0, from constraint: gamma_stat_resolved_4b_2016_bin_0_constraint
Pairing nui: gamma_stat_resolved_4b_2016_bin_1_poisMean, with glob: nom_gamma_stat_resolved_4b_2016_bin_1, from constraint: gamma_stat_resolved_4b_2016_bin_1_constraint
Pairing nui: gamma_stat_resolved_4b_2016_bin_2_poisMean, with glob: nom_gamma_stat_resolved_4b_2016_bin_2, from constraint: gamma_stat_resolved_4b_2016_bin_2_constraint
Pairing nui: gamma_stat_resolved_4b_2016_bin_3_poisMean, with glob: nom_gamma_stat_resolved_4b_2016_bin_3, from constraint: gamma_stat_resolved_4b_2016_bin_3_constraint
Pairing nui: gamma_stat_resolved_4b_2016_bin_4_poisMean, with glob: nom_gamma_stat_resolved_4b_2016_bin_4, from constraint: gamma_stat_resolved_4b_2016_bin_4_constraint
Pairing nui: gamma_stat_resolved_4b_2016_bin_5_poisMean, with glob: nom_gamma_stat_resolved_4b_2016_bin_5, from constraint: gamma_stat_resolved_4b_2016_bin_5_constraint
Pairing nui: gamma_stat_resolved_4b_2016_bin_6_poisMean, with glob: nom_gamma_stat_resolved_4b_2016_bin_6, from constraint: gamma_stat_resolved_4b_2016_bin_6_constraint
Pairing nui: gamma_stat_resolved_4b_2016_bin_7_poisMean, with glob: nom_gamma_stat_resolved_4b_2016_bin_7, from constraint: gamma_stat_resolved_4b_2016_bin_7_constraint
Pairing nui: gamma_stat_resolved_4b_2016_bin_8_poisMean, with glob: nom_gamma_stat_resolved_4b_2016_bin_8, from constraint: gamma_stat_resolved_4b_2016_bin_8_constraint
Pairing nui: gamma_stat_resolved_4b_2016_bin_9_poisMean, with glob: nom_gamma_stat_resolved_4b_2016_bin_9, from constraint: gamma_stat_resolved_4b_2016_bin_9_constraint
Pairing nui: gamma_stat_resolved_4b_2016_bin_10_poisMean, with glob: nom_gamma_stat_resolved_4b_2016_bin_10, from constraint: gamma_stat_resolved_4b_2016_bin_10_constraint
Pairing nui: gamma_stat_resolved_4b_2016_bin_11_poisMean, with glob: nom_gamma_stat_resolved_4b_2016_bin_11, from constraint: gamma_stat_resolved_4b_2016_bin_11_constraint
Pairing nui: gamma_stat_resolved_4b_2016_bin_12_poisMean, with glob: nom_gamma_stat_resolved_4b_2016_bin_12, from constraint: gamma_stat_resolved_4b_2016_bin_12_constraint
Pairing nui: gamma_stat_resolved_4b_2016_bin_13_poisMean, with glob: nom_gamma_stat_resolved_4b_2016_bin_13, from constraint: gamma_stat_resolved_4b_2016_bin_13_constraint
Pairing nui: gamma_stat_resolved_4b_2016_bin_14_poisMean, with glob: nom_gamma_stat_resolved_4b_2016_bin_14, from constraint: gamma_stat_resolved_4b_2016_bin_14_constraint
Pairing nui: gamma_stat_resolved_4b_2016_bin_15_poisMean, with glob: nom_gamma_stat_resolved_4b_2016_bin_15, from constraint: gamma_stat_resolved_4b_2016_bin_15_constraint
Pairing nui: gamma_stat_resolved_4b_2016_bin_16_poisMean, with glob: nom_gamma_stat_resolved_4b_2016_bin_16, from constraint: gamma_stat_resolved_4b_2016_bin_16_constraint
Pairing nui: gamma_stat_resolved_4b_2016_bin_17_poisMean, with glob: nom_gamma_stat_resolved_4b_2016_bin_17, from constraint: gamma_stat_resolved_4b_2016_bin_17_constraint
Pairing nui: gamma_stat_resolved_4b_2016_bin_18_poisMean, with glob: nom_gamma_stat_resolved_4b_2016_bin_18, from constraint: gamma_stat_resolved_4b_2016_bin_18_constraint
Pairing nui: gamma_stat_resolved_4b_2016_bin_19_poisMean, with glob: nom_gamma_stat_resolved_4b_2016_bin_19, from constraint: gamma_stat_resolved_4b_2016_bin_19_constraint
Pairing nui: gamma_stat_resolved_4b_2016_bin_20_poisMean, with glob: nom_gamma_stat_resolved_4b_2016_bin_20, from constraint: gamma_stat_resolved_4b_2016_bin_20_constraint
Pairing nui: gamma_stat_resolved_4b_2016_bin_21_poisMean, with glob: nom_gamma_stat_resolved_4b_2016_bin_21, from constraint: gamma_stat_resolved_4b_2016_bin_21_constraint
Pairing nui: gamma_stat_resolved_4b_2016_bin_22_poisMean, with glob: nom_gamma_stat_resolved_4b_2016_bin_22, from constraint: gamma_stat_resolved_4b_2016_bin_22_constraint
Pairing nui: gamma_stat_resolved_4b_2016_bin_23_poisMean, with glob: nom_gamma_stat_resolved_4b_2016_bin_23, from constraint: gamma_stat_resolved_4b_2016_bin_23_constraint
Pairing nui: gamma_stat_resolved_4b_2016_bin_24_poisMean, with glob: nom_gamma_stat_resolved_4b_2016_bin_24, from constraint: gamma_stat_resolved_4b_2016_bin_24_constraint
Pairing nui: gamma_stat_resolved_4b_2016_bin_25_poisMean, with glob: nom_gamma_stat_resolved_4b_2016_bin_25, from constraint: gamma_stat_resolved_4b_2016_bin_25_constraint
Pairing nui: gamma_stat_resolved_4b_2016_bin_26_poisMean, with glob: nom_gamma_stat_resolved_4b_2016_bin_26, from constraint: gamma_stat_resolved_4b_2016_bin_26_constraint
Pairing nui: gamma_stat_resolved_4b_2016_bin_27_poisMean, with glob: nom_gamma_stat_resolved_4b_2016_bin_27, from constraint: gamma_stat_resolved_4b_2016_bin_27_constraint
Pairing nui: gamma_stat_resolved_4b_2016_bin_28_poisMean, with glob: nom_gamma_stat_resolved_4b_2016_bin_28, from constraint: gamma_stat_resolved_4b_2016_bin_28_constraint
Pairing nui: gamma_stat_resolved_4b_2016_bin_29_poisMean, with glob: nom_gamma_stat_resolved_4b_2016_bin_29, from constraint: gamma_stat_resolved_4b_2016_bin_29_constraint
Pairing nui: gamma_stat_resolved_4b_2016_bin_30_poisMean, with glob: nom_gamma_stat_resolved_4b_2016_bin_30, from constraint: gamma_stat_resolved_4b_2016_bin_30_constraint
Pairing nui: gamma_stat_resolved_4b_2016_bin_31_poisMean, with glob: nom_gamma_stat_resolved_4b_2016_bin_31, from constraint: gamma_stat_resolved_4b_2016_bin_31_constraint
Pairing nui: gamma_stat_resolved_4b_2016_bin_32_poisMean, with glob: nom_gamma_stat_resolved_4b_2016_bin_32, from constraint: gamma_stat_resolved_4b_2016_bin_32_constraint
Pairing nui: gamma_stat_resolved_4b_2016_bin_33_poisMean, with glob: nom_gamma_stat_resolved_4b_2016_bin_33, from constraint: gamma_stat_resolved_4b_2016_bin_33_constraint
Pairing nui: gamma_stat_resolved_4b_2016_bin_34_poisMean, with glob: nom_gamma_stat_resolved_4b_2016_bin_34, from constraint: gamma_stat_resolved_4b_2016_bin_34_constraint
Pairing nui: gamma_stat_resolved_4b_2016_bin_35_poisMean, with glob: nom_gamma_stat_resolved_4b_2016_bin_35, from constraint: gamma_stat_resolved_4b_2016_bin_35_constraint
Pairing nui: gamma_stat_resolved_4b_2016_bin_36_poisMean, with glob: nom_gamma_stat_resolved_4b_2016_bin_36, from constraint: gamma_stat_resolved_4b_2016_bin_36_constraint
Pairing nui: gamma_stat_resolved_4b_2016_bin_37_poisMean, with glob: nom_gamma_stat_resolved_4b_2016_bin_37, from constraint: gamma_stat_resolved_4b_2016_bin_37_constraint
Pairing nui: gamma_stat_resolved_4b_2016_bin_38_poisMean, with glob: nom_gamma_stat_resolved_4b_2016_bin_38, from constraint: gamma_stat_resolved_4b_2016_bin_38_constraint
Pairing nui: gamma_stat_resolved_4b_2016_bin_39_poisMean, with glob: nom_gamma_stat_resolved_4b_2016_bin_39, from constraint: gamma_stat_resolved_4b_2016_bin_39_constraint
Pairing nui: gamma_stat_resolved_4b_2016_bin_40_poisMean, with glob: nom_gamma_stat_resolved_4b_2016_bin_40, from constraint: gamma_stat_resolved_4b_2016_bin_40_constraint
Pairing nui: gamma_stat_resolved_4b_2016_bin_41_poisMean, with glob: nom_gamma_stat_resolved_4b_2016_bin_41, from constraint: gamma_stat_resolved_4b_2016_bin_41_constraint
Pairing nui: gamma_stat_resolved_4b_2016_bin_42_poisMean, with glob: nom_gamma_stat_resolved_4b_2016_bin_42, from constraint: gamma_stat_resolved_4b_2016_bin_42_constraint
Pairing nui: gamma_stat_resolved_4b_2016_bin_43_poisMean, with glob: nom_gamma_stat_resolved_4b_2016_bin_43, from constraint: gamma_stat_resolved_4b_2016_bin_43_constraint
Pairing nui: gamma_stat_resolved_4b_2016_bin_44_poisMean, with glob: nom_gamma_stat_resolved_4b_2016_bin_44, from constraint: gamma_stat_resolved_4b_2016_bin_44_constraint
Pairing nui: gamma_stat_resolved_4b_2016_bin_45_poisMean, with glob: nom_gamma_stat_resolved_4b_2016_bin_45, from constraint: gamma_stat_resolved_4b_2016_bin_45_constraint
Pairing nui: gamma_stat_resolved_4b_2016_bin_46_poisMean, with glob: nom_gamma_stat_resolved_4b_2016_bin_46, from constraint: gamma_stat_resolved_4b_2016_bin_46_constraint
Pairing nui: gamma_stat_resolved_4b_2016_bin_47_poisMean, with glob: nom_gamma_stat_resolved_4b_2016_bin_47, from constraint: gamma_stat_resolved_4b_2016_bin_47_constraint
Pairing nui: gamma_stat_resolved_4b_2016_bin_48_poisMean, with glob: nom_gamma_stat_resolved_4b_2016_bin_48, from constraint: gamma_stat_resolved_4b_2016_bin_48_constraint
Pairing nui: gamma_stat_resolved_4b_2016_bin_49_poisMean, with glob: nom_gamma_stat_resolved_4b_2016_bin_49, from constraint: gamma_stat_resolved_4b_2016_bin_49_constraint
Pairing nui: gamma_stat_resolved_4b_2016_bin_50_poisMean, with glob: nom_gamma_stat_resolved_4b_2016_bin_50, from constraint: gamma_stat_resolved_4b_2016_bin_50_constraint
Pairing nui: gamma_stat_resolved_4b_2016_bin_51_poisMean, with glob: nom_gamma_stat_resolved_4b_2016_bin_51, from constraint: gamma_stat_resolved_4b_2016_bin_51_constraint
Pairing nui: gamma_stat_resolved_4b_2016_bin_52_poisMean, with glob: nom_gamma_stat_resolved_4b_2016_bin_52, from constraint: gamma_stat_resolved_4b_2016_bin_52_constraint
Pairing nui: gamma_stat_resolved_4b_2016_bin_53_poisMean, with glob: nom_gamma_stat_resolved_4b_2016_bin_53, from constraint: gamma_stat_resolved_4b_2016_bin_53_constraint
Pairing nui: gamma_stat_resolved_4b_2016_bin_54_poisMean, with glob: nom_gamma_stat_resolved_4b_2016_bin_54, from constraint: gamma_stat_resolved_4b_2016_bin_54_constraint
Pairing nui: gamma_stat_resolved_4b_2016_bin_55_poisMean, with glob: nom_gamma_stat_resolved_4b_2016_bin_55, from constraint: gamma_stat_resolved_4b_2016_bin_55_constraint
Pairing nui: gamma_stat_resolved_4b_2016_bin_56_poisMean, with glob: nom_gamma_stat_resolved_4b_2016_bin_56, from constraint: gamma_stat_resolved_4b_2016_bin_56_constraint
Pairing nui: gamma_stat_resolved_4b_2016_bin_57_poisMean, with glob: nom_gamma_stat_resolved_4b_2016_bin_57, from constraint: gamma_stat_resolved_4b_2016_bin_57_constraint
Pairing nui: gamma_stat_resolved_4b_2016_bin_58_poisMean, with glob: nom_gamma_stat_resolved_4b_2016_bin_58, from constraint: gamma_stat_resolved_4b_2016_bin_58_constraint
Pairing nui: gamma_stat_resolved_4b_2016_bin_59_poisMean, with glob: nom_gamma_stat_resolved_4b_2016_bin_59, from constraint: gamma_stat_resolved_4b_2016_bin_59_constraint
Pairing nui: gamma_stat_resolved_4b_2016_bin_60_poisMean, with glob: nom_gamma_stat_resolved_4b_2016_bin_60, from constraint: gamma_stat_resolved_4b_2016_bin_60_constraint
Pairing nui: gamma_stat_resolved_4b_2016_bin_61_poisMean, with glob: nom_gamma_stat_resolved_4b_2016_bin_61, from constraint: gamma_stat_resolved_4b_2016_bin_61_constraint
Pairing nui: gamma_stat_resolved_4b_2016_bin_62_poisMean, with glob: nom_gamma_stat_resolved_4b_2016_bin_62, from constraint: gamma_stat_resolved_4b_2016_bin_62_constraint
Pairing nui: gamma_stat_resolved_4b_2016_bin_63_poisMean, with glob: nom_gamma_stat_resolved_4b_2016_bin_63, from constraint: gamma_stat_resolved_4b_2016_bin_63_constraint
Pairing nui: gamma_stat_resolved_4b_2016_bin_64_poisMean, with glob: nom_gamma_stat_resolved_4b_2016_bin_64, from constraint: gamma_stat_resolved_4b_2016_bin_64_constraint
Pairing nui: gamma_stat_resolved_4b_2016_bin_65_poisMean, with glob: nom_gamma_stat_resolved_4b_2016_bin_65, from constraint: gamma_stat_resolved_4b_2016_bin_65_constraint
Pairing nui: gamma_stat_resolved_4b_2016_bin_66_poisMean, with glob: nom_gamma_stat_resolved_4b_2016_bin_66, from constraint: gamma_stat_resolved_4b_2016_bin_66_constraint
Pairing nui: gamma_stat_resolved_4b_2016_bin_67_poisMean, with glob: nom_gamma_stat_resolved_4b_2016_bin_67, from constraint: gamma_stat_resolved_4b_2016_bin_67_constraint
Pairing nui: gamma_stat_resolved_4b_2016_bin_68_poisMean, with glob: nom_gamma_stat_resolved_4b_2016_bin_68, from constraint: gamma_stat_resolved_4b_2016_bin_68_constraint
Pairing nui: gamma_stat_resolved_4b_2016_bin_69_poisMean, with glob: nom_gamma_stat_resolved_4b_2016_bin_69, from constraint: gamma_stat_resolved_4b_2016_bin_69_constraint
Pairing nui: alpha_BackgroundNorm17, with glob: nom_alpha_BackgroundNorm17, from constraint: alpha_BackgroundNorm17Constraint
Pairing nui: alpha_BackgroundShape_HighHT_17, with glob: nom_alpha_BackgroundShape_HighHT_17, from constraint: alpha_BackgroundShape_HighHT_17Constraint
Pairing nui: alpha_BackgroundShape_LowHT_17, with glob: nom_alpha_BackgroundShape_LowHT_17, from constraint: alpha_BackgroundShape_LowHT_17Constraint
Pairing nui: gamma_stat_resolved_4b_2017_bin_0_poisMean, with glob: nom_gamma_stat_resolved_4b_2017_bin_0, from constraint: gamma_stat_resolved_4b_2017_bin_0_constraint
Pairing nui: gamma_stat_resolved_4b_2017_bin_1_poisMean, with glob: nom_gamma_stat_resolved_4b_2017_bin_1, from constraint: gamma_stat_resolved_4b_2017_bin_1_constraint
Pairing nui: gamma_stat_resolved_4b_2017_bin_2_poisMean, with glob: nom_gamma_stat_resolved_4b_2017_bin_2, from constraint: gamma_stat_resolved_4b_2017_bin_2_constraint
Pairing nui: gamma_stat_resolved_4b_2017_bin_3_poisMean, with glob: nom_gamma_stat_resolved_4b_2017_bin_3, from constraint: gamma_stat_resolved_4b_2017_bin_3_constraint
Pairing nui: gamma_stat_resolved_4b_2017_bin_4_poisMean, with glob: nom_gamma_stat_resolved_4b_2017_bin_4, from constraint: gamma_stat_resolved_4b_2017_bin_4_constraint
Pairing nui: gamma_stat_resolved_4b_2017_bin_5_poisMean, with glob: nom_gamma_stat_resolved_4b_2017_bin_5, from constraint: gamma_stat_resolved_4b_2017_bin_5_constraint
Pairing nui: gamma_stat_resolved_4b_2017_bin_6_poisMean, with glob: nom_gamma_stat_resolved_4b_2017_bin_6, from constraint: gamma_stat_resolved_4b_2017_bin_6_constraint
Pairing nui: gamma_stat_resolved_4b_2017_bin_7_poisMean, with glob: nom_gamma_stat_resolved_4b_2017_bin_7, from constraint: gamma_stat_resolved_4b_2017_bin_7_constraint
Pairing nui: gamma_stat_resolved_4b_2017_bin_8_poisMean, with glob: nom_gamma_stat_resolved_4b_2017_bin_8, from constraint: gamma_stat_resolved_4b_2017_bin_8_constraint
Pairing nui: gamma_stat_resolved_4b_2017_bin_9_poisMean, with glob: nom_gamma_stat_resolved_4b_2017_bin_9, from constraint: gamma_stat_resolved_4b_2017_bin_9_constraint
Pairing nui: gamma_stat_resolved_4b_2017_bin_10_poisMean, with glob: nom_gamma_stat_resolved_4b_2017_bin_10, from constraint: gamma_stat_resolved_4b_2017_bin_10_constraint
Pairing nui: gamma_stat_resolved_4b_2017_bin_11_poisMean, with glob: nom_gamma_stat_resolved_4b_2017_bin_11, from constraint: gamma_stat_resolved_4b_2017_bin_11_constraint
Pairing nui: gamma_stat_resolved_4b_2017_bin_12_poisMean, with glob: nom_gamma_stat_resolved_4b_2017_bin_12, from constraint: gamma_stat_resolved_4b_2017_bin_12_constraint
Pairing nui: gamma_stat_resolved_4b_2017_bin_13_poisMean, with glob: nom_gamma_stat_resolved_4b_2017_bin_13, from constraint: gamma_stat_resolved_4b_2017_bin_13_constraint
Pairing nui: gamma_stat_resolved_4b_2017_bin_14_poisMean, with glob: nom_gamma_stat_resolved_4b_2017_bin_14, from constraint: gamma_stat_resolved_4b_2017_bin_14_constraint
Pairing nui: gamma_stat_resolved_4b_2017_bin_15_poisMean, with glob: nom_gamma_stat_resolved_4b_2017_bin_15, from constraint: gamma_stat_resolved_4b_2017_bin_15_constraint
Pairing nui: gamma_stat_resolved_4b_2017_bin_16_poisMean, with glob: nom_gamma_stat_resolved_4b_2017_bin_16, from constraint: gamma_stat_resolved_4b_2017_bin_16_constraint
Pairing nui: gamma_stat_resolved_4b_2017_bin_17_poisMean, with glob: nom_gamma_stat_resolved_4b_2017_bin_17, from constraint: gamma_stat_resolved_4b_2017_bin_17_constraint
Pairing nui: gamma_stat_resolved_4b_2017_bin_18_poisMean, with glob: nom_gamma_stat_resolved_4b_2017_bin_18, from constraint: gamma_stat_resolved_4b_2017_bin_18_constraint
Pairing nui: gamma_stat_resolved_4b_2017_bin_19_poisMean, with glob: nom_gamma_stat_resolved_4b_2017_bin_19, from constraint: gamma_stat_resolved_4b_2017_bin_19_constraint
Pairing nui: gamma_stat_resolved_4b_2017_bin_20_poisMean, with glob: nom_gamma_stat_resolved_4b_2017_bin_20, from constraint: gamma_stat_resolved_4b_2017_bin_20_constraint
Pairing nui: gamma_stat_resolved_4b_2017_bin_21_poisMean, with glob: nom_gamma_stat_resolved_4b_2017_bin_21, from constraint: gamma_stat_resolved_4b_2017_bin_21_constraint
Pairing nui: gamma_stat_resolved_4b_2017_bin_22_poisMean, with glob: nom_gamma_stat_resolved_4b_2017_bin_22, from constraint: gamma_stat_resolved_4b_2017_bin_22_constraint
Pairing nui: gamma_stat_resolved_4b_2017_bin_23_poisMean, with glob: nom_gamma_stat_resolved_4b_2017_bin_23, from constraint: gamma_stat_resolved_4b_2017_bin_23_constraint
Pairing nui: gamma_stat_resolved_4b_2017_bin_24_poisMean, with glob: nom_gamma_stat_resolved_4b_2017_bin_24, from constraint: gamma_stat_resolved_4b_2017_bin_24_constraint
Pairing nui: gamma_stat_resolved_4b_2017_bin_25_poisMean, with glob: nom_gamma_stat_resolved_4b_2017_bin_25, from constraint: gamma_stat_resolved_4b_2017_bin_25_constraint
Pairing nui: gamma_stat_resolved_4b_2017_bin_26_poisMean, with glob: nom_gamma_stat_resolved_4b_2017_bin_26, from constraint: gamma_stat_resolved_4b_2017_bin_26_constraint
Pairing nui: gamma_stat_resolved_4b_2017_bin_27_poisMean, with glob: nom_gamma_stat_resolved_4b_2017_bin_27, from constraint: gamma_stat_resolved_4b_2017_bin_27_constraint
Pairing nui: gamma_stat_resolved_4b_2017_bin_28_poisMean, with glob: nom_gamma_stat_resolved_4b_2017_bin_28, from constraint: gamma_stat_resolved_4b_2017_bin_28_constraint
Pairing nui: gamma_stat_resolved_4b_2017_bin_29_poisMean, with glob: nom_gamma_stat_resolved_4b_2017_bin_29, from constraint: gamma_stat_resolved_4b_2017_bin_29_constraint
Pairing nui: gamma_stat_resolved_4b_2017_bin_30_poisMean, with glob: nom_gamma_stat_resolved_4b_2017_bin_30, from constraint: gamma_stat_resolved_4b_2017_bin_30_constraint
Pairing nui: gamma_stat_resolved_4b_2017_bin_31_poisMean, with glob: nom_gamma_stat_resolved_4b_2017_bin_31, from constraint: gamma_stat_resolved_4b_2017_bin_31_constraint
Pairing nui: gamma_stat_resolved_4b_2017_bin_32_poisMean, with glob: nom_gamma_stat_resolved_4b_2017_bin_32, from constraint: gamma_stat_resolved_4b_2017_bin_32_constraint
Pairing nui: gamma_stat_resolved_4b_2017_bin_33_poisMean, with glob: nom_gamma_stat_resolved_4b_2017_bin_33, from constraint: gamma_stat_resolved_4b_2017_bin_33_constraint
Pairing nui: gamma_stat_resolved_4b_2017_bin_34_poisMean, with glob: nom_gamma_stat_resolved_4b_2017_bin_34, from constraint: gamma_stat_resolved_4b_2017_bin_34_constraint
Pairing nui: gamma_stat_resolved_4b_2017_bin_35_poisMean, with glob: nom_gamma_stat_resolved_4b_2017_bin_35, from constraint: gamma_stat_resolved_4b_2017_bin_35_constraint
Pairing nui: gamma_stat_resolved_4b_2017_bin_36_poisMean, with glob: nom_gamma_stat_resolved_4b_2017_bin_36, from constraint: gamma_stat_resolved_4b_2017_bin_36_constraint
Pairing nui: gamma_stat_resolved_4b_2017_bin_37_poisMean, with glob: nom_gamma_stat_resolved_4b_2017_bin_37, from constraint: gamma_stat_resolved_4b_2017_bin_37_constraint
Pairing nui: gamma_stat_resolved_4b_2017_bin_38_poisMean, with glob: nom_gamma_stat_resolved_4b_2017_bin_38, from constraint: gamma_stat_resolved_4b_2017_bin_38_constraint
Pairing nui: gamma_stat_resolved_4b_2017_bin_39_poisMean, with glob: nom_gamma_stat_resolved_4b_2017_bin_39, from constraint: gamma_stat_resolved_4b_2017_bin_39_constraint
Pairing nui: gamma_stat_resolved_4b_2017_bin_40_poisMean, with glob: nom_gamma_stat_resolved_4b_2017_bin_40, from constraint: gamma_stat_resolved_4b_2017_bin_40_constraint
Pairing nui: gamma_stat_resolved_4b_2017_bin_41_poisMean, with glob: nom_gamma_stat_resolved_4b_2017_bin_41, from constraint: gamma_stat_resolved_4b_2017_bin_41_constraint
Pairing nui: gamma_stat_resolved_4b_2017_bin_42_poisMean, with glob: nom_gamma_stat_resolved_4b_2017_bin_42, from constraint: gamma_stat_resolved_4b_2017_bin_42_constraint
Pairing nui: gamma_stat_resolved_4b_2017_bin_43_poisMean, with glob: nom_gamma_stat_resolved_4b_2017_bin_43, from constraint: gamma_stat_resolved_4b_2017_bin_43_constraint
Pairing nui: gamma_stat_resolved_4b_2017_bin_44_poisMean, with glob: nom_gamma_stat_resolved_4b_2017_bin_44, from constraint: gamma_stat_resolved_4b_2017_bin_44_constraint
Pairing nui: gamma_stat_resolved_4b_2017_bin_45_poisMean, with glob: nom_gamma_stat_resolved_4b_2017_bin_45, from constraint: gamma_stat_resolved_4b_2017_bin_45_constraint
Pairing nui: gamma_stat_resolved_4b_2017_bin_46_poisMean, with glob: nom_gamma_stat_resolved_4b_2017_bin_46, from constraint: gamma_stat_resolved_4b_2017_bin_46_constraint
Pairing nui: gamma_stat_resolved_4b_2017_bin_47_poisMean, with glob: nom_gamma_stat_resolved_4b_2017_bin_47, from constraint: gamma_stat_resolved_4b_2017_bin_47_constraint
Pairing nui: gamma_stat_resolved_4b_2017_bin_48_poisMean, with glob: nom_gamma_stat_resolved_4b_2017_bin_48, from constraint: gamma_stat_resolved_4b_2017_bin_48_constraint
Pairing nui: gamma_stat_resolved_4b_2017_bin_49_poisMean, with glob: nom_gamma_stat_resolved_4b_2017_bin_49, from constraint: gamma_stat_resolved_4b_2017_bin_49_constraint
Pairing nui: gamma_stat_resolved_4b_2017_bin_50_poisMean, with glob: nom_gamma_stat_resolved_4b_2017_bin_50, from constraint: gamma_stat_resolved_4b_2017_bin_50_constraint
Pairing nui: gamma_stat_resolved_4b_2017_bin_51_poisMean, with glob: nom_gamma_stat_resolved_4b_2017_bin_51, from constraint: gamma_stat_resolved_4b_2017_bin_51_constraint
Pairing nui: gamma_stat_resolved_4b_2017_bin_52_poisMean, with glob: nom_gamma_stat_resolved_4b_2017_bin_52, from constraint: gamma_stat_resolved_4b_2017_bin_52_constraint
Pairing nui: gamma_stat_resolved_4b_2017_bin_53_poisMean, with glob: nom_gamma_stat_resolved_4b_2017_bin_53, from constraint: gamma_stat_resolved_4b_2017_bin_53_constraint
Pairing nui: gamma_stat_resolved_4b_2017_bin_54_poisMean, with glob: nom_gamma_stat_resolved_4b_2017_bin_54, from constraint: gamma_stat_resolved_4b_2017_bin_54_constraint
Pairing nui: gamma_stat_resolved_4b_2017_bin_55_poisMean, with glob: nom_gamma_stat_resolved_4b_2017_bin_55, from constraint: gamma_stat_resolved_4b_2017_bin_55_constraint
Pairing nui: gamma_stat_resolved_4b_2017_bin_56_poisMean, with glob: nom_gamma_stat_resolved_4b_2017_bin_56, from constraint: gamma_stat_resolved_4b_2017_bin_56_constraint
Pairing nui: gamma_stat_resolved_4b_2017_bin_57_poisMean, with glob: nom_gamma_stat_resolved_4b_2017_bin_57, from constraint: gamma_stat_resolved_4b_2017_bin_57_constraint
Pairing nui: gamma_stat_resolved_4b_2017_bin_58_poisMean, with glob: nom_gamma_stat_resolved_4b_2017_bin_58, from constraint: gamma_stat_resolved_4b_2017_bin_58_constraint
Pairing nui: gamma_stat_resolved_4b_2017_bin_59_poisMean, with glob: nom_gamma_stat_resolved_4b_2017_bin_59, from constraint: gamma_stat_resolved_4b_2017_bin_59_constraint
Pairing nui: gamma_stat_resolved_4b_2017_bin_60_poisMean, with glob: nom_gamma_stat_resolved_4b_2017_bin_60, from constraint: gamma_stat_resolved_4b_2017_bin_60_constraint
Pairing nui: gamma_stat_resolved_4b_2017_bin_61_poisMean, with glob: nom_gamma_stat_resolved_4b_2017_bin_61, from constraint: gamma_stat_resolved_4b_2017_bin_61_constraint
Pairing nui: gamma_stat_resolved_4b_2017_bin_62_poisMean, with glob: nom_gamma_stat_resolved_4b_2017_bin_62, from constraint: gamma_stat_resolved_4b_2017_bin_62_constraint
Pairing nui: gamma_stat_resolved_4b_2017_bin_63_poisMean, with glob: nom_gamma_stat_resolved_4b_2017_bin_63, from constraint: gamma_stat_resolved_4b_2017_bin_63_constraint
Pairing nui: gamma_stat_resolved_4b_2017_bin_64_poisMean, with glob: nom_gamma_stat_resolved_4b_2017_bin_64, from constraint: gamma_stat_resolved_4b_2017_bin_64_constraint
Pairing nui: gamma_stat_resolved_4b_2017_bin_65_poisMean, with glob: nom_gamma_stat_resolved_4b_2017_bin_65, from constraint: gamma_stat_resolved_4b_2017_bin_65_constraint
Pairing nui: gamma_stat_resolved_4b_2017_bin_66_poisMean, with glob: nom_gamma_stat_resolved_4b_2017_bin_66, from constraint: gamma_stat_resolved_4b_2017_bin_66_constraint
Pairing nui: gamma_stat_resolved_4b_2017_bin_67_poisMean, with glob: nom_gamma_stat_resolved_4b_2017_bin_67, from constraint: gamma_stat_resolved_4b_2017_bin_67_constraint
Pairing nui: gamma_stat_resolved_4b_2017_bin_68_poisMean, with glob: nom_gamma_stat_resolved_4b_2017_bin_68, from constraint: gamma_stat_resolved_4b_2017_bin_68_constraint
Pairing nui: gamma_stat_resolved_4b_2017_bin_69_poisMean, with glob: nom_gamma_stat_resolved_4b_2017_bin_69, from constraint: gamma_stat_resolved_4b_2017_bin_69_constraint
Pairing nui: alpha_BackgroundNorm18, with glob: nom_alpha_BackgroundNorm18, from constraint: alpha_BackgroundNorm18Constraint
Pairing nui: alpha_BackgroundShape_HighHT_18, with glob: nom_alpha_BackgroundShape_HighHT_18, from constraint: alpha_BackgroundShape_HighHT_18Constraint
Pairing nui: alpha_BackgroundShape_LowHT_18, with glob: nom_alpha_BackgroundShape_LowHT_18, from constraint: alpha_BackgroundShape_LowHT_18Constraint
Pairing nui: gamma_stat_resolved_4b_2018_bin_0_poisMean, with glob: nom_gamma_stat_resolved_4b_2018_bin_0, from constraint: gamma_stat_resolved_4b_2018_bin_0_constraint
Pairing nui: gamma_stat_resolved_4b_2018_bin_1_poisMean, with glob: nom_gamma_stat_resolved_4b_2018_bin_1, from constraint: gamma_stat_resolved_4b_2018_bin_1_constraint
Pairing nui: gamma_stat_resolved_4b_2018_bin_2_poisMean, with glob: nom_gamma_stat_resolved_4b_2018_bin_2, from constraint: gamma_stat_resolved_4b_2018_bin_2_constraint
Pairing nui: gamma_stat_resolved_4b_2018_bin_3_poisMean, with glob: nom_gamma_stat_resolved_4b_2018_bin_3, from constraint: gamma_stat_resolved_4b_2018_bin_3_constraint
Pairing nui: gamma_stat_resolved_4b_2018_bin_4_poisMean, with glob: nom_gamma_stat_resolved_4b_2018_bin_4, from constraint: gamma_stat_resolved_4b_2018_bin_4_constraint
Pairing nui: gamma_stat_resolved_4b_2018_bin_5_poisMean, with glob: nom_gamma_stat_resolved_4b_2018_bin_5, from constraint: gamma_stat_resolved_4b_2018_bin_5_constraint
Pairing nui: gamma_stat_resolved_4b_2018_bin_6_poisMean, with glob: nom_gamma_stat_resolved_4b_2018_bin_6, from constraint: gamma_stat_resolved_4b_2018_bin_6_constraint
Pairing nui: gamma_stat_resolved_4b_2018_bin_7_poisMean, with glob: nom_gamma_stat_resolved_4b_2018_bin_7, from constraint: gamma_stat_resolved_4b_2018_bin_7_constraint
Pairing nui: gamma_stat_resolved_4b_2018_bin_8_poisMean, with glob: nom_gamma_stat_resolved_4b_2018_bin_8, from constraint: gamma_stat_resolved_4b_2018_bin_8_constraint
Pairing nui: gamma_stat_resolved_4b_2018_bin_9_poisMean, with glob: nom_gamma_stat_resolved_4b_2018_bin_9, from constraint: gamma_stat_resolved_4b_2018_bin_9_constraint
Pairing nui: gamma_stat_resolved_4b_2018_bin_10_poisMean, with glob: nom_gamma_stat_resolved_4b_2018_bin_10, from constraint: gamma_stat_resolved_4b_2018_bin_10_constraint
Pairing nui: gamma_stat_resolved_4b_2018_bin_11_poisMean, with glob: nom_gamma_stat_resolved_4b_2018_bin_11, from constraint: gamma_stat_resolved_4b_2018_bin_11_constraint
Pairing nui: gamma_stat_resolved_4b_2018_bin_12_poisMean, with glob: nom_gamma_stat_resolved_4b_2018_bin_12, from constraint: gamma_stat_resolved_4b_2018_bin_12_constraint
Pairing nui: gamma_stat_resolved_4b_2018_bin_13_poisMean, with glob: nom_gamma_stat_resolved_4b_2018_bin_13, from constraint: gamma_stat_resolved_4b_2018_bin_13_constraint
Pairing nui: gamma_stat_resolved_4b_2018_bin_14_poisMean, with glob: nom_gamma_stat_resolved_4b_2018_bin_14, from constraint: gamma_stat_resolved_4b_2018_bin_14_constraint
Pairing nui: gamma_stat_resolved_4b_2018_bin_15_poisMean, with glob: nom_gamma_stat_resolved_4b_2018_bin_15, from constraint: gamma_stat_resolved_4b_2018_bin_15_constraint
Pairing nui: gamma_stat_resolved_4b_2018_bin_16_poisMean, with glob: nom_gamma_stat_resolved_4b_2018_bin_16, from constraint: gamma_stat_resolved_4b_2018_bin_16_constraint
Pairing nui: gamma_stat_resolved_4b_2018_bin_17_poisMean, with glob: nom_gamma_stat_resolved_4b_2018_bin_17, from constraint: gamma_stat_resolved_4b_2018_bin_17_constraint
Pairing nui: gamma_stat_resolved_4b_2018_bin_18_poisMean, with glob: nom_gamma_stat_resolved_4b_2018_bin_18, from constraint: gamma_stat_resolved_4b_2018_bin_18_constraint
Pairing nui: gamma_stat_resolved_4b_2018_bin_19_poisMean, with glob: nom_gamma_stat_resolved_4b_2018_bin_19, from constraint: gamma_stat_resolved_4b_2018_bin_19_constraint
Pairing nui: gamma_stat_resolved_4b_2018_bin_20_poisMean, with glob: nom_gamma_stat_resolved_4b_2018_bin_20, from constraint: gamma_stat_resolved_4b_2018_bin_20_constraint
Pairing nui: gamma_stat_resolved_4b_2018_bin_21_poisMean, with glob: nom_gamma_stat_resolved_4b_2018_bin_21, from constraint: gamma_stat_resolved_4b_2018_bin_21_constraint
Pairing nui: gamma_stat_resolved_4b_2018_bin_22_poisMean, with glob: nom_gamma_stat_resolved_4b_2018_bin_22, from constraint: gamma_stat_resolved_4b_2018_bin_22_constraint
Pairing nui: gamma_stat_resolved_4b_2018_bin_23_poisMean, with glob: nom_gamma_stat_resolved_4b_2018_bin_23, from constraint: gamma_stat_resolved_4b_2018_bin_23_constraint
Pairing nui: gamma_stat_resolved_4b_2018_bin_24_poisMean, with glob: nom_gamma_stat_resolved_4b_2018_bin_24, from constraint: gamma_stat_resolved_4b_2018_bin_24_constraint
Pairing nui: gamma_stat_resolved_4b_2018_bin_25_poisMean, with glob: nom_gamma_stat_resolved_4b_2018_bin_25, from constraint: gamma_stat_resolved_4b_2018_bin_25_constraint
Pairing nui: gamma_stat_resolved_4b_2018_bin_26_poisMean, with glob: nom_gamma_stat_resolved_4b_2018_bin_26, from constraint: gamma_stat_resolved_4b_2018_bin_26_constraint
Pairing nui: gamma_stat_resolved_4b_2018_bin_27_poisMean, with glob: nom_gamma_stat_resolved_4b_2018_bin_27, from constraint: gamma_stat_resolved_4b_2018_bin_27_constraint
Pairing nui: gamma_stat_resolved_4b_2018_bin_28_poisMean, with glob: nom_gamma_stat_resolved_4b_2018_bin_28, from constraint: gamma_stat_resolved_4b_2018_bin_28_constraint
Pairing nui: gamma_stat_resolved_4b_2018_bin_29_poisMean, with glob: nom_gamma_stat_resolved_4b_2018_bin_29, from constraint: gamma_stat_resolved_4b_2018_bin_29_constraint
Pairing nui: gamma_stat_resolved_4b_2018_bin_30_poisMean, with glob: nom_gamma_stat_resolved_4b_2018_bin_30, from constraint: gamma_stat_resolved_4b_2018_bin_30_constraint
Pairing nui: gamma_stat_resolved_4b_2018_bin_31_poisMean, with glob: nom_gamma_stat_resolved_4b_2018_bin_31, from constraint: gamma_stat_resolved_4b_2018_bin_31_constraint
Pairing nui: gamma_stat_resolved_4b_2018_bin_32_poisMean, with glob: nom_gamma_stat_resolved_4b_2018_bin_32, from constraint: gamma_stat_resolved_4b_2018_bin_32_constraint
Pairing nui: gamma_stat_resolved_4b_2018_bin_33_poisMean, with glob: nom_gamma_stat_resolved_4b_2018_bin_33, from constraint: gamma_stat_resolved_4b_2018_bin_33_constraint
Pairing nui: gamma_stat_resolved_4b_2018_bin_34_poisMean, with glob: nom_gamma_stat_resolved_4b_2018_bin_34, from constraint: gamma_stat_resolved_4b_2018_bin_34_constraint
Pairing nui: gamma_stat_resolved_4b_2018_bin_35_poisMean, with glob: nom_gamma_stat_resolved_4b_2018_bin_35, from constraint: gamma_stat_resolved_4b_2018_bin_35_constraint
Pairing nui: gamma_stat_resolved_4b_2018_bin_36_poisMean, with glob: nom_gamma_stat_resolved_4b_2018_bin_36, from constraint: gamma_stat_resolved_4b_2018_bin_36_constraint
Pairing nui: gamma_stat_resolved_4b_2018_bin_37_poisMean, with glob: nom_gamma_stat_resolved_4b_2018_bin_37, from constraint: gamma_stat_resolved_4b_2018_bin_37_constraint
Pairing nui: gamma_stat_resolved_4b_2018_bin_38_poisMean, with glob: nom_gamma_stat_resolved_4b_2018_bin_38, from constraint: gamma_stat_resolved_4b_2018_bin_38_constraint
Pairing nui: gamma_stat_resolved_4b_2018_bin_39_poisMean, with glob: nom_gamma_stat_resolved_4b_2018_bin_39, from constraint: gamma_stat_resolved_4b_2018_bin_39_constraint
Pairing nui: gamma_stat_resolved_4b_2018_bin_40_poisMean, with glob: nom_gamma_stat_resolved_4b_2018_bin_40, from constraint: gamma_stat_resolved_4b_2018_bin_40_constraint
Pairing nui: gamma_stat_resolved_4b_2018_bin_41_poisMean, with glob: nom_gamma_stat_resolved_4b_2018_bin_41, from constraint: gamma_stat_resolved_4b_2018_bin_41_constraint
Pairing nui: gamma_stat_resolved_4b_2018_bin_42_poisMean, with glob: nom_gamma_stat_resolved_4b_2018_bin_42, from constraint: gamma_stat_resolved_4b_2018_bin_42_constraint
Pairing nui: gamma_stat_resolved_4b_2018_bin_43_poisMean, with glob: nom_gamma_stat_resolved_4b_2018_bin_43, from constraint: gamma_stat_resolved_4b_2018_bin_43_constraint
Pairing nui: gamma_stat_resolved_4b_2018_bin_44_poisMean, with glob: nom_gamma_stat_resolved_4b_2018_bin_44, from constraint: gamma_stat_resolved_4b_2018_bin_44_constraint
Pairing nui: gamma_stat_resolved_4b_2018_bin_45_poisMean, with glob: nom_gamma_stat_resolved_4b_2018_bin_45, from constraint: gamma_stat_resolved_4b_2018_bin_45_constraint
Pairing nui: gamma_stat_resolved_4b_2018_bin_46_poisMean, with glob: nom_gamma_stat_resolved_4b_2018_bin_46, from constraint: gamma_stat_resolved_4b_2018_bin_46_constraint
Pairing nui: gamma_stat_resolved_4b_2018_bin_47_poisMean, with glob: nom_gamma_stat_resolved_4b_2018_bin_47, from constraint: gamma_stat_resolved_4b_2018_bin_47_constraint
Pairing nui: gamma_stat_resolved_4b_2018_bin_48_poisMean, with glob: nom_gamma_stat_resolved_4b_2018_bin_48, from constraint: gamma_stat_resolved_4b_2018_bin_48_constraint
Pairing nui: gamma_stat_resolved_4b_2018_bin_49_poisMean, with glob: nom_gamma_stat_resolved_4b_2018_bin_49, from constraint: gamma_stat_resolved_4b_2018_bin_49_constraint
Pairing nui: gamma_stat_resolved_4b_2018_bin_50_poisMean, with glob: nom_gamma_stat_resolved_4b_2018_bin_50, from constraint: gamma_stat_resolved_4b_2018_bin_50_constraint
Pairing nui: gamma_stat_resolved_4b_2018_bin_51_poisMean, with glob: nom_gamma_stat_resolved_4b_2018_bin_51, from constraint: gamma_stat_resolved_4b_2018_bin_51_constraint
Pairing nui: gamma_stat_resolved_4b_2018_bin_52_poisMean, with glob: nom_gamma_stat_resolved_4b_2018_bin_52, from constraint: gamma_stat_resolved_4b_2018_bin_52_constraint
Pairing nui: gamma_stat_resolved_4b_2018_bin_53_poisMean, with glob: nom_gamma_stat_resolved_4b_2018_bin_53, from constraint: gamma_stat_resolved_4b_2018_bin_53_constraint
Pairing nui: gamma_stat_resolved_4b_2018_bin_54_poisMean, with glob: nom_gamma_stat_resolved_4b_2018_bin_54, from constraint: gamma_stat_resolved_4b_2018_bin_54_constraint
Pairing nui: gamma_stat_resolved_4b_2018_bin_55_poisMean, with glob: nom_gamma_stat_resolved_4b_2018_bin_55, from constraint: gamma_stat_resolved_4b_2018_bin_55_constraint
Pairing nui: gamma_stat_resolved_4b_2018_bin_56_poisMean, with glob: nom_gamma_stat_resolved_4b_2018_bin_56, from constraint: gamma_stat_resolved_4b_2018_bin_56_constraint
Pairing nui: gamma_stat_resolved_4b_2018_bin_57_poisMean, with glob: nom_gamma_stat_resolved_4b_2018_bin_57, from constraint: gamma_stat_resolved_4b_2018_bin_57_constraint
Pairing nui: gamma_stat_resolved_4b_2018_bin_58_poisMean, with glob: nom_gamma_stat_resolved_4b_2018_bin_58, from constraint: gamma_stat_resolved_4b_2018_bin_58_constraint
Pairing nui: gamma_stat_resolved_4b_2018_bin_59_poisMean, with glob: nom_gamma_stat_resolved_4b_2018_bin_59, from constraint: gamma_stat_resolved_4b_2018_bin_59_constraint
Pairing nui: gamma_stat_resolved_4b_2018_bin_60_poisMean, with glob: nom_gamma_stat_resolved_4b_2018_bin_60, from constraint: gamma_stat_resolved_4b_2018_bin_60_constraint
Pairing nui: gamma_stat_resolved_4b_2018_bin_61_poisMean, with glob: nom_gamma_stat_resolved_4b_2018_bin_61, from constraint: gamma_stat_resolved_4b_2018_bin_61_constraint
Pairing nui: gamma_stat_resolved_4b_2018_bin_62_poisMean, with glob: nom_gamma_stat_resolved_4b_2018_bin_62, from constraint: gamma_stat_resolved_4b_2018_bin_62_constraint
Pairing nui: gamma_stat_resolved_4b_2018_bin_63_poisMean, with glob: nom_gamma_stat_resolved_4b_2018_bin_63, from constraint: gamma_stat_resolved_4b_2018_bin_63_constraint
Pairing nui: gamma_stat_resolved_4b_2018_bin_64_poisMean, with glob: nom_gamma_stat_resolved_4b_2018_bin_64, from constraint: gamma_stat_resolved_4b_2018_bin_64_constraint
Pairing nui: gamma_stat_resolved_4b_2018_bin_65_poisMean, with glob: nom_gamma_stat_resolved_4b_2018_bin_65, from constraint: gamma_stat_resolved_4b_2018_bin_65_constraint
Pairing nui: gamma_stat_resolved_4b_2018_bin_66_poisMean, with glob: nom_gamma_stat_resolved_4b_2018_bin_66, from constraint: gamma_stat_resolved_4b_2018_bin_66_constraint
Pairing nui: gamma_stat_resolved_4b_2018_bin_67_poisMean, with glob: nom_gamma_stat_resolved_4b_2018_bin_67, from constraint: gamma_stat_resolved_4b_2018_bin_67_constraint
Pairing nui: gamma_stat_resolved_4b_2018_bin_68_poisMean, with glob: nom_gamma_stat_resolved_4b_2018_bin_68, from constraint: gamma_stat_resolved_4b_2018_bin_68_constraint
Pairing nui: gamma_stat_resolved_4b_2018_bin_69_poisMean, with glob: nom_gamma_stat_resolved_4b_2018_bin_69, from constraint: gamma_stat_resolved_4b_2018_bin_69_constraint
nui: 0x4994e40, glob: 0x59366d0
Setting glob: nominalLumi, which had previous val: 1, to conditional val: 1
nui: 0x3c29770, glob: 0x50bc8f0
Setting glob: nom_alpha_BackgroundNorm16, which had previous val: 0, to conditional val: 0
nui: 0x59381b0, glob: 0x5938e90
Setting glob: nom_alpha_BackgroundShape_HighHT_16, which had previous val: 0, to conditional val: 0
nui: 0x593aba0, glob: 0x593b8e0
Setting glob: nom_alpha_BackgroundShape_LowHT_16, which had previous val: 0, to conditional val: 0
nui: 0x449e710, glob: 0x50be5b0
Setting glob: nom_alpha_Theory, which had previous val: 0, to conditional val: 0
nui: 0x4bedb10, glob: 0x4beed20
Setting glob: nom_alpha_FT_EFF_Eigen_B_0, which had previous val: 0, to conditional val: 0
nui: 0x4fd2b70, glob: 0x4fd3d80
Setting glob: nom_alpha_FT_EFF_Eigen_B_1, which had previous val: 0, to conditional val: 0
nui: 0x53296c0, glob: 0x532a8d0
Setting glob: nom_alpha_FT_EFF_Eigen_B_2, which had previous val: 0, to conditional val: 0
nui: 0x532c1d0, glob: 0x532d350
Setting glob: nom_alpha_FT_EFF_Eigen_B_3, which had previous val: 0, to conditional val: 0
nui: 0x532ebc0, glob: 0x532fd40
Setting glob: nom_alpha_FT_EFF_Eigen_B_4, which had previous val: 0, to conditional val: 0
nui: 0x53315b0, glob: 0x5332730
Setting glob: nom_alpha_FT_EFF_Eigen_B_5, which had previous val: 0, to conditional val: 0
nui: 0x5333fa0, glob: 0x5335120
Setting glob: nom_alpha_FT_EFF_Eigen_B_6, which had previous val: 0, to conditional val: 0
nui: 0x5336990, glob: 0x5337b10
Setting glob: nom_alpha_FT_EFF_Eigen_B_7, which had previous val: 0, to conditional val: 0
nui: 0x5339380, glob: 0x533a500
Setting glob: nom_alpha_FT_EFF_Eigen_B_8, which had previous val: 0, to conditional val: 0
nui: 0x533bd70, glob: 0x533cef0
Setting glob: nom_alpha_FT_EFF_Eigen_C_0, which had previous val: 0, to conditional val: 0
nui: 0x533e760, glob: 0x533f8e0
Setting glob: nom_alpha_FT_EFF_Eigen_C_1, which had previous val: 0, to conditional val: 0
nui: 0x5341150, glob: 0x53422d0
Setting glob: nom_alpha_FT_EFF_Eigen_C_2, which had previous val: 0, to conditional val: 0
nui: 0x5343b40, glob: 0x5344cc0
Setting glob: nom_alpha_FT_EFF_Eigen_C_3, which had previous val: 0, to conditional val: 0
nui: 0x5346530, glob: 0x53476b0
Setting glob: nom_alpha_FT_EFF_Eigen_Light_0, which had previous val: 0, to conditional val: 0
nui: 0x5348f70, glob: 0x534a0d0
Setting glob: nom_alpha_FT_EFF_Eigen_Light_1, which had previous val: 0, to conditional val: 0
nui: 0x534b990, glob: 0x534caf0
Setting glob: nom_alpha_FT_EFF_Eigen_Light_2, which had previous val: 0, to conditional val: 0
nui: 0x534e3b0, glob: 0x534f510
Setting glob: nom_alpha_FT_EFF_Eigen_Light_3, which had previous val: 0, to conditional val: 0
nui: 0x5350dd0, glob: 0x5351f30
Setting glob: nom_alpha_FT_EFF_extrapolation, which had previous val: 0, to conditional val: 0
nui: 0x53537f0, glob: 0x5354970
Setting glob: nom_alpha_FT_EFF_extrapolation_from_charm, which had previous val: 0, to conditional val: 0
nui: 0x53562f0, glob: 0x5357450
Setting glob: nom_alpha_JET_BJES_Response, which had previous val: 0, to conditional val: 0
nui: 0x5358cc0, glob: 0x5359e40
Setting glob: nom_alpha_JET_EffectiveNP_Detector1, which had previous val: 0, to conditional val: 0
nui: 0x535b760, glob: 0x535c8c0
Setting glob: nom_alpha_JET_EffectiveNP_Detector2, which had previous val: 0, to conditional val: 0
nui: 0x535e1e0, glob: 0x535f340
Setting glob: nom_alpha_JET_EffectiveNP_Mixed1, which had previous val: 0, to conditional val: 0
nui: 0x5360c40, glob: 0x5361da0
Setting glob: nom_alpha_JET_EffectiveNP_Mixed2, which had previous val: 0, to conditional val: 0
nui: 0x53636a0, glob: 0x5364800
Setting glob: nom_alpha_JET_EffectiveNP_Mixed3, which had previous val: 0, to conditional val: 0
nui: 0x5366100, glob: 0x5367280
Setting glob: nom_alpha_JET_EffectiveNP_Modelling1, which had previous val: 0, to conditional val: 0
nui: 0x5368bc0, glob: 0x5369d40
Setting glob: nom_alpha_JET_EffectiveNP_Modelling2, which had previous val: 0, to conditional val: 0
nui: 0x536b680, glob: 0x536c800
Setting glob: nom_alpha_JET_EffectiveNP_Modelling3, which had previous val: 0, to conditional val: 0
nui: 0x536e140, glob: 0x536f2c0
Setting glob: nom_alpha_JET_EffectiveNP_Modelling4, which had previous val: 0, to conditional val: 0
nui: 0x5370c00, glob: 0x5371d80
Setting glob: nom_alpha_JET_EffectiveNP_Statistical1, which had previous val: 0, to conditional val: 0
nui: 0x53736d0, glob: 0x5374850
Setting glob: nom_alpha_JET_EffectiveNP_Statistical2, which had previous val: 0, to conditional val: 0
nui: 0x53761a0, glob: 0x5377320
Setting glob: nom_alpha_JET_EffectiveNP_Statistical3, which had previous val: 0, to conditional val: 0
nui: 0x5378c70, glob: 0x5379df0
Setting glob: nom_alpha_JET_EffectiveNP_Statistical4, which had previous val: 0, to conditional val: 0
nui: 0x537b740, glob: 0x537c8c0
Setting glob: nom_alpha_JET_EffectiveNP_Statistical5, which had previous val: 0, to conditional val: 0
nui: 0x537e210, glob: 0x537f390
Setting glob: nom_alpha_JET_EffectiveNP_Statistical6, which had previous val: 0, to conditional val: 0
nui: 0x5380ce0, glob: 0x5381e80
Setting glob: nom_alpha_JET_EtaIntercalibration_Modelling, which had previous val: 0, to conditional val: 0
nui: 0x5383820, glob: 0x53849c0
Setting glob: nom_alpha_JET_EtaIntercalibration_NonClosure_highE, which had previous val: 0, to conditional val: 0
nui: 0x5386410, glob: 0x5387580
Setting glob: nom_alpha_JET_EtaIntercalibration_NonClosure_negEta, which had previous val: 0, to conditional val: 0
nui: 0x5388fd0, glob: 0x538a140
Setting glob: nom_alpha_JET_EtaIntercalibration_NonClosure_posEta, which had previous val: 0, to conditional val: 0
nui: 0x538bb90, glob: 0x538cd00
Setting glob: nom_alpha_JET_EtaIntercalibration_TotalStat, which had previous val: 0, to conditional val: 0
nui: 0x538e6a0, glob: 0x538f800
Setting glob: nom_alpha_JET_Flavor_Composition, which had previous val: 0, to conditional val: 0
nui: 0x5391100, glob: 0x5392260
Setting glob: nom_alpha_JET_Flavor_Response, which had previous val: 0, to conditional val: 0
nui: 0x5393b20, glob: 0x5394c80
Setting glob: nom_alpha_JET_JER_DataVsMC, which had previous val: 0, to conditional val: 0
nui: 0x5396500, glob: 0x5397680
Setting glob: nom_alpha_JET_JER_EffectiveNP_1, which had previous val: 0, to conditional val: 0
nui: 0x5398f40, glob: 0x539a0a0
Setting glob: nom_alpha_JET_JER_EffectiveNP_10, which had previous val: 0, to conditional val: 0
nui: 0x539b9a0, glob: 0x539cb00
Setting glob: nom_alpha_JET_JER_EffectiveNP_11, which had previous val: 0, to conditional val: 0
nui: 0x539e400, glob: 0x539f580
Setting glob: nom_alpha_JET_JER_EffectiveNP_12restTerm, which had previous val: 0, to conditional val: 0
nui: 0x53a0f00, glob: 0x53a2060
Setting glob: nom_alpha_JET_JER_EffectiveNP_2, which had previous val: 0, to conditional val: 0
nui: 0x53a3920, glob: 0x53a4a80
Setting glob: nom_alpha_JET_JER_EffectiveNP_3, which had previous val: 0, to conditional val: 0
nui: 0x53a6340, glob: 0x53a74a0
Setting glob: nom_alpha_JET_JER_EffectiveNP_4, which had previous val: 0, to conditional val: 0
nui: 0x53a8d60, glob: 0x53a9ec0
Setting glob: nom_alpha_JET_JER_EffectiveNP_5, which had previous val: 0, to conditional val: 0
nui: 0x53ab780, glob: 0x53ac8e0
Setting glob: nom_alpha_JET_JER_EffectiveNP_6, which had previous val: 0, to conditional val: 0
nui: 0x53ae1a0, glob: 0x53af300
Setting glob: nom_alpha_JET_JER_EffectiveNP_7, which had previous val: 0, to conditional val: 0
nui: 0x53b0bc0, glob: 0x53b1d20
Setting glob: nom_alpha_JET_JER_EffectiveNP_8, which had previous val: 0, to conditional val: 0
nui: 0x53b35e0, glob: 0x53b4740
Setting glob: nom_alpha_JET_JER_EffectiveNP_9, which had previous val: 0, to conditional val: 0
nui: 0x53b6000, glob: 0x53b7160
Setting glob: nom_alpha_JET_Pileup_OffsetMu, which had previous val: 0, to conditional val: 0
nui: 0x53b8a20, glob: 0x53b9b80
Setting glob: nom_alpha_JET_Pileup_OffsetNPV, which had previous val: 0, to conditional val: 0
nui: 0x53bb440, glob: 0x53bc5a0
Setting glob: nom_alpha_JET_Pileup_PtTerm, which had previous val: 0, to conditional val: 0
nui: 0x53bde10, glob: 0x53bef90
Setting glob: nom_alpha_JET_Pileup_RhoTopology, which had previous val: 0, to conditional val: 0
nui: 0x53c0890, glob: 0x53c19f0
Setting glob: nom_alpha_JET_PunchThrough_MC16, which had previous val: 0, to conditional val: 0
nui: 0x53c32b0, glob: 0x53c4410
Setting glob: nom_alpha_JET_SingleParticle_HighPt, which had previous val: 0, to conditional val: 0
nui: 0x4874330, glob: 0x48d7050
Setting glob: nom_gamma_stat_resolved_4b_2016_bin_0, which had previous val: 722.682, to conditional val: 722.682
nui: 0x593d590, glob: 0x593fc00
Setting glob: nom_gamma_stat_resolved_4b_2016_bin_1, which had previous val: 706.683, to conditional val: 706.683
nui: 0x5941700, glob: 0x5943d70
Setting glob: nom_gamma_stat_resolved_4b_2016_bin_2, which had previous val: 747.53, to conditional val: 747.53
nui: 0x5945870, glob: 0x5947ee0
Setting glob: nom_gamma_stat_resolved_4b_2016_bin_3, which had previous val: 775.128, to conditional val: 775.128
nui: 0x59499e0, glob: 0x594c050
Setting glob: nom_gamma_stat_resolved_4b_2016_bin_4, which had previous val: 765.335, to conditional val: 765.335
nui: 0x594db50, glob: 0x5950140
Setting glob: nom_gamma_stat_resolved_4b_2016_bin_5, which had previous val: 771.187, to conditional val: 771.187
nui: 0x5951ce0, glob: 0x5954350
Setting glob: nom_gamma_stat_resolved_4b_2016_bin_6, which had previous val: 894.088, to conditional val: 894.088
nui: 0x5955e50, glob: 0x59584c0
Setting glob: nom_gamma_stat_resolved_4b_2016_bin_7, which had previous val: 1242.49, to conditional val: 1242.49
nui: 0x5959fc0, glob: 0x595c630
Setting glob: nom_gamma_stat_resolved_4b_2016_bin_8, which had previous val: 1504.46, to conditional val: 1504.46
nui: 0x595e130, glob: 0x59607a0
Setting glob: nom_gamma_stat_resolved_4b_2016_bin_9, which had previous val: 1650.02, to conditional val: 1650.02
nui: 0x59622a0, glob: 0x5964910
Setting glob: nom_gamma_stat_resolved_4b_2016_bin_10, which had previous val: 1910.29, to conditional val: 1910.29
nui: 0x5966410, glob: 0x5968a80
Setting glob: nom_gamma_stat_resolved_4b_2016_bin_11, which had previous val: 2055.92, to conditional val: 2055.92
nui: 0x596a580, glob: 0x596cbf0
Setting glob: nom_gamma_stat_resolved_4b_2016_bin_12, which had previous val: 2621.23, to conditional val: 2621.23
nui: 0x596e6f0, glob: 0x5970d60
Setting glob: nom_gamma_stat_resolved_4b_2016_bin_13, which had previous val: 2743.28, to conditional val: 2743.28
nui: 0x5972870, glob: 0x5974ee0
Setting glob: nom_gamma_stat_resolved_4b_2016_bin_14, which had previous val: 2698.84, to conditional val: 2698.84
nui: 0x59769e0, glob: 0x5979050
Setting glob: nom_gamma_stat_resolved_4b_2016_bin_15, which had previous val: 2679.99, to conditional val: 2679.99
nui: 0x597ab50, glob: 0x597d1c0
Setting glob: nom_gamma_stat_resolved_4b_2016_bin_16, which had previous val: 2512.71, to conditional val: 2512.71
nui: 0x597ecc0, glob: 0x5981330
Setting glob: nom_gamma_stat_resolved_4b_2016_bin_17, which had previous val: 2380.61, to conditional val: 2380.61
nui: 0x5982e30, glob: 0x59854a0
Setting glob: nom_gamma_stat_resolved_4b_2016_bin_18, which had previous val: 2841.75, to conditional val: 2841.75
nui: 0x5986fa0, glob: 0x5989610
Setting glob: nom_gamma_stat_resolved_4b_2016_bin_19, which had previous val: 2332.21, to conditional val: 2332.21
nui: 0x598b110, glob: 0x598d780
Setting glob: nom_gamma_stat_resolved_4b_2016_bin_20, which had previous val: 1649.03, to conditional val: 1649.03
nui: 0x598f280, glob: 0x59918f0
Setting glob: nom_gamma_stat_resolved_4b_2016_bin_21, which had previous val: 1077.22, to conditional val: 1077.22
nui: 0x59933f0, glob: 0x5995a60
Setting glob: nom_gamma_stat_resolved_4b_2016_bin_22, which had previous val: 1700.92, to conditional val: 1700.92
nui: 0x5997560, glob: 0x5999bd0
Setting glob: nom_gamma_stat_resolved_4b_2016_bin_23, which had previous val: 1240.92, to conditional val: 1240.92
nui: 0x599b6d0, glob: 0x599dd40
Setting glob: nom_gamma_stat_resolved_4b_2016_bin_24, which had previous val: 1291.17, to conditional val: 1291.17
nui: 0x599f840, glob: 0x59a1eb0
Setting glob: nom_gamma_stat_resolved_4b_2016_bin_25, which had previous val: 1021.39, to conditional val: 1021.39
nui: 0x59a39b0, glob: 0x59a6020
Setting glob: nom_gamma_stat_resolved_4b_2016_bin_26, which had previous val: 773.274, to conditional val: 773.274
nui: 0x59a7b20, glob: 0x5033420
Setting glob: nom_gamma_stat_resolved_4b_2016_bin_27, which had previous val: 746.168, to conditional val: 746.168
nui: 0x59af410, glob: 0x59b18c0
Setting glob: nom_gamma_stat_resolved_4b_2016_bin_28, which had previous val: 901.001, to conditional val: 901.001
nui: 0x59b33c0, glob: 0x59b5a30
Setting glob: nom_gamma_stat_resolved_4b_2016_bin_29, which had previous val: 610.135, to conditional val: 610.135
nui: 0x59b7530, glob: 0x59b9ba0
Setting glob: nom_gamma_stat_resolved_4b_2016_bin_30, which had previous val: 525.281, to conditional val: 525.281
nui: 0x59bb6a0, glob: 0x59bdd10
Setting glob: nom_gamma_stat_resolved_4b_2016_bin_31, which had previous val: 561.244, to conditional val: 561.244
nui: 0x59bf810, glob: 0x59c1e80
Setting glob: nom_gamma_stat_resolved_4b_2016_bin_32, which had previous val: 524.934, to conditional val: 524.934
nui: 0x59c3980, glob: 0x59c5ff0
Setting glob: nom_gamma_stat_resolved_4b_2016_bin_33, which had previous val: 463.289, to conditional val: 463.289
nui: 0x59c7af0, glob: 0x59ca160
Setting glob: nom_gamma_stat_resolved_4b_2016_bin_34, which had previous val: 372.041, to conditional val: 372.041
nui: 0x59cbc60, glob: 0x59ce2d0
Setting glob: nom_gamma_stat_resolved_4b_2016_bin_35, which had previous val: 354.18, to conditional val: 354.18
nui: 0x59cfdd0, glob: 0x59d2440
Setting glob: nom_gamma_stat_resolved_4b_2016_bin_36, which had previous val: 335.345, to conditional val: 335.345
nui: 0x59d3f40, glob: 0x59d65b0
Setting glob: nom_gamma_stat_resolved_4b_2016_bin_37, which had previous val: 276.914, to conditional val: 276.914
nui: 0x59d80b0, glob: 0x59da720
Setting glob: nom_gamma_stat_resolved_4b_2016_bin_38, which had previous val: 309.899, to conditional val: 309.899
nui: 0x59dc220, glob: 0x59de890
Setting glob: nom_gamma_stat_resolved_4b_2016_bin_39, which had previous val: 267.63, to conditional val: 267.63
nui: 0x59e0390, glob: 0x59e2a00
Setting glob: nom_gamma_stat_resolved_4b_2016_bin_40, which had previous val: 249.651, to conditional val: 249.651
nui: 0x59e4500, glob: 0x59e6b70
Setting glob: nom_gamma_stat_resolved_4b_2016_bin_41, which had previous val: 221.106, to conditional val: 221.106
nui: 0x59e8670, glob: 0x59eace0
Setting glob: nom_gamma_stat_resolved_4b_2016_bin_42, which had previous val: 203.441, to conditional val: 203.441
nui: 0x59ec7e0, glob: 0x59eee50
Setting glob: nom_gamma_stat_resolved_4b_2016_bin_43, which had previous val: 162.643, to conditional val: 162.643
nui: 0x59f0950, glob: 0x59f2fc0
Setting glob: nom_gamma_stat_resolved_4b_2016_bin_44, which had previous val: 166.706, to conditional val: 166.706
nui: 0x59f4ac0, glob: 0x59f7130
Setting glob: nom_gamma_stat_resolved_4b_2016_bin_45, which had previous val: 175.253, to conditional val: 175.253
nui: 0x59f8c30, glob: 0x59fb2a0
Setting glob: nom_gamma_stat_resolved_4b_2016_bin_46, which had previous val: 160.076, to conditional val: 160.076
nui: 0x59fcda0, glob: 0x59ff410
Setting glob: nom_gamma_stat_resolved_4b_2016_bin_47, which had previous val: 159.758, to conditional val: 159.758
nui: 0x5a00f10, glob: 0x5a03580
Setting glob: nom_gamma_stat_resolved_4b_2016_bin_48, which had previous val: 122.444, to conditional val: 122.444
nui: 0x5a05080, glob: 0x5a076f0
Setting glob: nom_gamma_stat_resolved_4b_2016_bin_49, which had previous val: 119.329, to conditional val: 119.329
nui: 0x5a091f0, glob: 0x5a0b860
Setting glob: nom_gamma_stat_resolved_4b_2016_bin_50, which had previous val: 113.163, to conditional val: 113.163
nui: 0x5a0d360, glob: 0x5a0f9d0
Setting glob: nom_gamma_stat_resolved_4b_2016_bin_51, which had previous val: 133.584, to conditional val: 133.584
nui: 0x5a114d0, glob: 0x5a13b40
Setting glob: nom_gamma_stat_resolved_4b_2016_bin_52, which had previous val: 98.1664, to conditional val: 98.1664
nui: 0x5a15640, glob: 0x5a17cb0
Setting glob: nom_gamma_stat_resolved_4b_2016_bin_53, which had previous val: 131.422, to conditional val: 131.422
nui: 0x5a197b0, glob: 0x5a1be20
Setting glob: nom_gamma_stat_resolved_4b_2016_bin_54, which had previous val: 99.7649, to conditional val: 99.7649
nui: 0x5a1d920, glob: 0x5a1ff90
Setting glob: nom_gamma_stat_resolved_4b_2016_bin_55, which had previous val: 54.9132, to conditional val: 54.9132
nui: 0x5a21a90, glob: 0x5a24100
Setting glob: nom_gamma_stat_resolved_4b_2016_bin_56, which had previous val: 115.583, to conditional val: 115.583
nui: 0x5a25c00, glob: 0x5a28270
Setting glob: nom_gamma_stat_resolved_4b_2016_bin_57, which had previous val: 113.444, to conditional val: 113.444
nui: 0x5a29d70, glob: 0x5a2c3e0
Setting glob: nom_gamma_stat_resolved_4b_2016_bin_58, which had previous val: 104.648, to conditional val: 104.648
nui: 0x5a2dee0, glob: 0x5a30550
Setting glob: nom_gamma_stat_resolved_4b_2016_bin_59, which had previous val: 97.351, to conditional val: 97.351
nui: 0x5a32050, glob: 0x5a346c0
Setting glob: nom_gamma_stat_resolved_4b_2016_bin_60, which had previous val: 101.104, to conditional val: 101.104
nui: 0x5a361c0, glob: 0x5a38830
Setting glob: nom_gamma_stat_resolved_4b_2016_bin_61, which had previous val: 93.2016, to conditional val: 93.2016
nui: 0x5a3a330, glob: 0x5a3c9a0
Setting glob: nom_gamma_stat_resolved_4b_2016_bin_62, which had previous val: 94.9165, to conditional val: 94.9165
nui: 0x5a3e4a0, glob: 0x5a40b10
Setting glob: nom_gamma_stat_resolved_4b_2016_bin_63, which had previous val: 89.3037, to conditional val: 89.3037
nui: 0x5a42610, glob: 0x5a44c80
Setting glob: nom_gamma_stat_resolved_4b_2016_bin_64, which had previous val: 56.2707, to conditional val: 56.2707
nui: 0x5a46780, glob: 0x5a48df0
Setting glob: nom_gamma_stat_resolved_4b_2016_bin_65, which had previous val: 68.1257, to conditional val: 68.1257
nui: 0x5a4a8f0, glob: 0x5a4cf60
Setting glob: nom_gamma_stat_resolved_4b_2016_bin_66, which had previous val: 91.7702, to conditional val: 91.7702
nui: 0x5a4ea60, glob: 0x5082790
Setting glob: nom_gamma_stat_resolved_4b_2016_bin_67, which had previous val: 81.2086, to conditional val: 81.2086
nui: 0x5084360, glob: 0x50868f0
Setting glob: nom_gamma_stat_resolved_4b_2016_bin_68, which had previous val: 72.2982, to conditional val: 72.2982
nui: 0x50884c0, glob: 0x508aa50
Setting glob: nom_gamma_stat_resolved_4b_2016_bin_69, which had previous val: 55.3002, to conditional val: 55.3002
nui: 0x4bf19a0, glob: 0x590a040
Setting glob: nom_alpha_BackgroundNorm17, which had previous val: 0, to conditional val: 0
nui: 0x58f5200, glob: 0x58f6400
Setting glob: nom_alpha_BackgroundShape_HighHT_17, which had previous val: 0, to conditional val: 0
nui: 0x58f7cf0, glob: 0x58f8e40
Setting glob: nom_alpha_BackgroundShape_LowHT_17, which had previous val: 0, to conditional val: 0
nui: 0x4bf7ef0, glob: 0x4bf9e40
Setting glob: nom_gamma_stat_resolved_4b_2017_bin_0, which had previous val: 723.037, to conditional val: 723.037
nui: 0x4c024d0, glob: 0x4c04380
Setting glob: nom_gamma_stat_resolved_4b_2017_bin_1, which had previous val: 738.539, to conditional val: 738.539
nui: 0x4c06640, glob: 0x4c084f0
Setting glob: nom_gamma_stat_resolved_4b_2017_bin_2, which had previous val: 750.164, to conditional val: 750.164
nui: 0x4c0a7b0, glob: 0x4c0c660
Setting glob: nom_gamma_stat_resolved_4b_2017_bin_3, which had previous val: 821.242, to conditional val: 821.242
nui: 0x4c0e920, glob: 0x4c107d0
Setting glob: nom_gamma_stat_resolved_4b_2017_bin_4, which had previous val: 997.98, to conditional val: 997.98
nui: 0x4c12aa0, glob: 0x4c14950
Setting glob: nom_gamma_stat_resolved_4b_2017_bin_5, which had previous val: 868.999, to conditional val: 868.999
nui: 0x4c16c10, glob: 0x4c18ac0
Setting glob: nom_gamma_stat_resolved_4b_2017_bin_6, which had previous val: 1030.6, to conditional val: 1030.6
nui: 0x4c1ad80, glob: 0x4c1cc30
Setting glob: nom_gamma_stat_resolved_4b_2017_bin_7, which had previous val: 1178.9, to conditional val: 1178.9
nui: 0x4c1f450, glob: 0x4c21300
Setting glob: nom_gamma_stat_resolved_4b_2017_bin_8, which had previous val: 1468.59, to conditional val: 1468.59
nui: 0x4c235c0, glob: 0x4c25470
Setting glob: nom_gamma_stat_resolved_4b_2017_bin_9, which had previous val: 1622.75, to conditional val: 1622.75
nui: 0x4c27730, glob: 0x4c295e0
Setting glob: nom_gamma_stat_resolved_4b_2017_bin_10, which had previous val: 1884.08, to conditional val: 1884.08
nui: 0x4c2b8a0, glob: 0x4c2d750
Setting glob: nom_gamma_stat_resolved_4b_2017_bin_11, which had previous val: 2367.18, to conditional val: 2367.18
nui: 0x4c2fa10, glob: 0x4c318c0
Setting glob: nom_gamma_stat_resolved_4b_2017_bin_12, which had previous val: 2130.97, to conditional val: 2130.97
nui: 0x4c33b80, glob: 0x4c35a30
Setting glob: nom_gamma_stat_resolved_4b_2017_bin_13, which had previous val: 2155.95, to conditional val: 2155.95
nui: 0x4c37cf0, glob: 0x4c39ba0
Setting glob: nom_gamma_stat_resolved_4b_2017_bin_14, which had previous val: 2125.87, to conditional val: 2125.87
nui: 0x4c3be60, glob: 0x4c3dd10
Setting glob: nom_gamma_stat_resolved_4b_2017_bin_15, which had previous val: 2161.35, to conditional val: 2161.35
nui: 0x4c3ffd0, glob: 0x4c41e80
Setting glob: nom_gamma_stat_resolved_4b_2017_bin_16, which had previous val: 2026.02, to conditional val: 2026.02
nui: 0x4c44140, glob: 0x4c45ff0
Setting glob: nom_gamma_stat_resolved_4b_2017_bin_17, which had previous val: 2030.78, to conditional val: 2030.78
nui: 0x4c482b0, glob: 0x4c4a160
Setting glob: nom_gamma_stat_resolved_4b_2017_bin_18, which had previous val: 2275.71, to conditional val: 2275.71
nui: 0x4c4cb90, glob: 0x4c4e910
Setting glob: nom_gamma_stat_resolved_4b_2017_bin_19, which had previous val: 1715.63, to conditional val: 1715.63
nui: 0x4c50bd0, glob: 0x4c52a80
Setting glob: nom_gamma_stat_resolved_4b_2017_bin_20, which had previous val: 1696.95, to conditional val: 1696.95
nui: 0x4c54d40, glob: 0x4c56bf0
Setting glob: nom_gamma_stat_resolved_4b_2017_bin_21, which had previous val: 1704.53, to conditional val: 1704.53
nui: 0x4c58eb0, glob: 0x4c5ad60
Setting glob: nom_gamma_stat_resolved_4b_2017_bin_22, which had previous val: 1514.11, to conditional val: 1514.11
nui: 0x4c5d020, glob: 0x4c5eed0
Setting glob: nom_gamma_stat_resolved_4b_2017_bin_23, which had previous val: 1812.36, to conditional val: 1812.36
nui: 0x4c61190, glob: 0x4c63040
Setting glob: nom_gamma_stat_resolved_4b_2017_bin_24, which had previous val: 1357.23, to conditional val: 1357.23
nui: 0x4c65300, glob: 0x4c671b0
Setting glob: nom_gamma_stat_resolved_4b_2017_bin_25, which had previous val: 1282.83, to conditional val: 1282.83
nui: 0x4c69470, glob: 0x4c6b320
Setting glob: nom_gamma_stat_resolved_4b_2017_bin_26, which had previous val: 1087.43, to conditional val: 1087.43
nui: 0x4c6d5e0, glob: 0x4c6f490
Setting glob: nom_gamma_stat_resolved_4b_2017_bin_27, which had previous val: 1149.37, to conditional val: 1149.37
nui: 0x4c71750, glob: 0x4c73600
Setting glob: nom_gamma_stat_resolved_4b_2017_bin_28, which had previous val: 925.693, to conditional val: 925.693
nui: 0x4c758c0, glob: 0x4c77770
Setting glob: nom_gamma_stat_resolved_4b_2017_bin_29, which had previous val: 977.494, to conditional val: 977.494
nui: 0x4c79a30, glob: 0x4c7b8e0
Setting glob: nom_gamma_stat_resolved_4b_2017_bin_30, which had previous val: 843.44, to conditional val: 843.44
nui: 0x4c7dba0, glob: 0x4c7fa50
Setting glob: nom_gamma_stat_resolved_4b_2017_bin_31, which had previous val: 736.999, to conditional val: 736.999
nui: 0x4c81d10, glob: 0x4c83bc0
Setting glob: nom_gamma_stat_resolved_4b_2017_bin_32, which had previous val: 715.442, to conditional val: 715.442
nui: 0x4c85e80, glob: 0x4c87d30
Setting glob: nom_gamma_stat_resolved_4b_2017_bin_33, which had previous val: 782.034, to conditional val: 782.034
nui: 0x4c89ff0, glob: 0x4c8bea0
Setting glob: nom_gamma_stat_resolved_4b_2017_bin_34, which had previous val: 665.191, to conditional val: 665.191
nui: 0x4c8e160, glob: 0x4c90010
Setting glob: nom_gamma_stat_resolved_4b_2017_bin_35, which had previous val: 589.968, to conditional val: 589.968
nui: 0x4c922d0, glob: 0x4c94180
Setting glob: nom_gamma_stat_resolved_4b_2017_bin_36, which had previous val: 410.768, to conditional val: 410.768
nui: 0x4c96450, glob: 0x4c98300
Setting glob: nom_gamma_stat_resolved_4b_2017_bin_37, which had previous val: 498.494, to conditional val: 498.494
nui: 0x4c9a5c0, glob: 0x4c9c470
Setting glob: nom_gamma_stat_resolved_4b_2017_bin_38, which had previous val: 425.306, to conditional val: 425.306
nui: 0x4c9e730, glob: 0x4ca05e0
Setting glob: nom_gamma_stat_resolved_4b_2017_bin_39, which had previous val: 298.606, to conditional val: 298.606
nui: 0x4ca28a0, glob: 0x4ca4750
Setting glob: nom_gamma_stat_resolved_4b_2017_bin_40, which had previous val: 342.113, to conditional val: 342.113
nui: 0x4ca6a10, glob: 0x4ca88c0
Setting glob: nom_gamma_stat_resolved_4b_2017_bin_41, which had previous val: 314.852, to conditional val: 314.852
nui: 0x4cab7d0, glob: 0x4cad5d0
Setting glob: nom_gamma_stat_resolved_4b_2017_bin_42, which had previous val: 328.906, to conditional val: 328.906
nui: 0x4caf890, glob: 0x4cb1740
Setting glob: nom_gamma_stat_resolved_4b_2017_bin_43, which had previous val: 341.326, to conditional val: 341.326
nui: 0x4cb3a00, glob: 0x4cb58b0
Setting glob: nom_gamma_stat_resolved_4b_2017_bin_44, which had previous val: 295.021, to conditional val: 295.021
nui: 0x4cb7b70, glob: 0x4cb9a20
Setting glob: nom_gamma_stat_resolved_4b_2017_bin_45, which had previous val: 266.259, to conditional val: 266.259
nui: 0x4cbbce0, glob: 0x4cbdb90
Setting glob: nom_gamma_stat_resolved_4b_2017_bin_46, which had previous val: 186.042, to conditional val: 186.042
nui: 0x4cbfe50, glob: 0x4cc1d00
Setting glob: nom_gamma_stat_resolved_4b_2017_bin_47, which had previous val: 235.219, to conditional val: 235.219
nui: 0x4cc3fc0, glob: 0x4cc5e70
Setting glob: nom_gamma_stat_resolved_4b_2017_bin_48, which had previous val: 222.878, to conditional val: 222.878
nui: 0x4cc8130, glob: 0x4cc9fe0
Setting glob: nom_gamma_stat_resolved_4b_2017_bin_49, which had previous val: 206.851, to conditional val: 206.851
nui: 0x4ccc2a0, glob: 0x4cce150
Setting glob: nom_gamma_stat_resolved_4b_2017_bin_50, which had previous val: 198.378, to conditional val: 198.378
nui: 0x4cd0410, glob: 0x4cd22c0
Setting glob: nom_gamma_stat_resolved_4b_2017_bin_51, which had previous val: 200.855, to conditional val: 200.855
nui: 0x4cd4580, glob: 0x4cd6430
Setting glob: nom_gamma_stat_resolved_4b_2017_bin_52, which had previous val: 186.619, to conditional val: 186.619
nui: 0x4b568a0, glob: 0x4b58770
Setting glob: nom_gamma_stat_resolved_4b_2017_bin_53, which had previous val: 171.359, to conditional val: 171.359
nui: 0x4b5aa00, glob: 0x4b5c8d0
Setting glob: nom_gamma_stat_resolved_4b_2017_bin_54, which had previous val: 164.885, to conditional val: 164.885
nui: 0x4b5eb60, glob: 0x4b60a30
Setting glob: nom_gamma_stat_resolved_4b_2017_bin_55, which had previous val: 159.698, to conditional val: 159.698
nui: 0x4b62cc0, glob: 0x4b64b90
Setting glob: nom_gamma_stat_resolved_4b_2017_bin_56, which had previous val: 146.113, to conditional val: 146.113
nui: 0x4b66e20, glob: 0x4b68cf0
Setting glob: nom_gamma_stat_resolved_4b_2017_bin_57, which had previous val: 140.266, to conditional val: 140.266
nui: 0x4b6af80, glob: 0x4d06d20
Setting glob: nom_gamma_stat_resolved_4b_2017_bin_58, which had previous val: 138.883, to conditional val: 138.883
nui: 0x4d08bf0, glob: 0x4d0aaa0
Setting glob: nom_gamma_stat_resolved_4b_2017_bin_59, which had previous val: 105.568, to conditional val: 105.568
nui: 0x4d0cd60, glob: 0x4d0ec10
Setting glob: nom_gamma_stat_resolved_4b_2017_bin_60, which had previous val: 142.948, to conditional val: 142.948
nui: 0x4d10ee0, glob: 0x4d12d90
Setting glob: nom_gamma_stat_resolved_4b_2017_bin_61, which had previous val: 127.021, to conditional val: 127.021
nui: 0x4d15050, glob: 0x4d16f00
Setting glob: nom_gamma_stat_resolved_4b_2017_bin_62, which had previous val: 121.501, to conditional val: 121.501
nui: 0x4d191c0, glob: 0x4d1b070
Setting glob: nom_gamma_stat_resolved_4b_2017_bin_63, which had previous val: 122.657, to conditional val: 122.657
nui: 0x4d1d330, glob: 0x4d1f1e0
Setting glob: nom_gamma_stat_resolved_4b_2017_bin_64, which had previous val: 117.896, to conditional val: 117.896
nui: 0x4d214a0, glob: 0x4d23350
Setting glob: nom_gamma_stat_resolved_4b_2017_bin_65, which had previous val: 118.399, to conditional val: 118.399
nui: 0x4d25610, glob: 0x4d274c0
Setting glob: nom_gamma_stat_resolved_4b_2017_bin_66, which had previous val: 101.46, to conditional val: 101.46
nui: 0x4d29780, glob: 0x4d2b630
Setting glob: nom_gamma_stat_resolved_4b_2017_bin_67, which had previous val: 112.448, to conditional val: 112.448
nui: 0x4d2d8f0, glob: 0x4d2f7a0
Setting glob: nom_gamma_stat_resolved_4b_2017_bin_68, which had previous val: 100.033, to conditional val: 100.033
nui: 0x4d32850, glob: 0x4d34590
Setting glob: nom_gamma_stat_resolved_4b_2017_bin_69, which had previous val: 74.2995, to conditional val: 74.2995
nui: 0x4fd6a00, glob: 0x582d690
Setting glob: nom_alpha_BackgroundNorm18, which had previous val: 0, to conditional val: 0
nui: 0x58184f0, glob: 0x58196f0
Setting glob: nom_alpha_BackgroundShape_HighHT_18, which had previous val: 0, to conditional val: 0
nui: 0x581afe0, glob: 0x581c130
Setting glob: nom_alpha_BackgroundShape_LowHT_18, which had previous val: 0, to conditional val: 0
nui: 0x4fdce50, glob: 0x4fdeda0
Setting glob: nom_gamma_stat_resolved_4b_2018_bin_0, which had previous val: 1189.08, to conditional val: 1189.08
nui: 0x4fe10b0, glob: 0x4fe2f60
Setting glob: nom_gamma_stat_resolved_4b_2018_bin_1, which had previous val: 1014.03, to conditional val: 1014.03
nui: 0x4fe5220, glob: 0x4fe70d0
Setting glob: nom_gamma_stat_resolved_4b_2018_bin_2, which had previous val: 970.518, to conditional val: 970.518
nui: 0x4fe9390, glob: 0x4feb240
Setting glob: nom_gamma_stat_resolved_4b_2018_bin_3, which had previous val: 1172.47, to conditional val: 1172.47
nui: 0x4fed500, glob: 0x4fef3b0
Setting glob: nom_gamma_stat_resolved_4b_2018_bin_4, which had previous val: 1072.42, to conditional val: 1072.42
nui: 0x4ff1670, glob: 0x4ff3520
Setting glob: nom_gamma_stat_resolved_4b_2018_bin_5, which had previous val: 1163.51, to conditional val: 1163.51
nui: 0x4ff57e0, glob: 0x4ff7690
Setting glob: nom_gamma_stat_resolved_4b_2018_bin_6, which had previous val: 1370.52, to conditional val: 1370.52
nui: 0x4ff9950, glob: 0x4ffb800
Setting glob: nom_gamma_stat_resolved_4b_2018_bin_7, which had previous val: 1533.89, to conditional val: 1533.89
nui: 0x4ffdac0, glob: 0x4fff970
Setting glob: nom_gamma_stat_resolved_4b_2018_bin_8, which had previous val: 1639.7, to conditional val: 1639.7
nui: 0x5001c30, glob: 0x5003ae0
Setting glob: nom_gamma_stat_resolved_4b_2018_bin_9, which had previous val: 2242.49, to conditional val: 2242.49
nui: 0x5005da0, glob: 0x5007c50
Setting glob: nom_gamma_stat_resolved_4b_2018_bin_10, which had previous val: 2317.17, to conditional val: 2317.17
nui: 0x5009f10, glob: 0x500bdc0
Setting glob: nom_gamma_stat_resolved_4b_2018_bin_11, which had previous val: 2992.86, to conditional val: 2992.86
nui: 0x500e080, glob: 0x500ff30
Setting glob: nom_gamma_stat_resolved_4b_2018_bin_12, which had previous val: 2929.59, to conditional val: 2929.59
nui: 0x50121f0, glob: 0x50140a0
Setting glob: nom_gamma_stat_resolved_4b_2018_bin_13, which had previous val: 3075.34, to conditional val: 3075.34
nui: 0x5016360, glob: 0x5018210
Setting glob: nom_gamma_stat_resolved_4b_2018_bin_14, which had previous val: 3216.39, to conditional val: 3216.39
nui: 0x501a4d0, glob: 0x501c380
Setting glob: nom_gamma_stat_resolved_4b_2018_bin_15, which had previous val: 3352.14, to conditional val: 3352.14
nui: 0x501e640, glob: 0x50204f0
Setting glob: nom_gamma_stat_resolved_4b_2018_bin_16, which had previous val: 2590.6, to conditional val: 2590.6
nui: 0x50227b0, glob: 0x5024660
Setting glob: nom_gamma_stat_resolved_4b_2018_bin_17, which had previous val: 3569.47, to conditional val: 3569.47
nui: 0x5026920, glob: 0x50287d0
Setting glob: nom_gamma_stat_resolved_4b_2018_bin_18, which had previous val: 2419.68, to conditional val: 2419.68
nui: 0x502aa90, glob: 0x502c940
Setting glob: nom_gamma_stat_resolved_4b_2018_bin_19, which had previous val: 2118.01, to conditional val: 2118.01
nui: 0x502ec00, glob: 0x5030ab0
Setting glob: nom_gamma_stat_resolved_4b_2018_bin_20, which had previous val: 2103.25, to conditional val: 2103.25
nui: 0x4caa6c0, glob: 0x50364a0
Setting glob: nom_gamma_stat_resolved_4b_2018_bin_21, which had previous val: 2174.79, to conditional val: 2174.79
nui: 0x5038760, glob: 0x503a610
Setting glob: nom_gamma_stat_resolved_4b_2018_bin_22, which had previous val: 1393.94, to conditional val: 1393.94
nui: 0x503c8d0, glob: 0x503e780
Setting glob: nom_gamma_stat_resolved_4b_2018_bin_23, which had previous val: 1675.84, to conditional val: 1675.84
nui: 0x5040a40, glob: 0x50428f0
Setting glob: nom_gamma_stat_resolved_4b_2018_bin_24, which had previous val: 1442.8, to conditional val: 1442.8
nui: 0x5044bb0, glob: 0x5046a60
Setting glob: nom_gamma_stat_resolved_4b_2018_bin_25, which had previous val: 1326.2, to conditional val: 1326.2
nui: 0x5048d20, glob: 0x504abd0
Setting glob: nom_gamma_stat_resolved_4b_2018_bin_26, which had previous val: 1032.14, to conditional val: 1032.14
nui: 0x504ce90, glob: 0x504ed40
Setting glob: nom_gamma_stat_resolved_4b_2018_bin_27, which had previous val: 1053.71, to conditional val: 1053.71
nui: 0x5051000, glob: 0x5052eb0
Setting glob: nom_gamma_stat_resolved_4b_2018_bin_28, which had previous val: 918.637, to conditional val: 918.637
nui: 0x5055170, glob: 0x5057020
Setting glob: nom_gamma_stat_resolved_4b_2018_bin_29, which had previous val: 959.275, to conditional val: 959.275
nui: 0x50592e0, glob: 0x505b190
Setting glob: nom_gamma_stat_resolved_4b_2018_bin_30, which had previous val: 727.88, to conditional val: 727.88
nui: 0x505d450, glob: 0x505f300
Setting glob: nom_gamma_stat_resolved_4b_2018_bin_31, which had previous val: 778.087, to conditional val: 778.087
nui: 0x50615c0, glob: 0x5063470
Setting glob: nom_gamma_stat_resolved_4b_2018_bin_32, which had previous val: 686.897, to conditional val: 686.897
nui: 0x5065730, glob: 0x50675e0
Setting glob: nom_gamma_stat_resolved_4b_2018_bin_33, which had previous val: 548.255, to conditional val: 548.255
nui: 0x50698a0, glob: 0x506b750
Setting glob: nom_gamma_stat_resolved_4b_2018_bin_34, which had previous val: 490.382, to conditional val: 490.382
nui: 0x506da10, glob: 0x506f8c0
Setting glob: nom_gamma_stat_resolved_4b_2018_bin_35, which had previous val: 517.145, to conditional val: 517.145
nui: 0x5071b80, glob: 0x5073a30
Setting glob: nom_gamma_stat_resolved_4b_2018_bin_36, which had previous val: 434.116, to conditional val: 434.116
nui: 0x5075cf0, glob: 0x5077ba0
Setting glob: nom_gamma_stat_resolved_4b_2018_bin_37, which had previous val: 456.49, to conditional val: 456.49
nui: 0x5079e60, glob: 0x507bd10
Setting glob: nom_gamma_stat_resolved_4b_2018_bin_38, which had previous val: 410.308, to conditional val: 410.308
nui: 0x507dfd0, glob: 0x507fe80
Setting glob: nom_gamma_stat_resolved_4b_2018_bin_39, which had previous val: 332.356, to conditional val: 332.356
nui: 0x4cd74c0, glob: 0x4cd9390
Setting glob: nom_gamma_stat_resolved_4b_2018_bin_40, which had previous val: 339.745, to conditional val: 339.745
nui: 0x4cdb620, glob: 0x4cdd4f0
Setting glob: nom_gamma_stat_resolved_4b_2018_bin_41, which had previous val: 319.404, to conditional val: 319.404
nui: 0x4cdf780, glob: 0x4ce1650
Setting glob: nom_gamma_stat_resolved_4b_2018_bin_42, which had previous val: 262.577, to conditional val: 262.577
nui: 0x4ce38e0, glob: 0x4ce57b0
Setting glob: nom_gamma_stat_resolved_4b_2018_bin_43, which had previous val: 275.397, to conditional val: 275.397
nui: 0x4ce7a40, glob: 0x4ce9910
Setting glob: nom_gamma_stat_resolved_4b_2018_bin_44, which had previous val: 260.291, to conditional val: 260.291
nui: 0x4cebba0, glob: 0x4ceda70
Setting glob: nom_gamma_stat_resolved_4b_2018_bin_45, which had previous val: 244.046, to conditional val: 244.046
nui: 0x4cefd00, glob: 0x4cf1bd0
Setting glob: nom_gamma_stat_resolved_4b_2018_bin_46, which had previous val: 268.204, to conditional val: 268.204
nui: 0x4cf3e60, glob: 0x4cf5d30
Setting glob: nom_gamma_stat_resolved_4b_2018_bin_47, which had previous val: 210.183, to conditional val: 210.183
nui: 0x4cf7fc0, glob: 0x4cf9e90
Setting glob: nom_gamma_stat_resolved_4b_2018_bin_48, which had previous val: 204.993, to conditional val: 204.993
nui: 0x4cfc120, glob: 0x4cfdff0
Setting glob: nom_gamma_stat_resolved_4b_2018_bin_49, which had previous val: 199.783, to conditional val: 199.783
nui: 0x4d00280, glob: 0x4d02150
Setting glob: nom_gamma_stat_resolved_4b_2018_bin_50, which had previous val: 216.612, to conditional val: 216.612
nui: 0x4d043e0, glob: 0x4d062b0
Setting glob: nom_gamma_stat_resolved_4b_2018_bin_51, which had previous val: 160.791, to conditional val: 160.791
nui: 0x50e2b00, glob: 0x50e49b0
Setting glob: nom_gamma_stat_resolved_4b_2018_bin_52, which had previous val: 182.977, to conditional val: 182.977
nui: 0x50e6c70, glob: 0x50e8b20
Setting glob: nom_gamma_stat_resolved_4b_2018_bin_53, which had previous val: 188.777, to conditional val: 188.777
nui: 0x50eade0, glob: 0x50ecc90
Setting glob: nom_gamma_stat_resolved_4b_2018_bin_54, which had previous val: 170.62, to conditional val: 170.62
nui: 0x50eef50, glob: 0x50f0e00
Setting glob: nom_gamma_stat_resolved_4b_2018_bin_55, which had previous val: 163.025, to conditional val: 163.025
nui: 0x50f30c0, glob: 0x50f4f70
Setting glob: nom_gamma_stat_resolved_4b_2018_bin_56, which had previous val: 149.811, to conditional val: 149.811
nui: 0x50f7230, glob: 0x50f90e0
Setting glob: nom_gamma_stat_resolved_4b_2018_bin_57, which had previous val: 173.271, to conditional val: 173.271
nui: 0x50fb3a0, glob: 0x50fd250
Setting glob: nom_gamma_stat_resolved_4b_2018_bin_58, which had previous val: 147.887, to conditional val: 147.887
nui: 0x50ff510, glob: 0x51013c0
Setting glob: nom_gamma_stat_resolved_4b_2018_bin_59, which had previous val: 115.836, to conditional val: 115.836
nui: 0x5103680, glob: 0x5105530
Setting glob: nom_gamma_stat_resolved_4b_2018_bin_60, which had previous val: 149.115, to conditional val: 149.115
nui: 0x51077f0, glob: 0x51096a0
Setting glob: nom_gamma_stat_resolved_4b_2018_bin_61, which had previous val: 138.221, to conditional val: 138.221
nui: 0x510b960, glob: 0x510d810
Setting glob: nom_gamma_stat_resolved_4b_2018_bin_62, which had previous val: 145.779, to conditional val: 145.779
nui: 0x510fad0, glob: 0x5111980
Setting glob: nom_gamma_stat_resolved_4b_2018_bin_63, which had previous val: 119.849, to conditional val: 119.849
nui: 0x5113c40, glob: 0x5115af0
Setting glob: nom_gamma_stat_resolved_4b_2018_bin_64, which had previous val: 114.606, to conditional val: 114.606
nui: 0x5117db0, glob: 0x5119c60
Setting glob: nom_gamma_stat_resolved_4b_2018_bin_65, which had previous val: 105.861, to conditional val: 105.861
nui: 0x511bf20, glob: 0x511ddd0
Setting glob: nom_gamma_stat_resolved_4b_2018_bin_66, which had previous val: 103.425, to conditional val: 103.425
nui: 0x5120090, glob: 0x5121f40
Setting glob: nom_gamma_stat_resolved_4b_2018_bin_67, which had previous val: 140.033, to conditional val: 140.033
nui: 0x5124220, glob: 0x51260d0
Setting glob: nom_gamma_stat_resolved_4b_2018_bin_68, which had previous val: 126.096, to conditional val: 126.096
nui: 0x4d31f20, glob: 0x512bb50
Setting glob: nom_gamma_stat_resolved_4b_2018_bin_69, which had previous val: 93.806, to conditional val: 93.806
Saving conditional snapshots
Making asimov
adding obs
adding weight
weightVar: 0x50c0c20
defining set
 check expectedData by category
[#1] INFO:NumericIntegration -- RooRealIntegral::init(resolved_4b_2016_model_Int[obs_x_resolved_4b_2016]) using numeric integrator RooBinIntegrator to calculate Int(obs_x_resolved_4b_2016)
RooRealVar::obs_x_resolved_4b_2016 = 1242.86  L(250 - 1250) B(70) 
pdf: model_resolved_4b_2016
expected events 9009.13
-----
[#1] INFO:NumericIntegration -- RooRealIntegral::init(resolved_4b_2017_model_Int[obs_x_resolved_4b_2017]) using numeric integrator RooBinIntegrator to calculate Int(obs_x_resolved_4b_2017)
RooRealVar::obs_x_resolved_4b_2017 = 1242.86  L(250 - 1250) B(70) 
pdf: model_resolved_4b_2017
expected events 11041.1
-----
[#1] INFO:NumericIntegration -- RooRealIntegral::init(resolved_4b_2018_model_Int[obs_x_resolved_4b_2018]) using numeric integrator RooBinIntegrator to calculate Int(obs_x_resolved_4b_2018)
RooRealVar::obs_x_resolved_4b_2018 = 1242.86  L(250 - 1250) B(70) 
pdf: model_resolved_4b_2018
expected events 19485.9
-----
Import 2
[#1] INFO:ObjectHandling -- RooWorkspace::import(combWS) importing dataset asimovData_POI_0_NP_nom
