
[1mRooFit v3.60 -- Developed by Wouter Verkerke and David Kirkby[0m 
                Copyright (C) 2000-2013 NIKHEF, University of California & Stanford University
                All rights reserved, please read http://roofit.sourceforge.net/license.txt

Warning in <TClassTable::Add>: class RooNovosibirsk_nancy already in TClassTable
Warning in <TClassTable::Add>: class ExpGausExpPDF already in TClassTable
Warning in <TClassTable::Add>: class HggTwoSidedCBPdf already in TClassTable
You called: 
/afs/cern.ch/work/c/chlcheng/Repository/hh_combination_fw/submodules/RooStatTools/./bin/makeAsimovData output/rescaled/spin0/bbbb/1300.root output/rescaled/spin0/bbbb/1300_with_Asimov_POI_0_NP_fit.root combWS ModelConfig combData true 0.0 asimovData_POI_0_NP_fit xsec_br 
#--- Running makeAsimovData ---
# - Settings: 
  - input_ws:           output/rescaled/spin0/bbbb/1300.root
  - output_ws:          output/rescaled/spin0/bbbb/1300_with_Asimov_POI_0_NP_fit.root
  - workspacename:      combWS
  - modelConfigName:    ModelConfig
  - dataName:           combData
  - doConditional:      1 (true)
  - mu:                 0
  - asimovData_name:    asimovData_POI_0_NP_fit
  - poiName:            xsec_br
Executing makeAsimovData().
inside makeAsimovData().
- doConditional: 1
Pairing nui: Lumi, with glob: nominalLumi, from constraint: lumiConstraint
Pairing nui: alpha_Boosted_JET_CombMass_Baseline, with glob: nom_alpha_Boosted_JET_CombMass_Baseline, from constraint: alpha_Boosted_JET_CombMass_BaselineConstraint
Pairing nui: alpha_Boosted_JET_CombMass_Modelling, with glob: nom_alpha_Boosted_JET_CombMass_Modelling, from constraint: alpha_Boosted_JET_CombMass_ModellingConstraint
Pairing nui: alpha_Boosted_JET_CombMass_TotalStat, with glob: nom_alpha_Boosted_JET_CombMass_TotalStat, from constraint: alpha_Boosted_JET_CombMass_TotalStatConstraint
Pairing nui: alpha_Boosted_JET_CombMass_Tracking1, with glob: nom_alpha_Boosted_JET_CombMass_Tracking1, from constraint: alpha_Boosted_JET_CombMass_Tracking1Constraint
Pairing nui: alpha_Boosted_JET_CombMass_Tracking2, with glob: nom_alpha_Boosted_JET_CombMass_Tracking2, from constraint: alpha_Boosted_JET_CombMass_Tracking2Constraint
Pairing nui: alpha_Boosted_JET_CombMass_Tracking3, with glob: nom_alpha_Boosted_JET_CombMass_Tracking3, from constraint: alpha_Boosted_JET_CombMass_Tracking3Constraint
Pairing nui: alpha_Boosted_JET_EffectiveNP_R10_Detector1, with glob: nom_alpha_Boosted_JET_EffectiveNP_R10_Detector1, from constraint: alpha_Boosted_JET_EffectiveNP_R10_Detector1Constraint
Pairing nui: alpha_Boosted_JET_EffectiveNP_R10_Detector2, with glob: nom_alpha_Boosted_JET_EffectiveNP_R10_Detector2, from constraint: alpha_Boosted_JET_EffectiveNP_R10_Detector2Constraint
Pairing nui: alpha_Boosted_JET_EffectiveNP_R10_Mixed1, with glob: nom_alpha_Boosted_JET_EffectiveNP_R10_Mixed1, from constraint: alpha_Boosted_JET_EffectiveNP_R10_Mixed1Constraint
Pairing nui: alpha_Boosted_JET_EffectiveNP_R10_Mixed2, with glob: nom_alpha_Boosted_JET_EffectiveNP_R10_Mixed2, from constraint: alpha_Boosted_JET_EffectiveNP_R10_Mixed2Constraint
Pairing nui: alpha_Boosted_JET_EffectiveNP_R10_Mixed3, with glob: nom_alpha_Boosted_JET_EffectiveNP_R10_Mixed3, from constraint: alpha_Boosted_JET_EffectiveNP_R10_Mixed3Constraint
Pairing nui: alpha_Boosted_JET_EffectiveNP_R10_Mixed4, with glob: nom_alpha_Boosted_JET_EffectiveNP_R10_Mixed4, from constraint: alpha_Boosted_JET_EffectiveNP_R10_Mixed4Constraint
Pairing nui: alpha_Boosted_JET_EffectiveNP_R10_Modelling1, with glob: nom_alpha_Boosted_JET_EffectiveNP_R10_Modelling1, from constraint: alpha_Boosted_JET_EffectiveNP_R10_Modelling1Constraint
Pairing nui: alpha_Boosted_JET_EffectiveNP_R10_Modelling2, with glob: nom_alpha_Boosted_JET_EffectiveNP_R10_Modelling2, from constraint: alpha_Boosted_JET_EffectiveNP_R10_Modelling2Constraint
Pairing nui: alpha_Boosted_JET_EffectiveNP_R10_Modelling3, with glob: nom_alpha_Boosted_JET_EffectiveNP_R10_Modelling3, from constraint: alpha_Boosted_JET_EffectiveNP_R10_Modelling3Constraint
Pairing nui: alpha_Boosted_JET_EffectiveNP_R10_Modelling4, with glob: nom_alpha_Boosted_JET_EffectiveNP_R10_Modelling4, from constraint: alpha_Boosted_JET_EffectiveNP_R10_Modelling4Constraint
Pairing nui: alpha_Boosted_JET_EffectiveNP_R10_Statistical1, with glob: nom_alpha_Boosted_JET_EffectiveNP_R10_Statistical1, from constraint: alpha_Boosted_JET_EffectiveNP_R10_Statistical1Constraint
Pairing nui: alpha_Boosted_JET_EffectiveNP_R10_Statistical2, with glob: nom_alpha_Boosted_JET_EffectiveNP_R10_Statistical2, from constraint: alpha_Boosted_JET_EffectiveNP_R10_Statistical2Constraint
Pairing nui: alpha_Boosted_JET_EffectiveNP_R10_Statistical3, with glob: nom_alpha_Boosted_JET_EffectiveNP_R10_Statistical3, from constraint: alpha_Boosted_JET_EffectiveNP_R10_Statistical3Constraint
Pairing nui: alpha_Boosted_JET_EffectiveNP_R10_Statistical4, with glob: nom_alpha_Boosted_JET_EffectiveNP_R10_Statistical4, from constraint: alpha_Boosted_JET_EffectiveNP_R10_Statistical4Constraint
Pairing nui: alpha_Boosted_JET_EffectiveNP_R10_Statistical5, with glob: nom_alpha_Boosted_JET_EffectiveNP_R10_Statistical5, from constraint: alpha_Boosted_JET_EffectiveNP_R10_Statistical5Constraint
Pairing nui: alpha_Boosted_JET_EffectiveNP_R10_Statistical6, with glob: nom_alpha_Boosted_JET_EffectiveNP_R10_Statistical6, from constraint: alpha_Boosted_JET_EffectiveNP_R10_Statistical6Constraint
Pairing nui: alpha_Boosted_JET_EtaIntercalibration_Modelling, with glob: nom_alpha_Boosted_JET_EtaIntercalibration_Modelling, from constraint: alpha_Boosted_JET_EtaIntercalibration_ModellingConstraint
Pairing nui: alpha_Boosted_JET_EtaIntercalibration_NonClosure_2018data, with glob: nom_alpha_Boosted_JET_EtaIntercalibration_NonClosure_2018data, from constraint: alpha_Boosted_JET_EtaIntercalibration_NonClosure_2018dataConstraint
Pairing nui: alpha_Boosted_JET_EtaIntercalibration_R10_TotalStat, with glob: nom_alpha_Boosted_JET_EtaIntercalibration_R10_TotalStat, from constraint: alpha_Boosted_JET_EtaIntercalibration_R10_TotalStatConstraint
Pairing nui: alpha_Boosted_JET_Flavor_Composition, with glob: nom_alpha_Boosted_JET_Flavor_Composition, from constraint: alpha_Boosted_JET_Flavor_CompositionConstraint
Pairing nui: alpha_Boosted_JET_Flavor_Response, with glob: nom_alpha_Boosted_JET_Flavor_Response, from constraint: alpha_Boosted_JET_Flavor_ResponseConstraint
Pairing nui: alpha_Boosted_JET_LargeR_TopologyUncertainty_V, with glob: nom_alpha_Boosted_JET_LargeR_TopologyUncertainty_V, from constraint: alpha_Boosted_JET_LargeR_TopologyUncertainty_VConstraint
Pairing nui: alpha_Boosted_JET_LargeR_TopologyUncertainty_top, with glob: nom_alpha_Boosted_JET_LargeR_TopologyUncertainty_top, from constraint: alpha_Boosted_JET_LargeR_TopologyUncertainty_topConstraint
Pairing nui: alpha_Boosted_JET_MassRes_Hbb_comb, with glob: nom_alpha_Boosted_JET_MassRes_Hbb_comb, from constraint: alpha_Boosted_JET_MassRes_Hbb_combConstraint
Pairing nui: alpha_Boosted_JET_SingleParticle_HighPt, with glob: nom_alpha_Boosted_JET_SingleParticle_HighPt, from constraint: alpha_Boosted_JET_SingleParticle_HighPtConstraint
Pairing nui: alpha_Boosted_ExtrapUncert_b2b, with glob: nom_alpha_Boosted_ExtrapUncert_b2b, from constraint: alpha_Boosted_ExtrapUncert_b2bConstraint
Pairing nui: alpha_Boosted_CRegVariationUncert_b2b, with glob: nom_alpha_Boosted_CRegVariationUncert_b2b, from constraint: alpha_Boosted_CRegVariationUncert_b2bConstraint
Pairing nui: alpha_Boosted_JET_MassRes_Top_comb, with glob: nom_alpha_Boosted_JET_MassRes_Top_comb, from constraint: alpha_Boosted_JET_MassRes_Top_combConstraint
Pairing nui: alpha_Boosted_qcdSmoothingNP1_b2b, with glob: nom_alpha_Boosted_qcdSmoothingNP1_b2b, from constraint: alpha_Boosted_qcdSmoothingNP1_b2bConstraint
Pairing nui: alpha_Boosted_qcdSmoothingNP2_b2b, with glob: nom_alpha_Boosted_qcdSmoothingNP2_b2b, from constraint: alpha_Boosted_qcdSmoothingNP2_b2bConstraint
Pairing nui: alpha_Boosted_qcdSmoothingNP3_b2b, with glob: nom_alpha_Boosted_qcdSmoothingNP3_b2b, from constraint: alpha_Boosted_qcdSmoothingNP3_b2bConstraint
Pairing nui: alpha_Boosted_SmoothingFcn_b2b, with glob: nom_alpha_Boosted_SmoothingFcn_b2b, from constraint: alpha_Boosted_SmoothingFcn_b2bConstraint
Pairing nui: alpha_Boosted_SmoothingRange_b2b, with glob: nom_alpha_Boosted_SmoothingRange_b2b, from constraint: alpha_Boosted_SmoothingRange_b2bConstraint
Pairing nui: alpha_Boosted_QCDShape_b2b, with glob: nom_alpha_Boosted_QCDShape_b2b, from constraint: alpha_Boosted_QCDShape_b2bConstraint
Pairing nui: alpha_Boosted_BkgStat1_b2b, with glob: nom_alpha_Boosted_BkgStat1_b2b, from constraint: alpha_Boosted_BkgStat1_b2bConstraint
Pairing nui: alpha_Boosted_BkgStat2_b2b, with glob: nom_alpha_Boosted_BkgStat2_b2b, from constraint: alpha_Boosted_BkgStat2_b2bConstraint
Pairing nui: alpha_Boosted_TTBAR_ME, with glob: nom_alpha_Boosted_TTBAR_ME, from constraint: alpha_Boosted_TTBAR_MEConstraint
Pairing nui: alpha_Boosted_TTBAR_PS, with glob: nom_alpha_Boosted_TTBAR_PS, from constraint: alpha_Boosted_TTBAR_PSConstraint
Pairing nui: alpha_Boosted_TTBAR_hdamp, with glob: nom_alpha_Boosted_TTBAR_hdamp, from constraint: alpha_Boosted_TTBAR_hdampConstraint
Pairing nui: alpha_Boosted_TTBAR_muF, with glob: nom_alpha_Boosted_TTBAR_muF, from constraint: alpha_Boosted_TTBAR_muFConstraint
Pairing nui: alpha_Boosted_TTBAR_muR, with glob: nom_alpha_Boosted_TTBAR_muR, from constraint: alpha_Boosted_TTBAR_muRConstraint
Pairing nui: alpha_Boosted_TTBAR_FSR, with glob: nom_alpha_Boosted_TTBAR_FSR, from constraint: alpha_Boosted_TTBAR_FSRConstraint
Pairing nui: alpha_Boosted_ttbarSmoothingNP1_b2b, with glob: nom_alpha_Boosted_ttbarSmoothingNP1_b2b, from constraint: alpha_Boosted_ttbarSmoothingNP1_b2bConstraint
Pairing nui: alpha_Boosted_ttbarSmoothingNP2_b2b, with glob: nom_alpha_Boosted_ttbarSmoothingNP2_b2b, from constraint: alpha_Boosted_ttbarSmoothingNP2_b2bConstraint
Pairing nui: alpha_Boosted_ttbarSmoothingNP3_b2b, with glob: nom_alpha_Boosted_ttbarSmoothingNP3_b2b, from constraint: alpha_Boosted_ttbarSmoothingNP3_b2bConstraint
Pairing nui: alpha_Boosted_ExtrapUncert_b3b, with glob: nom_alpha_Boosted_ExtrapUncert_b3b, from constraint: alpha_Boosted_ExtrapUncert_b3bConstraint
Pairing nui: alpha_Boosted_CRegVariationUncert_b3b, with glob: nom_alpha_Boosted_CRegVariationUncert_b3b, from constraint: alpha_Boosted_CRegVariationUncert_b3bConstraint
Pairing nui: alpha_Boosted_qcdSmoothingNP1_b3b, with glob: nom_alpha_Boosted_qcdSmoothingNP1_b3b, from constraint: alpha_Boosted_qcdSmoothingNP1_b3bConstraint
Pairing nui: alpha_Boosted_qcdSmoothingNP2_b3b, with glob: nom_alpha_Boosted_qcdSmoothingNP2_b3b, from constraint: alpha_Boosted_qcdSmoothingNP2_b3bConstraint
Pairing nui: alpha_Boosted_qcdSmoothingNP3_b3b, with glob: nom_alpha_Boosted_qcdSmoothingNP3_b3b, from constraint: alpha_Boosted_qcdSmoothingNP3_b3bConstraint
Pairing nui: alpha_Boosted_SmoothingFcn_b3b, with glob: nom_alpha_Boosted_SmoothingFcn_b3b, from constraint: alpha_Boosted_SmoothingFcn_b3bConstraint
Pairing nui: alpha_Boosted_SmoothingRange_b3b, with glob: nom_alpha_Boosted_SmoothingRange_b3b, from constraint: alpha_Boosted_SmoothingRange_b3bConstraint
Pairing nui: alpha_Boosted_BkgStat1_b3b, with glob: nom_alpha_Boosted_BkgStat1_b3b, from constraint: alpha_Boosted_BkgStat1_b3bConstraint
Pairing nui: alpha_Boosted_BkgStat2_b3b, with glob: nom_alpha_Boosted_BkgStat2_b3b, from constraint: alpha_Boosted_BkgStat2_b3bConstraint
Pairing nui: alpha_Boosted_ttbarSmoothingNP1_b3b, with glob: nom_alpha_Boosted_ttbarSmoothingNP1_b3b, from constraint: alpha_Boosted_ttbarSmoothingNP1_b3bConstraint
Pairing nui: alpha_Boosted_ttbarSmoothingNP2_b3b, with glob: nom_alpha_Boosted_ttbarSmoothingNP2_b3b, from constraint: alpha_Boosted_ttbarSmoothingNP2_b3bConstraint
Pairing nui: alpha_Boosted_ttbarSmoothingNP3_b3b, with glob: nom_alpha_Boosted_ttbarSmoothingNP3_b3b, from constraint: alpha_Boosted_ttbarSmoothingNP3_b3bConstraint
Pairing nui: alpha_Boosted_ExtrapUncert_b4b, with glob: nom_alpha_Boosted_ExtrapUncert_b4b, from constraint: alpha_Boosted_ExtrapUncert_b4bConstraint
Pairing nui: alpha_Boosted_CRegVariationUncert_b4b, with glob: nom_alpha_Boosted_CRegVariationUncert_b4b, from constraint: alpha_Boosted_CRegVariationUncert_b4bConstraint
Pairing nui: alpha_Boosted_qcdSmoothingNP1_b4b, with glob: nom_alpha_Boosted_qcdSmoothingNP1_b4b, from constraint: alpha_Boosted_qcdSmoothingNP1_b4bConstraint
Pairing nui: alpha_Boosted_qcdSmoothingNP2_b4b, with glob: nom_alpha_Boosted_qcdSmoothingNP2_b4b, from constraint: alpha_Boosted_qcdSmoothingNP2_b4bConstraint
Pairing nui: alpha_Boosted_qcdSmoothingNP3_b4b, with glob: nom_alpha_Boosted_qcdSmoothingNP3_b4b, from constraint: alpha_Boosted_qcdSmoothingNP3_b4bConstraint
Pairing nui: alpha_Boosted_SmoothingFcn_b4b, with glob: nom_alpha_Boosted_SmoothingFcn_b4b, from constraint: alpha_Boosted_SmoothingFcn_b4bConstraint
Pairing nui: alpha_Boosted_SmoothingRange_b4b, with glob: nom_alpha_Boosted_SmoothingRange_b4b, from constraint: alpha_Boosted_SmoothingRange_b4bConstraint
Pairing nui: alpha_Boosted_BkgStat1_b4b, with glob: nom_alpha_Boosted_BkgStat1_b4b, from constraint: alpha_Boosted_BkgStat1_b4bConstraint
Pairing nui: alpha_Boosted_ttbarSmoothingNP1_b4b, with glob: nom_alpha_Boosted_ttbarSmoothingNP1_b4b, from constraint: alpha_Boosted_ttbarSmoothingNP1_b4bConstraint
Pairing nui: alpha_Boosted_ttbarSmoothingNP2_b4b, with glob: nom_alpha_Boosted_ttbarSmoothingNP2_b4b, from constraint: alpha_Boosted_ttbarSmoothingNP2_b4bConstraint
Pairing nui: alpha_Boosted_ttbarSmoothingNP3_b4b, with glob: nom_alpha_Boosted_ttbarSmoothingNP3_b4b, from constraint: alpha_Boosted_ttbarSmoothingNP3_b4bConstraint
Starting minimization..
[#1] INFO:Minization -- p.d.f. provides expected number of events, including extended term in likelihood.
[#1] INFO:Minization -- createNLL: caching constraint set under name CONSTR_OF_PDF_simPdf_FOR_OBS_channelCat:obs_x_b2b_hh:obs_x_b3b_hh:obs_x_b4b_hh with 75 entries
[#1] INFO:Minization --  Including the following constraint terms in minimization: (lumiConstraint,alpha_Boosted_JET_CombMass_BaselineConstraint,alpha_Boosted_JET_CombMass_ModellingConstraint,alpha_Boosted_JET_CombMass_TotalStatConstraint,alpha_Boosted_JET_CombMass_Tracking1Constraint,alpha_Boosted_JET_CombMass_Tracking2Constraint,alpha_Boosted_JET_CombMass_Tracking3Constraint,alpha_Boosted_JET_EffectiveNP_R10_Detector1Constraint,alpha_Boosted_JET_EffectiveNP_R10_Detector2Constraint,alpha_Boosted_JET_EffectiveNP_R10_Mixed1Constraint,alpha_Boosted_JET_EffectiveNP_R10_Mixed2Constraint,alpha_Boosted_JET_EffectiveNP_R10_Mixed3Constraint,alpha_Boosted_JET_EffectiveNP_R10_Mixed4Constraint,alpha_Boosted_JET_EffectiveNP_R10_Modelling1Constraint,alpha_Boosted_JET_EffectiveNP_R10_Modelling2Constraint,alpha_Boosted_JET_EffectiveNP_R10_Modelling3Constraint,alpha_Boosted_JET_EffectiveNP_R10_Modelling4Constraint,alpha_Boosted_JET_EffectiveNP_R10_Statistical1Constraint,alpha_Boosted_JET_EffectiveNP_R10_Statistical2Constraint,alpha_Boosted_JET_EffectiveNP_R10_Statistical3Constraint,alpha_Boosted_JET_EffectiveNP_R10_Statistical4Constraint,alpha_Boosted_JET_EffectiveNP_R10_Statistical5Constraint,alpha_Boosted_JET_EffectiveNP_R10_Statistical6Constraint,alpha_Boosted_JET_EtaIntercalibration_ModellingConstraint,alpha_Boosted_JET_EtaIntercalibration_NonClosure_2018dataConstraint,alpha_Boosted_JET_EtaIntercalibration_R10_TotalStatConstraint,alpha_Boosted_JET_Flavor_CompositionConstraint,alpha_Boosted_JET_Flavor_ResponseConstraint,alpha_Boosted_JET_LargeR_TopologyUncertainty_VConstraint,alpha_Boosted_JET_LargeR_TopologyUncertainty_topConstraint,alpha_Boosted_JET_MassRes_Hbb_combConstraint,alpha_Boosted_JET_SingleParticle_HighPtConstraint,alpha_Boosted_ExtrapUncert_b2bConstraint,alpha_Boosted_CRegVariationUncert_b2bConstraint,alpha_Boosted_JET_MassRes_Top_combConstraint,alpha_Boosted_qcdSmoothingNP1_b2bConstraint,alpha_Boosted_qcdSmoothingNP2_b2bConstraint,alpha_Boosted_qcdSmoothingNP3_b2bConstraint,alpha_Boosted_SmoothingFcn_b2bConstraint,alpha_Boosted_SmoothingRange_b2bConstraint,alpha_Boosted_QCDShape_b2bConstraint,alpha_Boosted_BkgStat1_b2bConstraint,alpha_Boosted_BkgStat2_b2bConstraint,alpha_Boosted_TTBAR_MEConstraint,alpha_Boosted_TTBAR_PSConstraint,alpha_Boosted_TTBAR_hdampConstraint,alpha_Boosted_TTBAR_muFConstraint,alpha_Boosted_TTBAR_muRConstraint,alpha_Boosted_TTBAR_FSRConstraint,alpha_Boosted_ttbarSmoothingNP1_b2bConstraint,alpha_Boosted_ttbarSmoothingNP2_b2bConstraint,alpha_Boosted_ttbarSmoothingNP3_b2bConstraint,alpha_Boosted_ExtrapUncert_b3bConstraint,alpha_Boosted_CRegVariationUncert_b3bConstraint,alpha_Boosted_qcdSmoothingNP1_b3bConstraint,alpha_Boosted_qcdSmoothingNP2_b3bConstraint,alpha_Boosted_qcdSmoothingNP3_b3bConstraint,alpha_Boosted_SmoothingFcn_b3bConstraint,alpha_Boosted_SmoothingRange_b3bConstraint,alpha_Boosted_BkgStat1_b3bConstraint,alpha_Boosted_BkgStat2_b3bConstraint,alpha_Boosted_ttbarSmoothingNP1_b3bConstraint,alpha_Boosted_ttbarSmoothingNP2_b3bConstraint,alpha_Boosted_ttbarSmoothingNP3_b3bConstraint,alpha_Boosted_ExtrapUncert_b4bConstraint,alpha_Boosted_CRegVariationUncert_b4bConstraint,alpha_Boosted_qcdSmoothingNP1_b4bConstraint,alpha_Boosted_qcdSmoothingNP2_b4bConstraint,alpha_Boosted_qcdSmoothingNP3_b4bConstraint,alpha_Boosted_SmoothingFcn_b4bConstraint,alpha_Boosted_SmoothingRange_b4bConstraint,alpha_Boosted_BkgStat1_b4bConstraint,alpha_Boosted_ttbarSmoothingNP1_b4bConstraint,alpha_Boosted_ttbarSmoothingNP2_b4bConstraint,alpha_Boosted_ttbarSmoothingNP3_b4bConstraint)
[#1] INFO:Fitting -- RooAddition::defaultErrorLevel(nll_simPdf_combData_with_constr) Summation contains a RooNLLVar, using its error level
Minuit2Minimizer: Minimize with max-calls 37500 convergence for edm < 1 strategy 2
RooAbsTestStatistic::initSimMode: creating slave calculator #0 for state b2b_hh (44 dataset entries)
[#1] INFO:NumericIntegration -- RooRealIntegral::init(b2b_hh_model_Int[obs_x_b2b_hh]) using numeric integrator RooBinIntegrator to calculate Int(obs_x_b2b_hh)
RooAbsTestStatistic::initSimMode: creating slave calculator #1 for state b3b_hh (44 dataset entries)
[#1] INFO:NumericIntegration -- RooRealIntegral::init(b3b_hh_model_Int[obs_x_b3b_hh]) using numeric integrator RooBinIntegrator to calculate Int(obs_x_b3b_hh)
RooAbsTestStatistic::initSimMode: creating slave calculator #2 for state b4b_hh (44 dataset entries)
[#1] INFO:NumericIntegration -- RooRealIntegral::init(b4b_hh_model_Int[obs_x_b4b_hh]) using numeric integrator RooBinIntegrator to calculate Int(obs_x_b4b_hh)
[#1] INFO:Fitting -- RooAbsTestStatistic::initSimMode: created 3 slave calculators.
[#1] INFO:NumericIntegration -- RooRealIntegral::init(b2b_hh_model_Int[obs_x_b2b_hh]) using numeric integrator RooBinIntegrator to calculate Int(obs_x_b2b_hh)
[#1] INFO:NumericIntegration -- RooRealIntegral::init(b3b_hh_model_Int[obs_x_b3b_hh]) using numeric integrator RooBinIntegrator to calculate Int(obs_x_b3b_hh)
[#1] INFO:NumericIntegration -- RooRealIntegral::init(b4b_hh_model_Int[obs_x_b4b_hh]) using numeric integrator RooBinIntegrator to calculate Int(obs_x_b4b_hh)
MnSeedGenerator: for initial parameters FCN = -2933.178597612
MnSeedGenerator: Initial state:   - FCN =  -2933.178597612 Edm =  5.80011e-07 NCalls =    201
MnSeedGenerator: run Hesse - new state:   - FCN =  -2933.178597612 Edm =  2.58683e-12 NCalls =   3589
VariableMetric: start iterating until Edm is < 0.001
VariableMetric: Initial state   - FCN =  -2933.178597612 Edm =  2.58683e-12 NCalls =   3589
VariableMetric: Iteration #   0 - FCN =  -2933.178597612 Edm =  2.58683e-12 NCalls =   3589
Info: DavidonErrorUpdator: delgam < 0 : first derivatives increasing along search line
VariableMetric: Iteration #   1 - FCN =  -2933.178597612 Edm =  1.41653e-08 NCalls =   3743
VariableMetric: After Hessian   - FCN =  -2933.178597612 Edm =  3.72187e-11 NCalls =   7015
VariableMetric: Iteration #   2 - FCN =  -2933.178597612 Edm =  3.72187e-11 NCalls =   7015
Minuit2Minimizer : Valid minimum - status = 0
FVAL  = -2933.17859761218415
Edm   = 3.72187478597857158e-11
Nfcn  = 7015
Lumi	  = 1	 +/-  0.0169999	(limited)
alpha_Boosted_BkgStat1_b2b	  = 2.51474e-09	 +/-  0.978362	(limited)
alpha_Boosted_BkgStat1_b3b	  = 1.17778e-08	 +/-  0.974703	(limited)
alpha_Boosted_BkgStat1_b4b	  = -9.63735e-09	 +/-  0.95219	(limited)
alpha_Boosted_BkgStat2_b2b	  = -1.94632e-08	 +/-  0.991831	(limited)
alpha_Boosted_BkgStat2_b3b	  = 1.03799e-08	 +/-  0.990196	(limited)
alpha_Boosted_CRegVariationUncert_b2b	  = 6.32764e-08	 +/-  0.957189	(limited)
alpha_Boosted_CRegVariationUncert_b3b	  = -1.28613e-08	 +/-  0.961682	(limited)
alpha_Boosted_CRegVariationUncert_b4b	  = 2.36717e-09	 +/-  0.937729	(limited)
alpha_Boosted_ExtrapUncert_b2b	  = 7.89169e-09	 +/-  0.862926	(limited)
alpha_Boosted_ExtrapUncert_b3b	  = 7.73178e-09	 +/-  0.573814	(limited)
alpha_Boosted_ExtrapUncert_b4b	  = 5.50552e-08	 +/-  0.793139	(limited)
alpha_Boosted_JET_CombMass_Baseline	  = 3.82577e-08	 +/-  0.981594	(limited)
alpha_Boosted_JET_CombMass_Modelling	  = -1.3857e-07	 +/-  0.858273	(limited)
alpha_Boosted_JET_CombMass_TotalStat	  = -9.46101e-09	 +/-  0.992924	(limited)
alpha_Boosted_JET_CombMass_Tracking1	  = -5.4638e-09	 +/-  0.985065	(limited)
alpha_Boosted_JET_CombMass_Tracking2	  = -3.40553e-08	 +/-  0.988341	(limited)
alpha_Boosted_JET_CombMass_Tracking3	  = 9.96226e-09	 +/-  0.988539	(limited)
alpha_Boosted_JET_EffectiveNP_R10_Detector1	  = -1.22719e-08	 +/-  0.993033	(limited)
alpha_Boosted_JET_EffectiveNP_R10_Detector2	  = -8.73304e-09	 +/-  0.993247	(limited)
alpha_Boosted_JET_EffectiveNP_R10_Mixed1	  = -2.47484e-07	 +/-  0.973813	(limited)
alpha_Boosted_JET_EffectiveNP_R10_Mixed2	  = 7.00419e-08	 +/-  0.987512	(limited)
alpha_Boosted_JET_EffectiveNP_R10_Mixed3	  = -6.90182e-08	 +/-  0.991389	(limited)
alpha_Boosted_JET_EffectiveNP_R10_Mixed4	  = 2.23129e-08	 +/-  0.993269	(limited)
alpha_Boosted_JET_EffectiveNP_R10_Modelling1	  = -1.33709e-07	 +/-  0.949531	(limited)
alpha_Boosted_JET_EffectiveNP_R10_Modelling2	  = 7.70346e-08	 +/-  0.987433	(limited)
alpha_Boosted_JET_EffectiveNP_R10_Modelling3	  = 1.36834e-07	 +/-  0.988618	(limited)
alpha_Boosted_JET_EffectiveNP_R10_Modelling4	  = -3.99175e-07	 +/-  0.993014	(limited)
alpha_Boosted_JET_EffectiveNP_R10_Statistical1	  = -5.56983e-08	 +/-  0.991958	(limited)
alpha_Boosted_JET_EffectiveNP_R10_Statistical2	  = -1.44695e-06	 +/-  0.987921	(limited)
alpha_Boosted_JET_EffectiveNP_R10_Statistical3	  = 2.47914e-08	 +/-  0.99302	(limited)
alpha_Boosted_JET_EffectiveNP_R10_Statistical4	  = -5.41911e-08	 +/-  0.992531	(limited)
alpha_Boosted_JET_EffectiveNP_R10_Statistical5	  = -4.2071e-08	 +/-  0.992606	(limited)
alpha_Boosted_JET_EffectiveNP_R10_Statistical6	  = -5.41439e-08	 +/-  0.993159	(limited)
alpha_Boosted_JET_EtaIntercalibration_Modelling	  = -2.00944e-07	 +/-  0.983634	(limited)
alpha_Boosted_JET_EtaIntercalibration_NonClosure_2018data	  = -3.65784e-08	 +/-  0.990543	(limited)
alpha_Boosted_JET_EtaIntercalibration_R10_TotalStat	  = 1.23648e-07	 +/-  0.992335	(limited)
alpha_Boosted_JET_Flavor_Composition	  = -1.44733e-07	 +/-  0.988503	(limited)
alpha_Boosted_JET_Flavor_Response	  = -1.35656e-07	 +/-  0.989836	(limited)
alpha_Boosted_JET_LargeR_TopologyUncertainty_V	  = 1.63772e-09	 +/-  0.993344	(limited)
alpha_Boosted_JET_LargeR_TopologyUncertainty_top	  = -1.25917e-07	 +/-  0.987818	(limited)
alpha_Boosted_JET_MassRes_Hbb_comb	  = 0	 +/-  0.993356	(limited)
alpha_Boosted_JET_MassRes_Top_comb	  = 1.20663e-07	 +/-  0.846159	(limited)
alpha_Boosted_JET_SingleParticle_HighPt	  = -3.50293e-09	 +/-  0.993324	(limited)
alpha_Boosted_QCDShape_b2b	  = -3.72525e-09	 +/-  0.331609	(limited)
alpha_Boosted_SmoothingFcn_b2b	  = 3.39045e-09	 +/-  0.710077	(limited)
alpha_Boosted_SmoothingFcn_b3b	  = -6.36837e-09	 +/-  0.818027	(limited)
alpha_Boosted_SmoothingFcn_b4b	  = 7.02816e-10	 +/-  0.984426	(limited)
alpha_Boosted_SmoothingRange_b2b	  = 9.17174e-08	 +/-  0.899968	(limited)
alpha_Boosted_SmoothingRange_b3b	  = -2.66342e-09	 +/-  0.964898	(limited)
alpha_Boosted_SmoothingRange_b4b	  = 4.51301e-10	 +/-  0.993245	(limited)
alpha_Boosted_TTBAR_FSR	  = 7.65773e-07	 +/-  0.886442	(limited)
alpha_Boosted_TTBAR_ME	  = -1.75884e-07	 +/-  0.55947	(limited)
alpha_Boosted_TTBAR_PS	  = 5.91755e-08	 +/-  0.843205	(limited)
alpha_Boosted_TTBAR_hdamp	  = 1.03542e-06	 +/-  0.809304	(limited)
alpha_Boosted_TTBAR_muF	  = 3.13484e-07	 +/-  0.968286	(limited)
alpha_Boosted_TTBAR_muR	  = 2.92338e-07	 +/-  0.935942	(limited)
alpha_Boosted_qcdSmoothingNP1_b2b	  = -3.70527e-08	 +/-  0.98856	(limited)
alpha_Boosted_qcdSmoothingNP1_b3b	  = 9.38846e-09	 +/-  0.962176	(limited)
alpha_Boosted_qcdSmoothingNP1_b4b	  = -9.47966e-10	 +/-  0.991091	(limited)
alpha_Boosted_qcdSmoothingNP2_b2b	  = -4.20026e-08	 +/-  0.977691	(limited)
alpha_Boosted_qcdSmoothingNP2_b3b	  = 1.45323e-08	 +/-  0.957523	(limited)
alpha_Boosted_qcdSmoothingNP2_b4b	  = 1.42236e-09	 +/-  0.990506	(limited)
alpha_Boosted_qcdSmoothingNP3_b2b	  = -4.04138e-08	 +/-  0.973902	(limited)
alpha_Boosted_qcdSmoothingNP3_b3b	  = -5.87714e-08	 +/-  0.947169	(limited)
alpha_Boosted_qcdSmoothingNP3_b4b	  = -4.60603e-09	 +/-  0.988991	(limited)
alpha_Boosted_ttbarSmoothingNP1_b2b	  = 1.41662e-08	 +/-  0.992926	(limited)
alpha_Boosted_ttbarSmoothingNP1_b3b	  = 1.03248e-09	 +/-  0.992736	(limited)
alpha_Boosted_ttbarSmoothingNP1_b4b	  = -7.56737e-11	 +/-  0.993347	(limited)
alpha_Boosted_ttbarSmoothingNP2_b2b	  = 5.24156e-09	 +/-  0.99248	(limited)
alpha_Boosted_ttbarSmoothingNP2_b3b	  = 4.31796e-09	 +/-  0.992782	(limited)
alpha_Boosted_ttbarSmoothingNP2_b4b	  = 4.78943e-10	 +/-  0.993348	(limited)
alpha_Boosted_ttbarSmoothingNP3_b2b	  = -5.75894e-09	 +/-  0.992815	(limited)
alpha_Boosted_ttbarSmoothingNP3_b3b	  = 1.337e-09	 +/-  0.992687	(limited)
alpha_Boosted_ttbarSmoothingNP3_b4b	  = -3.33424e-10	 +/-  0.993346	(limited)
Done
nui: 0x5ddfd40, glob: 0x5de0930
Setting glob: nominalLumi, which had previous val: 1, to conditional val: 1
nui: 0x5f48760, glob: 0x702af20
Setting glob: nom_alpha_Boosted_JET_CombMass_Baseline, which had previous val: 0, to conditional val: 3.82577e-08
nui: 0x5de4500, glob: 0x7029120
Setting glob: nom_alpha_Boosted_JET_CombMass_Modelling, which had previous val: 0, to conditional val: -1.3857e-07
nui: 0x60b1630, glob: 0x60b28c0
Setting glob: nom_alpha_Boosted_JET_CombMass_TotalStat, which had previous val: 0, to conditional val: -9.46101e-09
nui: 0x60b52f0, glob: 0x6f41f30
Setting glob: nom_alpha_Boosted_JET_CombMass_Tracking1, which had previous val: 0, to conditional val: -5.4638e-09
nui: 0x635a3e0, glob: 0x635b670
Setting glob: nom_alpha_Boosted_JET_CombMass_Tracking2, which had previous val: 0, to conditional val: -3.40553e-08
nui: 0x64ac930, glob: 0x64adbc0
Setting glob: nom_alpha_Boosted_JET_CombMass_Tracking3, which had previous val: 0, to conditional val: 9.96226e-09
nui: 0x6716240, glob: 0x67174f0
Setting glob: nom_alpha_Boosted_JET_EffectiveNP_R10_Detector1, which had previous val: 0, to conditional val: -1.22719e-08
nui: 0x6860f40, glob: 0x68621f0
Setting glob: nom_alpha_Boosted_JET_EffectiveNP_R10_Detector2, which had previous val: 0, to conditional val: -8.73304e-09
nui: 0x6863cc0, glob: 0x6864e70
Setting glob: nom_alpha_Boosted_JET_EffectiveNP_R10_Mixed1, which had previous val: 0, to conditional val: -2.47484e-07
nui: 0x68668e0, glob: 0x6867a90
Setting glob: nom_alpha_Boosted_JET_EffectiveNP_R10_Mixed2, which had previous val: 0, to conditional val: 7.00419e-08
nui: 0x6869500, glob: 0x686a6b0
Setting glob: nom_alpha_Boosted_JET_EffectiveNP_R10_Mixed3, which had previous val: 0, to conditional val: -6.90182e-08
nui: 0x62a5a20, glob: 0x62a6bf0
Setting glob: nom_alpha_Boosted_JET_EffectiveNP_R10_Mixed4, which had previous val: 0, to conditional val: 2.23129e-08
nui: 0x62a8630, glob: 0x62a9800
Setting glob: nom_alpha_Boosted_JET_EffectiveNP_R10_Modelling1, which had previous val: 0, to conditional val: -1.33709e-07
nui: 0x62ab290, glob: 0x62ac460
Setting glob: nom_alpha_Boosted_JET_EffectiveNP_R10_Modelling2, which had previous val: 0, to conditional val: 7.70346e-08
nui: 0x62adef0, glob: 0x62af0c0
Setting glob: nom_alpha_Boosted_JET_EffectiveNP_R10_Modelling3, which had previous val: 0, to conditional val: 1.36834e-07
nui: 0x62b0b50, glob: 0x62b1d20
Setting glob: nom_alpha_Boosted_JET_EffectiveNP_R10_Modelling4, which had previous val: 0, to conditional val: -3.99175e-07
nui: 0x62b37b0, glob: 0x62b4980
Setting glob: nom_alpha_Boosted_JET_EffectiveNP_R10_Statistical1, which had previous val: 0, to conditional val: -5.56983e-08
nui: 0x62b6430, glob: 0x62b7600
Setting glob: nom_alpha_Boosted_JET_EffectiveNP_R10_Statistical2, which had previous val: 0, to conditional val: -1.44695e-06
nui: 0x62b90b0, glob: 0x62ba280
Setting glob: nom_alpha_Boosted_JET_EffectiveNP_R10_Statistical3, which had previous val: 0, to conditional val: 2.47914e-08
nui: 0x62bbd30, glob: 0x62bcf00
Setting glob: nom_alpha_Boosted_JET_EffectiveNP_R10_Statistical4, which had previous val: 0, to conditional val: -5.41911e-08
nui: 0x62be9b0, glob: 0x62bfb80
Setting glob: nom_alpha_Boosted_JET_EffectiveNP_R10_Statistical5, which had previous val: 0, to conditional val: -4.2071e-08
nui: 0x6331e70, glob: 0x62c42d0
Setting glob: nom_alpha_Boosted_JET_EffectiveNP_R10_Statistical6, which had previous val: 0, to conditional val: -5.41439e-08
nui: 0x62c5be0, glob: 0x62c6db0
Setting glob: nom_alpha_Boosted_JET_EtaIntercalibration_Modelling, which had previous val: 0, to conditional val: -2.00944e-07
nui: 0x62c8830, glob: 0x62c9a80
Setting glob: nom_alpha_Boosted_JET_EtaIntercalibration_NonClosure_2018data, which had previous val: 0, to conditional val: -3.65784e-08
nui: 0x62cb5c0, glob: 0x62cc7f0
Setting glob: nom_alpha_Boosted_JET_EtaIntercalibration_R10_TotalStat, which had previous val: 0, to conditional val: 1.23648e-07
nui: 0x62ce2a0, glob: 0x62cf450
Setting glob: nom_alpha_Boosted_JET_Flavor_Composition, which had previous val: 0, to conditional val: -1.44733e-07
nui: 0x62d0e00, glob: 0x62d1fb0
Setting glob: nom_alpha_Boosted_JET_Flavor_Response, which had previous val: 0, to conditional val: -1.35656e-07
nui: 0x62d3980, glob: 0x62d4b50
Setting glob: nom_alpha_Boosted_JET_LargeR_TopologyUncertainty_V, which had previous val: 0, to conditional val: 1.63772e-09
nui: 0x62d6630, glob: 0x62d7860
Setting glob: nom_alpha_Boosted_JET_LargeR_TopologyUncertainty_top, which had previous val: 0, to conditional val: -1.25917e-07
nui: 0x6ebe880, glob: 0x6ebfae0
Setting glob: nom_alpha_Boosted_JET_MassRes_Hbb_comb, which had previous val: 0, to conditional val: 0
nui: 0x62dbdd0, glob: 0x62dcfa0
Setting glob: nom_alpha_Boosted_JET_SingleParticle_HighPt, which had previous val: 0, to conditional val: -3.50293e-09
nui: 0x6fe3bf0, glob: 0x6fe4e20
Setting glob: nom_alpha_Boosted_ExtrapUncert_b2b, which had previous val: 0, to conditional val: 7.89169e-09
nui: 0x6fe0d70, glob: 0x6fe1fc0
Setting glob: nom_alpha_Boosted_CRegVariationUncert_b2b, which had previous val: 0, to conditional val: 6.32764e-08
nui: 0x62d92f0, glob: 0x62da480
Setting glob: nom_alpha_Boosted_JET_MassRes_Top_comb, which had previous val: 0, to conditional val: 1.20663e-07
nui: 0x700ef60, glob: 0x70100d0
Setting glob: nom_alpha_Boosted_qcdSmoothingNP1_b2b, which had previous val: 0, to conditional val: -3.70527e-08
nui: 0x70119e0, glob: 0x7012b50
Setting glob: nom_alpha_Boosted_qcdSmoothingNP2_b2b, which had previous val: 0, to conditional val: -4.20026e-08
nui: 0x7014460, glob: 0x70155d0
Setting glob: nom_alpha_Boosted_qcdSmoothingNP3_b2b, which had previous val: 0, to conditional val: -4.04138e-08
nui: 0x6fd4d60, glob: 0x6fd5eb0
Setting glob: nom_alpha_Boosted_SmoothingFcn_b2b, which had previous val: 0, to conditional val: 3.39045e-09
nui: 0x6fd77a0, glob: 0x6fd8910
Setting glob: nom_alpha_Boosted_SmoothingRange_b2b, which had previous val: 0, to conditional val: 9.17174e-08
nui: 0x7016ee0, glob: 0x7018030
Setting glob: nom_alpha_Boosted_QCDShape_b2b, which had previous val: 0, to conditional val: -3.72525e-09
nui: 0x6fda220, glob: 0x6fdb370
Setting glob: nom_alpha_Boosted_BkgStat1_b2b, which had previous val: 0, to conditional val: 2.51474e-09
nui: 0x6fdcc00, glob: 0x6fddd50
Setting glob: nom_alpha_Boosted_BkgStat2_b2b, which had previous val: 0, to conditional val: -1.94632e-08
nui: 0x62ee880, glob: 0x62ef9f0
Setting glob: nom_alpha_Boosted_TTBAR_ME, which had previous val: 0, to conditional val: -1.75884e-07
nui: 0x62f1290, glob: 0x62f2420
Setting glob: nom_alpha_Boosted_TTBAR_PS, which had previous val: 0, to conditional val: 5.91755e-08
nui: 0x62f3cc0, glob: 0x62f4e50
Setting glob: nom_alpha_Boosted_TTBAR_hdamp, which had previous val: 0, to conditional val: 1.03542e-06
nui: 0x62f6740, glob: 0x62f78b0
Setting glob: nom_alpha_Boosted_TTBAR_muF, which had previous val: 0, to conditional val: 3.13484e-07
nui: 0x62f9150, glob: 0x62fa2e0
Setting glob: nom_alpha_Boosted_TTBAR_muR, which had previous val: 0, to conditional val: 2.92338e-07
nui: 0x62fbb80, glob: 0x62fcd10
Setting glob: nom_alpha_Boosted_TTBAR_FSR, which had previous val: 0, to conditional val: 7.65773e-07
nui: 0x6fccd50, glob: 0x6fcdec0
Setting glob: nom_alpha_Boosted_ttbarSmoothingNP1_b2b, which had previous val: 0, to conditional val: 1.41662e-08
nui: 0x6fcf800, glob: 0x6fd0970
Setting glob: nom_alpha_Boosted_ttbarSmoothingNP2_b2b, which had previous val: 0, to conditional val: 5.24156e-09
nui: 0x6fd22b0, glob: 0x6fd3420
Setting glob: nom_alpha_Boosted_ttbarSmoothingNP3_b2b, which had previous val: 0, to conditional val: -5.75894e-09
nui: 0x6ee77e0, glob: 0x6ee8a10
Setting glob: nom_alpha_Boosted_ExtrapUncert_b3b, which had previous val: 0, to conditional val: 7.73178e-09
nui: 0x6ee4960, glob: 0x6ee5bb0
Setting glob: nom_alpha_Boosted_CRegVariationUncert_b3b, which had previous val: 0, to conditional val: -1.28613e-08
nui: 0x6f13e40, glob: 0x6f14fb0
Setting glob: nom_alpha_Boosted_qcdSmoothingNP1_b3b, which had previous val: 0, to conditional val: 9.38846e-09
nui: 0x6f168c0, glob: 0x6f17a30
Setting glob: nom_alpha_Boosted_qcdSmoothingNP2_b3b, which had previous val: 0, to conditional val: 1.45323e-08
nui: 0x6f19340, glob: 0x6f1a4b0
Setting glob: nom_alpha_Boosted_qcdSmoothingNP3_b3b, which had previous val: 0, to conditional val: -5.87714e-08
nui: 0x6ed8a60, glob: 0x6ed9bb0
Setting glob: nom_alpha_Boosted_SmoothingFcn_b3b, which had previous val: 0, to conditional val: -6.36837e-09
nui: 0x6edb4a0, glob: 0x6edc610
Setting glob: nom_alpha_Boosted_SmoothingRange_b3b, which had previous val: 0, to conditional val: -2.66342e-09
nui: 0x6eddf20, glob: 0x6edf070
Setting glob: nom_alpha_Boosted_BkgStat1_b3b, which had previous val: 0, to conditional val: 1.17778e-08
nui: 0x6ee0900, glob: 0x6ee1a50
Setting glob: nom_alpha_Boosted_BkgStat2_b3b, which had previous val: 0, to conditional val: 1.03799e-08
nui: 0x6ed0a50, glob: 0x6ed1bc0
Setting glob: nom_alpha_Boosted_ttbarSmoothingNP1_b3b, which had previous val: 0, to conditional val: 1.03248e-09
nui: 0x6ed3500, glob: 0x6ed4670
Setting glob: nom_alpha_Boosted_ttbarSmoothingNP2_b3b, which had previous val: 0, to conditional val: 4.31796e-09
nui: 0x6ed5fb0, glob: 0x6ed7120
Setting glob: nom_alpha_Boosted_ttbarSmoothingNP3_b3b, which had previous val: 0, to conditional val: 1.337e-09
nui: 0x69ba7f0, glob: 0x69bba70
Setting glob: nom_alpha_Boosted_ExtrapUncert_b4b, which had previous val: 0, to conditional val: 5.50552e-08
nui: 0x69b7920, glob: 0x69b8b70
Setting glob: nom_alpha_Boosted_CRegVariationUncert_b4b, which had previous val: 0, to conditional val: 2.36717e-09
nui: 0x6dba840, glob: 0x6dbb9b0
Setting glob: nom_alpha_Boosted_qcdSmoothingNP1_b4b, which had previous val: 0, to conditional val: -9.47966e-10
nui: 0x6dbd290, glob: 0x6dbe400
Setting glob: nom_alpha_Boosted_qcdSmoothingNP2_b4b, which had previous val: 0, to conditional val: 1.42236e-09
nui: 0x6dbfd10, glob: 0x6dc0e80
Setting glob: nom_alpha_Boosted_qcdSmoothingNP3_b4b, which had previous val: 0, to conditional val: -4.60603e-09
nui: 0x62e69e0, glob: 0x62e7b30
Setting glob: nom_alpha_Boosted_SmoothingFcn_b4b, which had previous val: 0, to conditional val: 7.02816e-10
nui: 0x62e9420, glob: 0x62ea590
Setting glob: nom_alpha_Boosted_SmoothingRange_b4b, which had previous val: 0, to conditional val: 4.51301e-10
nui: 0x62ebea0, glob: 0x62ecff0
Setting glob: nom_alpha_Boosted_BkgStat1_b4b, which had previous val: 0, to conditional val: -9.63735e-09
nui: 0x62de9d0, glob: 0x62dfb40
Setting glob: nom_alpha_Boosted_ttbarSmoothingNP1_b4b, which had previous val: 0, to conditional val: -7.56737e-11
nui: 0x62e1480, glob: 0x62e25f0
Setting glob: nom_alpha_Boosted_ttbarSmoothingNP2_b4b, which had previous val: 0, to conditional val: 4.78943e-10
nui: 0x62e3f30, glob: 0x62e50a0
Setting glob: nom_alpha_Boosted_ttbarSmoothingNP3_b4b, which had previous val: 0, to conditional val: -3.33424e-10
Saving conditional snapshots
Making asimov
adding obs
adding weight
weightVar: 0x70758f0
defining set
 check expectedData by category
[#1] INFO:NumericIntegration -- RooRealIntegral::init(b2b_hh_model_Int[obs_x_b2b_hh]) using numeric integrator RooBinIntegrator to calculate Int(obs_x_b2b_hh)
RooRealVar::obs_x_b2b_hh = 5150  L(800 - 5200) B(44) 
pdf: model_b2b_hh
expected events 9250.55
-----
[#1] INFO:NumericIntegration -- RooRealIntegral::init(b3b_hh_model_Int[obs_x_b3b_hh]) using numeric integrator RooBinIntegrator to calculate Int(obs_x_b3b_hh)
RooRealVar::obs_x_b3b_hh = 5150  L(800 - 5200) B(44) 
pdf: model_b3b_hh
expected events 1647.44
-----
[#1] INFO:NumericIntegration -- RooRealIntegral::init(b4b_hh_model_Int[obs_x_b4b_hh]) using numeric integrator RooBinIntegrator to calculate Int(obs_x_b4b_hh)
RooRealVar::obs_x_b4b_hh = 5150  L(800 - 5200) B(44) 
pdf: model_b4b_hh
expected events 81.9881
-----
Import 2
[#1] INFO:ObjectHandling -- RooWorkspace::import(combWS) importing dataset asimovData_POI_0_NP_fit
