
[1mRooFit v3.60 -- Developed by Wouter Verkerke and David Kirkby[0m 
                Copyright (C) 2000-2013 NIKHEF, University of California & Stanford University
                All rights reserved, please read http://roofit.sourceforge.net/license.txt

Warning in <TClassTable::Add>: class RooNovosibirsk_nancy already in TClassTable
Warning in <TClassTable::Add>: class ExpGausExpPDF already in TClassTable
Warning in <TClassTable::Add>: class HggTwoSidedCBPdf already in TClassTable
You called: 
/afs/cern.ch/work/c/chlcheng/Repository/hh_combination_fw/submodules/RooStatTools/./bin/makeAsimovData output/rescaled/spin0/bbbb/1500.root output/rescaled/spin0/bbbb/1500_with_Asimov_POI_0_NP_fit.root combWS ModelConfig combData true 0.0 asimovData_POI_0_NP_fit xsec_br 
#--- Running makeAsimovData ---
# - Settings: 
  - input_ws:           output/rescaled/spin0/bbbb/1500.root
  - output_ws:          output/rescaled/spin0/bbbb/1500_with_Asimov_POI_0_NP_fit.root
  - workspacename:      combWS
  - modelConfigName:    ModelConfig
  - dataName:           combData
  - doConditional:      1 (true)
  - mu:                 0
  - asimovData_name:    asimovData_POI_0_NP_fit
  - poiName:            xsec_br
Executing makeAsimovData().
inside makeAsimovData().
- doConditional: 1
Pairing nui: Lumi, with glob: nominalLumi, from constraint: lumiConstraint
Pairing nui: alpha_Boosted_JET_CombMass_Baseline, with glob: nom_alpha_Boosted_JET_CombMass_Baseline, from constraint: alpha_Boosted_JET_CombMass_BaselineConstraint
Pairing nui: alpha_Boosted_JET_CombMass_Modelling, with glob: nom_alpha_Boosted_JET_CombMass_Modelling, from constraint: alpha_Boosted_JET_CombMass_ModellingConstraint
Pairing nui: alpha_Boosted_JET_CombMass_TotalStat, with glob: nom_alpha_Boosted_JET_CombMass_TotalStat, from constraint: alpha_Boosted_JET_CombMass_TotalStatConstraint
Pairing nui: alpha_Boosted_JET_CombMass_Tracking1, with glob: nom_alpha_Boosted_JET_CombMass_Tracking1, from constraint: alpha_Boosted_JET_CombMass_Tracking1Constraint
Pairing nui: alpha_Boosted_JET_CombMass_Tracking2, with glob: nom_alpha_Boosted_JET_CombMass_Tracking2, from constraint: alpha_Boosted_JET_CombMass_Tracking2Constraint
Pairing nui: alpha_Boosted_JET_CombMass_Tracking3, with glob: nom_alpha_Boosted_JET_CombMass_Tracking3, from constraint: alpha_Boosted_JET_CombMass_Tracking3Constraint
Pairing nui: alpha_Boosted_JET_EffectiveNP_R10_Detector1, with glob: nom_alpha_Boosted_JET_EffectiveNP_R10_Detector1, from constraint: alpha_Boosted_JET_EffectiveNP_R10_Detector1Constraint
Pairing nui: alpha_Boosted_JET_EffectiveNP_R10_Detector2, with glob: nom_alpha_Boosted_JET_EffectiveNP_R10_Detector2, from constraint: alpha_Boosted_JET_EffectiveNP_R10_Detector2Constraint
Pairing nui: alpha_Boosted_JET_EffectiveNP_R10_Mixed1, with glob: nom_alpha_Boosted_JET_EffectiveNP_R10_Mixed1, from constraint: alpha_Boosted_JET_EffectiveNP_R10_Mixed1Constraint
Pairing nui: alpha_Boosted_JET_EffectiveNP_R10_Mixed2, with glob: nom_alpha_Boosted_JET_EffectiveNP_R10_Mixed2, from constraint: alpha_Boosted_JET_EffectiveNP_R10_Mixed2Constraint
Pairing nui: alpha_Boosted_JET_EffectiveNP_R10_Mixed3, with glob: nom_alpha_Boosted_JET_EffectiveNP_R10_Mixed3, from constraint: alpha_Boosted_JET_EffectiveNP_R10_Mixed3Constraint
Pairing nui: alpha_Boosted_JET_EffectiveNP_R10_Mixed4, with glob: nom_alpha_Boosted_JET_EffectiveNP_R10_Mixed4, from constraint: alpha_Boosted_JET_EffectiveNP_R10_Mixed4Constraint
Pairing nui: alpha_Boosted_JET_EffectiveNP_R10_Modelling1, with glob: nom_alpha_Boosted_JET_EffectiveNP_R10_Modelling1, from constraint: alpha_Boosted_JET_EffectiveNP_R10_Modelling1Constraint
Pairing nui: alpha_Boosted_JET_EffectiveNP_R10_Modelling2, with glob: nom_alpha_Boosted_JET_EffectiveNP_R10_Modelling2, from constraint: alpha_Boosted_JET_EffectiveNP_R10_Modelling2Constraint
Pairing nui: alpha_Boosted_JET_EffectiveNP_R10_Modelling3, with glob: nom_alpha_Boosted_JET_EffectiveNP_R10_Modelling3, from constraint: alpha_Boosted_JET_EffectiveNP_R10_Modelling3Constraint
Pairing nui: alpha_Boosted_JET_EffectiveNP_R10_Modelling4, with glob: nom_alpha_Boosted_JET_EffectiveNP_R10_Modelling4, from constraint: alpha_Boosted_JET_EffectiveNP_R10_Modelling4Constraint
Pairing nui: alpha_Boosted_JET_EffectiveNP_R10_Statistical1, with glob: nom_alpha_Boosted_JET_EffectiveNP_R10_Statistical1, from constraint: alpha_Boosted_JET_EffectiveNP_R10_Statistical1Constraint
Pairing nui: alpha_Boosted_JET_EffectiveNP_R10_Statistical2, with glob: nom_alpha_Boosted_JET_EffectiveNP_R10_Statistical2, from constraint: alpha_Boosted_JET_EffectiveNP_R10_Statistical2Constraint
Pairing nui: alpha_Boosted_JET_EffectiveNP_R10_Statistical3, with glob: nom_alpha_Boosted_JET_EffectiveNP_R10_Statistical3, from constraint: alpha_Boosted_JET_EffectiveNP_R10_Statistical3Constraint
Pairing nui: alpha_Boosted_JET_EffectiveNP_R10_Statistical4, with glob: nom_alpha_Boosted_JET_EffectiveNP_R10_Statistical4, from constraint: alpha_Boosted_JET_EffectiveNP_R10_Statistical4Constraint
Pairing nui: alpha_Boosted_JET_EffectiveNP_R10_Statistical5, with glob: nom_alpha_Boosted_JET_EffectiveNP_R10_Statistical5, from constraint: alpha_Boosted_JET_EffectiveNP_R10_Statistical5Constraint
Pairing nui: alpha_Boosted_JET_EffectiveNP_R10_Statistical6, with glob: nom_alpha_Boosted_JET_EffectiveNP_R10_Statistical6, from constraint: alpha_Boosted_JET_EffectiveNP_R10_Statistical6Constraint
Pairing nui: alpha_Boosted_JET_EtaIntercalibration_Modelling, with glob: nom_alpha_Boosted_JET_EtaIntercalibration_Modelling, from constraint: alpha_Boosted_JET_EtaIntercalibration_ModellingConstraint
Pairing nui: alpha_Boosted_JET_EtaIntercalibration_NonClosure_2018data, with glob: nom_alpha_Boosted_JET_EtaIntercalibration_NonClosure_2018data, from constraint: alpha_Boosted_JET_EtaIntercalibration_NonClosure_2018dataConstraint
Pairing nui: alpha_Boosted_JET_EtaIntercalibration_R10_TotalStat, with glob: nom_alpha_Boosted_JET_EtaIntercalibration_R10_TotalStat, from constraint: alpha_Boosted_JET_EtaIntercalibration_R10_TotalStatConstraint
Pairing nui: alpha_Boosted_JET_Flavor_Composition, with glob: nom_alpha_Boosted_JET_Flavor_Composition, from constraint: alpha_Boosted_JET_Flavor_CompositionConstraint
Pairing nui: alpha_Boosted_JET_Flavor_Response, with glob: nom_alpha_Boosted_JET_Flavor_Response, from constraint: alpha_Boosted_JET_Flavor_ResponseConstraint
Pairing nui: alpha_Boosted_JET_LargeR_TopologyUncertainty_V, with glob: nom_alpha_Boosted_JET_LargeR_TopologyUncertainty_V, from constraint: alpha_Boosted_JET_LargeR_TopologyUncertainty_VConstraint
Pairing nui: alpha_Boosted_JET_LargeR_TopologyUncertainty_top, with glob: nom_alpha_Boosted_JET_LargeR_TopologyUncertainty_top, from constraint: alpha_Boosted_JET_LargeR_TopologyUncertainty_topConstraint
Pairing nui: alpha_Boosted_JET_MassRes_Hbb_comb, with glob: nom_alpha_Boosted_JET_MassRes_Hbb_comb, from constraint: alpha_Boosted_JET_MassRes_Hbb_combConstraint
Pairing nui: alpha_Boosted_JET_SingleParticle_HighPt, with glob: nom_alpha_Boosted_JET_SingleParticle_HighPt, from constraint: alpha_Boosted_JET_SingleParticle_HighPtConstraint
Pairing nui: alpha_Boosted_ExtrapUncert_b2b, with glob: nom_alpha_Boosted_ExtrapUncert_b2b, from constraint: alpha_Boosted_ExtrapUncert_b2bConstraint
Pairing nui: alpha_Boosted_CRegVariationUncert_b2b, with glob: nom_alpha_Boosted_CRegVariationUncert_b2b, from constraint: alpha_Boosted_CRegVariationUncert_b2bConstraint
Pairing nui: alpha_Boosted_JET_MassRes_Top_comb, with glob: nom_alpha_Boosted_JET_MassRes_Top_comb, from constraint: alpha_Boosted_JET_MassRes_Top_combConstraint
Pairing nui: alpha_Boosted_qcdSmoothingNP1_b2b, with glob: nom_alpha_Boosted_qcdSmoothingNP1_b2b, from constraint: alpha_Boosted_qcdSmoothingNP1_b2bConstraint
Pairing nui: alpha_Boosted_qcdSmoothingNP2_b2b, with glob: nom_alpha_Boosted_qcdSmoothingNP2_b2b, from constraint: alpha_Boosted_qcdSmoothingNP2_b2bConstraint
Pairing nui: alpha_Boosted_qcdSmoothingNP3_b2b, with glob: nom_alpha_Boosted_qcdSmoothingNP3_b2b, from constraint: alpha_Boosted_qcdSmoothingNP3_b2bConstraint
Pairing nui: alpha_Boosted_SmoothingFcn_b2b, with glob: nom_alpha_Boosted_SmoothingFcn_b2b, from constraint: alpha_Boosted_SmoothingFcn_b2bConstraint
Pairing nui: alpha_Boosted_SmoothingRange_b2b, with glob: nom_alpha_Boosted_SmoothingRange_b2b, from constraint: alpha_Boosted_SmoothingRange_b2bConstraint
Pairing nui: alpha_Boosted_QCDShape_b2b, with glob: nom_alpha_Boosted_QCDShape_b2b, from constraint: alpha_Boosted_QCDShape_b2bConstraint
Pairing nui: alpha_Boosted_BkgStat1_b2b, with glob: nom_alpha_Boosted_BkgStat1_b2b, from constraint: alpha_Boosted_BkgStat1_b2bConstraint
Pairing nui: alpha_Boosted_BkgStat2_b2b, with glob: nom_alpha_Boosted_BkgStat2_b2b, from constraint: alpha_Boosted_BkgStat2_b2bConstraint
Pairing nui: alpha_Boosted_TTBAR_ME, with glob: nom_alpha_Boosted_TTBAR_ME, from constraint: alpha_Boosted_TTBAR_MEConstraint
Pairing nui: alpha_Boosted_TTBAR_PS, with glob: nom_alpha_Boosted_TTBAR_PS, from constraint: alpha_Boosted_TTBAR_PSConstraint
Pairing nui: alpha_Boosted_TTBAR_hdamp, with glob: nom_alpha_Boosted_TTBAR_hdamp, from constraint: alpha_Boosted_TTBAR_hdampConstraint
Pairing nui: alpha_Boosted_TTBAR_muF, with glob: nom_alpha_Boosted_TTBAR_muF, from constraint: alpha_Boosted_TTBAR_muFConstraint
Pairing nui: alpha_Boosted_TTBAR_muR, with glob: nom_alpha_Boosted_TTBAR_muR, from constraint: alpha_Boosted_TTBAR_muRConstraint
Pairing nui: alpha_Boosted_TTBAR_FSR, with glob: nom_alpha_Boosted_TTBAR_FSR, from constraint: alpha_Boosted_TTBAR_FSRConstraint
Pairing nui: alpha_Boosted_ttbarSmoothingNP1_b2b, with glob: nom_alpha_Boosted_ttbarSmoothingNP1_b2b, from constraint: alpha_Boosted_ttbarSmoothingNP1_b2bConstraint
Pairing nui: alpha_Boosted_ttbarSmoothingNP2_b2b, with glob: nom_alpha_Boosted_ttbarSmoothingNP2_b2b, from constraint: alpha_Boosted_ttbarSmoothingNP2_b2bConstraint
Pairing nui: alpha_Boosted_ttbarSmoothingNP3_b2b, with glob: nom_alpha_Boosted_ttbarSmoothingNP3_b2b, from constraint: alpha_Boosted_ttbarSmoothingNP3_b2bConstraint
Pairing nui: alpha_Boosted_ExtrapUncert_b3b, with glob: nom_alpha_Boosted_ExtrapUncert_b3b, from constraint: alpha_Boosted_ExtrapUncert_b3bConstraint
Pairing nui: alpha_Boosted_CRegVariationUncert_b3b, with glob: nom_alpha_Boosted_CRegVariationUncert_b3b, from constraint: alpha_Boosted_CRegVariationUncert_b3bConstraint
Pairing nui: alpha_Boosted_qcdSmoothingNP1_b3b, with glob: nom_alpha_Boosted_qcdSmoothingNP1_b3b, from constraint: alpha_Boosted_qcdSmoothingNP1_b3bConstraint
Pairing nui: alpha_Boosted_qcdSmoothingNP2_b3b, with glob: nom_alpha_Boosted_qcdSmoothingNP2_b3b, from constraint: alpha_Boosted_qcdSmoothingNP2_b3bConstraint
Pairing nui: alpha_Boosted_qcdSmoothingNP3_b3b, with glob: nom_alpha_Boosted_qcdSmoothingNP3_b3b, from constraint: alpha_Boosted_qcdSmoothingNP3_b3bConstraint
Pairing nui: alpha_Boosted_SmoothingFcn_b3b, with glob: nom_alpha_Boosted_SmoothingFcn_b3b, from constraint: alpha_Boosted_SmoothingFcn_b3bConstraint
Pairing nui: alpha_Boosted_SmoothingRange_b3b, with glob: nom_alpha_Boosted_SmoothingRange_b3b, from constraint: alpha_Boosted_SmoothingRange_b3bConstraint
Pairing nui: alpha_Boosted_BkgStat1_b3b, with glob: nom_alpha_Boosted_BkgStat1_b3b, from constraint: alpha_Boosted_BkgStat1_b3bConstraint
Pairing nui: alpha_Boosted_BkgStat2_b3b, with glob: nom_alpha_Boosted_BkgStat2_b3b, from constraint: alpha_Boosted_BkgStat2_b3bConstraint
Pairing nui: alpha_Boosted_ttbarSmoothingNP1_b3b, with glob: nom_alpha_Boosted_ttbarSmoothingNP1_b3b, from constraint: alpha_Boosted_ttbarSmoothingNP1_b3bConstraint
Pairing nui: alpha_Boosted_ttbarSmoothingNP2_b3b, with glob: nom_alpha_Boosted_ttbarSmoothingNP2_b3b, from constraint: alpha_Boosted_ttbarSmoothingNP2_b3bConstraint
Pairing nui: alpha_Boosted_ttbarSmoothingNP3_b3b, with glob: nom_alpha_Boosted_ttbarSmoothingNP3_b3b, from constraint: alpha_Boosted_ttbarSmoothingNP3_b3bConstraint
Pairing nui: alpha_Boosted_ExtrapUncert_b4b, with glob: nom_alpha_Boosted_ExtrapUncert_b4b, from constraint: alpha_Boosted_ExtrapUncert_b4bConstraint
Pairing nui: alpha_Boosted_CRegVariationUncert_b4b, with glob: nom_alpha_Boosted_CRegVariationUncert_b4b, from constraint: alpha_Boosted_CRegVariationUncert_b4bConstraint
Pairing nui: alpha_Boosted_qcdSmoothingNP1_b4b, with glob: nom_alpha_Boosted_qcdSmoothingNP1_b4b, from constraint: alpha_Boosted_qcdSmoothingNP1_b4bConstraint
Pairing nui: alpha_Boosted_qcdSmoothingNP2_b4b, with glob: nom_alpha_Boosted_qcdSmoothingNP2_b4b, from constraint: alpha_Boosted_qcdSmoothingNP2_b4bConstraint
Pairing nui: alpha_Boosted_qcdSmoothingNP3_b4b, with glob: nom_alpha_Boosted_qcdSmoothingNP3_b4b, from constraint: alpha_Boosted_qcdSmoothingNP3_b4bConstraint
Pairing nui: alpha_Boosted_SmoothingFcn_b4b, with glob: nom_alpha_Boosted_SmoothingFcn_b4b, from constraint: alpha_Boosted_SmoothingFcn_b4bConstraint
Pairing nui: alpha_Boosted_SmoothingRange_b4b, with glob: nom_alpha_Boosted_SmoothingRange_b4b, from constraint: alpha_Boosted_SmoothingRange_b4bConstraint
Pairing nui: alpha_Boosted_BkgStat1_b4b, with glob: nom_alpha_Boosted_BkgStat1_b4b, from constraint: alpha_Boosted_BkgStat1_b4bConstraint
Pairing nui: alpha_Boosted_ttbarSmoothingNP1_b4b, with glob: nom_alpha_Boosted_ttbarSmoothingNP1_b4b, from constraint: alpha_Boosted_ttbarSmoothingNP1_b4bConstraint
Pairing nui: alpha_Boosted_ttbarSmoothingNP2_b4b, with glob: nom_alpha_Boosted_ttbarSmoothingNP2_b4b, from constraint: alpha_Boosted_ttbarSmoothingNP2_b4bConstraint
Pairing nui: alpha_Boosted_ttbarSmoothingNP3_b4b, with glob: nom_alpha_Boosted_ttbarSmoothingNP3_b4b, from constraint: alpha_Boosted_ttbarSmoothingNP3_b4bConstraint
Starting minimization..
[#1] INFO:Minization -- p.d.f. provides expected number of events, including extended term in likelihood.
[#1] INFO:Minization -- createNLL: caching constraint set under name CONSTR_OF_PDF_simPdf_FOR_OBS_channelCat:obs_x_b2b_hh:obs_x_b3b_hh:obs_x_b4b_hh with 75 entries
[#1] INFO:Minization --  Including the following constraint terms in minimization: (lumiConstraint,alpha_Boosted_JET_CombMass_BaselineConstraint,alpha_Boosted_JET_CombMass_ModellingConstraint,alpha_Boosted_JET_CombMass_TotalStatConstraint,alpha_Boosted_JET_CombMass_Tracking1Constraint,alpha_Boosted_JET_CombMass_Tracking2Constraint,alpha_Boosted_JET_CombMass_Tracking3Constraint,alpha_Boosted_JET_EffectiveNP_R10_Detector1Constraint,alpha_Boosted_JET_EffectiveNP_R10_Detector2Constraint,alpha_Boosted_JET_EffectiveNP_R10_Mixed1Constraint,alpha_Boosted_JET_EffectiveNP_R10_Mixed2Constraint,alpha_Boosted_JET_EffectiveNP_R10_Mixed3Constraint,alpha_Boosted_JET_EffectiveNP_R10_Mixed4Constraint,alpha_Boosted_JET_EffectiveNP_R10_Modelling1Constraint,alpha_Boosted_JET_EffectiveNP_R10_Modelling2Constraint,alpha_Boosted_JET_EffectiveNP_R10_Modelling3Constraint,alpha_Boosted_JET_EffectiveNP_R10_Modelling4Constraint,alpha_Boosted_JET_EffectiveNP_R10_Statistical1Constraint,alpha_Boosted_JET_EffectiveNP_R10_Statistical2Constraint,alpha_Boosted_JET_EffectiveNP_R10_Statistical3Constraint,alpha_Boosted_JET_EffectiveNP_R10_Statistical4Constraint,alpha_Boosted_JET_EffectiveNP_R10_Statistical5Constraint,alpha_Boosted_JET_EffectiveNP_R10_Statistical6Constraint,alpha_Boosted_JET_EtaIntercalibration_ModellingConstraint,alpha_Boosted_JET_EtaIntercalibration_NonClosure_2018dataConstraint,alpha_Boosted_JET_EtaIntercalibration_R10_TotalStatConstraint,alpha_Boosted_JET_Flavor_CompositionConstraint,alpha_Boosted_JET_Flavor_ResponseConstraint,alpha_Boosted_JET_LargeR_TopologyUncertainty_VConstraint,alpha_Boosted_JET_LargeR_TopologyUncertainty_topConstraint,alpha_Boosted_JET_MassRes_Hbb_combConstraint,alpha_Boosted_JET_SingleParticle_HighPtConstraint,alpha_Boosted_ExtrapUncert_b2bConstraint,alpha_Boosted_CRegVariationUncert_b2bConstraint,alpha_Boosted_JET_MassRes_Top_combConstraint,alpha_Boosted_qcdSmoothingNP1_b2bConstraint,alpha_Boosted_qcdSmoothingNP2_b2bConstraint,alpha_Boosted_qcdSmoothingNP3_b2bConstraint,alpha_Boosted_SmoothingFcn_b2bConstraint,alpha_Boosted_SmoothingRange_b2bConstraint,alpha_Boosted_QCDShape_b2bConstraint,alpha_Boosted_BkgStat1_b2bConstraint,alpha_Boosted_BkgStat2_b2bConstraint,alpha_Boosted_TTBAR_MEConstraint,alpha_Boosted_TTBAR_PSConstraint,alpha_Boosted_TTBAR_hdampConstraint,alpha_Boosted_TTBAR_muFConstraint,alpha_Boosted_TTBAR_muRConstraint,alpha_Boosted_TTBAR_FSRConstraint,alpha_Boosted_ttbarSmoothingNP1_b2bConstraint,alpha_Boosted_ttbarSmoothingNP2_b2bConstraint,alpha_Boosted_ttbarSmoothingNP3_b2bConstraint,alpha_Boosted_ExtrapUncert_b3bConstraint,alpha_Boosted_CRegVariationUncert_b3bConstraint,alpha_Boosted_qcdSmoothingNP1_b3bConstraint,alpha_Boosted_qcdSmoothingNP2_b3bConstraint,alpha_Boosted_qcdSmoothingNP3_b3bConstraint,alpha_Boosted_SmoothingFcn_b3bConstraint,alpha_Boosted_SmoothingRange_b3bConstraint,alpha_Boosted_BkgStat1_b3bConstraint,alpha_Boosted_BkgStat2_b3bConstraint,alpha_Boosted_ttbarSmoothingNP1_b3bConstraint,alpha_Boosted_ttbarSmoothingNP2_b3bConstraint,alpha_Boosted_ttbarSmoothingNP3_b3bConstraint,alpha_Boosted_ExtrapUncert_b4bConstraint,alpha_Boosted_CRegVariationUncert_b4bConstraint,alpha_Boosted_qcdSmoothingNP1_b4bConstraint,alpha_Boosted_qcdSmoothingNP2_b4bConstraint,alpha_Boosted_qcdSmoothingNP3_b4bConstraint,alpha_Boosted_SmoothingFcn_b4bConstraint,alpha_Boosted_SmoothingRange_b4bConstraint,alpha_Boosted_BkgStat1_b4bConstraint,alpha_Boosted_ttbarSmoothingNP1_b4bConstraint,alpha_Boosted_ttbarSmoothingNP2_b4bConstraint,alpha_Boosted_ttbarSmoothingNP3_b4bConstraint)
[#1] INFO:Fitting -- RooAddition::defaultErrorLevel(nll_simPdf_combData_with_constr) Summation contains a RooNLLVar, using its error level
Minuit2Minimizer: Minimize with max-calls 37500 convergence for edm < 1 strategy 2
RooAbsTestStatistic::initSimMode: creating slave calculator #0 for state b2b_hh (44 dataset entries)
[#1] INFO:NumericIntegration -- RooRealIntegral::init(b2b_hh_model_Int[obs_x_b2b_hh]) using numeric integrator RooBinIntegrator to calculate Int(obs_x_b2b_hh)
RooAbsTestStatistic::initSimMode: creating slave calculator #1 for state b3b_hh (44 dataset entries)
[#1] INFO:NumericIntegration -- RooRealIntegral::init(b3b_hh_model_Int[obs_x_b3b_hh]) using numeric integrator RooBinIntegrator to calculate Int(obs_x_b3b_hh)
RooAbsTestStatistic::initSimMode: creating slave calculator #2 for state b4b_hh (44 dataset entries)
[#1] INFO:NumericIntegration -- RooRealIntegral::init(b4b_hh_model_Int[obs_x_b4b_hh]) using numeric integrator RooBinIntegrator to calculate Int(obs_x_b4b_hh)
[#1] INFO:Fitting -- RooAbsTestStatistic::initSimMode: created 3 slave calculators.
[#1] INFO:NumericIntegration -- RooRealIntegral::init(b2b_hh_model_Int[obs_x_b2b_hh]) using numeric integrator RooBinIntegrator to calculate Int(obs_x_b2b_hh)
[#1] INFO:NumericIntegration -- RooRealIntegral::init(b3b_hh_model_Int[obs_x_b3b_hh]) using numeric integrator RooBinIntegrator to calculate Int(obs_x_b3b_hh)
[#1] INFO:NumericIntegration -- RooRealIntegral::init(b4b_hh_model_Int[obs_x_b4b_hh]) using numeric integrator RooBinIntegrator to calculate Int(obs_x_b4b_hh)
MnSeedGenerator: for initial parameters FCN = -2933.178597612
MnSeedGenerator: Initial state:   - FCN =  -2933.178597612 Edm =  5.80011e-07 NCalls =    201
MnSeedGenerator: run Hesse - new state:   - FCN =  -2933.178597612 Edm =  2.58683e-12 NCalls =   3589
VariableMetric: start iterating until Edm is < 0.001
VariableMetric: Initial state   - FCN =  -2933.178597612 Edm =  2.58683e-12 NCalls =   3589
VariableMetric: Iteration #   0 - FCN =  -2933.178597612 Edm =  2.58683e-12 NCalls =   3589
Info: DavidonErrorUpdator: delgam < 0 : first derivatives increasing along search line
VariableMetric: Iteration #   1 - FCN =  -2933.178597612 Edm =  1.41653e-08 NCalls =   3743
VariableMetric: After Hessian   - FCN =  -2933.178597612 Edm =  3.72187e-11 NCalls =   7015
VariableMetric: Iteration #   2 - FCN =  -2933.178597612 Edm =  3.72187e-11 NCalls =   7015
Minuit2Minimizer : Valid minimum - status = 0
FVAL  = -2933.17859761218415
Edm   = 3.72187478597857158e-11
Nfcn  = 7015
Lumi	  = 1	 +/-  0.0169999	(limited)
alpha_Boosted_BkgStat1_b2b	  = 2.51474e-09	 +/-  0.978362	(limited)
alpha_Boosted_BkgStat1_b3b	  = 1.17778e-08	 +/-  0.974703	(limited)
alpha_Boosted_BkgStat1_b4b	  = -9.63735e-09	 +/-  0.95219	(limited)
alpha_Boosted_BkgStat2_b2b	  = -1.94632e-08	 +/-  0.991831	(limited)
alpha_Boosted_BkgStat2_b3b	  = 1.03799e-08	 +/-  0.990196	(limited)
alpha_Boosted_CRegVariationUncert_b2b	  = 6.32764e-08	 +/-  0.957189	(limited)
alpha_Boosted_CRegVariationUncert_b3b	  = -1.28613e-08	 +/-  0.961682	(limited)
alpha_Boosted_CRegVariationUncert_b4b	  = 2.36717e-09	 +/-  0.937729	(limited)
alpha_Boosted_ExtrapUncert_b2b	  = 7.89169e-09	 +/-  0.862926	(limited)
alpha_Boosted_ExtrapUncert_b3b	  = 7.73178e-09	 +/-  0.573814	(limited)
alpha_Boosted_ExtrapUncert_b4b	  = 5.50552e-08	 +/-  0.793139	(limited)
alpha_Boosted_JET_CombMass_Baseline	  = 3.82577e-08	 +/-  0.981594	(limited)
alpha_Boosted_JET_CombMass_Modelling	  = -1.3857e-07	 +/-  0.858273	(limited)
alpha_Boosted_JET_CombMass_TotalStat	  = -9.46101e-09	 +/-  0.992924	(limited)
alpha_Boosted_JET_CombMass_Tracking1	  = -5.4638e-09	 +/-  0.985065	(limited)
alpha_Boosted_JET_CombMass_Tracking2	  = -3.40553e-08	 +/-  0.988341	(limited)
alpha_Boosted_JET_CombMass_Tracking3	  = 9.96226e-09	 +/-  0.988539	(limited)
alpha_Boosted_JET_EffectiveNP_R10_Detector1	  = -1.22719e-08	 +/-  0.993033	(limited)
alpha_Boosted_JET_EffectiveNP_R10_Detector2	  = -8.73304e-09	 +/-  0.993247	(limited)
alpha_Boosted_JET_EffectiveNP_R10_Mixed1	  = -2.47484e-07	 +/-  0.973813	(limited)
alpha_Boosted_JET_EffectiveNP_R10_Mixed2	  = 7.00419e-08	 +/-  0.987512	(limited)
alpha_Boosted_JET_EffectiveNP_R10_Mixed3	  = -6.90182e-08	 +/-  0.991389	(limited)
alpha_Boosted_JET_EffectiveNP_R10_Mixed4	  = 2.23129e-08	 +/-  0.993269	(limited)
alpha_Boosted_JET_EffectiveNP_R10_Modelling1	  = -1.33709e-07	 +/-  0.949531	(limited)
alpha_Boosted_JET_EffectiveNP_R10_Modelling2	  = 7.70346e-08	 +/-  0.987433	(limited)
alpha_Boosted_JET_EffectiveNP_R10_Modelling3	  = 1.36834e-07	 +/-  0.988618	(limited)
alpha_Boosted_JET_EffectiveNP_R10_Modelling4	  = -3.99175e-07	 +/-  0.993014	(limited)
alpha_Boosted_JET_EffectiveNP_R10_Statistical1	  = -5.56983e-08	 +/-  0.991958	(limited)
alpha_Boosted_JET_EffectiveNP_R10_Statistical2	  = -1.44695e-06	 +/-  0.987921	(limited)
alpha_Boosted_JET_EffectiveNP_R10_Statistical3	  = 2.47914e-08	 +/-  0.99302	(limited)
alpha_Boosted_JET_EffectiveNP_R10_Statistical4	  = -5.41911e-08	 +/-  0.992531	(limited)
alpha_Boosted_JET_EffectiveNP_R10_Statistical5	  = -4.2071e-08	 +/-  0.992606	(limited)
alpha_Boosted_JET_EffectiveNP_R10_Statistical6	  = -5.41439e-08	 +/-  0.993159	(limited)
alpha_Boosted_JET_EtaIntercalibration_Modelling	  = -2.00944e-07	 +/-  0.983634	(limited)
alpha_Boosted_JET_EtaIntercalibration_NonClosure_2018data	  = -3.65784e-08	 +/-  0.990543	(limited)
alpha_Boosted_JET_EtaIntercalibration_R10_TotalStat	  = 1.23648e-07	 +/-  0.992335	(limited)
alpha_Boosted_JET_Flavor_Composition	  = -1.44733e-07	 +/-  0.988503	(limited)
alpha_Boosted_JET_Flavor_Response	  = -1.35656e-07	 +/-  0.989836	(limited)
alpha_Boosted_JET_LargeR_TopologyUncertainty_V	  = 1.63772e-09	 +/-  0.993344	(limited)
alpha_Boosted_JET_LargeR_TopologyUncertainty_top	  = -1.25917e-07	 +/-  0.987818	(limited)
alpha_Boosted_JET_MassRes_Hbb_comb	  = 0	 +/-  0.993356	(limited)
alpha_Boosted_JET_MassRes_Top_comb	  = 1.20663e-07	 +/-  0.846159	(limited)
alpha_Boosted_JET_SingleParticle_HighPt	  = -3.50293e-09	 +/-  0.993324	(limited)
alpha_Boosted_QCDShape_b2b	  = -3.72525e-09	 +/-  0.331609	(limited)
alpha_Boosted_SmoothingFcn_b2b	  = 3.39045e-09	 +/-  0.710077	(limited)
alpha_Boosted_SmoothingFcn_b3b	  = -6.36837e-09	 +/-  0.818027	(limited)
alpha_Boosted_SmoothingFcn_b4b	  = 7.02816e-10	 +/-  0.984426	(limited)
alpha_Boosted_SmoothingRange_b2b	  = 9.17174e-08	 +/-  0.899968	(limited)
alpha_Boosted_SmoothingRange_b3b	  = -2.66342e-09	 +/-  0.964898	(limited)
alpha_Boosted_SmoothingRange_b4b	  = 4.51301e-10	 +/-  0.993245	(limited)
alpha_Boosted_TTBAR_FSR	  = 7.65773e-07	 +/-  0.886442	(limited)
alpha_Boosted_TTBAR_ME	  = -1.75884e-07	 +/-  0.55947	(limited)
alpha_Boosted_TTBAR_PS	  = 5.91755e-08	 +/-  0.843205	(limited)
alpha_Boosted_TTBAR_hdamp	  = 1.03542e-06	 +/-  0.809304	(limited)
alpha_Boosted_TTBAR_muF	  = 3.13484e-07	 +/-  0.968286	(limited)
alpha_Boosted_TTBAR_muR	  = 2.92338e-07	 +/-  0.935942	(limited)
alpha_Boosted_qcdSmoothingNP1_b2b	  = -3.70527e-08	 +/-  0.98856	(limited)
alpha_Boosted_qcdSmoothingNP1_b3b	  = 9.38846e-09	 +/-  0.962176	(limited)
alpha_Boosted_qcdSmoothingNP1_b4b	  = -9.47966e-10	 +/-  0.991091	(limited)
alpha_Boosted_qcdSmoothingNP2_b2b	  = -4.20026e-08	 +/-  0.977691	(limited)
alpha_Boosted_qcdSmoothingNP2_b3b	  = 1.45323e-08	 +/-  0.957523	(limited)
alpha_Boosted_qcdSmoothingNP2_b4b	  = 1.42236e-09	 +/-  0.990506	(limited)
alpha_Boosted_qcdSmoothingNP3_b2b	  = -4.04138e-08	 +/-  0.973902	(limited)
alpha_Boosted_qcdSmoothingNP3_b3b	  = -5.87714e-08	 +/-  0.947169	(limited)
alpha_Boosted_qcdSmoothingNP3_b4b	  = -4.60603e-09	 +/-  0.988991	(limited)
alpha_Boosted_ttbarSmoothingNP1_b2b	  = 1.41662e-08	 +/-  0.992926	(limited)
alpha_Boosted_ttbarSmoothingNP1_b3b	  = 1.03248e-09	 +/-  0.992736	(limited)
alpha_Boosted_ttbarSmoothingNP1_b4b	  = -7.56737e-11	 +/-  0.993347	(limited)
alpha_Boosted_ttbarSmoothingNP2_b2b	  = 5.24156e-09	 +/-  0.99248	(limited)
alpha_Boosted_ttbarSmoothingNP2_b3b	  = 4.31796e-09	 +/-  0.992782	(limited)
alpha_Boosted_ttbarSmoothingNP2_b4b	  = 4.78943e-10	 +/-  0.993348	(limited)
alpha_Boosted_ttbarSmoothingNP3_b2b	  = -5.75894e-09	 +/-  0.992815	(limited)
alpha_Boosted_ttbarSmoothingNP3_b3b	  = 1.337e-09	 +/-  0.992687	(limited)
alpha_Boosted_ttbarSmoothingNP3_b4b	  = -3.33424e-10	 +/-  0.993346	(limited)
Done
nui: 0x4a8a990, glob: 0x4a8b580
Setting glob: nominalLumi, which had previous val: 1, to conditional val: 1
nui: 0x4bf33a0, glob: 0x5cd5b70
Setting glob: nom_alpha_Boosted_JET_CombMass_Baseline, which had previous val: 0, to conditional val: 3.82577e-08
nui: 0x4a8f150, glob: 0x5cd3d70
Setting glob: nom_alpha_Boosted_JET_CombMass_Modelling, which had previous val: 0, to conditional val: -1.3857e-07
nui: 0x4d5c260, glob: 0x4d5d4f0
Setting glob: nom_alpha_Boosted_JET_CombMass_TotalStat, which had previous val: 0, to conditional val: -9.46101e-09
nui: 0x4d5ff20, glob: 0x5becb80
Setting glob: nom_alpha_Boosted_JET_CombMass_Tracking1, which had previous val: 0, to conditional val: -5.4638e-09
nui: 0x5005020, glob: 0x50062b0
Setting glob: nom_alpha_Boosted_JET_CombMass_Tracking2, which had previous val: 0, to conditional val: -3.40553e-08
nui: 0x5157570, glob: 0x5158800
Setting glob: nom_alpha_Boosted_JET_CombMass_Tracking3, which had previous val: 0, to conditional val: 9.96226e-09
nui: 0x53c0e90, glob: 0x53c2140
Setting glob: nom_alpha_Boosted_JET_EffectiveNP_R10_Detector1, which had previous val: 0, to conditional val: -1.22719e-08
nui: 0x550bba0, glob: 0x550ce50
Setting glob: nom_alpha_Boosted_JET_EffectiveNP_R10_Detector2, which had previous val: 0, to conditional val: -8.73304e-09
nui: 0x550e920, glob: 0x550fad0
Setting glob: nom_alpha_Boosted_JET_EffectiveNP_R10_Mixed1, which had previous val: 0, to conditional val: -2.47484e-07
nui: 0x5511540, glob: 0x55126f0
Setting glob: nom_alpha_Boosted_JET_EffectiveNP_R10_Mixed2, which had previous val: 0, to conditional val: 7.00419e-08
nui: 0x5514160, glob: 0x5515310
Setting glob: nom_alpha_Boosted_JET_EffectiveNP_R10_Mixed3, which had previous val: 0, to conditional val: -6.90182e-08
nui: 0x4f50660, glob: 0x4f51830
Setting glob: nom_alpha_Boosted_JET_EffectiveNP_R10_Mixed4, which had previous val: 0, to conditional val: 2.23129e-08
nui: 0x4f53270, glob: 0x4f54440
Setting glob: nom_alpha_Boosted_JET_EffectiveNP_R10_Modelling1, which had previous val: 0, to conditional val: -1.33709e-07
nui: 0x4f55ed0, glob: 0x4f570a0
Setting glob: nom_alpha_Boosted_JET_EffectiveNP_R10_Modelling2, which had previous val: 0, to conditional val: 7.70346e-08
nui: 0x4f58b30, glob: 0x4f59d00
Setting glob: nom_alpha_Boosted_JET_EffectiveNP_R10_Modelling3, which had previous val: 0, to conditional val: 1.36834e-07
nui: 0x4f5b790, glob: 0x4f5c960
Setting glob: nom_alpha_Boosted_JET_EffectiveNP_R10_Modelling4, which had previous val: 0, to conditional val: -3.99175e-07
nui: 0x4f5e3f0, glob: 0x4f5f5c0
Setting glob: nom_alpha_Boosted_JET_EffectiveNP_R10_Statistical1, which had previous val: 0, to conditional val: -5.56983e-08
nui: 0x4f61070, glob: 0x4f62240
Setting glob: nom_alpha_Boosted_JET_EffectiveNP_R10_Statistical2, which had previous val: 0, to conditional val: -1.44695e-06
nui: 0x4f63cf0, glob: 0x4f64ec0
Setting glob: nom_alpha_Boosted_JET_EffectiveNP_R10_Statistical3, which had previous val: 0, to conditional val: 2.47914e-08
nui: 0x4f66970, glob: 0x4f67b40
Setting glob: nom_alpha_Boosted_JET_EffectiveNP_R10_Statistical4, which had previous val: 0, to conditional val: -5.41911e-08
nui: 0x4f695f0, glob: 0x4f6a7c0
Setting glob: nom_alpha_Boosted_JET_EffectiveNP_R10_Statistical5, which had previous val: 0, to conditional val: -4.2071e-08
nui: 0x4fdcab0, glob: 0x4f6ef10
Setting glob: nom_alpha_Boosted_JET_EffectiveNP_R10_Statistical6, which had previous val: 0, to conditional val: -5.41439e-08
nui: 0x4f70820, glob: 0x4f719f0
Setting glob: nom_alpha_Boosted_JET_EtaIntercalibration_Modelling, which had previous val: 0, to conditional val: -2.00944e-07
nui: 0x4f73470, glob: 0x4f746c0
Setting glob: nom_alpha_Boosted_JET_EtaIntercalibration_NonClosure_2018data, which had previous val: 0, to conditional val: -3.65784e-08
nui: 0x4f76200, glob: 0x4f77430
Setting glob: nom_alpha_Boosted_JET_EtaIntercalibration_R10_TotalStat, which had previous val: 0, to conditional val: 1.23648e-07
nui: 0x4f78ee0, glob: 0x4f7a090
Setting glob: nom_alpha_Boosted_JET_Flavor_Composition, which had previous val: 0, to conditional val: -1.44733e-07
nui: 0x4f7ba40, glob: 0x4f7cbf0
Setting glob: nom_alpha_Boosted_JET_Flavor_Response, which had previous val: 0, to conditional val: -1.35656e-07
nui: 0x4f7e5c0, glob: 0x4f7f790
Setting glob: nom_alpha_Boosted_JET_LargeR_TopologyUncertainty_V, which had previous val: 0, to conditional val: 1.63772e-09
nui: 0x4f81270, glob: 0x4f824a0
Setting glob: nom_alpha_Boosted_JET_LargeR_TopologyUncertainty_top, which had previous val: 0, to conditional val: -1.25917e-07
nui: 0x5b694c0, glob: 0x5b6a720
Setting glob: nom_alpha_Boosted_JET_MassRes_Hbb_comb, which had previous val: 0, to conditional val: 0
nui: 0x4f86a10, glob: 0x4f87be0
Setting glob: nom_alpha_Boosted_JET_SingleParticle_HighPt, which had previous val: 0, to conditional val: -3.50293e-09
nui: 0x5c8e840, glob: 0x5c8fa70
Setting glob: nom_alpha_Boosted_ExtrapUncert_b2b, which had previous val: 0, to conditional val: 7.89169e-09
nui: 0x5c8b9c0, glob: 0x5c8cc10
Setting glob: nom_alpha_Boosted_CRegVariationUncert_b2b, which had previous val: 0, to conditional val: 6.32764e-08
nui: 0x4f83f30, glob: 0x4f850c0
Setting glob: nom_alpha_Boosted_JET_MassRes_Top_comb, which had previous val: 0, to conditional val: 1.20663e-07
nui: 0x5cb9bb0, glob: 0x5cbad20
Setting glob: nom_alpha_Boosted_qcdSmoothingNP1_b2b, which had previous val: 0, to conditional val: -3.70527e-08
nui: 0x5cbc630, glob: 0x5cbd7a0
Setting glob: nom_alpha_Boosted_qcdSmoothingNP2_b2b, which had previous val: 0, to conditional val: -4.20026e-08
nui: 0x5cbf0b0, glob: 0x5cc0220
Setting glob: nom_alpha_Boosted_qcdSmoothingNP3_b2b, which had previous val: 0, to conditional val: -4.04138e-08
nui: 0x5c7f9b0, glob: 0x5c80b00
Setting glob: nom_alpha_Boosted_SmoothingFcn_b2b, which had previous val: 0, to conditional val: 3.39045e-09
nui: 0x5c823f0, glob: 0x5c83560
Setting glob: nom_alpha_Boosted_SmoothingRange_b2b, which had previous val: 0, to conditional val: 9.17174e-08
nui: 0x5cc1b30, glob: 0x5cc2c80
Setting glob: nom_alpha_Boosted_QCDShape_b2b, which had previous val: 0, to conditional val: -3.72525e-09
nui: 0x5c84e70, glob: 0x5c85fc0
Setting glob: nom_alpha_Boosted_BkgStat1_b2b, which had previous val: 0, to conditional val: 2.51474e-09
nui: 0x5c87850, glob: 0x5c889a0
Setting glob: nom_alpha_Boosted_BkgStat2_b2b, which had previous val: 0, to conditional val: -1.94632e-08
nui: 0x4f994c0, glob: 0x4f9a630
Setting glob: nom_alpha_Boosted_TTBAR_ME, which had previous val: 0, to conditional val: -1.75884e-07
nui: 0x4f9bed0, glob: 0x4f9d060
Setting glob: nom_alpha_Boosted_TTBAR_PS, which had previous val: 0, to conditional val: 5.91755e-08
nui: 0x4f9e900, glob: 0x4f9fa90
Setting glob: nom_alpha_Boosted_TTBAR_hdamp, which had previous val: 0, to conditional val: 1.03542e-06
nui: 0x4fa1380, glob: 0x4fa24f0
Setting glob: nom_alpha_Boosted_TTBAR_muF, which had previous val: 0, to conditional val: 3.13484e-07
nui: 0x4fa3d90, glob: 0x4fa4f20
Setting glob: nom_alpha_Boosted_TTBAR_muR, which had previous val: 0, to conditional val: 2.92338e-07
nui: 0x4fa67c0, glob: 0x4fa7950
Setting glob: nom_alpha_Boosted_TTBAR_FSR, which had previous val: 0, to conditional val: 7.65773e-07
nui: 0x5c779a0, glob: 0x5c78b10
Setting glob: nom_alpha_Boosted_ttbarSmoothingNP1_b2b, which had previous val: 0, to conditional val: 1.41662e-08
nui: 0x5c7a450, glob: 0x5c7b5c0
Setting glob: nom_alpha_Boosted_ttbarSmoothingNP2_b2b, which had previous val: 0, to conditional val: 5.24156e-09
nui: 0x5c7cf00, glob: 0x5c7e070
Setting glob: nom_alpha_Boosted_ttbarSmoothingNP3_b2b, which had previous val: 0, to conditional val: -5.75894e-09
nui: 0x5b92420, glob: 0x5b93650
Setting glob: nom_alpha_Boosted_ExtrapUncert_b3b, which had previous val: 0, to conditional val: 7.73178e-09
nui: 0x5b8f5a0, glob: 0x5b907f0
Setting glob: nom_alpha_Boosted_CRegVariationUncert_b3b, which had previous val: 0, to conditional val: -1.28613e-08
nui: 0x5bbea90, glob: 0x5bbfc00
Setting glob: nom_alpha_Boosted_qcdSmoothingNP1_b3b, which had previous val: 0, to conditional val: 9.38846e-09
nui: 0x5bc1510, glob: 0x5bc2680
Setting glob: nom_alpha_Boosted_qcdSmoothingNP2_b3b, which had previous val: 0, to conditional val: 1.45323e-08
nui: 0x5bc3f90, glob: 0x5bc5100
Setting glob: nom_alpha_Boosted_qcdSmoothingNP3_b3b, which had previous val: 0, to conditional val: -5.87714e-08
nui: 0x5b836a0, glob: 0x5b847f0
Setting glob: nom_alpha_Boosted_SmoothingFcn_b3b, which had previous val: 0, to conditional val: -6.36837e-09
nui: 0x5b860e0, glob: 0x5b87250
Setting glob: nom_alpha_Boosted_SmoothingRange_b3b, which had previous val: 0, to conditional val: -2.66342e-09
nui: 0x5b88b60, glob: 0x5b89cb0
Setting glob: nom_alpha_Boosted_BkgStat1_b3b, which had previous val: 0, to conditional val: 1.17778e-08
nui: 0x5b8b540, glob: 0x5b8c690
Setting glob: nom_alpha_Boosted_BkgStat2_b3b, which had previous val: 0, to conditional val: 1.03799e-08
nui: 0x5b7b690, glob: 0x5b7c800
Setting glob: nom_alpha_Boosted_ttbarSmoothingNP1_b3b, which had previous val: 0, to conditional val: 1.03248e-09
nui: 0x5b7e100, glob: 0x5b7f2b0
Setting glob: nom_alpha_Boosted_ttbarSmoothingNP2_b3b, which had previous val: 0, to conditional val: 4.31796e-09
nui: 0x5b80bf0, glob: 0x5b81d60
Setting glob: nom_alpha_Boosted_ttbarSmoothingNP3_b3b, which had previous val: 0, to conditional val: 1.337e-09
nui: 0x5665450, glob: 0x56666d0
Setting glob: nom_alpha_Boosted_ExtrapUncert_b4b, which had previous val: 0, to conditional val: 5.50552e-08
nui: 0x5662580, glob: 0x56637d0
Setting glob: nom_alpha_Boosted_CRegVariationUncert_b4b, which had previous val: 0, to conditional val: 2.36717e-09
nui: 0x5a65480, glob: 0x5a665f0
Setting glob: nom_alpha_Boosted_qcdSmoothingNP1_b4b, which had previous val: 0, to conditional val: -9.47966e-10
nui: 0x5a67ed0, glob: 0x5a69040
Setting glob: nom_alpha_Boosted_qcdSmoothingNP2_b4b, which had previous val: 0, to conditional val: 1.42236e-09
nui: 0x5a6a950, glob: 0x5a6bac0
Setting glob: nom_alpha_Boosted_qcdSmoothingNP3_b4b, which had previous val: 0, to conditional val: -4.60603e-09
nui: 0x4f91620, glob: 0x4f92770
Setting glob: nom_alpha_Boosted_SmoothingFcn_b4b, which had previous val: 0, to conditional val: 7.02816e-10
nui: 0x4f94060, glob: 0x4f951d0
Setting glob: nom_alpha_Boosted_SmoothingRange_b4b, which had previous val: 0, to conditional val: 4.51301e-10
nui: 0x4f96ae0, glob: 0x4f97c30
Setting glob: nom_alpha_Boosted_BkgStat1_b4b, which had previous val: 0, to conditional val: -9.63735e-09
nui: 0x4f89610, glob: 0x4f8a780
Setting glob: nom_alpha_Boosted_ttbarSmoothingNP1_b4b, which had previous val: 0, to conditional val: -7.56737e-11
nui: 0x4f8c0c0, glob: 0x4f8d230
Setting glob: nom_alpha_Boosted_ttbarSmoothingNP2_b4b, which had previous val: 0, to conditional val: 4.78943e-10
nui: 0x4f8eb70, glob: 0x4f8fce0
Setting glob: nom_alpha_Boosted_ttbarSmoothingNP3_b4b, which had previous val: 0, to conditional val: -3.33424e-10
Saving conditional snapshots
Making asimov
adding obs
adding weight
weightVar: 0x5d20540
defining set
 check expectedData by category
[#1] INFO:NumericIntegration -- RooRealIntegral::init(b2b_hh_model_Int[obs_x_b2b_hh]) using numeric integrator RooBinIntegrator to calculate Int(obs_x_b2b_hh)
RooRealVar::obs_x_b2b_hh = 5150  L(800 - 5200) B(44) 
pdf: model_b2b_hh
expected events 9250.55
-----
[#1] INFO:NumericIntegration -- RooRealIntegral::init(b3b_hh_model_Int[obs_x_b3b_hh]) using numeric integrator RooBinIntegrator to calculate Int(obs_x_b3b_hh)
RooRealVar::obs_x_b3b_hh = 5150  L(800 - 5200) B(44) 
pdf: model_b3b_hh
expected events 1647.44
-----
[#1] INFO:NumericIntegration -- RooRealIntegral::init(b4b_hh_model_Int[obs_x_b4b_hh]) using numeric integrator RooBinIntegrator to calculate Int(obs_x_b4b_hh)
RooRealVar::obs_x_b4b_hh = 5150  L(800 - 5200) B(44) 
pdf: model_b4b_hh
expected events 81.9881
-----
Import 2
[#1] INFO:ObjectHandling -- RooWorkspace::import(combWS) importing dataset asimovData_POI_0_NP_fit
