
[1mRooFit v3.60 -- Developed by Wouter Verkerke and David Kirkby[0m 
                Copyright (C) 2000-2013 NIKHEF, University of California & Stanford University
                All rights reserved, please read http://roofit.sourceforge.net/license.txt

Warning in <TClassTable::Add>: class RooNovosibirsk_nancy already in TClassTable
Warning in <TClassTable::Add>: class ExpGausExpPDF already in TClassTable
Warning in <TClassTable::Add>: class HggTwoSidedCBPdf already in TClassTable
You called: 
/afs/cern.ch/work/c/chlcheng/Repository/hh_combination_fw/submodules/RooStatTools/./bin/makeAsimovData output/rescaled/spin0/bbbb/2500.root output/rescaled/spin0/bbbb/2500_with_Asimov_POI_0_NP_nom.root combWS ModelConfig combData false 0.0 asimovData_POI_0_NP_nom xsec_br 
#--- Running makeAsimovData ---
# - Settings: 
  - input_ws:           output/rescaled/spin0/bbbb/2500.root
  - output_ws:          output/rescaled/spin0/bbbb/2500_with_Asimov_POI_0_NP_nom.root
  - workspacename:      combWS
  - modelConfigName:    ModelConfig
  - dataName:           combData
  - doConditional:      0 (false)
  - mu:                 0
  - asimovData_name:    asimovData_POI_0_NP_nom
  - poiName:            xsec_br
Executing makeAsimovData().
inside makeAsimovData().
- doConditional: 0
Pairing nui: Lumi, with glob: nominalLumi, from constraint: lumiConstraint
Pairing nui: alpha_Boosted_JET_CombMass_Baseline, with glob: nom_alpha_Boosted_JET_CombMass_Baseline, from constraint: alpha_Boosted_JET_CombMass_BaselineConstraint
Pairing nui: alpha_Boosted_JET_CombMass_Modelling, with glob: nom_alpha_Boosted_JET_CombMass_Modelling, from constraint: alpha_Boosted_JET_CombMass_ModellingConstraint
Pairing nui: alpha_Boosted_JET_CombMass_TotalStat, with glob: nom_alpha_Boosted_JET_CombMass_TotalStat, from constraint: alpha_Boosted_JET_CombMass_TotalStatConstraint
Pairing nui: alpha_Boosted_JET_CombMass_Tracking1, with glob: nom_alpha_Boosted_JET_CombMass_Tracking1, from constraint: alpha_Boosted_JET_CombMass_Tracking1Constraint
Pairing nui: alpha_Boosted_JET_CombMass_Tracking2, with glob: nom_alpha_Boosted_JET_CombMass_Tracking2, from constraint: alpha_Boosted_JET_CombMass_Tracking2Constraint
Pairing nui: alpha_Boosted_JET_CombMass_Tracking3, with glob: nom_alpha_Boosted_JET_CombMass_Tracking3, from constraint: alpha_Boosted_JET_CombMass_Tracking3Constraint
Pairing nui: alpha_Boosted_JET_EffectiveNP_R10_Detector1, with glob: nom_alpha_Boosted_JET_EffectiveNP_R10_Detector1, from constraint: alpha_Boosted_JET_EffectiveNP_R10_Detector1Constraint
Pairing nui: alpha_Boosted_JET_EffectiveNP_R10_Detector2, with glob: nom_alpha_Boosted_JET_EffectiveNP_R10_Detector2, from constraint: alpha_Boosted_JET_EffectiveNP_R10_Detector2Constraint
Pairing nui: alpha_Boosted_JET_EffectiveNP_R10_Mixed1, with glob: nom_alpha_Boosted_JET_EffectiveNP_R10_Mixed1, from constraint: alpha_Boosted_JET_EffectiveNP_R10_Mixed1Constraint
Pairing nui: alpha_Boosted_JET_EffectiveNP_R10_Mixed2, with glob: nom_alpha_Boosted_JET_EffectiveNP_R10_Mixed2, from constraint: alpha_Boosted_JET_EffectiveNP_R10_Mixed2Constraint
Pairing nui: alpha_Boosted_JET_EffectiveNP_R10_Mixed3, with glob: nom_alpha_Boosted_JET_EffectiveNP_R10_Mixed3, from constraint: alpha_Boosted_JET_EffectiveNP_R10_Mixed3Constraint
Pairing nui: alpha_Boosted_JET_EffectiveNP_R10_Mixed4, with glob: nom_alpha_Boosted_JET_EffectiveNP_R10_Mixed4, from constraint: alpha_Boosted_JET_EffectiveNP_R10_Mixed4Constraint
Pairing nui: alpha_Boosted_JET_EffectiveNP_R10_Modelling1, with glob: nom_alpha_Boosted_JET_EffectiveNP_R10_Modelling1, from constraint: alpha_Boosted_JET_EffectiveNP_R10_Modelling1Constraint
Pairing nui: alpha_Boosted_JET_EffectiveNP_R10_Modelling2, with glob: nom_alpha_Boosted_JET_EffectiveNP_R10_Modelling2, from constraint: alpha_Boosted_JET_EffectiveNP_R10_Modelling2Constraint
Pairing nui: alpha_Boosted_JET_EffectiveNP_R10_Modelling3, with glob: nom_alpha_Boosted_JET_EffectiveNP_R10_Modelling3, from constraint: alpha_Boosted_JET_EffectiveNP_R10_Modelling3Constraint
Pairing nui: alpha_Boosted_JET_EffectiveNP_R10_Modelling4, with glob: nom_alpha_Boosted_JET_EffectiveNP_R10_Modelling4, from constraint: alpha_Boosted_JET_EffectiveNP_R10_Modelling4Constraint
Pairing nui: alpha_Boosted_JET_EffectiveNP_R10_Statistical1, with glob: nom_alpha_Boosted_JET_EffectiveNP_R10_Statistical1, from constraint: alpha_Boosted_JET_EffectiveNP_R10_Statistical1Constraint
Pairing nui: alpha_Boosted_JET_EffectiveNP_R10_Statistical2, with glob: nom_alpha_Boosted_JET_EffectiveNP_R10_Statistical2, from constraint: alpha_Boosted_JET_EffectiveNP_R10_Statistical2Constraint
Pairing nui: alpha_Boosted_JET_EffectiveNP_R10_Statistical3, with glob: nom_alpha_Boosted_JET_EffectiveNP_R10_Statistical3, from constraint: alpha_Boosted_JET_EffectiveNP_R10_Statistical3Constraint
Pairing nui: alpha_Boosted_JET_EffectiveNP_R10_Statistical4, with glob: nom_alpha_Boosted_JET_EffectiveNP_R10_Statistical4, from constraint: alpha_Boosted_JET_EffectiveNP_R10_Statistical4Constraint
Pairing nui: alpha_Boosted_JET_EffectiveNP_R10_Statistical5, with glob: nom_alpha_Boosted_JET_EffectiveNP_R10_Statistical5, from constraint: alpha_Boosted_JET_EffectiveNP_R10_Statistical5Constraint
Pairing nui: alpha_Boosted_JET_EffectiveNP_R10_Statistical6, with glob: nom_alpha_Boosted_JET_EffectiveNP_R10_Statistical6, from constraint: alpha_Boosted_JET_EffectiveNP_R10_Statistical6Constraint
Pairing nui: alpha_Boosted_JET_EtaIntercalibration_Modelling, with glob: nom_alpha_Boosted_JET_EtaIntercalibration_Modelling, from constraint: alpha_Boosted_JET_EtaIntercalibration_ModellingConstraint
Pairing nui: alpha_Boosted_JET_EtaIntercalibration_NonClosure_2018data, with glob: nom_alpha_Boosted_JET_EtaIntercalibration_NonClosure_2018data, from constraint: alpha_Boosted_JET_EtaIntercalibration_NonClosure_2018dataConstraint
Pairing nui: alpha_Boosted_JET_EtaIntercalibration_R10_TotalStat, with glob: nom_alpha_Boosted_JET_EtaIntercalibration_R10_TotalStat, from constraint: alpha_Boosted_JET_EtaIntercalibration_R10_TotalStatConstraint
Pairing nui: alpha_Boosted_JET_Flavor_Composition, with glob: nom_alpha_Boosted_JET_Flavor_Composition, from constraint: alpha_Boosted_JET_Flavor_CompositionConstraint
Pairing nui: alpha_Boosted_JET_Flavor_Response, with glob: nom_alpha_Boosted_JET_Flavor_Response, from constraint: alpha_Boosted_JET_Flavor_ResponseConstraint
Pairing nui: alpha_Boosted_JET_LargeR_TopologyUncertainty_V, with glob: nom_alpha_Boosted_JET_LargeR_TopologyUncertainty_V, from constraint: alpha_Boosted_JET_LargeR_TopologyUncertainty_VConstraint
Pairing nui: alpha_Boosted_JET_LargeR_TopologyUncertainty_top, with glob: nom_alpha_Boosted_JET_LargeR_TopologyUncertainty_top, from constraint: alpha_Boosted_JET_LargeR_TopologyUncertainty_topConstraint
Pairing nui: alpha_Boosted_JET_MassRes_Hbb_comb, with glob: nom_alpha_Boosted_JET_MassRes_Hbb_comb, from constraint: alpha_Boosted_JET_MassRes_Hbb_combConstraint
Pairing nui: alpha_Boosted_JET_SingleParticle_HighPt, with glob: nom_alpha_Boosted_JET_SingleParticle_HighPt, from constraint: alpha_Boosted_JET_SingleParticle_HighPtConstraint
Pairing nui: alpha_Boosted_ExtrapUncert_b2b, with glob: nom_alpha_Boosted_ExtrapUncert_b2b, from constraint: alpha_Boosted_ExtrapUncert_b2bConstraint
Pairing nui: alpha_Boosted_CRegVariationUncert_b2b, with glob: nom_alpha_Boosted_CRegVariationUncert_b2b, from constraint: alpha_Boosted_CRegVariationUncert_b2bConstraint
Pairing nui: alpha_Boosted_JET_MassRes_Top_comb, with glob: nom_alpha_Boosted_JET_MassRes_Top_comb, from constraint: alpha_Boosted_JET_MassRes_Top_combConstraint
Pairing nui: alpha_Boosted_qcdSmoothingNP1_b2b, with glob: nom_alpha_Boosted_qcdSmoothingNP1_b2b, from constraint: alpha_Boosted_qcdSmoothingNP1_b2bConstraint
Pairing nui: alpha_Boosted_qcdSmoothingNP2_b2b, with glob: nom_alpha_Boosted_qcdSmoothingNP2_b2b, from constraint: alpha_Boosted_qcdSmoothingNP2_b2bConstraint
Pairing nui: alpha_Boosted_qcdSmoothingNP3_b2b, with glob: nom_alpha_Boosted_qcdSmoothingNP3_b2b, from constraint: alpha_Boosted_qcdSmoothingNP3_b2bConstraint
Pairing nui: alpha_Boosted_SmoothingFcn_b2b, with glob: nom_alpha_Boosted_SmoothingFcn_b2b, from constraint: alpha_Boosted_SmoothingFcn_b2bConstraint
Pairing nui: alpha_Boosted_SmoothingRange_b2b, with glob: nom_alpha_Boosted_SmoothingRange_b2b, from constraint: alpha_Boosted_SmoothingRange_b2bConstraint
Pairing nui: alpha_Boosted_QCDShape_b2b, with glob: nom_alpha_Boosted_QCDShape_b2b, from constraint: alpha_Boosted_QCDShape_b2bConstraint
Pairing nui: alpha_Boosted_BkgStat1_b2b, with glob: nom_alpha_Boosted_BkgStat1_b2b, from constraint: alpha_Boosted_BkgStat1_b2bConstraint
Pairing nui: alpha_Boosted_BkgStat2_b2b, with glob: nom_alpha_Boosted_BkgStat2_b2b, from constraint: alpha_Boosted_BkgStat2_b2bConstraint
Pairing nui: alpha_Boosted_TTBAR_ME, with glob: nom_alpha_Boosted_TTBAR_ME, from constraint: alpha_Boosted_TTBAR_MEConstraint
Pairing nui: alpha_Boosted_TTBAR_PS, with glob: nom_alpha_Boosted_TTBAR_PS, from constraint: alpha_Boosted_TTBAR_PSConstraint
Pairing nui: alpha_Boosted_TTBAR_hdamp, with glob: nom_alpha_Boosted_TTBAR_hdamp, from constraint: alpha_Boosted_TTBAR_hdampConstraint
Pairing nui: alpha_Boosted_TTBAR_muF, with glob: nom_alpha_Boosted_TTBAR_muF, from constraint: alpha_Boosted_TTBAR_muFConstraint
Pairing nui: alpha_Boosted_TTBAR_muR, with glob: nom_alpha_Boosted_TTBAR_muR, from constraint: alpha_Boosted_TTBAR_muRConstraint
Pairing nui: alpha_Boosted_TTBAR_FSR, with glob: nom_alpha_Boosted_TTBAR_FSR, from constraint: alpha_Boosted_TTBAR_FSRConstraint
Pairing nui: alpha_Boosted_ttbarSmoothingNP1_b2b, with glob: nom_alpha_Boosted_ttbarSmoothingNP1_b2b, from constraint: alpha_Boosted_ttbarSmoothingNP1_b2bConstraint
Pairing nui: alpha_Boosted_ttbarSmoothingNP2_b2b, with glob: nom_alpha_Boosted_ttbarSmoothingNP2_b2b, from constraint: alpha_Boosted_ttbarSmoothingNP2_b2bConstraint
Pairing nui: alpha_Boosted_ttbarSmoothingNP3_b2b, with glob: nom_alpha_Boosted_ttbarSmoothingNP3_b2b, from constraint: alpha_Boosted_ttbarSmoothingNP3_b2bConstraint
Pairing nui: alpha_Boosted_ExtrapUncert_b3b, with glob: nom_alpha_Boosted_ExtrapUncert_b3b, from constraint: alpha_Boosted_ExtrapUncert_b3bConstraint
Pairing nui: alpha_Boosted_CRegVariationUncert_b3b, with glob: nom_alpha_Boosted_CRegVariationUncert_b3b, from constraint: alpha_Boosted_CRegVariationUncert_b3bConstraint
Pairing nui: alpha_Boosted_qcdSmoothingNP1_b3b, with glob: nom_alpha_Boosted_qcdSmoothingNP1_b3b, from constraint: alpha_Boosted_qcdSmoothingNP1_b3bConstraint
Pairing nui: alpha_Boosted_qcdSmoothingNP2_b3b, with glob: nom_alpha_Boosted_qcdSmoothingNP2_b3b, from constraint: alpha_Boosted_qcdSmoothingNP2_b3bConstraint
Pairing nui: alpha_Boosted_qcdSmoothingNP3_b3b, with glob: nom_alpha_Boosted_qcdSmoothingNP3_b3b, from constraint: alpha_Boosted_qcdSmoothingNP3_b3bConstraint
Pairing nui: alpha_Boosted_SmoothingFcn_b3b, with glob: nom_alpha_Boosted_SmoothingFcn_b3b, from constraint: alpha_Boosted_SmoothingFcn_b3bConstraint
Pairing nui: alpha_Boosted_SmoothingRange_b3b, with glob: nom_alpha_Boosted_SmoothingRange_b3b, from constraint: alpha_Boosted_SmoothingRange_b3bConstraint
Pairing nui: alpha_Boosted_BkgStat1_b3b, with glob: nom_alpha_Boosted_BkgStat1_b3b, from constraint: alpha_Boosted_BkgStat1_b3bConstraint
Pairing nui: alpha_Boosted_BkgStat2_b3b, with glob: nom_alpha_Boosted_BkgStat2_b3b, from constraint: alpha_Boosted_BkgStat2_b3bConstraint
Pairing nui: alpha_Boosted_ttbarSmoothingNP1_b3b, with glob: nom_alpha_Boosted_ttbarSmoothingNP1_b3b, from constraint: alpha_Boosted_ttbarSmoothingNP1_b3bConstraint
Pairing nui: alpha_Boosted_ttbarSmoothingNP2_b3b, with glob: nom_alpha_Boosted_ttbarSmoothingNP2_b3b, from constraint: alpha_Boosted_ttbarSmoothingNP2_b3bConstraint
Pairing nui: alpha_Boosted_ttbarSmoothingNP3_b3b, with glob: nom_alpha_Boosted_ttbarSmoothingNP3_b3b, from constraint: alpha_Boosted_ttbarSmoothingNP3_b3bConstraint
Pairing nui: alpha_Boosted_ExtrapUncert_b4b, with glob: nom_alpha_Boosted_ExtrapUncert_b4b, from constraint: alpha_Boosted_ExtrapUncert_b4bConstraint
Pairing nui: alpha_Boosted_CRegVariationUncert_b4b, with glob: nom_alpha_Boosted_CRegVariationUncert_b4b, from constraint: alpha_Boosted_CRegVariationUncert_b4bConstraint
Pairing nui: alpha_Boosted_qcdSmoothingNP1_b4b, with glob: nom_alpha_Boosted_qcdSmoothingNP1_b4b, from constraint: alpha_Boosted_qcdSmoothingNP1_b4bConstraint
Pairing nui: alpha_Boosted_qcdSmoothingNP2_b4b, with glob: nom_alpha_Boosted_qcdSmoothingNP2_b4b, from constraint: alpha_Boosted_qcdSmoothingNP2_b4bConstraint
Pairing nui: alpha_Boosted_qcdSmoothingNP3_b4b, with glob: nom_alpha_Boosted_qcdSmoothingNP3_b4b, from constraint: alpha_Boosted_qcdSmoothingNP3_b4bConstraint
Pairing nui: alpha_Boosted_SmoothingFcn_b4b, with glob: nom_alpha_Boosted_SmoothingFcn_b4b, from constraint: alpha_Boosted_SmoothingFcn_b4bConstraint
Pairing nui: alpha_Boosted_SmoothingRange_b4b, with glob: nom_alpha_Boosted_SmoothingRange_b4b, from constraint: alpha_Boosted_SmoothingRange_b4bConstraint
Pairing nui: alpha_Boosted_BkgStat1_b4b, with glob: nom_alpha_Boosted_BkgStat1_b4b, from constraint: alpha_Boosted_BkgStat1_b4bConstraint
Pairing nui: alpha_Boosted_ttbarSmoothingNP1_b4b, with glob: nom_alpha_Boosted_ttbarSmoothingNP1_b4b, from constraint: alpha_Boosted_ttbarSmoothingNP1_b4bConstraint
Pairing nui: alpha_Boosted_ttbarSmoothingNP2_b4b, with glob: nom_alpha_Boosted_ttbarSmoothingNP2_b4b, from constraint: alpha_Boosted_ttbarSmoothingNP2_b4bConstraint
Pairing nui: alpha_Boosted_ttbarSmoothingNP3_b4b, with glob: nom_alpha_Boosted_ttbarSmoothingNP3_b4b, from constraint: alpha_Boosted_ttbarSmoothingNP3_b4bConstraint
nui: 0x54d1990, glob: 0x54d2580
Setting glob: nominalLumi, which had previous val: 1, to conditional val: 1
nui: 0x563a3a0, glob: 0x671cc00
Setting glob: nom_alpha_Boosted_JET_CombMass_Baseline, which had previous val: 0, to conditional val: 0
nui: 0x54d6150, glob: 0x671ae00
Setting glob: nom_alpha_Boosted_JET_CombMass_Modelling, which had previous val: 0, to conditional val: 0
nui: 0x57a3260, glob: 0x57a44f0
Setting glob: nom_alpha_Boosted_JET_CombMass_TotalStat, which had previous val: 0, to conditional val: 0
nui: 0x57a6f20, glob: 0x6633c10
Setting glob: nom_alpha_Boosted_JET_CombMass_Tracking1, which had previous val: 0, to conditional val: 0
nui: 0x5a4c020, glob: 0x5a4d2b0
Setting glob: nom_alpha_Boosted_JET_CombMass_Tracking2, which had previous val: 0, to conditional val: 0
nui: 0x5b9e570, glob: 0x5b9f800
Setting glob: nom_alpha_Boosted_JET_CombMass_Tracking3, which had previous val: 0, to conditional val: 0
nui: 0x5e07e90, glob: 0x5e09140
Setting glob: nom_alpha_Boosted_JET_EffectiveNP_R10_Detector1, which had previous val: 0, to conditional val: 0
nui: 0x5f52ba0, glob: 0x5f53e50
Setting glob: nom_alpha_Boosted_JET_EffectiveNP_R10_Detector2, which had previous val: 0, to conditional val: 0
nui: 0x5f55920, glob: 0x5f56ad0
Setting glob: nom_alpha_Boosted_JET_EffectiveNP_R10_Mixed1, which had previous val: 0, to conditional val: 0
nui: 0x5f58540, glob: 0x5f596f0
Setting glob: nom_alpha_Boosted_JET_EffectiveNP_R10_Mixed2, which had previous val: 0, to conditional val: 0
nui: 0x5f5b160, glob: 0x5f5c310
Setting glob: nom_alpha_Boosted_JET_EffectiveNP_R10_Mixed3, which had previous val: 0, to conditional val: 0
nui: 0x5997660, glob: 0x5998830
Setting glob: nom_alpha_Boosted_JET_EffectiveNP_R10_Mixed4, which had previous val: 0, to conditional val: 0
nui: 0x599a270, glob: 0x599b440
Setting glob: nom_alpha_Boosted_JET_EffectiveNP_R10_Modelling1, which had previous val: 0, to conditional val: 0
nui: 0x599ced0, glob: 0x599e0a0
Setting glob: nom_alpha_Boosted_JET_EffectiveNP_R10_Modelling2, which had previous val: 0, to conditional val: 0
nui: 0x599fb30, glob: 0x59a0d00
Setting glob: nom_alpha_Boosted_JET_EffectiveNP_R10_Modelling3, which had previous val: 0, to conditional val: 0
nui: 0x59a2790, glob: 0x59a3960
Setting glob: nom_alpha_Boosted_JET_EffectiveNP_R10_Modelling4, which had previous val: 0, to conditional val: 0
nui: 0x59a53f0, glob: 0x59a65c0
Setting glob: nom_alpha_Boosted_JET_EffectiveNP_R10_Statistical1, which had previous val: 0, to conditional val: 0
nui: 0x59a8070, glob: 0x59a9240
Setting glob: nom_alpha_Boosted_JET_EffectiveNP_R10_Statistical2, which had previous val: 0, to conditional val: 0
nui: 0x59aacf0, glob: 0x59abec0
Setting glob: nom_alpha_Boosted_JET_EffectiveNP_R10_Statistical3, which had previous val: 0, to conditional val: 0
nui: 0x59ad970, glob: 0x59aeb40
Setting glob: nom_alpha_Boosted_JET_EffectiveNP_R10_Statistical4, which had previous val: 0, to conditional val: 0
nui: 0x59b05f0, glob: 0x59b17c0
Setting glob: nom_alpha_Boosted_JET_EffectiveNP_R10_Statistical5, which had previous val: 0, to conditional val: 0
nui: 0x5a23ab0, glob: 0x59b5f10
Setting glob: nom_alpha_Boosted_JET_EffectiveNP_R10_Statistical6, which had previous val: 0, to conditional val: 0
nui: 0x59b7820, glob: 0x59b89f0
Setting glob: nom_alpha_Boosted_JET_EtaIntercalibration_Modelling, which had previous val: 0, to conditional val: 0
nui: 0x59ba470, glob: 0x59bb6c0
Setting glob: nom_alpha_Boosted_JET_EtaIntercalibration_NonClosure_2018data, which had previous val: 0, to conditional val: 0
nui: 0x59bd200, glob: 0x59be430
Setting glob: nom_alpha_Boosted_JET_EtaIntercalibration_R10_TotalStat, which had previous val: 0, to conditional val: 0
nui: 0x59bfee0, glob: 0x59c1090
Setting glob: nom_alpha_Boosted_JET_Flavor_Composition, which had previous val: 0, to conditional val: 0
nui: 0x59c2a40, glob: 0x59c3bf0
Setting glob: nom_alpha_Boosted_JET_Flavor_Response, which had previous val: 0, to conditional val: 0
nui: 0x59c55c0, glob: 0x59c6790
Setting glob: nom_alpha_Boosted_JET_LargeR_TopologyUncertainty_V, which had previous val: 0, to conditional val: 0
nui: 0x59c8270, glob: 0x59c94a0
Setting glob: nom_alpha_Boosted_JET_LargeR_TopologyUncertainty_top, which had previous val: 0, to conditional val: 0
nui: 0x65b0540, glob: 0x65b17a0
Setting glob: nom_alpha_Boosted_JET_MassRes_Hbb_comb, which had previous val: 0, to conditional val: 0
nui: 0x59cda10, glob: 0x59cebe0
Setting glob: nom_alpha_Boosted_JET_SingleParticle_HighPt, which had previous val: 0, to conditional val: 0
nui: 0x66d58d0, glob: 0x66d6b00
Setting glob: nom_alpha_Boosted_ExtrapUncert_b2b, which had previous val: 0, to conditional val: 0
nui: 0x66d2a50, glob: 0x66d3ca0
Setting glob: nom_alpha_Boosted_CRegVariationUncert_b2b, which had previous val: 0, to conditional val: 0
nui: 0x59caf30, glob: 0x59cc0c0
Setting glob: nom_alpha_Boosted_JET_MassRes_Top_comb, which had previous val: 0, to conditional val: 0
nui: 0x6700c40, glob: 0x6701db0
Setting glob: nom_alpha_Boosted_qcdSmoothingNP1_b2b, which had previous val: 0, to conditional val: 0
nui: 0x67036c0, glob: 0x6704830
Setting glob: nom_alpha_Boosted_qcdSmoothingNP2_b2b, which had previous val: 0, to conditional val: 0
nui: 0x6706140, glob: 0x67072b0
Setting glob: nom_alpha_Boosted_qcdSmoothingNP3_b2b, which had previous val: 0, to conditional val: 0
nui: 0x66c6a40, glob: 0x66c7b90
Setting glob: nom_alpha_Boosted_SmoothingFcn_b2b, which had previous val: 0, to conditional val: 0
nui: 0x66c9480, glob: 0x66ca5f0
Setting glob: nom_alpha_Boosted_SmoothingRange_b2b, which had previous val: 0, to conditional val: 0
nui: 0x6708bc0, glob: 0x6709d10
Setting glob: nom_alpha_Boosted_QCDShape_b2b, which had previous val: 0, to conditional val: 0
nui: 0x66cbf00, glob: 0x66cd050
Setting glob: nom_alpha_Boosted_BkgStat1_b2b, which had previous val: 0, to conditional val: 0
nui: 0x66ce8e0, glob: 0x66cfa30
Setting glob: nom_alpha_Boosted_BkgStat2_b2b, which had previous val: 0, to conditional val: 0
nui: 0x59e04c0, glob: 0x59e1630
Setting glob: nom_alpha_Boosted_TTBAR_ME, which had previous val: 0, to conditional val: 0
nui: 0x59e2ed0, glob: 0x59e4060
Setting glob: nom_alpha_Boosted_TTBAR_PS, which had previous val: 0, to conditional val: 0
nui: 0x59e5900, glob: 0x59e6a90
Setting glob: nom_alpha_Boosted_TTBAR_hdamp, which had previous val: 0, to conditional val: 0
nui: 0x59e8380, glob: 0x59e94f0
Setting glob: nom_alpha_Boosted_TTBAR_muF, which had previous val: 0, to conditional val: 0
nui: 0x59ead90, glob: 0x59ebf20
Setting glob: nom_alpha_Boosted_TTBAR_muR, which had previous val: 0, to conditional val: 0
nui: 0x59ed7c0, glob: 0x59ee950
Setting glob: nom_alpha_Boosted_TTBAR_FSR, which had previous val: 0, to conditional val: 0
nui: 0x66bea30, glob: 0x66bfba0
Setting glob: nom_alpha_Boosted_ttbarSmoothingNP1_b2b, which had previous val: 0, to conditional val: 0
nui: 0x66c14e0, glob: 0x66c2650
Setting glob: nom_alpha_Boosted_ttbarSmoothingNP2_b2b, which had previous val: 0, to conditional val: 0
nui: 0x66c3f90, glob: 0x66c5100
Setting glob: nom_alpha_Boosted_ttbarSmoothingNP3_b2b, which had previous val: 0, to conditional val: 0
nui: 0x65d94a0, glob: 0x65da6d0
Setting glob: nom_alpha_Boosted_ExtrapUncert_b3b, which had previous val: 0, to conditional val: 0
nui: 0x65d6620, glob: 0x65d7870
Setting glob: nom_alpha_Boosted_CRegVariationUncert_b3b, which had previous val: 0, to conditional val: 0
nui: 0x6605b00, glob: 0x6606c70
Setting glob: nom_alpha_Boosted_qcdSmoothingNP1_b3b, which had previous val: 0, to conditional val: 0
nui: 0x66085a0, glob: 0x6609710
Setting glob: nom_alpha_Boosted_qcdSmoothingNP2_b3b, which had previous val: 0, to conditional val: 0
nui: 0x660b020, glob: 0x660c190
Setting glob: nom_alpha_Boosted_qcdSmoothingNP3_b3b, which had previous val: 0, to conditional val: 0
nui: 0x65ca720, glob: 0x65cb870
Setting glob: nom_alpha_Boosted_SmoothingFcn_b3b, which had previous val: 0, to conditional val: 0
nui: 0x65cd160, glob: 0x65ce2d0
Setting glob: nom_alpha_Boosted_SmoothingRange_b3b, which had previous val: 0, to conditional val: 0
nui: 0x65cfbe0, glob: 0x65d0d30
Setting glob: nom_alpha_Boosted_BkgStat1_b3b, which had previous val: 0, to conditional val: 0
nui: 0x65d25c0, glob: 0x65d3710
Setting glob: nom_alpha_Boosted_BkgStat2_b3b, which had previous val: 0, to conditional val: 0
nui: 0x65c2710, glob: 0x65c3880
Setting glob: nom_alpha_Boosted_ttbarSmoothingNP1_b3b, which had previous val: 0, to conditional val: 0
nui: 0x65c51c0, glob: 0x65c6330
Setting glob: nom_alpha_Boosted_ttbarSmoothingNP2_b3b, which had previous val: 0, to conditional val: 0
nui: 0x65c7c70, glob: 0x65c8de0
Setting glob: nom_alpha_Boosted_ttbarSmoothingNP3_b3b, which had previous val: 0, to conditional val: 0
nui: 0x60ac450, glob: 0x60ad6d0
Setting glob: nom_alpha_Boosted_ExtrapUncert_b4b, which had previous val: 0, to conditional val: 0
nui: 0x60a9580, glob: 0x60aa7d0
Setting glob: nom_alpha_Boosted_CRegVariationUncert_b4b, which had previous val: 0, to conditional val: 0
nui: 0x64ac500, glob: 0x64ad670
Setting glob: nom_alpha_Boosted_qcdSmoothingNP1_b4b, which had previous val: 0, to conditional val: 0
nui: 0x64aef50, glob: 0x64b00c0
Setting glob: nom_alpha_Boosted_qcdSmoothingNP2_b4b, which had previous val: 0, to conditional val: 0
nui: 0x64b19d0, glob: 0x64b2b40
Setting glob: nom_alpha_Boosted_qcdSmoothingNP3_b4b, which had previous val: 0, to conditional val: 0
nui: 0x59d8620, glob: 0x59d9770
Setting glob: nom_alpha_Boosted_SmoothingFcn_b4b, which had previous val: 0, to conditional val: 0
nui: 0x59db060, glob: 0x59dc1d0
Setting glob: nom_alpha_Boosted_SmoothingRange_b4b, which had previous val: 0, to conditional val: 0
nui: 0x59ddae0, glob: 0x59dec30
Setting glob: nom_alpha_Boosted_BkgStat1_b4b, which had previous val: 0, to conditional val: 0
nui: 0x59d0610, glob: 0x59d1780
Setting glob: nom_alpha_Boosted_ttbarSmoothingNP1_b4b, which had previous val: 0, to conditional val: 0
nui: 0x59d30c0, glob: 0x59d4230
Setting glob: nom_alpha_Boosted_ttbarSmoothingNP2_b4b, which had previous val: 0, to conditional val: 0
nui: 0x59d5b70, glob: 0x59d6ce0
Setting glob: nom_alpha_Boosted_ttbarSmoothingNP3_b4b, which had previous val: 0, to conditional val: 0
Saving conditional snapshots
Making asimov
adding obs
adding weight
weightVar: 0x67675c0
defining set
 check expectedData by category
[#1] INFO:NumericIntegration -- RooRealIntegral::init(b2b_hh_model_Int[obs_x_b2b_hh]) using numeric integrator RooBinIntegrator to calculate Int(obs_x_b2b_hh)
RooRealVar::obs_x_b2b_hh = 5150  L(800 - 5200) B(44) 
pdf: model_b2b_hh
expected events 9250.55
-----
[#1] INFO:NumericIntegration -- RooRealIntegral::init(b3b_hh_model_Int[obs_x_b3b_hh]) using numeric integrator RooBinIntegrator to calculate Int(obs_x_b3b_hh)
RooRealVar::obs_x_b3b_hh = 5150  L(800 - 5200) B(44) 
pdf: model_b3b_hh
expected events 1647.44
-----
[#1] INFO:NumericIntegration -- RooRealIntegral::init(b4b_hh_model_Int[obs_x_b4b_hh]) using numeric integrator RooBinIntegrator to calculate Int(obs_x_b4b_hh)
RooRealVar::obs_x_b4b_hh = 5150  L(800 - 5200) B(44) 
pdf: model_b4b_hh
expected events 81.9881
-----
Import 2
[#1] INFO:ObjectHandling -- RooWorkspace::import(combWS) importing dataset asimovData_POI_0_NP_nom
