
[1mRooFit v3.60 -- Developed by Wouter Verkerke and David Kirkby[0m 
                Copyright (C) 2000-2013 NIKHEF, University of California & Stanford University
                All rights reserved, please read http://roofit.sourceforge.net/license.txt

Warning in <TClassTable::Add>: class RooNovosibirsk_nancy already in TClassTable
Warning in <TClassTable::Add>: class ExpGausExpPDF already in TClassTable
Warning in <TClassTable::Add>: class HggTwoSidedCBPdf already in TClassTable
You called: 
/afs/cern.ch/work/c/chlcheng/Repository/hh_combination_fw/submodules/RooStatTools/./bin/makeAsimovData output/rescaled/spin0/bbbb/500.root output/rescaled/spin0/bbbb/500_with_Asimov_POI_0_NP_nom.root combWS ModelConfig combData false 0.0 asimovData_POI_0_NP_nom xsec_br 
#--- Running makeAsimovData ---
# - Settings: 
  - input_ws:           output/rescaled/spin0/bbbb/500.root
  - output_ws:          output/rescaled/spin0/bbbb/500_with_Asimov_POI_0_NP_nom.root
  - workspacename:      combWS
  - modelConfigName:    ModelConfig
  - dataName:           combData
  - doConditional:      0 (false)
  - mu:                 0
  - asimovData_name:    asimovData_POI_0_NP_nom
  - poiName:            xsec_br
Executing makeAsimovData().
inside makeAsimovData().
- doConditional: 0
Pairing nui: Lumi, with glob: nominalLumi, from constraint: lumiConstraint
Pairing nui: alpha_BackgroundNorm16, with glob: nom_alpha_BackgroundNorm16, from constraint: alpha_BackgroundNorm16Constraint
Pairing nui: alpha_BackgroundShape_HighHT_16, with glob: nom_alpha_BackgroundShape_HighHT_16, from constraint: alpha_BackgroundShape_HighHT_16Constraint
Pairing nui: alpha_BackgroundShape_LowHT_16, with glob: nom_alpha_BackgroundShape_LowHT_16, from constraint: alpha_BackgroundShape_LowHT_16Constraint
Pairing nui: alpha_Theory, with glob: nom_alpha_Theory, from constraint: alpha_TheoryConstraint
Pairing nui: alpha_FT_EFF_Eigen_B_0, with glob: nom_alpha_FT_EFF_Eigen_B_0, from constraint: alpha_FT_EFF_Eigen_B_0Constraint
Pairing nui: alpha_FT_EFF_Eigen_B_1, with glob: nom_alpha_FT_EFF_Eigen_B_1, from constraint: alpha_FT_EFF_Eigen_B_1Constraint
Pairing nui: alpha_FT_EFF_Eigen_B_2, with glob: nom_alpha_FT_EFF_Eigen_B_2, from constraint: alpha_FT_EFF_Eigen_B_2Constraint
Pairing nui: alpha_FT_EFF_Eigen_B_3, with glob: nom_alpha_FT_EFF_Eigen_B_3, from constraint: alpha_FT_EFF_Eigen_B_3Constraint
Pairing nui: alpha_FT_EFF_Eigen_B_4, with glob: nom_alpha_FT_EFF_Eigen_B_4, from constraint: alpha_FT_EFF_Eigen_B_4Constraint
Pairing nui: alpha_FT_EFF_Eigen_B_5, with glob: nom_alpha_FT_EFF_Eigen_B_5, from constraint: alpha_FT_EFF_Eigen_B_5Constraint
Pairing nui: alpha_FT_EFF_Eigen_B_6, with glob: nom_alpha_FT_EFF_Eigen_B_6, from constraint: alpha_FT_EFF_Eigen_B_6Constraint
Pairing nui: alpha_FT_EFF_Eigen_B_7, with glob: nom_alpha_FT_EFF_Eigen_B_7, from constraint: alpha_FT_EFF_Eigen_B_7Constraint
Pairing nui: alpha_FT_EFF_Eigen_B_8, with glob: nom_alpha_FT_EFF_Eigen_B_8, from constraint: alpha_FT_EFF_Eigen_B_8Constraint
Pairing nui: alpha_FT_EFF_Eigen_C_0, with glob: nom_alpha_FT_EFF_Eigen_C_0, from constraint: alpha_FT_EFF_Eigen_C_0Constraint
Pairing nui: alpha_FT_EFF_Eigen_C_1, with glob: nom_alpha_FT_EFF_Eigen_C_1, from constraint: alpha_FT_EFF_Eigen_C_1Constraint
Pairing nui: alpha_FT_EFF_Eigen_C_2, with glob: nom_alpha_FT_EFF_Eigen_C_2, from constraint: alpha_FT_EFF_Eigen_C_2Constraint
Pairing nui: alpha_FT_EFF_Eigen_C_3, with glob: nom_alpha_FT_EFF_Eigen_C_3, from constraint: alpha_FT_EFF_Eigen_C_3Constraint
Pairing nui: alpha_FT_EFF_Eigen_Light_0, with glob: nom_alpha_FT_EFF_Eigen_Light_0, from constraint: alpha_FT_EFF_Eigen_Light_0Constraint
Pairing nui: alpha_FT_EFF_Eigen_Light_1, with glob: nom_alpha_FT_EFF_Eigen_Light_1, from constraint: alpha_FT_EFF_Eigen_Light_1Constraint
Pairing nui: alpha_FT_EFF_Eigen_Light_2, with glob: nom_alpha_FT_EFF_Eigen_Light_2, from constraint: alpha_FT_EFF_Eigen_Light_2Constraint
Pairing nui: alpha_FT_EFF_Eigen_Light_3, with glob: nom_alpha_FT_EFF_Eigen_Light_3, from constraint: alpha_FT_EFF_Eigen_Light_3Constraint
Pairing nui: alpha_FT_EFF_extrapolation, with glob: nom_alpha_FT_EFF_extrapolation, from constraint: alpha_FT_EFF_extrapolationConstraint
Pairing nui: alpha_FT_EFF_extrapolation_from_charm, with glob: nom_alpha_FT_EFF_extrapolation_from_charm, from constraint: alpha_FT_EFF_extrapolation_from_charmConstraint
Pairing nui: alpha_JET_BJES_Response, with glob: nom_alpha_JET_BJES_Response, from constraint: alpha_JET_BJES_ResponseConstraint
Pairing nui: alpha_JET_EffectiveNP_Detector1, with glob: nom_alpha_JET_EffectiveNP_Detector1, from constraint: alpha_JET_EffectiveNP_Detector1Constraint
Pairing nui: alpha_JET_EffectiveNP_Detector2, with glob: nom_alpha_JET_EffectiveNP_Detector2, from constraint: alpha_JET_EffectiveNP_Detector2Constraint
Pairing nui: alpha_JET_EffectiveNP_Mixed1, with glob: nom_alpha_JET_EffectiveNP_Mixed1, from constraint: alpha_JET_EffectiveNP_Mixed1Constraint
Pairing nui: alpha_JET_EffectiveNP_Mixed2, with glob: nom_alpha_JET_EffectiveNP_Mixed2, from constraint: alpha_JET_EffectiveNP_Mixed2Constraint
Pairing nui: alpha_JET_EffectiveNP_Mixed3, with glob: nom_alpha_JET_EffectiveNP_Mixed3, from constraint: alpha_JET_EffectiveNP_Mixed3Constraint
Pairing nui: alpha_JET_EffectiveNP_Modelling1, with glob: nom_alpha_JET_EffectiveNP_Modelling1, from constraint: alpha_JET_EffectiveNP_Modelling1Constraint
Pairing nui: alpha_JET_EffectiveNP_Modelling2, with glob: nom_alpha_JET_EffectiveNP_Modelling2, from constraint: alpha_JET_EffectiveNP_Modelling2Constraint
Pairing nui: alpha_JET_EffectiveNP_Modelling3, with glob: nom_alpha_JET_EffectiveNP_Modelling3, from constraint: alpha_JET_EffectiveNP_Modelling3Constraint
Pairing nui: alpha_JET_EffectiveNP_Modelling4, with glob: nom_alpha_JET_EffectiveNP_Modelling4, from constraint: alpha_JET_EffectiveNP_Modelling4Constraint
Pairing nui: alpha_JET_EffectiveNP_Statistical1, with glob: nom_alpha_JET_EffectiveNP_Statistical1, from constraint: alpha_JET_EffectiveNP_Statistical1Constraint
Pairing nui: alpha_JET_EffectiveNP_Statistical2, with glob: nom_alpha_JET_EffectiveNP_Statistical2, from constraint: alpha_JET_EffectiveNP_Statistical2Constraint
Pairing nui: alpha_JET_EffectiveNP_Statistical3, with glob: nom_alpha_JET_EffectiveNP_Statistical3, from constraint: alpha_JET_EffectiveNP_Statistical3Constraint
Pairing nui: alpha_JET_EffectiveNP_Statistical4, with glob: nom_alpha_JET_EffectiveNP_Statistical4, from constraint: alpha_JET_EffectiveNP_Statistical4Constraint
Pairing nui: alpha_JET_EffectiveNP_Statistical5, with glob: nom_alpha_JET_EffectiveNP_Statistical5, from constraint: alpha_JET_EffectiveNP_Statistical5Constraint
Pairing nui: alpha_JET_EffectiveNP_Statistical6, with glob: nom_alpha_JET_EffectiveNP_Statistical6, from constraint: alpha_JET_EffectiveNP_Statistical6Constraint
Pairing nui: alpha_JET_EtaIntercalibration_Modelling, with glob: nom_alpha_JET_EtaIntercalibration_Modelling, from constraint: alpha_JET_EtaIntercalibration_ModellingConstraint
Pairing nui: alpha_JET_EtaIntercalibration_NonClosure_highE, with glob: nom_alpha_JET_EtaIntercalibration_NonClosure_highE, from constraint: alpha_JET_EtaIntercalibration_NonClosure_highEConstraint
Pairing nui: alpha_JET_EtaIntercalibration_NonClosure_negEta, with glob: nom_alpha_JET_EtaIntercalibration_NonClosure_negEta, from constraint: alpha_JET_EtaIntercalibration_NonClosure_negEtaConstraint
Pairing nui: alpha_JET_EtaIntercalibration_NonClosure_posEta, with glob: nom_alpha_JET_EtaIntercalibration_NonClosure_posEta, from constraint: alpha_JET_EtaIntercalibration_NonClosure_posEtaConstraint
Pairing nui: alpha_JET_EtaIntercalibration_TotalStat, with glob: nom_alpha_JET_EtaIntercalibration_TotalStat, from constraint: alpha_JET_EtaIntercalibration_TotalStatConstraint
Pairing nui: alpha_JET_Flavor_Composition, with glob: nom_alpha_JET_Flavor_Composition, from constraint: alpha_JET_Flavor_CompositionConstraint
Pairing nui: alpha_JET_Flavor_Response, with glob: nom_alpha_JET_Flavor_Response, from constraint: alpha_JET_Flavor_ResponseConstraint
Pairing nui: alpha_JET_JER_DataVsMC, with glob: nom_alpha_JET_JER_DataVsMC, from constraint: alpha_JET_JER_DataVsMCConstraint
Pairing nui: alpha_JET_JER_EffectiveNP_1, with glob: nom_alpha_JET_JER_EffectiveNP_1, from constraint: alpha_JET_JER_EffectiveNP_1Constraint
Pairing nui: alpha_JET_JER_EffectiveNP_10, with glob: nom_alpha_JET_JER_EffectiveNP_10, from constraint: alpha_JET_JER_EffectiveNP_10Constraint
Pairing nui: alpha_JET_JER_EffectiveNP_11, with glob: nom_alpha_JET_JER_EffectiveNP_11, from constraint: alpha_JET_JER_EffectiveNP_11Constraint
Pairing nui: alpha_JET_JER_EffectiveNP_12restTerm, with glob: nom_alpha_JET_JER_EffectiveNP_12restTerm, from constraint: alpha_JET_JER_EffectiveNP_12restTermConstraint
Pairing nui: alpha_JET_JER_EffectiveNP_2, with glob: nom_alpha_JET_JER_EffectiveNP_2, from constraint: alpha_JET_JER_EffectiveNP_2Constraint
Pairing nui: alpha_JET_JER_EffectiveNP_3, with glob: nom_alpha_JET_JER_EffectiveNP_3, from constraint: alpha_JET_JER_EffectiveNP_3Constraint
Pairing nui: alpha_JET_JER_EffectiveNP_4, with glob: nom_alpha_JET_JER_EffectiveNP_4, from constraint: alpha_JET_JER_EffectiveNP_4Constraint
Pairing nui: alpha_JET_JER_EffectiveNP_5, with glob: nom_alpha_JET_JER_EffectiveNP_5, from constraint: alpha_JET_JER_EffectiveNP_5Constraint
Pairing nui: alpha_JET_JER_EffectiveNP_6, with glob: nom_alpha_JET_JER_EffectiveNP_6, from constraint: alpha_JET_JER_EffectiveNP_6Constraint
Pairing nui: alpha_JET_JER_EffectiveNP_7, with glob: nom_alpha_JET_JER_EffectiveNP_7, from constraint: alpha_JET_JER_EffectiveNP_7Constraint
Pairing nui: alpha_JET_JER_EffectiveNP_8, with glob: nom_alpha_JET_JER_EffectiveNP_8, from constraint: alpha_JET_JER_EffectiveNP_8Constraint
Pairing nui: alpha_JET_JER_EffectiveNP_9, with glob: nom_alpha_JET_JER_EffectiveNP_9, from constraint: alpha_JET_JER_EffectiveNP_9Constraint
Pairing nui: alpha_JET_Pileup_OffsetMu, with glob: nom_alpha_JET_Pileup_OffsetMu, from constraint: alpha_JET_Pileup_OffsetMuConstraint
Pairing nui: alpha_JET_Pileup_OffsetNPV, with glob: nom_alpha_JET_Pileup_OffsetNPV, from constraint: alpha_JET_Pileup_OffsetNPVConstraint
Pairing nui: alpha_JET_Pileup_PtTerm, with glob: nom_alpha_JET_Pileup_PtTerm, from constraint: alpha_JET_Pileup_PtTermConstraint
Pairing nui: alpha_JET_Pileup_RhoTopology, with glob: nom_alpha_JET_Pileup_RhoTopology, from constraint: alpha_JET_Pileup_RhoTopologyConstraint
Pairing nui: alpha_JET_PunchThrough_MC16, with glob: nom_alpha_JET_PunchThrough_MC16, from constraint: alpha_JET_PunchThrough_MC16Constraint
Pairing nui: alpha_JET_SingleParticle_HighPt, with glob: nom_alpha_JET_SingleParticle_HighPt, from constraint: alpha_JET_SingleParticle_HighPtConstraint
Pairing nui: gamma_stat_resolved_4b_2016_bin_0_poisMean, with glob: nom_gamma_stat_resolved_4b_2016_bin_0, from constraint: gamma_stat_resolved_4b_2016_bin_0_constraint
Pairing nui: gamma_stat_resolved_4b_2016_bin_1_poisMean, with glob: nom_gamma_stat_resolved_4b_2016_bin_1, from constraint: gamma_stat_resolved_4b_2016_bin_1_constraint
Pairing nui: gamma_stat_resolved_4b_2016_bin_2_poisMean, with glob: nom_gamma_stat_resolved_4b_2016_bin_2, from constraint: gamma_stat_resolved_4b_2016_bin_2_constraint
Pairing nui: gamma_stat_resolved_4b_2016_bin_3_poisMean, with glob: nom_gamma_stat_resolved_4b_2016_bin_3, from constraint: gamma_stat_resolved_4b_2016_bin_3_constraint
Pairing nui: gamma_stat_resolved_4b_2016_bin_4_poisMean, with glob: nom_gamma_stat_resolved_4b_2016_bin_4, from constraint: gamma_stat_resolved_4b_2016_bin_4_constraint
Pairing nui: gamma_stat_resolved_4b_2016_bin_5_poisMean, with glob: nom_gamma_stat_resolved_4b_2016_bin_5, from constraint: gamma_stat_resolved_4b_2016_bin_5_constraint
Pairing nui: gamma_stat_resolved_4b_2016_bin_6_poisMean, with glob: nom_gamma_stat_resolved_4b_2016_bin_6, from constraint: gamma_stat_resolved_4b_2016_bin_6_constraint
Pairing nui: gamma_stat_resolved_4b_2016_bin_7_poisMean, with glob: nom_gamma_stat_resolved_4b_2016_bin_7, from constraint: gamma_stat_resolved_4b_2016_bin_7_constraint
Pairing nui: gamma_stat_resolved_4b_2016_bin_8_poisMean, with glob: nom_gamma_stat_resolved_4b_2016_bin_8, from constraint: gamma_stat_resolved_4b_2016_bin_8_constraint
Pairing nui: gamma_stat_resolved_4b_2016_bin_9_poisMean, with glob: nom_gamma_stat_resolved_4b_2016_bin_9, from constraint: gamma_stat_resolved_4b_2016_bin_9_constraint
Pairing nui: gamma_stat_resolved_4b_2016_bin_10_poisMean, with glob: nom_gamma_stat_resolved_4b_2016_bin_10, from constraint: gamma_stat_resolved_4b_2016_bin_10_constraint
Pairing nui: gamma_stat_resolved_4b_2016_bin_11_poisMean, with glob: nom_gamma_stat_resolved_4b_2016_bin_11, from constraint: gamma_stat_resolved_4b_2016_bin_11_constraint
Pairing nui: gamma_stat_resolved_4b_2016_bin_12_poisMean, with glob: nom_gamma_stat_resolved_4b_2016_bin_12, from constraint: gamma_stat_resolved_4b_2016_bin_12_constraint
Pairing nui: gamma_stat_resolved_4b_2016_bin_13_poisMean, with glob: nom_gamma_stat_resolved_4b_2016_bin_13, from constraint: gamma_stat_resolved_4b_2016_bin_13_constraint
Pairing nui: gamma_stat_resolved_4b_2016_bin_14_poisMean, with glob: nom_gamma_stat_resolved_4b_2016_bin_14, from constraint: gamma_stat_resolved_4b_2016_bin_14_constraint
Pairing nui: gamma_stat_resolved_4b_2016_bin_15_poisMean, with glob: nom_gamma_stat_resolved_4b_2016_bin_15, from constraint: gamma_stat_resolved_4b_2016_bin_15_constraint
Pairing nui: gamma_stat_resolved_4b_2016_bin_16_poisMean, with glob: nom_gamma_stat_resolved_4b_2016_bin_16, from constraint: gamma_stat_resolved_4b_2016_bin_16_constraint
Pairing nui: gamma_stat_resolved_4b_2016_bin_17_poisMean, with glob: nom_gamma_stat_resolved_4b_2016_bin_17, from constraint: gamma_stat_resolved_4b_2016_bin_17_constraint
Pairing nui: gamma_stat_resolved_4b_2016_bin_18_poisMean, with glob: nom_gamma_stat_resolved_4b_2016_bin_18, from constraint: gamma_stat_resolved_4b_2016_bin_18_constraint
Pairing nui: gamma_stat_resolved_4b_2016_bin_19_poisMean, with glob: nom_gamma_stat_resolved_4b_2016_bin_19, from constraint: gamma_stat_resolved_4b_2016_bin_19_constraint
Pairing nui: gamma_stat_resolved_4b_2016_bin_20_poisMean, with glob: nom_gamma_stat_resolved_4b_2016_bin_20, from constraint: gamma_stat_resolved_4b_2016_bin_20_constraint
Pairing nui: gamma_stat_resolved_4b_2016_bin_21_poisMean, with glob: nom_gamma_stat_resolved_4b_2016_bin_21, from constraint: gamma_stat_resolved_4b_2016_bin_21_constraint
Pairing nui: gamma_stat_resolved_4b_2016_bin_22_poisMean, with glob: nom_gamma_stat_resolved_4b_2016_bin_22, from constraint: gamma_stat_resolved_4b_2016_bin_22_constraint
Pairing nui: gamma_stat_resolved_4b_2016_bin_23_poisMean, with glob: nom_gamma_stat_resolved_4b_2016_bin_23, from constraint: gamma_stat_resolved_4b_2016_bin_23_constraint
Pairing nui: gamma_stat_resolved_4b_2016_bin_24_poisMean, with glob: nom_gamma_stat_resolved_4b_2016_bin_24, from constraint: gamma_stat_resolved_4b_2016_bin_24_constraint
Pairing nui: gamma_stat_resolved_4b_2016_bin_25_poisMean, with glob: nom_gamma_stat_resolved_4b_2016_bin_25, from constraint: gamma_stat_resolved_4b_2016_bin_25_constraint
Pairing nui: gamma_stat_resolved_4b_2016_bin_26_poisMean, with glob: nom_gamma_stat_resolved_4b_2016_bin_26, from constraint: gamma_stat_resolved_4b_2016_bin_26_constraint
Pairing nui: gamma_stat_resolved_4b_2016_bin_27_poisMean, with glob: nom_gamma_stat_resolved_4b_2016_bin_27, from constraint: gamma_stat_resolved_4b_2016_bin_27_constraint
Pairing nui: gamma_stat_resolved_4b_2016_bin_28_poisMean, with glob: nom_gamma_stat_resolved_4b_2016_bin_28, from constraint: gamma_stat_resolved_4b_2016_bin_28_constraint
Pairing nui: gamma_stat_resolved_4b_2016_bin_29_poisMean, with glob: nom_gamma_stat_resolved_4b_2016_bin_29, from constraint: gamma_stat_resolved_4b_2016_bin_29_constraint
Pairing nui: gamma_stat_resolved_4b_2016_bin_30_poisMean, with glob: nom_gamma_stat_resolved_4b_2016_bin_30, from constraint: gamma_stat_resolved_4b_2016_bin_30_constraint
Pairing nui: gamma_stat_resolved_4b_2016_bin_31_poisMean, with glob: nom_gamma_stat_resolved_4b_2016_bin_31, from constraint: gamma_stat_resolved_4b_2016_bin_31_constraint
Pairing nui: gamma_stat_resolved_4b_2016_bin_32_poisMean, with glob: nom_gamma_stat_resolved_4b_2016_bin_32, from constraint: gamma_stat_resolved_4b_2016_bin_32_constraint
Pairing nui: gamma_stat_resolved_4b_2016_bin_33_poisMean, with glob: nom_gamma_stat_resolved_4b_2016_bin_33, from constraint: gamma_stat_resolved_4b_2016_bin_33_constraint
Pairing nui: gamma_stat_resolved_4b_2016_bin_34_poisMean, with glob: nom_gamma_stat_resolved_4b_2016_bin_34, from constraint: gamma_stat_resolved_4b_2016_bin_34_constraint
Pairing nui: gamma_stat_resolved_4b_2016_bin_35_poisMean, with glob: nom_gamma_stat_resolved_4b_2016_bin_35, from constraint: gamma_stat_resolved_4b_2016_bin_35_constraint
Pairing nui: gamma_stat_resolved_4b_2016_bin_36_poisMean, with glob: nom_gamma_stat_resolved_4b_2016_bin_36, from constraint: gamma_stat_resolved_4b_2016_bin_36_constraint
Pairing nui: gamma_stat_resolved_4b_2016_bin_37_poisMean, with glob: nom_gamma_stat_resolved_4b_2016_bin_37, from constraint: gamma_stat_resolved_4b_2016_bin_37_constraint
Pairing nui: gamma_stat_resolved_4b_2016_bin_38_poisMean, with glob: nom_gamma_stat_resolved_4b_2016_bin_38, from constraint: gamma_stat_resolved_4b_2016_bin_38_constraint
Pairing nui: gamma_stat_resolved_4b_2016_bin_39_poisMean, with glob: nom_gamma_stat_resolved_4b_2016_bin_39, from constraint: gamma_stat_resolved_4b_2016_bin_39_constraint
Pairing nui: gamma_stat_resolved_4b_2016_bin_40_poisMean, with glob: nom_gamma_stat_resolved_4b_2016_bin_40, from constraint: gamma_stat_resolved_4b_2016_bin_40_constraint
Pairing nui: gamma_stat_resolved_4b_2016_bin_41_poisMean, with glob: nom_gamma_stat_resolved_4b_2016_bin_41, from constraint: gamma_stat_resolved_4b_2016_bin_41_constraint
Pairing nui: gamma_stat_resolved_4b_2016_bin_42_poisMean, with glob: nom_gamma_stat_resolved_4b_2016_bin_42, from constraint: gamma_stat_resolved_4b_2016_bin_42_constraint
Pairing nui: gamma_stat_resolved_4b_2016_bin_43_poisMean, with glob: nom_gamma_stat_resolved_4b_2016_bin_43, from constraint: gamma_stat_resolved_4b_2016_bin_43_constraint
Pairing nui: gamma_stat_resolved_4b_2016_bin_44_poisMean, with glob: nom_gamma_stat_resolved_4b_2016_bin_44, from constraint: gamma_stat_resolved_4b_2016_bin_44_constraint
Pairing nui: gamma_stat_resolved_4b_2016_bin_45_poisMean, with glob: nom_gamma_stat_resolved_4b_2016_bin_45, from constraint: gamma_stat_resolved_4b_2016_bin_45_constraint
Pairing nui: gamma_stat_resolved_4b_2016_bin_46_poisMean, with glob: nom_gamma_stat_resolved_4b_2016_bin_46, from constraint: gamma_stat_resolved_4b_2016_bin_46_constraint
Pairing nui: gamma_stat_resolved_4b_2016_bin_47_poisMean, with glob: nom_gamma_stat_resolved_4b_2016_bin_47, from constraint: gamma_stat_resolved_4b_2016_bin_47_constraint
Pairing nui: gamma_stat_resolved_4b_2016_bin_48_poisMean, with glob: nom_gamma_stat_resolved_4b_2016_bin_48, from constraint: gamma_stat_resolved_4b_2016_bin_48_constraint
Pairing nui: gamma_stat_resolved_4b_2016_bin_49_poisMean, with glob: nom_gamma_stat_resolved_4b_2016_bin_49, from constraint: gamma_stat_resolved_4b_2016_bin_49_constraint
Pairing nui: gamma_stat_resolved_4b_2016_bin_50_poisMean, with glob: nom_gamma_stat_resolved_4b_2016_bin_50, from constraint: gamma_stat_resolved_4b_2016_bin_50_constraint
Pairing nui: gamma_stat_resolved_4b_2016_bin_51_poisMean, with glob: nom_gamma_stat_resolved_4b_2016_bin_51, from constraint: gamma_stat_resolved_4b_2016_bin_51_constraint
Pairing nui: gamma_stat_resolved_4b_2016_bin_52_poisMean, with glob: nom_gamma_stat_resolved_4b_2016_bin_52, from constraint: gamma_stat_resolved_4b_2016_bin_52_constraint
Pairing nui: gamma_stat_resolved_4b_2016_bin_53_poisMean, with glob: nom_gamma_stat_resolved_4b_2016_bin_53, from constraint: gamma_stat_resolved_4b_2016_bin_53_constraint
Pairing nui: gamma_stat_resolved_4b_2016_bin_54_poisMean, with glob: nom_gamma_stat_resolved_4b_2016_bin_54, from constraint: gamma_stat_resolved_4b_2016_bin_54_constraint
Pairing nui: gamma_stat_resolved_4b_2016_bin_55_poisMean, with glob: nom_gamma_stat_resolved_4b_2016_bin_55, from constraint: gamma_stat_resolved_4b_2016_bin_55_constraint
Pairing nui: gamma_stat_resolved_4b_2016_bin_56_poisMean, with glob: nom_gamma_stat_resolved_4b_2016_bin_56, from constraint: gamma_stat_resolved_4b_2016_bin_56_constraint
Pairing nui: gamma_stat_resolved_4b_2016_bin_57_poisMean, with glob: nom_gamma_stat_resolved_4b_2016_bin_57, from constraint: gamma_stat_resolved_4b_2016_bin_57_constraint
Pairing nui: gamma_stat_resolved_4b_2016_bin_58_poisMean, with glob: nom_gamma_stat_resolved_4b_2016_bin_58, from constraint: gamma_stat_resolved_4b_2016_bin_58_constraint
Pairing nui: gamma_stat_resolved_4b_2016_bin_59_poisMean, with glob: nom_gamma_stat_resolved_4b_2016_bin_59, from constraint: gamma_stat_resolved_4b_2016_bin_59_constraint
Pairing nui: gamma_stat_resolved_4b_2016_bin_60_poisMean, with glob: nom_gamma_stat_resolved_4b_2016_bin_60, from constraint: gamma_stat_resolved_4b_2016_bin_60_constraint
Pairing nui: gamma_stat_resolved_4b_2016_bin_61_poisMean, with glob: nom_gamma_stat_resolved_4b_2016_bin_61, from constraint: gamma_stat_resolved_4b_2016_bin_61_constraint
Pairing nui: gamma_stat_resolved_4b_2016_bin_62_poisMean, with glob: nom_gamma_stat_resolved_4b_2016_bin_62, from constraint: gamma_stat_resolved_4b_2016_bin_62_constraint
Pairing nui: gamma_stat_resolved_4b_2016_bin_63_poisMean, with glob: nom_gamma_stat_resolved_4b_2016_bin_63, from constraint: gamma_stat_resolved_4b_2016_bin_63_constraint
Pairing nui: gamma_stat_resolved_4b_2016_bin_64_poisMean, with glob: nom_gamma_stat_resolved_4b_2016_bin_64, from constraint: gamma_stat_resolved_4b_2016_bin_64_constraint
Pairing nui: gamma_stat_resolved_4b_2016_bin_65_poisMean, with glob: nom_gamma_stat_resolved_4b_2016_bin_65, from constraint: gamma_stat_resolved_4b_2016_bin_65_constraint
Pairing nui: gamma_stat_resolved_4b_2016_bin_66_poisMean, with glob: nom_gamma_stat_resolved_4b_2016_bin_66, from constraint: gamma_stat_resolved_4b_2016_bin_66_constraint
Pairing nui: gamma_stat_resolved_4b_2016_bin_67_poisMean, with glob: nom_gamma_stat_resolved_4b_2016_bin_67, from constraint: gamma_stat_resolved_4b_2016_bin_67_constraint
Pairing nui: gamma_stat_resolved_4b_2016_bin_68_poisMean, with glob: nom_gamma_stat_resolved_4b_2016_bin_68, from constraint: gamma_stat_resolved_4b_2016_bin_68_constraint
Pairing nui: gamma_stat_resolved_4b_2016_bin_69_poisMean, with glob: nom_gamma_stat_resolved_4b_2016_bin_69, from constraint: gamma_stat_resolved_4b_2016_bin_69_constraint
Pairing nui: alpha_BackgroundNorm17, with glob: nom_alpha_BackgroundNorm17, from constraint: alpha_BackgroundNorm17Constraint
Pairing nui: alpha_BackgroundShape_HighHT_17, with glob: nom_alpha_BackgroundShape_HighHT_17, from constraint: alpha_BackgroundShape_HighHT_17Constraint
Pairing nui: alpha_BackgroundShape_LowHT_17, with glob: nom_alpha_BackgroundShape_LowHT_17, from constraint: alpha_BackgroundShape_LowHT_17Constraint
Pairing nui: gamma_stat_resolved_4b_2017_bin_0_poisMean, with glob: nom_gamma_stat_resolved_4b_2017_bin_0, from constraint: gamma_stat_resolved_4b_2017_bin_0_constraint
Pairing nui: gamma_stat_resolved_4b_2017_bin_1_poisMean, with glob: nom_gamma_stat_resolved_4b_2017_bin_1, from constraint: gamma_stat_resolved_4b_2017_bin_1_constraint
Pairing nui: gamma_stat_resolved_4b_2017_bin_2_poisMean, with glob: nom_gamma_stat_resolved_4b_2017_bin_2, from constraint: gamma_stat_resolved_4b_2017_bin_2_constraint
Pairing nui: gamma_stat_resolved_4b_2017_bin_3_poisMean, with glob: nom_gamma_stat_resolved_4b_2017_bin_3, from constraint: gamma_stat_resolved_4b_2017_bin_3_constraint
Pairing nui: gamma_stat_resolved_4b_2017_bin_4_poisMean, with glob: nom_gamma_stat_resolved_4b_2017_bin_4, from constraint: gamma_stat_resolved_4b_2017_bin_4_constraint
Pairing nui: gamma_stat_resolved_4b_2017_bin_5_poisMean, with glob: nom_gamma_stat_resolved_4b_2017_bin_5, from constraint: gamma_stat_resolved_4b_2017_bin_5_constraint
Pairing nui: gamma_stat_resolved_4b_2017_bin_6_poisMean, with glob: nom_gamma_stat_resolved_4b_2017_bin_6, from constraint: gamma_stat_resolved_4b_2017_bin_6_constraint
Pairing nui: gamma_stat_resolved_4b_2017_bin_7_poisMean, with glob: nom_gamma_stat_resolved_4b_2017_bin_7, from constraint: gamma_stat_resolved_4b_2017_bin_7_constraint
Pairing nui: gamma_stat_resolved_4b_2017_bin_8_poisMean, with glob: nom_gamma_stat_resolved_4b_2017_bin_8, from constraint: gamma_stat_resolved_4b_2017_bin_8_constraint
Pairing nui: gamma_stat_resolved_4b_2017_bin_9_poisMean, with glob: nom_gamma_stat_resolved_4b_2017_bin_9, from constraint: gamma_stat_resolved_4b_2017_bin_9_constraint
Pairing nui: gamma_stat_resolved_4b_2017_bin_10_poisMean, with glob: nom_gamma_stat_resolved_4b_2017_bin_10, from constraint: gamma_stat_resolved_4b_2017_bin_10_constraint
Pairing nui: gamma_stat_resolved_4b_2017_bin_11_poisMean, with glob: nom_gamma_stat_resolved_4b_2017_bin_11, from constraint: gamma_stat_resolved_4b_2017_bin_11_constraint
Pairing nui: gamma_stat_resolved_4b_2017_bin_12_poisMean, with glob: nom_gamma_stat_resolved_4b_2017_bin_12, from constraint: gamma_stat_resolved_4b_2017_bin_12_constraint
Pairing nui: gamma_stat_resolved_4b_2017_bin_13_poisMean, with glob: nom_gamma_stat_resolved_4b_2017_bin_13, from constraint: gamma_stat_resolved_4b_2017_bin_13_constraint
Pairing nui: gamma_stat_resolved_4b_2017_bin_14_poisMean, with glob: nom_gamma_stat_resolved_4b_2017_bin_14, from constraint: gamma_stat_resolved_4b_2017_bin_14_constraint
Pairing nui: gamma_stat_resolved_4b_2017_bin_15_poisMean, with glob: nom_gamma_stat_resolved_4b_2017_bin_15, from constraint: gamma_stat_resolved_4b_2017_bin_15_constraint
Pairing nui: gamma_stat_resolved_4b_2017_bin_16_poisMean, with glob: nom_gamma_stat_resolved_4b_2017_bin_16, from constraint: gamma_stat_resolved_4b_2017_bin_16_constraint
Pairing nui: gamma_stat_resolved_4b_2017_bin_17_poisMean, with glob: nom_gamma_stat_resolved_4b_2017_bin_17, from constraint: gamma_stat_resolved_4b_2017_bin_17_constraint
Pairing nui: gamma_stat_resolved_4b_2017_bin_18_poisMean, with glob: nom_gamma_stat_resolved_4b_2017_bin_18, from constraint: gamma_stat_resolved_4b_2017_bin_18_constraint
Pairing nui: gamma_stat_resolved_4b_2017_bin_19_poisMean, with glob: nom_gamma_stat_resolved_4b_2017_bin_19, from constraint: gamma_stat_resolved_4b_2017_bin_19_constraint
Pairing nui: gamma_stat_resolved_4b_2017_bin_20_poisMean, with glob: nom_gamma_stat_resolved_4b_2017_bin_20, from constraint: gamma_stat_resolved_4b_2017_bin_20_constraint
Pairing nui: gamma_stat_resolved_4b_2017_bin_21_poisMean, with glob: nom_gamma_stat_resolved_4b_2017_bin_21, from constraint: gamma_stat_resolved_4b_2017_bin_21_constraint
Pairing nui: gamma_stat_resolved_4b_2017_bin_22_poisMean, with glob: nom_gamma_stat_resolved_4b_2017_bin_22, from constraint: gamma_stat_resolved_4b_2017_bin_22_constraint
Pairing nui: gamma_stat_resolved_4b_2017_bin_23_poisMean, with glob: nom_gamma_stat_resolved_4b_2017_bin_23, from constraint: gamma_stat_resolved_4b_2017_bin_23_constraint
Pairing nui: gamma_stat_resolved_4b_2017_bin_24_poisMean, with glob: nom_gamma_stat_resolved_4b_2017_bin_24, from constraint: gamma_stat_resolved_4b_2017_bin_24_constraint
Pairing nui: gamma_stat_resolved_4b_2017_bin_25_poisMean, with glob: nom_gamma_stat_resolved_4b_2017_bin_25, from constraint: gamma_stat_resolved_4b_2017_bin_25_constraint
Pairing nui: gamma_stat_resolved_4b_2017_bin_26_poisMean, with glob: nom_gamma_stat_resolved_4b_2017_bin_26, from constraint: gamma_stat_resolved_4b_2017_bin_26_constraint
Pairing nui: gamma_stat_resolved_4b_2017_bin_27_poisMean, with glob: nom_gamma_stat_resolved_4b_2017_bin_27, from constraint: gamma_stat_resolved_4b_2017_bin_27_constraint
Pairing nui: gamma_stat_resolved_4b_2017_bin_28_poisMean, with glob: nom_gamma_stat_resolved_4b_2017_bin_28, from constraint: gamma_stat_resolved_4b_2017_bin_28_constraint
Pairing nui: gamma_stat_resolved_4b_2017_bin_29_poisMean, with glob: nom_gamma_stat_resolved_4b_2017_bin_29, from constraint: gamma_stat_resolved_4b_2017_bin_29_constraint
Pairing nui: gamma_stat_resolved_4b_2017_bin_30_poisMean, with glob: nom_gamma_stat_resolved_4b_2017_bin_30, from constraint: gamma_stat_resolved_4b_2017_bin_30_constraint
Pairing nui: gamma_stat_resolved_4b_2017_bin_31_poisMean, with glob: nom_gamma_stat_resolved_4b_2017_bin_31, from constraint: gamma_stat_resolved_4b_2017_bin_31_constraint
Pairing nui: gamma_stat_resolved_4b_2017_bin_32_poisMean, with glob: nom_gamma_stat_resolved_4b_2017_bin_32, from constraint: gamma_stat_resolved_4b_2017_bin_32_constraint
Pairing nui: gamma_stat_resolved_4b_2017_bin_33_poisMean, with glob: nom_gamma_stat_resolved_4b_2017_bin_33, from constraint: gamma_stat_resolved_4b_2017_bin_33_constraint
Pairing nui: gamma_stat_resolved_4b_2017_bin_34_poisMean, with glob: nom_gamma_stat_resolved_4b_2017_bin_34, from constraint: gamma_stat_resolved_4b_2017_bin_34_constraint
Pairing nui: gamma_stat_resolved_4b_2017_bin_35_poisMean, with glob: nom_gamma_stat_resolved_4b_2017_bin_35, from constraint: gamma_stat_resolved_4b_2017_bin_35_constraint
Pairing nui: gamma_stat_resolved_4b_2017_bin_36_poisMean, with glob: nom_gamma_stat_resolved_4b_2017_bin_36, from constraint: gamma_stat_resolved_4b_2017_bin_36_constraint
Pairing nui: gamma_stat_resolved_4b_2017_bin_37_poisMean, with glob: nom_gamma_stat_resolved_4b_2017_bin_37, from constraint: gamma_stat_resolved_4b_2017_bin_37_constraint
Pairing nui: gamma_stat_resolved_4b_2017_bin_38_poisMean, with glob: nom_gamma_stat_resolved_4b_2017_bin_38, from constraint: gamma_stat_resolved_4b_2017_bin_38_constraint
Pairing nui: gamma_stat_resolved_4b_2017_bin_39_poisMean, with glob: nom_gamma_stat_resolved_4b_2017_bin_39, from constraint: gamma_stat_resolved_4b_2017_bin_39_constraint
Pairing nui: gamma_stat_resolved_4b_2017_bin_40_poisMean, with glob: nom_gamma_stat_resolved_4b_2017_bin_40, from constraint: gamma_stat_resolved_4b_2017_bin_40_constraint
Pairing nui: gamma_stat_resolved_4b_2017_bin_41_poisMean, with glob: nom_gamma_stat_resolved_4b_2017_bin_41, from constraint: gamma_stat_resolved_4b_2017_bin_41_constraint
Pairing nui: gamma_stat_resolved_4b_2017_bin_42_poisMean, with glob: nom_gamma_stat_resolved_4b_2017_bin_42, from constraint: gamma_stat_resolved_4b_2017_bin_42_constraint
Pairing nui: gamma_stat_resolved_4b_2017_bin_43_poisMean, with glob: nom_gamma_stat_resolved_4b_2017_bin_43, from constraint: gamma_stat_resolved_4b_2017_bin_43_constraint
Pairing nui: gamma_stat_resolved_4b_2017_bin_44_poisMean, with glob: nom_gamma_stat_resolved_4b_2017_bin_44, from constraint: gamma_stat_resolved_4b_2017_bin_44_constraint
Pairing nui: gamma_stat_resolved_4b_2017_bin_45_poisMean, with glob: nom_gamma_stat_resolved_4b_2017_bin_45, from constraint: gamma_stat_resolved_4b_2017_bin_45_constraint
Pairing nui: gamma_stat_resolved_4b_2017_bin_46_poisMean, with glob: nom_gamma_stat_resolved_4b_2017_bin_46, from constraint: gamma_stat_resolved_4b_2017_bin_46_constraint
Pairing nui: gamma_stat_resolved_4b_2017_bin_47_poisMean, with glob: nom_gamma_stat_resolved_4b_2017_bin_47, from constraint: gamma_stat_resolved_4b_2017_bin_47_constraint
Pairing nui: gamma_stat_resolved_4b_2017_bin_48_poisMean, with glob: nom_gamma_stat_resolved_4b_2017_bin_48, from constraint: gamma_stat_resolved_4b_2017_bin_48_constraint
Pairing nui: gamma_stat_resolved_4b_2017_bin_49_poisMean, with glob: nom_gamma_stat_resolved_4b_2017_bin_49, from constraint: gamma_stat_resolved_4b_2017_bin_49_constraint
Pairing nui: gamma_stat_resolved_4b_2017_bin_50_poisMean, with glob: nom_gamma_stat_resolved_4b_2017_bin_50, from constraint: gamma_stat_resolved_4b_2017_bin_50_constraint
Pairing nui: gamma_stat_resolved_4b_2017_bin_51_poisMean, with glob: nom_gamma_stat_resolved_4b_2017_bin_51, from constraint: gamma_stat_resolved_4b_2017_bin_51_constraint
Pairing nui: gamma_stat_resolved_4b_2017_bin_52_poisMean, with glob: nom_gamma_stat_resolved_4b_2017_bin_52, from constraint: gamma_stat_resolved_4b_2017_bin_52_constraint
Pairing nui: gamma_stat_resolved_4b_2017_bin_53_poisMean, with glob: nom_gamma_stat_resolved_4b_2017_bin_53, from constraint: gamma_stat_resolved_4b_2017_bin_53_constraint
Pairing nui: gamma_stat_resolved_4b_2017_bin_54_poisMean, with glob: nom_gamma_stat_resolved_4b_2017_bin_54, from constraint: gamma_stat_resolved_4b_2017_bin_54_constraint
Pairing nui: gamma_stat_resolved_4b_2017_bin_55_poisMean, with glob: nom_gamma_stat_resolved_4b_2017_bin_55, from constraint: gamma_stat_resolved_4b_2017_bin_55_constraint
Pairing nui: gamma_stat_resolved_4b_2017_bin_56_poisMean, with glob: nom_gamma_stat_resolved_4b_2017_bin_56, from constraint: gamma_stat_resolved_4b_2017_bin_56_constraint
Pairing nui: gamma_stat_resolved_4b_2017_bin_57_poisMean, with glob: nom_gamma_stat_resolved_4b_2017_bin_57, from constraint: gamma_stat_resolved_4b_2017_bin_57_constraint
Pairing nui: gamma_stat_resolved_4b_2017_bin_58_poisMean, with glob: nom_gamma_stat_resolved_4b_2017_bin_58, from constraint: gamma_stat_resolved_4b_2017_bin_58_constraint
Pairing nui: gamma_stat_resolved_4b_2017_bin_59_poisMean, with glob: nom_gamma_stat_resolved_4b_2017_bin_59, from constraint: gamma_stat_resolved_4b_2017_bin_59_constraint
Pairing nui: gamma_stat_resolved_4b_2017_bin_60_poisMean, with glob: nom_gamma_stat_resolved_4b_2017_bin_60, from constraint: gamma_stat_resolved_4b_2017_bin_60_constraint
Pairing nui: gamma_stat_resolved_4b_2017_bin_61_poisMean, with glob: nom_gamma_stat_resolved_4b_2017_bin_61, from constraint: gamma_stat_resolved_4b_2017_bin_61_constraint
Pairing nui: gamma_stat_resolved_4b_2017_bin_62_poisMean, with glob: nom_gamma_stat_resolved_4b_2017_bin_62, from constraint: gamma_stat_resolved_4b_2017_bin_62_constraint
Pairing nui: gamma_stat_resolved_4b_2017_bin_63_poisMean, with glob: nom_gamma_stat_resolved_4b_2017_bin_63, from constraint: gamma_stat_resolved_4b_2017_bin_63_constraint
Pairing nui: gamma_stat_resolved_4b_2017_bin_64_poisMean, with glob: nom_gamma_stat_resolved_4b_2017_bin_64, from constraint: gamma_stat_resolved_4b_2017_bin_64_constraint
Pairing nui: gamma_stat_resolved_4b_2017_bin_65_poisMean, with glob: nom_gamma_stat_resolved_4b_2017_bin_65, from constraint: gamma_stat_resolved_4b_2017_bin_65_constraint
Pairing nui: gamma_stat_resolved_4b_2017_bin_66_poisMean, with glob: nom_gamma_stat_resolved_4b_2017_bin_66, from constraint: gamma_stat_resolved_4b_2017_bin_66_constraint
Pairing nui: gamma_stat_resolved_4b_2017_bin_67_poisMean, with glob: nom_gamma_stat_resolved_4b_2017_bin_67, from constraint: gamma_stat_resolved_4b_2017_bin_67_constraint
Pairing nui: gamma_stat_resolved_4b_2017_bin_68_poisMean, with glob: nom_gamma_stat_resolved_4b_2017_bin_68, from constraint: gamma_stat_resolved_4b_2017_bin_68_constraint
Pairing nui: gamma_stat_resolved_4b_2017_bin_69_poisMean, with glob: nom_gamma_stat_resolved_4b_2017_bin_69, from constraint: gamma_stat_resolved_4b_2017_bin_69_constraint
Pairing nui: alpha_BackgroundNorm18, with glob: nom_alpha_BackgroundNorm18, from constraint: alpha_BackgroundNorm18Constraint
Pairing nui: alpha_BackgroundShape_HighHT_18, with glob: nom_alpha_BackgroundShape_HighHT_18, from constraint: alpha_BackgroundShape_HighHT_18Constraint
Pairing nui: alpha_BackgroundShape_LowHT_18, with glob: nom_alpha_BackgroundShape_LowHT_18, from constraint: alpha_BackgroundShape_LowHT_18Constraint
Pairing nui: gamma_stat_resolved_4b_2018_bin_0_poisMean, with glob: nom_gamma_stat_resolved_4b_2018_bin_0, from constraint: gamma_stat_resolved_4b_2018_bin_0_constraint
Pairing nui: gamma_stat_resolved_4b_2018_bin_1_poisMean, with glob: nom_gamma_stat_resolved_4b_2018_bin_1, from constraint: gamma_stat_resolved_4b_2018_bin_1_constraint
Pairing nui: gamma_stat_resolved_4b_2018_bin_2_poisMean, with glob: nom_gamma_stat_resolved_4b_2018_bin_2, from constraint: gamma_stat_resolved_4b_2018_bin_2_constraint
Pairing nui: gamma_stat_resolved_4b_2018_bin_3_poisMean, with glob: nom_gamma_stat_resolved_4b_2018_bin_3, from constraint: gamma_stat_resolved_4b_2018_bin_3_constraint
Pairing nui: gamma_stat_resolved_4b_2018_bin_4_poisMean, with glob: nom_gamma_stat_resolved_4b_2018_bin_4, from constraint: gamma_stat_resolved_4b_2018_bin_4_constraint
Pairing nui: gamma_stat_resolved_4b_2018_bin_5_poisMean, with glob: nom_gamma_stat_resolved_4b_2018_bin_5, from constraint: gamma_stat_resolved_4b_2018_bin_5_constraint
Pairing nui: gamma_stat_resolved_4b_2018_bin_6_poisMean, with glob: nom_gamma_stat_resolved_4b_2018_bin_6, from constraint: gamma_stat_resolved_4b_2018_bin_6_constraint
Pairing nui: gamma_stat_resolved_4b_2018_bin_7_poisMean, with glob: nom_gamma_stat_resolved_4b_2018_bin_7, from constraint: gamma_stat_resolved_4b_2018_bin_7_constraint
Pairing nui: gamma_stat_resolved_4b_2018_bin_8_poisMean, with glob: nom_gamma_stat_resolved_4b_2018_bin_8, from constraint: gamma_stat_resolved_4b_2018_bin_8_constraint
Pairing nui: gamma_stat_resolved_4b_2018_bin_9_poisMean, with glob: nom_gamma_stat_resolved_4b_2018_bin_9, from constraint: gamma_stat_resolved_4b_2018_bin_9_constraint
Pairing nui: gamma_stat_resolved_4b_2018_bin_10_poisMean, with glob: nom_gamma_stat_resolved_4b_2018_bin_10, from constraint: gamma_stat_resolved_4b_2018_bin_10_constraint
Pairing nui: gamma_stat_resolved_4b_2018_bin_11_poisMean, with glob: nom_gamma_stat_resolved_4b_2018_bin_11, from constraint: gamma_stat_resolved_4b_2018_bin_11_constraint
Pairing nui: gamma_stat_resolved_4b_2018_bin_12_poisMean, with glob: nom_gamma_stat_resolved_4b_2018_bin_12, from constraint: gamma_stat_resolved_4b_2018_bin_12_constraint
Pairing nui: gamma_stat_resolved_4b_2018_bin_13_poisMean, with glob: nom_gamma_stat_resolved_4b_2018_bin_13, from constraint: gamma_stat_resolved_4b_2018_bin_13_constraint
Pairing nui: gamma_stat_resolved_4b_2018_bin_14_poisMean, with glob: nom_gamma_stat_resolved_4b_2018_bin_14, from constraint: gamma_stat_resolved_4b_2018_bin_14_constraint
Pairing nui: gamma_stat_resolved_4b_2018_bin_15_poisMean, with glob: nom_gamma_stat_resolved_4b_2018_bin_15, from constraint: gamma_stat_resolved_4b_2018_bin_15_constraint
Pairing nui: gamma_stat_resolved_4b_2018_bin_16_poisMean, with glob: nom_gamma_stat_resolved_4b_2018_bin_16, from constraint: gamma_stat_resolved_4b_2018_bin_16_constraint
Pairing nui: gamma_stat_resolved_4b_2018_bin_17_poisMean, with glob: nom_gamma_stat_resolved_4b_2018_bin_17, from constraint: gamma_stat_resolved_4b_2018_bin_17_constraint
Pairing nui: gamma_stat_resolved_4b_2018_bin_18_poisMean, with glob: nom_gamma_stat_resolved_4b_2018_bin_18, from constraint: gamma_stat_resolved_4b_2018_bin_18_constraint
Pairing nui: gamma_stat_resolved_4b_2018_bin_19_poisMean, with glob: nom_gamma_stat_resolved_4b_2018_bin_19, from constraint: gamma_stat_resolved_4b_2018_bin_19_constraint
Pairing nui: gamma_stat_resolved_4b_2018_bin_20_poisMean, with glob: nom_gamma_stat_resolved_4b_2018_bin_20, from constraint: gamma_stat_resolved_4b_2018_bin_20_constraint
Pairing nui: gamma_stat_resolved_4b_2018_bin_21_poisMean, with glob: nom_gamma_stat_resolved_4b_2018_bin_21, from constraint: gamma_stat_resolved_4b_2018_bin_21_constraint
Pairing nui: gamma_stat_resolved_4b_2018_bin_22_poisMean, with glob: nom_gamma_stat_resolved_4b_2018_bin_22, from constraint: gamma_stat_resolved_4b_2018_bin_22_constraint
Pairing nui: gamma_stat_resolved_4b_2018_bin_23_poisMean, with glob: nom_gamma_stat_resolved_4b_2018_bin_23, from constraint: gamma_stat_resolved_4b_2018_bin_23_constraint
Pairing nui: gamma_stat_resolved_4b_2018_bin_24_poisMean, with glob: nom_gamma_stat_resolved_4b_2018_bin_24, from constraint: gamma_stat_resolved_4b_2018_bin_24_constraint
Pairing nui: gamma_stat_resolved_4b_2018_bin_25_poisMean, with glob: nom_gamma_stat_resolved_4b_2018_bin_25, from constraint: gamma_stat_resolved_4b_2018_bin_25_constraint
Pairing nui: gamma_stat_resolved_4b_2018_bin_26_poisMean, with glob: nom_gamma_stat_resolved_4b_2018_bin_26, from constraint: gamma_stat_resolved_4b_2018_bin_26_constraint
Pairing nui: gamma_stat_resolved_4b_2018_bin_27_poisMean, with glob: nom_gamma_stat_resolved_4b_2018_bin_27, from constraint: gamma_stat_resolved_4b_2018_bin_27_constraint
Pairing nui: gamma_stat_resolved_4b_2018_bin_28_poisMean, with glob: nom_gamma_stat_resolved_4b_2018_bin_28, from constraint: gamma_stat_resolved_4b_2018_bin_28_constraint
Pairing nui: gamma_stat_resolved_4b_2018_bin_29_poisMean, with glob: nom_gamma_stat_resolved_4b_2018_bin_29, from constraint: gamma_stat_resolved_4b_2018_bin_29_constraint
Pairing nui: gamma_stat_resolved_4b_2018_bin_30_poisMean, with glob: nom_gamma_stat_resolved_4b_2018_bin_30, from constraint: gamma_stat_resolved_4b_2018_bin_30_constraint
Pairing nui: gamma_stat_resolved_4b_2018_bin_31_poisMean, with glob: nom_gamma_stat_resolved_4b_2018_bin_31, from constraint: gamma_stat_resolved_4b_2018_bin_31_constraint
Pairing nui: gamma_stat_resolved_4b_2018_bin_32_poisMean, with glob: nom_gamma_stat_resolved_4b_2018_bin_32, from constraint: gamma_stat_resolved_4b_2018_bin_32_constraint
Pairing nui: gamma_stat_resolved_4b_2018_bin_33_poisMean, with glob: nom_gamma_stat_resolved_4b_2018_bin_33, from constraint: gamma_stat_resolved_4b_2018_bin_33_constraint
Pairing nui: gamma_stat_resolved_4b_2018_bin_34_poisMean, with glob: nom_gamma_stat_resolved_4b_2018_bin_34, from constraint: gamma_stat_resolved_4b_2018_bin_34_constraint
Pairing nui: gamma_stat_resolved_4b_2018_bin_35_poisMean, with glob: nom_gamma_stat_resolved_4b_2018_bin_35, from constraint: gamma_stat_resolved_4b_2018_bin_35_constraint
Pairing nui: gamma_stat_resolved_4b_2018_bin_36_poisMean, with glob: nom_gamma_stat_resolved_4b_2018_bin_36, from constraint: gamma_stat_resolved_4b_2018_bin_36_constraint
Pairing nui: gamma_stat_resolved_4b_2018_bin_37_poisMean, with glob: nom_gamma_stat_resolved_4b_2018_bin_37, from constraint: gamma_stat_resolved_4b_2018_bin_37_constraint
Pairing nui: gamma_stat_resolved_4b_2018_bin_38_poisMean, with glob: nom_gamma_stat_resolved_4b_2018_bin_38, from constraint: gamma_stat_resolved_4b_2018_bin_38_constraint
Pairing nui: gamma_stat_resolved_4b_2018_bin_39_poisMean, with glob: nom_gamma_stat_resolved_4b_2018_bin_39, from constraint: gamma_stat_resolved_4b_2018_bin_39_constraint
Pairing nui: gamma_stat_resolved_4b_2018_bin_40_poisMean, with glob: nom_gamma_stat_resolved_4b_2018_bin_40, from constraint: gamma_stat_resolved_4b_2018_bin_40_constraint
Pairing nui: gamma_stat_resolved_4b_2018_bin_41_poisMean, with glob: nom_gamma_stat_resolved_4b_2018_bin_41, from constraint: gamma_stat_resolved_4b_2018_bin_41_constraint
Pairing nui: gamma_stat_resolved_4b_2018_bin_42_poisMean, with glob: nom_gamma_stat_resolved_4b_2018_bin_42, from constraint: gamma_stat_resolved_4b_2018_bin_42_constraint
Pairing nui: gamma_stat_resolved_4b_2018_bin_43_poisMean, with glob: nom_gamma_stat_resolved_4b_2018_bin_43, from constraint: gamma_stat_resolved_4b_2018_bin_43_constraint
Pairing nui: gamma_stat_resolved_4b_2018_bin_44_poisMean, with glob: nom_gamma_stat_resolved_4b_2018_bin_44, from constraint: gamma_stat_resolved_4b_2018_bin_44_constraint
Pairing nui: gamma_stat_resolved_4b_2018_bin_45_poisMean, with glob: nom_gamma_stat_resolved_4b_2018_bin_45, from constraint: gamma_stat_resolved_4b_2018_bin_45_constraint
Pairing nui: gamma_stat_resolved_4b_2018_bin_46_poisMean, with glob: nom_gamma_stat_resolved_4b_2018_bin_46, from constraint: gamma_stat_resolved_4b_2018_bin_46_constraint
Pairing nui: gamma_stat_resolved_4b_2018_bin_47_poisMean, with glob: nom_gamma_stat_resolved_4b_2018_bin_47, from constraint: gamma_stat_resolved_4b_2018_bin_47_constraint
Pairing nui: gamma_stat_resolved_4b_2018_bin_48_poisMean, with glob: nom_gamma_stat_resolved_4b_2018_bin_48, from constraint: gamma_stat_resolved_4b_2018_bin_48_constraint
Pairing nui: gamma_stat_resolved_4b_2018_bin_49_poisMean, with glob: nom_gamma_stat_resolved_4b_2018_bin_49, from constraint: gamma_stat_resolved_4b_2018_bin_49_constraint
Pairing nui: gamma_stat_resolved_4b_2018_bin_50_poisMean, with glob: nom_gamma_stat_resolved_4b_2018_bin_50, from constraint: gamma_stat_resolved_4b_2018_bin_50_constraint
Pairing nui: gamma_stat_resolved_4b_2018_bin_51_poisMean, with glob: nom_gamma_stat_resolved_4b_2018_bin_51, from constraint: gamma_stat_resolved_4b_2018_bin_51_constraint
Pairing nui: gamma_stat_resolved_4b_2018_bin_52_poisMean, with glob: nom_gamma_stat_resolved_4b_2018_bin_52, from constraint: gamma_stat_resolved_4b_2018_bin_52_constraint
Pairing nui: gamma_stat_resolved_4b_2018_bin_53_poisMean, with glob: nom_gamma_stat_resolved_4b_2018_bin_53, from constraint: gamma_stat_resolved_4b_2018_bin_53_constraint
Pairing nui: gamma_stat_resolved_4b_2018_bin_54_poisMean, with glob: nom_gamma_stat_resolved_4b_2018_bin_54, from constraint: gamma_stat_resolved_4b_2018_bin_54_constraint
Pairing nui: gamma_stat_resolved_4b_2018_bin_55_poisMean, with glob: nom_gamma_stat_resolved_4b_2018_bin_55, from constraint: gamma_stat_resolved_4b_2018_bin_55_constraint
Pairing nui: gamma_stat_resolved_4b_2018_bin_56_poisMean, with glob: nom_gamma_stat_resolved_4b_2018_bin_56, from constraint: gamma_stat_resolved_4b_2018_bin_56_constraint
Pairing nui: gamma_stat_resolved_4b_2018_bin_57_poisMean, with glob: nom_gamma_stat_resolved_4b_2018_bin_57, from constraint: gamma_stat_resolved_4b_2018_bin_57_constraint
Pairing nui: gamma_stat_resolved_4b_2018_bin_58_poisMean, with glob: nom_gamma_stat_resolved_4b_2018_bin_58, from constraint: gamma_stat_resolved_4b_2018_bin_58_constraint
Pairing nui: gamma_stat_resolved_4b_2018_bin_59_poisMean, with glob: nom_gamma_stat_resolved_4b_2018_bin_59, from constraint: gamma_stat_resolved_4b_2018_bin_59_constraint
Pairing nui: gamma_stat_resolved_4b_2018_bin_60_poisMean, with glob: nom_gamma_stat_resolved_4b_2018_bin_60, from constraint: gamma_stat_resolved_4b_2018_bin_60_constraint
Pairing nui: gamma_stat_resolved_4b_2018_bin_61_poisMean, with glob: nom_gamma_stat_resolved_4b_2018_bin_61, from constraint: gamma_stat_resolved_4b_2018_bin_61_constraint
Pairing nui: gamma_stat_resolved_4b_2018_bin_62_poisMean, with glob: nom_gamma_stat_resolved_4b_2018_bin_62, from constraint: gamma_stat_resolved_4b_2018_bin_62_constraint
Pairing nui: gamma_stat_resolved_4b_2018_bin_63_poisMean, with glob: nom_gamma_stat_resolved_4b_2018_bin_63, from constraint: gamma_stat_resolved_4b_2018_bin_63_constraint
Pairing nui: gamma_stat_resolved_4b_2018_bin_64_poisMean, with glob: nom_gamma_stat_resolved_4b_2018_bin_64, from constraint: gamma_stat_resolved_4b_2018_bin_64_constraint
Pairing nui: gamma_stat_resolved_4b_2018_bin_65_poisMean, with glob: nom_gamma_stat_resolved_4b_2018_bin_65, from constraint: gamma_stat_resolved_4b_2018_bin_65_constraint
Pairing nui: gamma_stat_resolved_4b_2018_bin_66_poisMean, with glob: nom_gamma_stat_resolved_4b_2018_bin_66, from constraint: gamma_stat_resolved_4b_2018_bin_66_constraint
Pairing nui: gamma_stat_resolved_4b_2018_bin_67_poisMean, with glob: nom_gamma_stat_resolved_4b_2018_bin_67, from constraint: gamma_stat_resolved_4b_2018_bin_67_constraint
Pairing nui: gamma_stat_resolved_4b_2018_bin_68_poisMean, with glob: nom_gamma_stat_resolved_4b_2018_bin_68, from constraint: gamma_stat_resolved_4b_2018_bin_68_constraint
Pairing nui: gamma_stat_resolved_4b_2018_bin_69_poisMean, with glob: nom_gamma_stat_resolved_4b_2018_bin_69, from constraint: gamma_stat_resolved_4b_2018_bin_69_constraint
nui: 0x4488c00, glob: 0x542a3e0
Setting glob: nominalLumi, which had previous val: 1, to conditional val: 1
nui: 0x371d7e0, glob: 0x4bb0690
Setting glob: nom_alpha_BackgroundNorm16, which had previous val: 0, to conditional val: 0
nui: 0x542bec0, glob: 0x542cba0
Setting glob: nom_alpha_BackgroundShape_HighHT_16, which had previous val: 0, to conditional val: 0
nui: 0x542e8b0, glob: 0x542f5f0
Setting glob: nom_alpha_BackgroundShape_LowHT_16, which had previous val: 0, to conditional val: 0
nui: 0x3f92450, glob: 0x4bb2350
Setting glob: nom_alpha_Theory, which had previous val: 0, to conditional val: 0
nui: 0x46e18d0, glob: 0x46e2ae0
Setting glob: nom_alpha_FT_EFF_Eigen_B_0, which had previous val: 0, to conditional val: 0
nui: 0x4ac6910, glob: 0x4ac7b20
Setting glob: nom_alpha_FT_EFF_Eigen_B_1, which had previous val: 0, to conditional val: 0
nui: 0x4e1d450, glob: 0x4e1e660
Setting glob: nom_alpha_FT_EFF_Eigen_B_2, which had previous val: 0, to conditional val: 0
nui: 0x4e1ff60, glob: 0x4e210e0
Setting glob: nom_alpha_FT_EFF_Eigen_B_3, which had previous val: 0, to conditional val: 0
nui: 0x4e22950, glob: 0x4e23ad0
Setting glob: nom_alpha_FT_EFF_Eigen_B_4, which had previous val: 0, to conditional val: 0
nui: 0x4e25340, glob: 0x4e264c0
Setting glob: nom_alpha_FT_EFF_Eigen_B_5, which had previous val: 0, to conditional val: 0
nui: 0x4e27d30, glob: 0x4e28eb0
Setting glob: nom_alpha_FT_EFF_Eigen_B_6, which had previous val: 0, to conditional val: 0
nui: 0x4e2a720, glob: 0x4e2b8a0
Setting glob: nom_alpha_FT_EFF_Eigen_B_7, which had previous val: 0, to conditional val: 0
nui: 0x4e2d110, glob: 0x4e2e290
Setting glob: nom_alpha_FT_EFF_Eigen_B_8, which had previous val: 0, to conditional val: 0
nui: 0x4e2fb00, glob: 0x4e30c80
Setting glob: nom_alpha_FT_EFF_Eigen_C_0, which had previous val: 0, to conditional val: 0
nui: 0x4e324f0, glob: 0x4e33670
Setting glob: nom_alpha_FT_EFF_Eigen_C_1, which had previous val: 0, to conditional val: 0
nui: 0x4e34ee0, glob: 0x4e36060
Setting glob: nom_alpha_FT_EFF_Eigen_C_2, which had previous val: 0, to conditional val: 0
nui: 0x4e378d0, glob: 0x4e38a50
Setting glob: nom_alpha_FT_EFF_Eigen_C_3, which had previous val: 0, to conditional val: 0
nui: 0x4e3a2c0, glob: 0x4e3b440
Setting glob: nom_alpha_FT_EFF_Eigen_Light_0, which had previous val: 0, to conditional val: 0
nui: 0x4e3cd00, glob: 0x4e3de60
Setting glob: nom_alpha_FT_EFF_Eigen_Light_1, which had previous val: 0, to conditional val: 0
nui: 0x4e3f720, glob: 0x4e40880
Setting glob: nom_alpha_FT_EFF_Eigen_Light_2, which had previous val: 0, to conditional val: 0
nui: 0x4e42140, glob: 0x4e432a0
Setting glob: nom_alpha_FT_EFF_Eigen_Light_3, which had previous val: 0, to conditional val: 0
nui: 0x4e44b60, glob: 0x4e45cc0
Setting glob: nom_alpha_FT_EFF_extrapolation, which had previous val: 0, to conditional val: 0
nui: 0x4e47580, glob: 0x4e48700
Setting glob: nom_alpha_FT_EFF_extrapolation_from_charm, which had previous val: 0, to conditional val: 0
nui: 0x4e4a080, glob: 0x4e4b1e0
Setting glob: nom_alpha_JET_BJES_Response, which had previous val: 0, to conditional val: 0
nui: 0x4e4ca50, glob: 0x4e4dbd0
Setting glob: nom_alpha_JET_EffectiveNP_Detector1, which had previous val: 0, to conditional val: 0
nui: 0x4e4f4f0, glob: 0x4e50650
Setting glob: nom_alpha_JET_EffectiveNP_Detector2, which had previous val: 0, to conditional val: 0
nui: 0x4e51f70, glob: 0x4e530d0
Setting glob: nom_alpha_JET_EffectiveNP_Mixed1, which had previous val: 0, to conditional val: 0
nui: 0x4e549d0, glob: 0x4e55b30
Setting glob: nom_alpha_JET_EffectiveNP_Mixed2, which had previous val: 0, to conditional val: 0
nui: 0x4e57430, glob: 0x4e58590
Setting glob: nom_alpha_JET_EffectiveNP_Mixed3, which had previous val: 0, to conditional val: 0
nui: 0x4e59e90, glob: 0x4e5b010
Setting glob: nom_alpha_JET_EffectiveNP_Modelling1, which had previous val: 0, to conditional val: 0
nui: 0x4e5c950, glob: 0x4e5dad0
Setting glob: nom_alpha_JET_EffectiveNP_Modelling2, which had previous val: 0, to conditional val: 0
nui: 0x4e5f410, glob: 0x4e60590
Setting glob: nom_alpha_JET_EffectiveNP_Modelling3, which had previous val: 0, to conditional val: 0
nui: 0x4e61ed0, glob: 0x4e63050
Setting glob: nom_alpha_JET_EffectiveNP_Modelling4, which had previous val: 0, to conditional val: 0
nui: 0x4e64990, glob: 0x4e65b10
Setting glob: nom_alpha_JET_EffectiveNP_Statistical1, which had previous val: 0, to conditional val: 0
nui: 0x4e67460, glob: 0x4e685e0
Setting glob: nom_alpha_JET_EffectiveNP_Statistical2, which had previous val: 0, to conditional val: 0
nui: 0x4e69f30, glob: 0x4e6b0b0
Setting glob: nom_alpha_JET_EffectiveNP_Statistical3, which had previous val: 0, to conditional val: 0
nui: 0x4e6ca00, glob: 0x4e6db80
Setting glob: nom_alpha_JET_EffectiveNP_Statistical4, which had previous val: 0, to conditional val: 0
nui: 0x4e6f4d0, glob: 0x4e70650
Setting glob: nom_alpha_JET_EffectiveNP_Statistical5, which had previous val: 0, to conditional val: 0
nui: 0x4e71fa0, glob: 0x4e73120
Setting glob: nom_alpha_JET_EffectiveNP_Statistical6, which had previous val: 0, to conditional val: 0
nui: 0x4e74a70, glob: 0x4e75c10
Setting glob: nom_alpha_JET_EtaIntercalibration_Modelling, which had previous val: 0, to conditional val: 0
nui: 0x4e775b0, glob: 0x4e78750
Setting glob: nom_alpha_JET_EtaIntercalibration_NonClosure_highE, which had previous val: 0, to conditional val: 0
nui: 0x4e7a1a0, glob: 0x4e7b310
Setting glob: nom_alpha_JET_EtaIntercalibration_NonClosure_negEta, which had previous val: 0, to conditional val: 0
nui: 0x4e7cd60, glob: 0x4e7ded0
Setting glob: nom_alpha_JET_EtaIntercalibration_NonClosure_posEta, which had previous val: 0, to conditional val: 0
nui: 0x4e7f920, glob: 0x4e80a90
Setting glob: nom_alpha_JET_EtaIntercalibration_TotalStat, which had previous val: 0, to conditional val: 0
nui: 0x4e82430, glob: 0x4e83590
Setting glob: nom_alpha_JET_Flavor_Composition, which had previous val: 0, to conditional val: 0
nui: 0x4e84e90, glob: 0x4e85ff0
Setting glob: nom_alpha_JET_Flavor_Response, which had previous val: 0, to conditional val: 0
nui: 0x4e878b0, glob: 0x4e88a10
Setting glob: nom_alpha_JET_JER_DataVsMC, which had previous val: 0, to conditional val: 0
nui: 0x4e8a290, glob: 0x4e8b410
Setting glob: nom_alpha_JET_JER_EffectiveNP_1, which had previous val: 0, to conditional val: 0
nui: 0x4e8ccd0, glob: 0x4e8de30
Setting glob: nom_alpha_JET_JER_EffectiveNP_10, which had previous val: 0, to conditional val: 0
nui: 0x4e8f730, glob: 0x4e90890
Setting glob: nom_alpha_JET_JER_EffectiveNP_11, which had previous val: 0, to conditional val: 0
nui: 0x4e92190, glob: 0x4e93310
Setting glob: nom_alpha_JET_JER_EffectiveNP_12restTerm, which had previous val: 0, to conditional val: 0
nui: 0x4e94c90, glob: 0x4e95df0
Setting glob: nom_alpha_JET_JER_EffectiveNP_2, which had previous val: 0, to conditional val: 0
nui: 0x4e976b0, glob: 0x4e98810
Setting glob: nom_alpha_JET_JER_EffectiveNP_3, which had previous val: 0, to conditional val: 0
nui: 0x4e9a0d0, glob: 0x4e9b230
Setting glob: nom_alpha_JET_JER_EffectiveNP_4, which had previous val: 0, to conditional val: 0
nui: 0x4e9caf0, glob: 0x4e9dc50
Setting glob: nom_alpha_JET_JER_EffectiveNP_5, which had previous val: 0, to conditional val: 0
nui: 0x4e9f510, glob: 0x4ea0670
Setting glob: nom_alpha_JET_JER_EffectiveNP_6, which had previous val: 0, to conditional val: 0
nui: 0x4ea1f30, glob: 0x4ea3090
Setting glob: nom_alpha_JET_JER_EffectiveNP_7, which had previous val: 0, to conditional val: 0
nui: 0x4ea4950, glob: 0x4ea5ab0
Setting glob: nom_alpha_JET_JER_EffectiveNP_8, which had previous val: 0, to conditional val: 0
nui: 0x4ea7370, glob: 0x4ea84d0
Setting glob: nom_alpha_JET_JER_EffectiveNP_9, which had previous val: 0, to conditional val: 0
nui: 0x4ea9d90, glob: 0x4eaaef0
Setting glob: nom_alpha_JET_Pileup_OffsetMu, which had previous val: 0, to conditional val: 0
nui: 0x4eac7b0, glob: 0x4ead910
Setting glob: nom_alpha_JET_Pileup_OffsetNPV, which had previous val: 0, to conditional val: 0
nui: 0x4eaf1d0, glob: 0x4eb0330
Setting glob: nom_alpha_JET_Pileup_PtTerm, which had previous val: 0, to conditional val: 0
nui: 0x4eb1ba0, glob: 0x4eb2d20
Setting glob: nom_alpha_JET_Pileup_RhoTopology, which had previous val: 0, to conditional val: 0
nui: 0x4eb4620, glob: 0x4eb5780
Setting glob: nom_alpha_JET_PunchThrough_MC16, which had previous val: 0, to conditional val: 0
nui: 0x4eb7040, glob: 0x4eb81a0
Setting glob: nom_alpha_JET_SingleParticle_HighPt, which had previous val: 0, to conditional val: 0
nui: 0x43680f0, glob: 0x43cae10
Setting glob: nom_gamma_stat_resolved_4b_2016_bin_0, which had previous val: 722.682, to conditional val: 722.682
nui: 0x54312a0, glob: 0x5433910
Setting glob: nom_gamma_stat_resolved_4b_2016_bin_1, which had previous val: 706.683, to conditional val: 706.683
nui: 0x5435410, glob: 0x5437a80
Setting glob: nom_gamma_stat_resolved_4b_2016_bin_2, which had previous val: 747.53, to conditional val: 747.53
nui: 0x5439580, glob: 0x543bbf0
Setting glob: nom_gamma_stat_resolved_4b_2016_bin_3, which had previous val: 775.128, to conditional val: 775.128
nui: 0x543d6f0, glob: 0x543fd60
Setting glob: nom_gamma_stat_resolved_4b_2016_bin_4, which had previous val: 765.335, to conditional val: 765.335
nui: 0x5441860, glob: 0x5443ed0
Setting glob: nom_gamma_stat_resolved_4b_2016_bin_5, which had previous val: 771.187, to conditional val: 771.187
nui: 0x54459e0, glob: 0x5448050
Setting glob: nom_gamma_stat_resolved_4b_2016_bin_6, which had previous val: 894.088, to conditional val: 894.088
nui: 0x5449b50, glob: 0x544c1c0
Setting glob: nom_gamma_stat_resolved_4b_2016_bin_7, which had previous val: 1242.49, to conditional val: 1242.49
nui: 0x544dcc0, glob: 0x5450330
Setting glob: nom_gamma_stat_resolved_4b_2016_bin_8, which had previous val: 1504.46, to conditional val: 1504.46
nui: 0x5451e30, glob: 0x54544a0
Setting glob: nom_gamma_stat_resolved_4b_2016_bin_9, which had previous val: 1650.02, to conditional val: 1650.02
nui: 0x5455fa0, glob: 0x5458610
Setting glob: nom_gamma_stat_resolved_4b_2016_bin_10, which had previous val: 1910.29, to conditional val: 1910.29
nui: 0x545a110, glob: 0x545c780
Setting glob: nom_gamma_stat_resolved_4b_2016_bin_11, which had previous val: 2055.92, to conditional val: 2055.92
nui: 0x545e280, glob: 0x54608f0
Setting glob: nom_gamma_stat_resolved_4b_2016_bin_12, which had previous val: 2621.23, to conditional val: 2621.23
nui: 0x54623f0, glob: 0x5464a60
Setting glob: nom_gamma_stat_resolved_4b_2016_bin_13, which had previous val: 2743.28, to conditional val: 2743.28
nui: 0x5466560, glob: 0x5468bd0
Setting glob: nom_gamma_stat_resolved_4b_2016_bin_14, which had previous val: 2698.84, to conditional val: 2698.84
nui: 0x546a6d0, glob: 0x546cd40
Setting glob: nom_gamma_stat_resolved_4b_2016_bin_15, which had previous val: 2679.99, to conditional val: 2679.99
nui: 0x546e840, glob: 0x5470eb0
Setting glob: nom_gamma_stat_resolved_4b_2016_bin_16, which had previous val: 2512.71, to conditional val: 2512.71
nui: 0x54729b0, glob: 0x5475020
Setting glob: nom_gamma_stat_resolved_4b_2016_bin_17, which had previous val: 2380.61, to conditional val: 2380.61
nui: 0x5476b20, glob: 0x5479190
Setting glob: nom_gamma_stat_resolved_4b_2016_bin_18, which had previous val: 2841.75, to conditional val: 2841.75
nui: 0x547ac90, glob: 0x547d300
Setting glob: nom_gamma_stat_resolved_4b_2016_bin_19, which had previous val: 2332.21, to conditional val: 2332.21
nui: 0x547ee00, glob: 0x5481470
Setting glob: nom_gamma_stat_resolved_4b_2016_bin_20, which had previous val: 1649.03, to conditional val: 1649.03
nui: 0x5482f70, glob: 0x54855e0
Setting glob: nom_gamma_stat_resolved_4b_2016_bin_21, which had previous val: 1077.22, to conditional val: 1077.22
nui: 0x54870e0, glob: 0x5489750
Setting glob: nom_gamma_stat_resolved_4b_2016_bin_22, which had previous val: 1700.92, to conditional val: 1700.92
nui: 0x548b250, glob: 0x548d8c0
Setting glob: nom_gamma_stat_resolved_4b_2016_bin_23, which had previous val: 1240.92, to conditional val: 1240.92
nui: 0x548f3c0, glob: 0x5491a30
Setting glob: nom_gamma_stat_resolved_4b_2016_bin_24, which had previous val: 1291.17, to conditional val: 1291.17
nui: 0x5493530, glob: 0x5495ba0
Setting glob: nom_gamma_stat_resolved_4b_2016_bin_25, which had previous val: 1021.39, to conditional val: 1021.39
nui: 0x54976a0, glob: 0x5499d10
Setting glob: nom_gamma_stat_resolved_4b_2016_bin_26, which had previous val: 773.274, to conditional val: 773.274
nui: 0x549b810, glob: 0x4b271c0
Setting glob: nom_gamma_stat_resolved_4b_2016_bin_27, which had previous val: 746.168, to conditional val: 746.168
nui: 0x54a3100, glob: 0x54a55b0
Setting glob: nom_gamma_stat_resolved_4b_2016_bin_28, which had previous val: 901.001, to conditional val: 901.001
nui: 0x54a70b0, glob: 0x54a9720
Setting glob: nom_gamma_stat_resolved_4b_2016_bin_29, which had previous val: 610.135, to conditional val: 610.135
nui: 0x54ab220, glob: 0x54ad890
Setting glob: nom_gamma_stat_resolved_4b_2016_bin_30, which had previous val: 525.281, to conditional val: 525.281
nui: 0x54af390, glob: 0x54b1a00
Setting glob: nom_gamma_stat_resolved_4b_2016_bin_31, which had previous val: 561.244, to conditional val: 561.244
nui: 0x54b3500, glob: 0x54b5b70
Setting glob: nom_gamma_stat_resolved_4b_2016_bin_32, which had previous val: 524.934, to conditional val: 524.934
nui: 0x54b7670, glob: 0x54b9ce0
Setting glob: nom_gamma_stat_resolved_4b_2016_bin_33, which had previous val: 463.289, to conditional val: 463.289
nui: 0x54bb7e0, glob: 0x54bde50
Setting glob: nom_gamma_stat_resolved_4b_2016_bin_34, which had previous val: 372.041, to conditional val: 372.041
nui: 0x54bf950, glob: 0x54c1fc0
Setting glob: nom_gamma_stat_resolved_4b_2016_bin_35, which had previous val: 354.18, to conditional val: 354.18
nui: 0x54c3ac0, glob: 0x54c6130
Setting glob: nom_gamma_stat_resolved_4b_2016_bin_36, which had previous val: 335.345, to conditional val: 335.345
nui: 0x54c7c30, glob: 0x54ca2a0
Setting glob: nom_gamma_stat_resolved_4b_2016_bin_37, which had previous val: 276.914, to conditional val: 276.914
nui: 0x54cbda0, glob: 0x54ce410
Setting glob: nom_gamma_stat_resolved_4b_2016_bin_38, which had previous val: 309.899, to conditional val: 309.899
nui: 0x54cff10, glob: 0x54d2580
Setting glob: nom_gamma_stat_resolved_4b_2016_bin_39, which had previous val: 267.63, to conditional val: 267.63
nui: 0x54d4080, glob: 0x54d66f0
Setting glob: nom_gamma_stat_resolved_4b_2016_bin_40, which had previous val: 249.651, to conditional val: 249.651
nui: 0x54d81f0, glob: 0x54da860
Setting glob: nom_gamma_stat_resolved_4b_2016_bin_41, which had previous val: 221.106, to conditional val: 221.106
nui: 0x54dc360, glob: 0x54de9d0
Setting glob: nom_gamma_stat_resolved_4b_2016_bin_42, which had previous val: 203.441, to conditional val: 203.441
nui: 0x54e04d0, glob: 0x54e2b40
Setting glob: nom_gamma_stat_resolved_4b_2016_bin_43, which had previous val: 162.643, to conditional val: 162.643
nui: 0x54e4640, glob: 0x54e6cb0
Setting glob: nom_gamma_stat_resolved_4b_2016_bin_44, which had previous val: 166.706, to conditional val: 166.706
nui: 0x54e87b0, glob: 0x54eae20
Setting glob: nom_gamma_stat_resolved_4b_2016_bin_45, which had previous val: 175.253, to conditional val: 175.253
nui: 0x54ec920, glob: 0x54eef90
Setting glob: nom_gamma_stat_resolved_4b_2016_bin_46, which had previous val: 160.076, to conditional val: 160.076
nui: 0x54f0a90, glob: 0x54f3100
Setting glob: nom_gamma_stat_resolved_4b_2016_bin_47, which had previous val: 159.758, to conditional val: 159.758
nui: 0x54f4c00, glob: 0x54f7270
Setting glob: nom_gamma_stat_resolved_4b_2016_bin_48, which had previous val: 122.444, to conditional val: 122.444
nui: 0x54f8d70, glob: 0x54fb3e0
Setting glob: nom_gamma_stat_resolved_4b_2016_bin_49, which had previous val: 119.329, to conditional val: 119.329
nui: 0x54fcee0, glob: 0x54ff550
Setting glob: nom_gamma_stat_resolved_4b_2016_bin_50, which had previous val: 113.163, to conditional val: 113.163
nui: 0x5501050, glob: 0x55036c0
Setting glob: nom_gamma_stat_resolved_4b_2016_bin_51, which had previous val: 133.584, to conditional val: 133.584
nui: 0x55051c0, glob: 0x5507830
Setting glob: nom_gamma_stat_resolved_4b_2016_bin_52, which had previous val: 98.1664, to conditional val: 98.1664
nui: 0x5509330, glob: 0x550b9a0
Setting glob: nom_gamma_stat_resolved_4b_2016_bin_53, which had previous val: 131.422, to conditional val: 131.422
nui: 0x550d4a0, glob: 0x550fb10
Setting glob: nom_gamma_stat_resolved_4b_2016_bin_54, which had previous val: 99.7649, to conditional val: 99.7649
nui: 0x5511610, glob: 0x5513c80
Setting glob: nom_gamma_stat_resolved_4b_2016_bin_55, which had previous val: 54.9132, to conditional val: 54.9132
nui: 0x5515780, glob: 0x5517df0
Setting glob: nom_gamma_stat_resolved_4b_2016_bin_56, which had previous val: 115.583, to conditional val: 115.583
nui: 0x55198f0, glob: 0x551bf60
Setting glob: nom_gamma_stat_resolved_4b_2016_bin_57, which had previous val: 113.444, to conditional val: 113.444
nui: 0x551da60, glob: 0x55200d0
Setting glob: nom_gamma_stat_resolved_4b_2016_bin_58, which had previous val: 104.648, to conditional val: 104.648
nui: 0x5521bd0, glob: 0x5524240
Setting glob: nom_gamma_stat_resolved_4b_2016_bin_59, which had previous val: 97.351, to conditional val: 97.351
nui: 0x5525d40, glob: 0x55283b0
Setting glob: nom_gamma_stat_resolved_4b_2016_bin_60, which had previous val: 101.104, to conditional val: 101.104
nui: 0x5529eb0, glob: 0x552c520
Setting glob: nom_gamma_stat_resolved_4b_2016_bin_61, which had previous val: 93.2016, to conditional val: 93.2016
nui: 0x552e020, glob: 0x5530690
Setting glob: nom_gamma_stat_resolved_4b_2016_bin_62, which had previous val: 94.9165, to conditional val: 94.9165
nui: 0x5532190, glob: 0x5534800
Setting glob: nom_gamma_stat_resolved_4b_2016_bin_63, which had previous val: 89.3037, to conditional val: 89.3037
nui: 0x5536300, glob: 0x5538970
Setting glob: nom_gamma_stat_resolved_4b_2016_bin_64, which had previous val: 56.2707, to conditional val: 56.2707
nui: 0x553a470, glob: 0x553cae0
Setting glob: nom_gamma_stat_resolved_4b_2016_bin_65, which had previous val: 68.1257, to conditional val: 68.1257
nui: 0x553e5e0, glob: 0x5540c50
Setting glob: nom_gamma_stat_resolved_4b_2016_bin_66, which had previous val: 91.7702, to conditional val: 91.7702
nui: 0x5542750, glob: 0x4b76530
Setting glob: nom_gamma_stat_resolved_4b_2016_bin_67, which had previous val: 81.2086, to conditional val: 81.2086
nui: 0x4b78100, glob: 0x4b7a690
Setting glob: nom_gamma_stat_resolved_4b_2016_bin_68, which had previous val: 72.2982, to conditional val: 72.2982
nui: 0x4b7c260, glob: 0x4b7e7f0
Setting glob: nom_gamma_stat_resolved_4b_2016_bin_69, which had previous val: 55.3002, to conditional val: 55.3002
nui: 0x46e5760, glob: 0x53fdd50
Setting glob: nom_alpha_BackgroundNorm17, which had previous val: 0, to conditional val: 0
nui: 0x53e8f10, glob: 0x53ea110
Setting glob: nom_alpha_BackgroundShape_HighHT_17, which had previous val: 0, to conditional val: 0
nui: 0x53eba00, glob: 0x53ecb50
Setting glob: nom_alpha_BackgroundShape_LowHT_17, which had previous val: 0, to conditional val: 0
nui: 0x46ebcb0, glob: 0x46edc00
Setting glob: nom_gamma_stat_resolved_4b_2017_bin_0, which had previous val: 723.037, to conditional val: 723.037
nui: 0x46f6290, glob: 0x46f8140
Setting glob: nom_gamma_stat_resolved_4b_2017_bin_1, which had previous val: 738.539, to conditional val: 738.539
nui: 0x46fa400, glob: 0x46fc2b0
Setting glob: nom_gamma_stat_resolved_4b_2017_bin_2, which had previous val: 750.164, to conditional val: 750.164
nui: 0x46fe570, glob: 0x4700420
Setting glob: nom_gamma_stat_resolved_4b_2017_bin_3, which had previous val: 821.242, to conditional val: 821.242
nui: 0x47026e0, glob: 0x4704590
Setting glob: nom_gamma_stat_resolved_4b_2017_bin_4, which had previous val: 997.98, to conditional val: 997.98
nui: 0x4706850, glob: 0x4708700
Setting glob: nom_gamma_stat_resolved_4b_2017_bin_5, which had previous val: 868.999, to conditional val: 868.999
nui: 0x470a9c0, glob: 0x470c870
Setting glob: nom_gamma_stat_resolved_4b_2017_bin_6, which had previous val: 1030.6, to conditional val: 1030.6
nui: 0x470eb30, glob: 0x47109e0
Setting glob: nom_gamma_stat_resolved_4b_2017_bin_7, which had previous val: 1178.9, to conditional val: 1178.9
nui: 0x4713200, glob: 0x47150b0
Setting glob: nom_gamma_stat_resolved_4b_2017_bin_8, which had previous val: 1468.59, to conditional val: 1468.59
nui: 0x4717370, glob: 0x4719220
Setting glob: nom_gamma_stat_resolved_4b_2017_bin_9, which had previous val: 1622.75, to conditional val: 1622.75
nui: 0x471b4e0, glob: 0x471d390
Setting glob: nom_gamma_stat_resolved_4b_2017_bin_10, which had previous val: 1884.08, to conditional val: 1884.08
nui: 0x471f650, glob: 0x4721500
Setting glob: nom_gamma_stat_resolved_4b_2017_bin_11, which had previous val: 2367.18, to conditional val: 2367.18
nui: 0x47237c0, glob: 0x4725670
Setting glob: nom_gamma_stat_resolved_4b_2017_bin_12, which had previous val: 2130.97, to conditional val: 2130.97
nui: 0x4727940, glob: 0x47297f0
Setting glob: nom_gamma_stat_resolved_4b_2017_bin_13, which had previous val: 2155.95, to conditional val: 2155.95
nui: 0x472bab0, glob: 0x472d960
Setting glob: nom_gamma_stat_resolved_4b_2017_bin_14, which had previous val: 2125.87, to conditional val: 2125.87
nui: 0x472fc20, glob: 0x4731ad0
Setting glob: nom_gamma_stat_resolved_4b_2017_bin_15, which had previous val: 2161.35, to conditional val: 2161.35
nui: 0x4733d90, glob: 0x4735c40
Setting glob: nom_gamma_stat_resolved_4b_2017_bin_16, which had previous val: 2026.02, to conditional val: 2026.02
nui: 0x4737f00, glob: 0x4739db0
Setting glob: nom_gamma_stat_resolved_4b_2017_bin_17, which had previous val: 2030.78, to conditional val: 2030.78
nui: 0x473c070, glob: 0x473df20
Setting glob: nom_gamma_stat_resolved_4b_2017_bin_18, which had previous val: 2275.71, to conditional val: 2275.71
nui: 0x4740950, glob: 0x47426d0
Setting glob: nom_gamma_stat_resolved_4b_2017_bin_19, which had previous val: 1715.63, to conditional val: 1715.63
nui: 0x4744990, glob: 0x4746840
Setting glob: nom_gamma_stat_resolved_4b_2017_bin_20, which had previous val: 1696.95, to conditional val: 1696.95
nui: 0x4748b00, glob: 0x474a9b0
Setting glob: nom_gamma_stat_resolved_4b_2017_bin_21, which had previous val: 1704.53, to conditional val: 1704.53
nui: 0x474cc70, glob: 0x474eb20
Setting glob: nom_gamma_stat_resolved_4b_2017_bin_22, which had previous val: 1514.11, to conditional val: 1514.11
nui: 0x4750de0, glob: 0x4752c90
Setting glob: nom_gamma_stat_resolved_4b_2017_bin_23, which had previous val: 1812.36, to conditional val: 1812.36
nui: 0x4754f50, glob: 0x4756e00
Setting glob: nom_gamma_stat_resolved_4b_2017_bin_24, which had previous val: 1357.23, to conditional val: 1357.23
nui: 0x47590c0, glob: 0x475af70
Setting glob: nom_gamma_stat_resolved_4b_2017_bin_25, which had previous val: 1282.83, to conditional val: 1282.83
nui: 0x475d230, glob: 0x475f0e0
Setting glob: nom_gamma_stat_resolved_4b_2017_bin_26, which had previous val: 1087.43, to conditional val: 1087.43
nui: 0x47613a0, glob: 0x4763250
Setting glob: nom_gamma_stat_resolved_4b_2017_bin_27, which had previous val: 1149.37, to conditional val: 1149.37
nui: 0x4765510, glob: 0x47673c0
Setting glob: nom_gamma_stat_resolved_4b_2017_bin_28, which had previous val: 925.693, to conditional val: 925.693
nui: 0x4769680, glob: 0x476b530
Setting glob: nom_gamma_stat_resolved_4b_2017_bin_29, which had previous val: 977.494, to conditional val: 977.494
nui: 0x476d7f0, glob: 0x476f6a0
Setting glob: nom_gamma_stat_resolved_4b_2017_bin_30, which had previous val: 843.44, to conditional val: 843.44
nui: 0x4771960, glob: 0x4773810
Setting glob: nom_gamma_stat_resolved_4b_2017_bin_31, which had previous val: 736.999, to conditional val: 736.999
nui: 0x4775ad0, glob: 0x4777980
Setting glob: nom_gamma_stat_resolved_4b_2017_bin_32, which had previous val: 715.442, to conditional val: 715.442
nui: 0x4779c40, glob: 0x477baf0
Setting glob: nom_gamma_stat_resolved_4b_2017_bin_33, which had previous val: 782.034, to conditional val: 782.034
nui: 0x477ddb0, glob: 0x477fc60
Setting glob: nom_gamma_stat_resolved_4b_2017_bin_34, which had previous val: 665.191, to conditional val: 665.191
nui: 0x4781f20, glob: 0x4783dd0
Setting glob: nom_gamma_stat_resolved_4b_2017_bin_35, which had previous val: 589.968, to conditional val: 589.968
nui: 0x4786090, glob: 0x4787f40
Setting glob: nom_gamma_stat_resolved_4b_2017_bin_36, which had previous val: 410.768, to conditional val: 410.768
nui: 0x478a220, glob: 0x478c0d0
Setting glob: nom_gamma_stat_resolved_4b_2017_bin_37, which had previous val: 498.494, to conditional val: 498.494
nui: 0x478e390, glob: 0x4790240
Setting glob: nom_gamma_stat_resolved_4b_2017_bin_38, which had previous val: 425.306, to conditional val: 425.306
nui: 0x4792500, glob: 0x47943b0
Setting glob: nom_gamma_stat_resolved_4b_2017_bin_39, which had previous val: 298.606, to conditional val: 298.606
nui: 0x4796670, glob: 0x4798520
Setting glob: nom_gamma_stat_resolved_4b_2017_bin_40, which had previous val: 342.113, to conditional val: 342.113
nui: 0x479a7e0, glob: 0x479c690
Setting glob: nom_gamma_stat_resolved_4b_2017_bin_41, which had previous val: 314.852, to conditional val: 314.852
nui: 0x479f5a0, glob: 0x47a13a0
Setting glob: nom_gamma_stat_resolved_4b_2017_bin_42, which had previous val: 328.906, to conditional val: 328.906
nui: 0x47a3660, glob: 0x47a5510
Setting glob: nom_gamma_stat_resolved_4b_2017_bin_43, which had previous val: 341.326, to conditional val: 341.326
nui: 0x47a77d0, glob: 0x47a9680
Setting glob: nom_gamma_stat_resolved_4b_2017_bin_44, which had previous val: 295.021, to conditional val: 295.021
nui: 0x47ab950, glob: 0x47ad800
Setting glob: nom_gamma_stat_resolved_4b_2017_bin_45, which had previous val: 266.259, to conditional val: 266.259
nui: 0x47afac0, glob: 0x47b1970
Setting glob: nom_gamma_stat_resolved_4b_2017_bin_46, which had previous val: 186.042, to conditional val: 186.042
nui: 0x47b3c30, glob: 0x47b5ae0
Setting glob: nom_gamma_stat_resolved_4b_2017_bin_47, which had previous val: 235.219, to conditional val: 235.219
nui: 0x47b7da0, glob: 0x47b9c50
Setting glob: nom_gamma_stat_resolved_4b_2017_bin_48, which had previous val: 222.878, to conditional val: 222.878
nui: 0x47bbf10, glob: 0x47bddc0
Setting glob: nom_gamma_stat_resolved_4b_2017_bin_49, which had previous val: 206.851, to conditional val: 206.851
nui: 0x47c0080, glob: 0x47c1f30
Setting glob: nom_gamma_stat_resolved_4b_2017_bin_50, which had previous val: 198.378, to conditional val: 198.378
nui: 0x47c41f0, glob: 0x47c60a0
Setting glob: nom_gamma_stat_resolved_4b_2017_bin_51, which had previous val: 200.855, to conditional val: 200.855
nui: 0x47c8360, glob: 0x47ca210
Setting glob: nom_gamma_stat_resolved_4b_2017_bin_52, which had previous val: 186.619, to conditional val: 186.619
nui: 0x464a6e0, glob: 0x464c5b0
Setting glob: nom_gamma_stat_resolved_4b_2017_bin_53, which had previous val: 171.359, to conditional val: 171.359
nui: 0x464e840, glob: 0x4650710
Setting glob: nom_gamma_stat_resolved_4b_2017_bin_54, which had previous val: 164.885, to conditional val: 164.885
nui: 0x46529a0, glob: 0x4654870
Setting glob: nom_gamma_stat_resolved_4b_2017_bin_55, which had previous val: 159.698, to conditional val: 159.698
nui: 0x4656b00, glob: 0x46589d0
Setting glob: nom_gamma_stat_resolved_4b_2017_bin_56, which had previous val: 146.113, to conditional val: 146.113
nui: 0x465ac60, glob: 0x465cb30
Setting glob: nom_gamma_stat_resolved_4b_2017_bin_57, which had previous val: 140.266, to conditional val: 140.266
nui: 0x465edc0, glob: 0x47faa90
Setting glob: nom_gamma_stat_resolved_4b_2017_bin_58, which had previous val: 138.883, to conditional val: 138.883
nui: 0x47fc9e0, glob: 0x47fe890
Setting glob: nom_gamma_stat_resolved_4b_2017_bin_59, which had previous val: 105.568, to conditional val: 105.568
nui: 0x4800b50, glob: 0x4802a00
Setting glob: nom_gamma_stat_resolved_4b_2017_bin_60, which had previous val: 142.948, to conditional val: 142.948
nui: 0x4804cc0, glob: 0x4806b70
Setting glob: nom_gamma_stat_resolved_4b_2017_bin_61, which had previous val: 127.021, to conditional val: 127.021
nui: 0x4808e30, glob: 0x480ace0
Setting glob: nom_gamma_stat_resolved_4b_2017_bin_62, which had previous val: 121.501, to conditional val: 121.501
nui: 0x480cfa0, glob: 0x480ee50
Setting glob: nom_gamma_stat_resolved_4b_2017_bin_63, which had previous val: 122.657, to conditional val: 122.657
nui: 0x4811110, glob: 0x4812fc0
Setting glob: nom_gamma_stat_resolved_4b_2017_bin_64, which had previous val: 117.896, to conditional val: 117.896
nui: 0x4815280, glob: 0x4817130
Setting glob: nom_gamma_stat_resolved_4b_2017_bin_65, which had previous val: 118.399, to conditional val: 118.399
nui: 0x48193f0, glob: 0x481b2a0
Setting glob: nom_gamma_stat_resolved_4b_2017_bin_66, which had previous val: 101.46, to conditional val: 101.46
nui: 0x481d560, glob: 0x481f410
Setting glob: nom_gamma_stat_resolved_4b_2017_bin_67, which had previous val: 112.448, to conditional val: 112.448
nui: 0x48216d0, glob: 0x4823580
Setting glob: nom_gamma_stat_resolved_4b_2017_bin_68, which had previous val: 100.033, to conditional val: 100.033
nui: 0x4826630, glob: 0x4828370
Setting glob: nom_gamma_stat_resolved_4b_2017_bin_69, which had previous val: 74.2995, to conditional val: 74.2995
nui: 0x4aca7a0, glob: 0x53213b0
Setting glob: nom_alpha_BackgroundNorm18, which had previous val: 0, to conditional val: 0
nui: 0x530c210, glob: 0x530d410
Setting glob: nom_alpha_BackgroundShape_HighHT_18, which had previous val: 0, to conditional val: 0
nui: 0x530ed00, glob: 0x530fe50
Setting glob: nom_alpha_BackgroundShape_LowHT_18, which had previous val: 0, to conditional val: 0
nui: 0x4ad0bf0, glob: 0x4ad2b40
Setting glob: nom_gamma_stat_resolved_4b_2018_bin_0, which had previous val: 1189.08, to conditional val: 1189.08
nui: 0x4ad4e50, glob: 0x4ad6d00
Setting glob: nom_gamma_stat_resolved_4b_2018_bin_1, which had previous val: 1014.03, to conditional val: 1014.03
nui: 0x4ad8fc0, glob: 0x4adae70
Setting glob: nom_gamma_stat_resolved_4b_2018_bin_2, which had previous val: 970.518, to conditional val: 970.518
nui: 0x4add130, glob: 0x4adefe0
Setting glob: nom_gamma_stat_resolved_4b_2018_bin_3, which had previous val: 1172.47, to conditional val: 1172.47
nui: 0x4ae12a0, glob: 0x4ae3150
Setting glob: nom_gamma_stat_resolved_4b_2018_bin_4, which had previous val: 1072.42, to conditional val: 1072.42
nui: 0x4ae5410, glob: 0x4ae72c0
Setting glob: nom_gamma_stat_resolved_4b_2018_bin_5, which had previous val: 1163.51, to conditional val: 1163.51
nui: 0x4ae9580, glob: 0x4aeb430
Setting glob: nom_gamma_stat_resolved_4b_2018_bin_6, which had previous val: 1370.52, to conditional val: 1370.52
nui: 0x4aed6f0, glob: 0x4aef5a0
Setting glob: nom_gamma_stat_resolved_4b_2018_bin_7, which had previous val: 1533.89, to conditional val: 1533.89
nui: 0x4af1860, glob: 0x4af3710
Setting glob: nom_gamma_stat_resolved_4b_2018_bin_8, which had previous val: 1639.7, to conditional val: 1639.7
nui: 0x4af59d0, glob: 0x4af7880
Setting glob: nom_gamma_stat_resolved_4b_2018_bin_9, which had previous val: 2242.49, to conditional val: 2242.49
nui: 0x4af9b40, glob: 0x4afb9f0
Setting glob: nom_gamma_stat_resolved_4b_2018_bin_10, which had previous val: 2317.17, to conditional val: 2317.17
nui: 0x4afdcb0, glob: 0x4affb60
Setting glob: nom_gamma_stat_resolved_4b_2018_bin_11, which had previous val: 2992.86, to conditional val: 2992.86
nui: 0x4b01e20, glob: 0x4b03cd0
Setting glob: nom_gamma_stat_resolved_4b_2018_bin_12, which had previous val: 2929.59, to conditional val: 2929.59
nui: 0x4b05f90, glob: 0x4b07e40
Setting glob: nom_gamma_stat_resolved_4b_2018_bin_13, which had previous val: 3075.34, to conditional val: 3075.34
nui: 0x4b0a100, glob: 0x4b0bfb0
Setting glob: nom_gamma_stat_resolved_4b_2018_bin_14, which had previous val: 3216.39, to conditional val: 3216.39
nui: 0x4b0e270, glob: 0x4b10120
Setting glob: nom_gamma_stat_resolved_4b_2018_bin_15, which had previous val: 3352.14, to conditional val: 3352.14
nui: 0x4b123e0, glob: 0x4b14290
Setting glob: nom_gamma_stat_resolved_4b_2018_bin_16, which had previous val: 2590.6, to conditional val: 2590.6
nui: 0x4b16550, glob: 0x4b18400
Setting glob: nom_gamma_stat_resolved_4b_2018_bin_17, which had previous val: 3569.47, to conditional val: 3569.47
nui: 0x4b1a6c0, glob: 0x4b1c570
Setting glob: nom_gamma_stat_resolved_4b_2018_bin_18, which had previous val: 2419.68, to conditional val: 2419.68
nui: 0x4b1e830, glob: 0x4b206e0
Setting glob: nom_gamma_stat_resolved_4b_2018_bin_19, which had previous val: 2118.01, to conditional val: 2118.01
nui: 0x4b229a0, glob: 0x4b24850
Setting glob: nom_gamma_stat_resolved_4b_2018_bin_20, which had previous val: 2103.25, to conditional val: 2103.25
nui: 0x479e490, glob: 0x4b2a240
Setting glob: nom_gamma_stat_resolved_4b_2018_bin_21, which had previous val: 2174.79, to conditional val: 2174.79
nui: 0x4b2c500, glob: 0x4b2e3b0
Setting glob: nom_gamma_stat_resolved_4b_2018_bin_22, which had previous val: 1393.94, to conditional val: 1393.94
nui: 0x4b30670, glob: 0x4b32520
Setting glob: nom_gamma_stat_resolved_4b_2018_bin_23, which had previous val: 1675.84, to conditional val: 1675.84
nui: 0x4b347e0, glob: 0x4b36690
Setting glob: nom_gamma_stat_resolved_4b_2018_bin_24, which had previous val: 1442.8, to conditional val: 1442.8
nui: 0x4b38950, glob: 0x4b3a800
Setting glob: nom_gamma_stat_resolved_4b_2018_bin_25, which had previous val: 1326.2, to conditional val: 1326.2
nui: 0x4b3cac0, glob: 0x4b3e970
Setting glob: nom_gamma_stat_resolved_4b_2018_bin_26, which had previous val: 1032.14, to conditional val: 1032.14
nui: 0x4b40c30, glob: 0x4b42ae0
Setting glob: nom_gamma_stat_resolved_4b_2018_bin_27, which had previous val: 1053.71, to conditional val: 1053.71
nui: 0x4b44da0, glob: 0x4b46c50
Setting glob: nom_gamma_stat_resolved_4b_2018_bin_28, which had previous val: 918.637, to conditional val: 918.637
nui: 0x4b48f10, glob: 0x4b4adc0
Setting glob: nom_gamma_stat_resolved_4b_2018_bin_29, which had previous val: 959.275, to conditional val: 959.275
nui: 0x4b4d080, glob: 0x4b4ef30
Setting glob: nom_gamma_stat_resolved_4b_2018_bin_30, which had previous val: 727.88, to conditional val: 727.88
nui: 0x4b511f0, glob: 0x4b530a0
Setting glob: nom_gamma_stat_resolved_4b_2018_bin_31, which had previous val: 778.087, to conditional val: 778.087
nui: 0x4b55360, glob: 0x4b57210
Setting glob: nom_gamma_stat_resolved_4b_2018_bin_32, which had previous val: 686.897, to conditional val: 686.897
nui: 0x4b594d0, glob: 0x4b5b380
Setting glob: nom_gamma_stat_resolved_4b_2018_bin_33, which had previous val: 548.255, to conditional val: 548.255
nui: 0x4b5d640, glob: 0x4b5f4f0
Setting glob: nom_gamma_stat_resolved_4b_2018_bin_34, which had previous val: 490.382, to conditional val: 490.382
nui: 0x4b617b0, glob: 0x4b63660
Setting glob: nom_gamma_stat_resolved_4b_2018_bin_35, which had previous val: 517.145, to conditional val: 517.145
nui: 0x4b65920, glob: 0x4b677d0
Setting glob: nom_gamma_stat_resolved_4b_2018_bin_36, which had previous val: 434.116, to conditional val: 434.116
nui: 0x4b69a90, glob: 0x4b6b940
Setting glob: nom_gamma_stat_resolved_4b_2018_bin_37, which had previous val: 456.49, to conditional val: 456.49
nui: 0x4b6dc00, glob: 0x4b6fab0
Setting glob: nom_gamma_stat_resolved_4b_2018_bin_38, which had previous val: 410.308, to conditional val: 410.308
nui: 0x4b71d70, glob: 0x4b73c20
Setting glob: nom_gamma_stat_resolved_4b_2018_bin_39, which had previous val: 332.356, to conditional val: 332.356
nui: 0x47cb230, glob: 0x47cd100
Setting glob: nom_gamma_stat_resolved_4b_2018_bin_40, which had previous val: 339.745, to conditional val: 339.745
nui: 0x47cf390, glob: 0x47d1260
Setting glob: nom_gamma_stat_resolved_4b_2018_bin_41, which had previous val: 319.404, to conditional val: 319.404
nui: 0x47d34f0, glob: 0x47d53c0
Setting glob: nom_gamma_stat_resolved_4b_2018_bin_42, which had previous val: 262.577, to conditional val: 262.577
nui: 0x47d7650, glob: 0x47d9520
Setting glob: nom_gamma_stat_resolved_4b_2018_bin_43, which had previous val: 275.397, to conditional val: 275.397
nui: 0x47db7b0, glob: 0x47dd680
Setting glob: nom_gamma_stat_resolved_4b_2018_bin_44, which had previous val: 260.291, to conditional val: 260.291
nui: 0x47df910, glob: 0x47e17e0
Setting glob: nom_gamma_stat_resolved_4b_2018_bin_45, which had previous val: 244.046, to conditional val: 244.046
nui: 0x47e3a70, glob: 0x47e5940
Setting glob: nom_gamma_stat_resolved_4b_2018_bin_46, which had previous val: 268.204, to conditional val: 268.204
nui: 0x47e7bd0, glob: 0x47e9aa0
Setting glob: nom_gamma_stat_resolved_4b_2018_bin_47, which had previous val: 210.183, to conditional val: 210.183
nui: 0x47ebd30, glob: 0x47edc00
Setting glob: nom_gamma_stat_resolved_4b_2018_bin_48, which had previous val: 204.993, to conditional val: 204.993
nui: 0x47efe90, glob: 0x47f1d60
Setting glob: nom_gamma_stat_resolved_4b_2018_bin_49, which had previous val: 199.783, to conditional val: 199.783
nui: 0x47f3ff0, glob: 0x47f5ec0
Setting glob: nom_gamma_stat_resolved_4b_2018_bin_50, which had previous val: 216.612, to conditional val: 216.612
nui: 0x47f8150, glob: 0x47fa020
Setting glob: nom_gamma_stat_resolved_4b_2018_bin_51, which had previous val: 160.791, to conditional val: 160.791
nui: 0x4bd68a0, glob: 0x4bd8750
Setting glob: nom_gamma_stat_resolved_4b_2018_bin_52, which had previous val: 182.977, to conditional val: 182.977
nui: 0x4bdaa10, glob: 0x4bdc8c0
Setting glob: nom_gamma_stat_resolved_4b_2018_bin_53, which had previous val: 188.777, to conditional val: 188.777
nui: 0x4bdeb80, glob: 0x4be0a30
Setting glob: nom_gamma_stat_resolved_4b_2018_bin_54, which had previous val: 170.62, to conditional val: 170.62
nui: 0x4be2cf0, glob: 0x4be4ba0
Setting glob: nom_gamma_stat_resolved_4b_2018_bin_55, which had previous val: 163.025, to conditional val: 163.025
nui: 0x4be6e60, glob: 0x4be8d10
Setting glob: nom_gamma_stat_resolved_4b_2018_bin_56, which had previous val: 149.811, to conditional val: 149.811
nui: 0x4beafd0, glob: 0x4bece80
Setting glob: nom_gamma_stat_resolved_4b_2018_bin_57, which had previous val: 173.271, to conditional val: 173.271
nui: 0x4bef140, glob: 0x4bf0ff0
Setting glob: nom_gamma_stat_resolved_4b_2018_bin_58, which had previous val: 147.887, to conditional val: 147.887
nui: 0x4bf32b0, glob: 0x4bf5160
Setting glob: nom_gamma_stat_resolved_4b_2018_bin_59, which had previous val: 115.836, to conditional val: 115.836
nui: 0x4bf7420, glob: 0x4bf92d0
Setting glob: nom_gamma_stat_resolved_4b_2018_bin_60, which had previous val: 149.115, to conditional val: 149.115
nui: 0x4bfb590, glob: 0x4bfd440
Setting glob: nom_gamma_stat_resolved_4b_2018_bin_61, which had previous val: 138.221, to conditional val: 138.221
nui: 0x4bff700, glob: 0x4c015b0
Setting glob: nom_gamma_stat_resolved_4b_2018_bin_62, which had previous val: 145.779, to conditional val: 145.779
nui: 0x4c03870, glob: 0x4c05720
Setting glob: nom_gamma_stat_resolved_4b_2018_bin_63, which had previous val: 119.849, to conditional val: 119.849
nui: 0x4c079e0, glob: 0x4c09890
Setting glob: nom_gamma_stat_resolved_4b_2018_bin_64, which had previous val: 114.606, to conditional val: 114.606
nui: 0x4c0bb50, glob: 0x4c0da00
Setting glob: nom_gamma_stat_resolved_4b_2018_bin_65, which had previous val: 105.861, to conditional val: 105.861
nui: 0x4c0fcc0, glob: 0x4c11b70
Setting glob: nom_gamma_stat_resolved_4b_2018_bin_66, which had previous val: 103.425, to conditional val: 103.425
nui: 0x4c13e30, glob: 0x4c15ce0
Setting glob: nom_gamma_stat_resolved_4b_2018_bin_67, which had previous val: 140.033, to conditional val: 140.033
nui: 0x4c17fb0, glob: 0x4c19e60
Setting glob: nom_gamma_stat_resolved_4b_2018_bin_68, which had previous val: 126.096, to conditional val: 126.096
nui: 0x4825d00, glob: 0x4c1f8e0
Setting glob: nom_gamma_stat_resolved_4b_2018_bin_69, which had previous val: 93.806, to conditional val: 93.806
Saving conditional snapshots
Making asimov
adding obs
adding weight
weightVar: 0x4bb49b0
defining set
 check expectedData by category
[#1] INFO:NumericIntegration -- RooRealIntegral::init(resolved_4b_2016_model_Int[obs_x_resolved_4b_2016]) using numeric integrator RooBinIntegrator to calculate Int(obs_x_resolved_4b_2016)
RooRealVar::obs_x_resolved_4b_2016 = 1242.86  L(250 - 1250) B(70) 
pdf: model_resolved_4b_2016
expected events 9009.13
-----
[#1] INFO:NumericIntegration -- RooRealIntegral::init(resolved_4b_2017_model_Int[obs_x_resolved_4b_2017]) using numeric integrator RooBinIntegrator to calculate Int(obs_x_resolved_4b_2017)
RooRealVar::obs_x_resolved_4b_2017 = 1242.86  L(250 - 1250) B(70) 
pdf: model_resolved_4b_2017
expected events 11041.1
-----
[#1] INFO:NumericIntegration -- RooRealIntegral::init(resolved_4b_2018_model_Int[obs_x_resolved_4b_2018]) using numeric integrator RooBinIntegrator to calculate Int(obs_x_resolved_4b_2018)
RooRealVar::obs_x_resolved_4b_2018 = 1242.86  L(250 - 1250) B(70) 
pdf: model_resolved_4b_2018
expected events 19485.9
-----
Import 2
[#1] INFO:ObjectHandling -- RooWorkspace::import(combWS) importing dataset asimovData_POI_0_NP_nom
