
[1mRooFit v3.60 -- Developed by Wouter Verkerke and David Kirkby[0m 
                Copyright (C) 2000-2013 NIKHEF, University of California & Stanford University
                All rights reserved, please read http://roofit.sourceforge.net/license.txt

Warning in <TClassTable::Add>: class RooNovosibirsk_nancy already in TClassTable
Warning in <TClassTable::Add>: class ExpGausExpPDF already in TClassTable
Warning in <TClassTable::Add>: class HggTwoSidedCBPdf already in TClassTable
You called: 
/afs/cern.ch/work/c/chlcheng/Repository/hh_combination_fw/submodules/RooStatTools/./bin/makeAsimovData output/rescaled/spin0/bbbb/700.root output/rescaled/spin0/bbbb/700_with_Asimov_POI_0_NP_nom.root combWS ModelConfig combData false 0.0 asimovData_POI_0_NP_nom xsec_br 
#--- Running makeAsimovData ---
# - Settings: 
  - input_ws:           output/rescaled/spin0/bbbb/700.root
  - output_ws:          output/rescaled/spin0/bbbb/700_with_Asimov_POI_0_NP_nom.root
  - workspacename:      combWS
  - modelConfigName:    ModelConfig
  - dataName:           combData
  - doConditional:      0 (false)
  - mu:                 0
  - asimovData_name:    asimovData_POI_0_NP_nom
  - poiName:            xsec_br
Executing makeAsimovData().
inside makeAsimovData().
- doConditional: 0
Pairing nui: Lumi, with glob: nominalLumi, from constraint: lumiConstraint
Pairing nui: alpha_BackgroundNorm16, with glob: nom_alpha_BackgroundNorm16, from constraint: alpha_BackgroundNorm16Constraint
Pairing nui: alpha_BackgroundShape_HighHT_16, with glob: nom_alpha_BackgroundShape_HighHT_16, from constraint: alpha_BackgroundShape_HighHT_16Constraint
Pairing nui: alpha_BackgroundShape_LowHT_16, with glob: nom_alpha_BackgroundShape_LowHT_16, from constraint: alpha_BackgroundShape_LowHT_16Constraint
Pairing nui: alpha_Theory, with glob: nom_alpha_Theory, from constraint: alpha_TheoryConstraint
Pairing nui: alpha_FT_EFF_Eigen_B_0, with glob: nom_alpha_FT_EFF_Eigen_B_0, from constraint: alpha_FT_EFF_Eigen_B_0Constraint
Pairing nui: alpha_FT_EFF_Eigen_B_1, with glob: nom_alpha_FT_EFF_Eigen_B_1, from constraint: alpha_FT_EFF_Eigen_B_1Constraint
Pairing nui: alpha_FT_EFF_Eigen_B_2, with glob: nom_alpha_FT_EFF_Eigen_B_2, from constraint: alpha_FT_EFF_Eigen_B_2Constraint
Pairing nui: alpha_FT_EFF_Eigen_B_3, with glob: nom_alpha_FT_EFF_Eigen_B_3, from constraint: alpha_FT_EFF_Eigen_B_3Constraint
Pairing nui: alpha_FT_EFF_Eigen_B_4, with glob: nom_alpha_FT_EFF_Eigen_B_4, from constraint: alpha_FT_EFF_Eigen_B_4Constraint
Pairing nui: alpha_FT_EFF_Eigen_B_5, with glob: nom_alpha_FT_EFF_Eigen_B_5, from constraint: alpha_FT_EFF_Eigen_B_5Constraint
Pairing nui: alpha_FT_EFF_Eigen_B_6, with glob: nom_alpha_FT_EFF_Eigen_B_6, from constraint: alpha_FT_EFF_Eigen_B_6Constraint
Pairing nui: alpha_FT_EFF_Eigen_B_7, with glob: nom_alpha_FT_EFF_Eigen_B_7, from constraint: alpha_FT_EFF_Eigen_B_7Constraint
Pairing nui: alpha_FT_EFF_Eigen_B_8, with glob: nom_alpha_FT_EFF_Eigen_B_8, from constraint: alpha_FT_EFF_Eigen_B_8Constraint
Pairing nui: alpha_FT_EFF_Eigen_C_0, with glob: nom_alpha_FT_EFF_Eigen_C_0, from constraint: alpha_FT_EFF_Eigen_C_0Constraint
Pairing nui: alpha_FT_EFF_Eigen_C_1, with glob: nom_alpha_FT_EFF_Eigen_C_1, from constraint: alpha_FT_EFF_Eigen_C_1Constraint
Pairing nui: alpha_FT_EFF_Eigen_C_2, with glob: nom_alpha_FT_EFF_Eigen_C_2, from constraint: alpha_FT_EFF_Eigen_C_2Constraint
Pairing nui: alpha_FT_EFF_Eigen_C_3, with glob: nom_alpha_FT_EFF_Eigen_C_3, from constraint: alpha_FT_EFF_Eigen_C_3Constraint
Pairing nui: alpha_FT_EFF_Eigen_Light_0, with glob: nom_alpha_FT_EFF_Eigen_Light_0, from constraint: alpha_FT_EFF_Eigen_Light_0Constraint
Pairing nui: alpha_FT_EFF_Eigen_Light_1, with glob: nom_alpha_FT_EFF_Eigen_Light_1, from constraint: alpha_FT_EFF_Eigen_Light_1Constraint
Pairing nui: alpha_FT_EFF_Eigen_Light_2, with glob: nom_alpha_FT_EFF_Eigen_Light_2, from constraint: alpha_FT_EFF_Eigen_Light_2Constraint
Pairing nui: alpha_FT_EFF_Eigen_Light_3, with glob: nom_alpha_FT_EFF_Eigen_Light_3, from constraint: alpha_FT_EFF_Eigen_Light_3Constraint
Pairing nui: alpha_FT_EFF_extrapolation, with glob: nom_alpha_FT_EFF_extrapolation, from constraint: alpha_FT_EFF_extrapolationConstraint
Pairing nui: alpha_FT_EFF_extrapolation_from_charm, with glob: nom_alpha_FT_EFF_extrapolation_from_charm, from constraint: alpha_FT_EFF_extrapolation_from_charmConstraint
Pairing nui: alpha_JET_BJES_Response, with glob: nom_alpha_JET_BJES_Response, from constraint: alpha_JET_BJES_ResponseConstraint
Pairing nui: alpha_JET_EffectiveNP_Detector1, with glob: nom_alpha_JET_EffectiveNP_Detector1, from constraint: alpha_JET_EffectiveNP_Detector1Constraint
Pairing nui: alpha_JET_EffectiveNP_Detector2, with glob: nom_alpha_JET_EffectiveNP_Detector2, from constraint: alpha_JET_EffectiveNP_Detector2Constraint
Pairing nui: alpha_JET_EffectiveNP_Mixed1, with glob: nom_alpha_JET_EffectiveNP_Mixed1, from constraint: alpha_JET_EffectiveNP_Mixed1Constraint
Pairing nui: alpha_JET_EffectiveNP_Mixed2, with glob: nom_alpha_JET_EffectiveNP_Mixed2, from constraint: alpha_JET_EffectiveNP_Mixed2Constraint
Pairing nui: alpha_JET_EffectiveNP_Mixed3, with glob: nom_alpha_JET_EffectiveNP_Mixed3, from constraint: alpha_JET_EffectiveNP_Mixed3Constraint
Pairing nui: alpha_JET_EffectiveNP_Modelling1, with glob: nom_alpha_JET_EffectiveNP_Modelling1, from constraint: alpha_JET_EffectiveNP_Modelling1Constraint
Pairing nui: alpha_JET_EffectiveNP_Modelling2, with glob: nom_alpha_JET_EffectiveNP_Modelling2, from constraint: alpha_JET_EffectiveNP_Modelling2Constraint
Pairing nui: alpha_JET_EffectiveNP_Modelling3, with glob: nom_alpha_JET_EffectiveNP_Modelling3, from constraint: alpha_JET_EffectiveNP_Modelling3Constraint
Pairing nui: alpha_JET_EffectiveNP_Modelling4, with glob: nom_alpha_JET_EffectiveNP_Modelling4, from constraint: alpha_JET_EffectiveNP_Modelling4Constraint
Pairing nui: alpha_JET_EffectiveNP_Statistical1, with glob: nom_alpha_JET_EffectiveNP_Statistical1, from constraint: alpha_JET_EffectiveNP_Statistical1Constraint
Pairing nui: alpha_JET_EffectiveNP_Statistical2, with glob: nom_alpha_JET_EffectiveNP_Statistical2, from constraint: alpha_JET_EffectiveNP_Statistical2Constraint
Pairing nui: alpha_JET_EffectiveNP_Statistical3, with glob: nom_alpha_JET_EffectiveNP_Statistical3, from constraint: alpha_JET_EffectiveNP_Statistical3Constraint
Pairing nui: alpha_JET_EffectiveNP_Statistical4, with glob: nom_alpha_JET_EffectiveNP_Statistical4, from constraint: alpha_JET_EffectiveNP_Statistical4Constraint
Pairing nui: alpha_JET_EffectiveNP_Statistical5, with glob: nom_alpha_JET_EffectiveNP_Statistical5, from constraint: alpha_JET_EffectiveNP_Statistical5Constraint
Pairing nui: alpha_JET_EffectiveNP_Statistical6, with glob: nom_alpha_JET_EffectiveNP_Statistical6, from constraint: alpha_JET_EffectiveNP_Statistical6Constraint
Pairing nui: alpha_JET_EtaIntercalibration_Modelling, with glob: nom_alpha_JET_EtaIntercalibration_Modelling, from constraint: alpha_JET_EtaIntercalibration_ModellingConstraint
Pairing nui: alpha_JET_EtaIntercalibration_NonClosure_highE, with glob: nom_alpha_JET_EtaIntercalibration_NonClosure_highE, from constraint: alpha_JET_EtaIntercalibration_NonClosure_highEConstraint
Pairing nui: alpha_JET_EtaIntercalibration_NonClosure_negEta, with glob: nom_alpha_JET_EtaIntercalibration_NonClosure_negEta, from constraint: alpha_JET_EtaIntercalibration_NonClosure_negEtaConstraint
Pairing nui: alpha_JET_EtaIntercalibration_NonClosure_posEta, with glob: nom_alpha_JET_EtaIntercalibration_NonClosure_posEta, from constraint: alpha_JET_EtaIntercalibration_NonClosure_posEtaConstraint
Pairing nui: alpha_JET_EtaIntercalibration_TotalStat, with glob: nom_alpha_JET_EtaIntercalibration_TotalStat, from constraint: alpha_JET_EtaIntercalibration_TotalStatConstraint
Pairing nui: alpha_JET_Flavor_Composition, with glob: nom_alpha_JET_Flavor_Composition, from constraint: alpha_JET_Flavor_CompositionConstraint
Pairing nui: alpha_JET_Flavor_Response, with glob: nom_alpha_JET_Flavor_Response, from constraint: alpha_JET_Flavor_ResponseConstraint
Pairing nui: alpha_JET_JER_DataVsMC, with glob: nom_alpha_JET_JER_DataVsMC, from constraint: alpha_JET_JER_DataVsMCConstraint
Pairing nui: alpha_JET_JER_EffectiveNP_1, with glob: nom_alpha_JET_JER_EffectiveNP_1, from constraint: alpha_JET_JER_EffectiveNP_1Constraint
Pairing nui: alpha_JET_JER_EffectiveNP_10, with glob: nom_alpha_JET_JER_EffectiveNP_10, from constraint: alpha_JET_JER_EffectiveNP_10Constraint
Pairing nui: alpha_JET_JER_EffectiveNP_11, with glob: nom_alpha_JET_JER_EffectiveNP_11, from constraint: alpha_JET_JER_EffectiveNP_11Constraint
Pairing nui: alpha_JET_JER_EffectiveNP_12restTerm, with glob: nom_alpha_JET_JER_EffectiveNP_12restTerm, from constraint: alpha_JET_JER_EffectiveNP_12restTermConstraint
Pairing nui: alpha_JET_JER_EffectiveNP_2, with glob: nom_alpha_JET_JER_EffectiveNP_2, from constraint: alpha_JET_JER_EffectiveNP_2Constraint
Pairing nui: alpha_JET_JER_EffectiveNP_3, with glob: nom_alpha_JET_JER_EffectiveNP_3, from constraint: alpha_JET_JER_EffectiveNP_3Constraint
Pairing nui: alpha_JET_JER_EffectiveNP_4, with glob: nom_alpha_JET_JER_EffectiveNP_4, from constraint: alpha_JET_JER_EffectiveNP_4Constraint
Pairing nui: alpha_JET_JER_EffectiveNP_5, with glob: nom_alpha_JET_JER_EffectiveNP_5, from constraint: alpha_JET_JER_EffectiveNP_5Constraint
Pairing nui: alpha_JET_JER_EffectiveNP_6, with glob: nom_alpha_JET_JER_EffectiveNP_6, from constraint: alpha_JET_JER_EffectiveNP_6Constraint
Pairing nui: alpha_JET_JER_EffectiveNP_7, with glob: nom_alpha_JET_JER_EffectiveNP_7, from constraint: alpha_JET_JER_EffectiveNP_7Constraint
Pairing nui: alpha_JET_JER_EffectiveNP_8, with glob: nom_alpha_JET_JER_EffectiveNP_8, from constraint: alpha_JET_JER_EffectiveNP_8Constraint
Pairing nui: alpha_JET_JER_EffectiveNP_9, with glob: nom_alpha_JET_JER_EffectiveNP_9, from constraint: alpha_JET_JER_EffectiveNP_9Constraint
Pairing nui: alpha_JET_Pileup_OffsetMu, with glob: nom_alpha_JET_Pileup_OffsetMu, from constraint: alpha_JET_Pileup_OffsetMuConstraint
Pairing nui: alpha_JET_Pileup_OffsetNPV, with glob: nom_alpha_JET_Pileup_OffsetNPV, from constraint: alpha_JET_Pileup_OffsetNPVConstraint
Pairing nui: alpha_JET_Pileup_PtTerm, with glob: nom_alpha_JET_Pileup_PtTerm, from constraint: alpha_JET_Pileup_PtTermConstraint
Pairing nui: alpha_JET_Pileup_RhoTopology, with glob: nom_alpha_JET_Pileup_RhoTopology, from constraint: alpha_JET_Pileup_RhoTopologyConstraint
Pairing nui: alpha_JET_PunchThrough_MC16, with glob: nom_alpha_JET_PunchThrough_MC16, from constraint: alpha_JET_PunchThrough_MC16Constraint
Pairing nui: alpha_JET_SingleParticle_HighPt, with glob: nom_alpha_JET_SingleParticle_HighPt, from constraint: alpha_JET_SingleParticle_HighPtConstraint
Pairing nui: gamma_stat_resolved_4b_2016_bin_0_poisMean, with glob: nom_gamma_stat_resolved_4b_2016_bin_0, from constraint: gamma_stat_resolved_4b_2016_bin_0_constraint
Pairing nui: gamma_stat_resolved_4b_2016_bin_1_poisMean, with glob: nom_gamma_stat_resolved_4b_2016_bin_1, from constraint: gamma_stat_resolved_4b_2016_bin_1_constraint
Pairing nui: gamma_stat_resolved_4b_2016_bin_2_poisMean, with glob: nom_gamma_stat_resolved_4b_2016_bin_2, from constraint: gamma_stat_resolved_4b_2016_bin_2_constraint
Pairing nui: gamma_stat_resolved_4b_2016_bin_3_poisMean, with glob: nom_gamma_stat_resolved_4b_2016_bin_3, from constraint: gamma_stat_resolved_4b_2016_bin_3_constraint
Pairing nui: gamma_stat_resolved_4b_2016_bin_4_poisMean, with glob: nom_gamma_stat_resolved_4b_2016_bin_4, from constraint: gamma_stat_resolved_4b_2016_bin_4_constraint
Pairing nui: gamma_stat_resolved_4b_2016_bin_5_poisMean, with glob: nom_gamma_stat_resolved_4b_2016_bin_5, from constraint: gamma_stat_resolved_4b_2016_bin_5_constraint
Pairing nui: gamma_stat_resolved_4b_2016_bin_6_poisMean, with glob: nom_gamma_stat_resolved_4b_2016_bin_6, from constraint: gamma_stat_resolved_4b_2016_bin_6_constraint
Pairing nui: gamma_stat_resolved_4b_2016_bin_7_poisMean, with glob: nom_gamma_stat_resolved_4b_2016_bin_7, from constraint: gamma_stat_resolved_4b_2016_bin_7_constraint
Pairing nui: gamma_stat_resolved_4b_2016_bin_8_poisMean, with glob: nom_gamma_stat_resolved_4b_2016_bin_8, from constraint: gamma_stat_resolved_4b_2016_bin_8_constraint
Pairing nui: gamma_stat_resolved_4b_2016_bin_9_poisMean, with glob: nom_gamma_stat_resolved_4b_2016_bin_9, from constraint: gamma_stat_resolved_4b_2016_bin_9_constraint
Pairing nui: gamma_stat_resolved_4b_2016_bin_10_poisMean, with glob: nom_gamma_stat_resolved_4b_2016_bin_10, from constraint: gamma_stat_resolved_4b_2016_bin_10_constraint
Pairing nui: gamma_stat_resolved_4b_2016_bin_11_poisMean, with glob: nom_gamma_stat_resolved_4b_2016_bin_11, from constraint: gamma_stat_resolved_4b_2016_bin_11_constraint
Pairing nui: gamma_stat_resolved_4b_2016_bin_12_poisMean, with glob: nom_gamma_stat_resolved_4b_2016_bin_12, from constraint: gamma_stat_resolved_4b_2016_bin_12_constraint
Pairing nui: gamma_stat_resolved_4b_2016_bin_13_poisMean, with glob: nom_gamma_stat_resolved_4b_2016_bin_13, from constraint: gamma_stat_resolved_4b_2016_bin_13_constraint
Pairing nui: gamma_stat_resolved_4b_2016_bin_14_poisMean, with glob: nom_gamma_stat_resolved_4b_2016_bin_14, from constraint: gamma_stat_resolved_4b_2016_bin_14_constraint
Pairing nui: gamma_stat_resolved_4b_2016_bin_15_poisMean, with glob: nom_gamma_stat_resolved_4b_2016_bin_15, from constraint: gamma_stat_resolved_4b_2016_bin_15_constraint
Pairing nui: gamma_stat_resolved_4b_2016_bin_16_poisMean, with glob: nom_gamma_stat_resolved_4b_2016_bin_16, from constraint: gamma_stat_resolved_4b_2016_bin_16_constraint
Pairing nui: gamma_stat_resolved_4b_2016_bin_17_poisMean, with glob: nom_gamma_stat_resolved_4b_2016_bin_17, from constraint: gamma_stat_resolved_4b_2016_bin_17_constraint
Pairing nui: gamma_stat_resolved_4b_2016_bin_18_poisMean, with glob: nom_gamma_stat_resolved_4b_2016_bin_18, from constraint: gamma_stat_resolved_4b_2016_bin_18_constraint
Pairing nui: gamma_stat_resolved_4b_2016_bin_19_poisMean, with glob: nom_gamma_stat_resolved_4b_2016_bin_19, from constraint: gamma_stat_resolved_4b_2016_bin_19_constraint
Pairing nui: gamma_stat_resolved_4b_2016_bin_20_poisMean, with glob: nom_gamma_stat_resolved_4b_2016_bin_20, from constraint: gamma_stat_resolved_4b_2016_bin_20_constraint
Pairing nui: gamma_stat_resolved_4b_2016_bin_21_poisMean, with glob: nom_gamma_stat_resolved_4b_2016_bin_21, from constraint: gamma_stat_resolved_4b_2016_bin_21_constraint
Pairing nui: gamma_stat_resolved_4b_2016_bin_22_poisMean, with glob: nom_gamma_stat_resolved_4b_2016_bin_22, from constraint: gamma_stat_resolved_4b_2016_bin_22_constraint
Pairing nui: gamma_stat_resolved_4b_2016_bin_23_poisMean, with glob: nom_gamma_stat_resolved_4b_2016_bin_23, from constraint: gamma_stat_resolved_4b_2016_bin_23_constraint
Pairing nui: gamma_stat_resolved_4b_2016_bin_24_poisMean, with glob: nom_gamma_stat_resolved_4b_2016_bin_24, from constraint: gamma_stat_resolved_4b_2016_bin_24_constraint
Pairing nui: gamma_stat_resolved_4b_2016_bin_25_poisMean, with glob: nom_gamma_stat_resolved_4b_2016_bin_25, from constraint: gamma_stat_resolved_4b_2016_bin_25_constraint
Pairing nui: gamma_stat_resolved_4b_2016_bin_26_poisMean, with glob: nom_gamma_stat_resolved_4b_2016_bin_26, from constraint: gamma_stat_resolved_4b_2016_bin_26_constraint
Pairing nui: gamma_stat_resolved_4b_2016_bin_27_poisMean, with glob: nom_gamma_stat_resolved_4b_2016_bin_27, from constraint: gamma_stat_resolved_4b_2016_bin_27_constraint
Pairing nui: gamma_stat_resolved_4b_2016_bin_28_poisMean, with glob: nom_gamma_stat_resolved_4b_2016_bin_28, from constraint: gamma_stat_resolved_4b_2016_bin_28_constraint
Pairing nui: gamma_stat_resolved_4b_2016_bin_29_poisMean, with glob: nom_gamma_stat_resolved_4b_2016_bin_29, from constraint: gamma_stat_resolved_4b_2016_bin_29_constraint
Pairing nui: gamma_stat_resolved_4b_2016_bin_30_poisMean, with glob: nom_gamma_stat_resolved_4b_2016_bin_30, from constraint: gamma_stat_resolved_4b_2016_bin_30_constraint
Pairing nui: gamma_stat_resolved_4b_2016_bin_31_poisMean, with glob: nom_gamma_stat_resolved_4b_2016_bin_31, from constraint: gamma_stat_resolved_4b_2016_bin_31_constraint
Pairing nui: gamma_stat_resolved_4b_2016_bin_32_poisMean, with glob: nom_gamma_stat_resolved_4b_2016_bin_32, from constraint: gamma_stat_resolved_4b_2016_bin_32_constraint
Pairing nui: gamma_stat_resolved_4b_2016_bin_33_poisMean, with glob: nom_gamma_stat_resolved_4b_2016_bin_33, from constraint: gamma_stat_resolved_4b_2016_bin_33_constraint
Pairing nui: gamma_stat_resolved_4b_2016_bin_34_poisMean, with glob: nom_gamma_stat_resolved_4b_2016_bin_34, from constraint: gamma_stat_resolved_4b_2016_bin_34_constraint
Pairing nui: gamma_stat_resolved_4b_2016_bin_35_poisMean, with glob: nom_gamma_stat_resolved_4b_2016_bin_35, from constraint: gamma_stat_resolved_4b_2016_bin_35_constraint
Pairing nui: gamma_stat_resolved_4b_2016_bin_36_poisMean, with glob: nom_gamma_stat_resolved_4b_2016_bin_36, from constraint: gamma_stat_resolved_4b_2016_bin_36_constraint
Pairing nui: gamma_stat_resolved_4b_2016_bin_37_poisMean, with glob: nom_gamma_stat_resolved_4b_2016_bin_37, from constraint: gamma_stat_resolved_4b_2016_bin_37_constraint
Pairing nui: gamma_stat_resolved_4b_2016_bin_38_poisMean, with glob: nom_gamma_stat_resolved_4b_2016_bin_38, from constraint: gamma_stat_resolved_4b_2016_bin_38_constraint
Pairing nui: gamma_stat_resolved_4b_2016_bin_39_poisMean, with glob: nom_gamma_stat_resolved_4b_2016_bin_39, from constraint: gamma_stat_resolved_4b_2016_bin_39_constraint
Pairing nui: gamma_stat_resolved_4b_2016_bin_40_poisMean, with glob: nom_gamma_stat_resolved_4b_2016_bin_40, from constraint: gamma_stat_resolved_4b_2016_bin_40_constraint
Pairing nui: gamma_stat_resolved_4b_2016_bin_41_poisMean, with glob: nom_gamma_stat_resolved_4b_2016_bin_41, from constraint: gamma_stat_resolved_4b_2016_bin_41_constraint
Pairing nui: gamma_stat_resolved_4b_2016_bin_42_poisMean, with glob: nom_gamma_stat_resolved_4b_2016_bin_42, from constraint: gamma_stat_resolved_4b_2016_bin_42_constraint
Pairing nui: gamma_stat_resolved_4b_2016_bin_43_poisMean, with glob: nom_gamma_stat_resolved_4b_2016_bin_43, from constraint: gamma_stat_resolved_4b_2016_bin_43_constraint
Pairing nui: gamma_stat_resolved_4b_2016_bin_44_poisMean, with glob: nom_gamma_stat_resolved_4b_2016_bin_44, from constraint: gamma_stat_resolved_4b_2016_bin_44_constraint
Pairing nui: gamma_stat_resolved_4b_2016_bin_45_poisMean, with glob: nom_gamma_stat_resolved_4b_2016_bin_45, from constraint: gamma_stat_resolved_4b_2016_bin_45_constraint
Pairing nui: gamma_stat_resolved_4b_2016_bin_46_poisMean, with glob: nom_gamma_stat_resolved_4b_2016_bin_46, from constraint: gamma_stat_resolved_4b_2016_bin_46_constraint
Pairing nui: gamma_stat_resolved_4b_2016_bin_47_poisMean, with glob: nom_gamma_stat_resolved_4b_2016_bin_47, from constraint: gamma_stat_resolved_4b_2016_bin_47_constraint
Pairing nui: gamma_stat_resolved_4b_2016_bin_48_poisMean, with glob: nom_gamma_stat_resolved_4b_2016_bin_48, from constraint: gamma_stat_resolved_4b_2016_bin_48_constraint
Pairing nui: gamma_stat_resolved_4b_2016_bin_49_poisMean, with glob: nom_gamma_stat_resolved_4b_2016_bin_49, from constraint: gamma_stat_resolved_4b_2016_bin_49_constraint
Pairing nui: gamma_stat_resolved_4b_2016_bin_50_poisMean, with glob: nom_gamma_stat_resolved_4b_2016_bin_50, from constraint: gamma_stat_resolved_4b_2016_bin_50_constraint
Pairing nui: gamma_stat_resolved_4b_2016_bin_51_poisMean, with glob: nom_gamma_stat_resolved_4b_2016_bin_51, from constraint: gamma_stat_resolved_4b_2016_bin_51_constraint
Pairing nui: gamma_stat_resolved_4b_2016_bin_52_poisMean, with glob: nom_gamma_stat_resolved_4b_2016_bin_52, from constraint: gamma_stat_resolved_4b_2016_bin_52_constraint
Pairing nui: gamma_stat_resolved_4b_2016_bin_53_poisMean, with glob: nom_gamma_stat_resolved_4b_2016_bin_53, from constraint: gamma_stat_resolved_4b_2016_bin_53_constraint
Pairing nui: gamma_stat_resolved_4b_2016_bin_54_poisMean, with glob: nom_gamma_stat_resolved_4b_2016_bin_54, from constraint: gamma_stat_resolved_4b_2016_bin_54_constraint
Pairing nui: gamma_stat_resolved_4b_2016_bin_55_poisMean, with glob: nom_gamma_stat_resolved_4b_2016_bin_55, from constraint: gamma_stat_resolved_4b_2016_bin_55_constraint
Pairing nui: gamma_stat_resolved_4b_2016_bin_56_poisMean, with glob: nom_gamma_stat_resolved_4b_2016_bin_56, from constraint: gamma_stat_resolved_4b_2016_bin_56_constraint
Pairing nui: gamma_stat_resolved_4b_2016_bin_57_poisMean, with glob: nom_gamma_stat_resolved_4b_2016_bin_57, from constraint: gamma_stat_resolved_4b_2016_bin_57_constraint
Pairing nui: gamma_stat_resolved_4b_2016_bin_58_poisMean, with glob: nom_gamma_stat_resolved_4b_2016_bin_58, from constraint: gamma_stat_resolved_4b_2016_bin_58_constraint
Pairing nui: gamma_stat_resolved_4b_2016_bin_59_poisMean, with glob: nom_gamma_stat_resolved_4b_2016_bin_59, from constraint: gamma_stat_resolved_4b_2016_bin_59_constraint
Pairing nui: gamma_stat_resolved_4b_2016_bin_60_poisMean, with glob: nom_gamma_stat_resolved_4b_2016_bin_60, from constraint: gamma_stat_resolved_4b_2016_bin_60_constraint
Pairing nui: gamma_stat_resolved_4b_2016_bin_61_poisMean, with glob: nom_gamma_stat_resolved_4b_2016_bin_61, from constraint: gamma_stat_resolved_4b_2016_bin_61_constraint
Pairing nui: gamma_stat_resolved_4b_2016_bin_62_poisMean, with glob: nom_gamma_stat_resolved_4b_2016_bin_62, from constraint: gamma_stat_resolved_4b_2016_bin_62_constraint
Pairing nui: gamma_stat_resolved_4b_2016_bin_63_poisMean, with glob: nom_gamma_stat_resolved_4b_2016_bin_63, from constraint: gamma_stat_resolved_4b_2016_bin_63_constraint
Pairing nui: gamma_stat_resolved_4b_2016_bin_64_poisMean, with glob: nom_gamma_stat_resolved_4b_2016_bin_64, from constraint: gamma_stat_resolved_4b_2016_bin_64_constraint
Pairing nui: gamma_stat_resolved_4b_2016_bin_65_poisMean, with glob: nom_gamma_stat_resolved_4b_2016_bin_65, from constraint: gamma_stat_resolved_4b_2016_bin_65_constraint
Pairing nui: gamma_stat_resolved_4b_2016_bin_66_poisMean, with glob: nom_gamma_stat_resolved_4b_2016_bin_66, from constraint: gamma_stat_resolved_4b_2016_bin_66_constraint
Pairing nui: gamma_stat_resolved_4b_2016_bin_67_poisMean, with glob: nom_gamma_stat_resolved_4b_2016_bin_67, from constraint: gamma_stat_resolved_4b_2016_bin_67_constraint
Pairing nui: gamma_stat_resolved_4b_2016_bin_68_poisMean, with glob: nom_gamma_stat_resolved_4b_2016_bin_68, from constraint: gamma_stat_resolved_4b_2016_bin_68_constraint
Pairing nui: gamma_stat_resolved_4b_2016_bin_69_poisMean, with glob: nom_gamma_stat_resolved_4b_2016_bin_69, from constraint: gamma_stat_resolved_4b_2016_bin_69_constraint
Pairing nui: alpha_BackgroundNorm17, with glob: nom_alpha_BackgroundNorm17, from constraint: alpha_BackgroundNorm17Constraint
Pairing nui: alpha_BackgroundShape_HighHT_17, with glob: nom_alpha_BackgroundShape_HighHT_17, from constraint: alpha_BackgroundShape_HighHT_17Constraint
Pairing nui: alpha_BackgroundShape_LowHT_17, with glob: nom_alpha_BackgroundShape_LowHT_17, from constraint: alpha_BackgroundShape_LowHT_17Constraint
Pairing nui: gamma_stat_resolved_4b_2017_bin_0_poisMean, with glob: nom_gamma_stat_resolved_4b_2017_bin_0, from constraint: gamma_stat_resolved_4b_2017_bin_0_constraint
Pairing nui: gamma_stat_resolved_4b_2017_bin_1_poisMean, with glob: nom_gamma_stat_resolved_4b_2017_bin_1, from constraint: gamma_stat_resolved_4b_2017_bin_1_constraint
Pairing nui: gamma_stat_resolved_4b_2017_bin_2_poisMean, with glob: nom_gamma_stat_resolved_4b_2017_bin_2, from constraint: gamma_stat_resolved_4b_2017_bin_2_constraint
Pairing nui: gamma_stat_resolved_4b_2017_bin_3_poisMean, with glob: nom_gamma_stat_resolved_4b_2017_bin_3, from constraint: gamma_stat_resolved_4b_2017_bin_3_constraint
Pairing nui: gamma_stat_resolved_4b_2017_bin_4_poisMean, with glob: nom_gamma_stat_resolved_4b_2017_bin_4, from constraint: gamma_stat_resolved_4b_2017_bin_4_constraint
Pairing nui: gamma_stat_resolved_4b_2017_bin_5_poisMean, with glob: nom_gamma_stat_resolved_4b_2017_bin_5, from constraint: gamma_stat_resolved_4b_2017_bin_5_constraint
Pairing nui: gamma_stat_resolved_4b_2017_bin_6_poisMean, with glob: nom_gamma_stat_resolved_4b_2017_bin_6, from constraint: gamma_stat_resolved_4b_2017_bin_6_constraint
Pairing nui: gamma_stat_resolved_4b_2017_bin_7_poisMean, with glob: nom_gamma_stat_resolved_4b_2017_bin_7, from constraint: gamma_stat_resolved_4b_2017_bin_7_constraint
Pairing nui: gamma_stat_resolved_4b_2017_bin_8_poisMean, with glob: nom_gamma_stat_resolved_4b_2017_bin_8, from constraint: gamma_stat_resolved_4b_2017_bin_8_constraint
Pairing nui: gamma_stat_resolved_4b_2017_bin_9_poisMean, with glob: nom_gamma_stat_resolved_4b_2017_bin_9, from constraint: gamma_stat_resolved_4b_2017_bin_9_constraint
Pairing nui: gamma_stat_resolved_4b_2017_bin_10_poisMean, with glob: nom_gamma_stat_resolved_4b_2017_bin_10, from constraint: gamma_stat_resolved_4b_2017_bin_10_constraint
Pairing nui: gamma_stat_resolved_4b_2017_bin_11_poisMean, with glob: nom_gamma_stat_resolved_4b_2017_bin_11, from constraint: gamma_stat_resolved_4b_2017_bin_11_constraint
Pairing nui: gamma_stat_resolved_4b_2017_bin_12_poisMean, with glob: nom_gamma_stat_resolved_4b_2017_bin_12, from constraint: gamma_stat_resolved_4b_2017_bin_12_constraint
Pairing nui: gamma_stat_resolved_4b_2017_bin_13_poisMean, with glob: nom_gamma_stat_resolved_4b_2017_bin_13, from constraint: gamma_stat_resolved_4b_2017_bin_13_constraint
Pairing nui: gamma_stat_resolved_4b_2017_bin_14_poisMean, with glob: nom_gamma_stat_resolved_4b_2017_bin_14, from constraint: gamma_stat_resolved_4b_2017_bin_14_constraint
Pairing nui: gamma_stat_resolved_4b_2017_bin_15_poisMean, with glob: nom_gamma_stat_resolved_4b_2017_bin_15, from constraint: gamma_stat_resolved_4b_2017_bin_15_constraint
Pairing nui: gamma_stat_resolved_4b_2017_bin_16_poisMean, with glob: nom_gamma_stat_resolved_4b_2017_bin_16, from constraint: gamma_stat_resolved_4b_2017_bin_16_constraint
Pairing nui: gamma_stat_resolved_4b_2017_bin_17_poisMean, with glob: nom_gamma_stat_resolved_4b_2017_bin_17, from constraint: gamma_stat_resolved_4b_2017_bin_17_constraint
Pairing nui: gamma_stat_resolved_4b_2017_bin_18_poisMean, with glob: nom_gamma_stat_resolved_4b_2017_bin_18, from constraint: gamma_stat_resolved_4b_2017_bin_18_constraint
Pairing nui: gamma_stat_resolved_4b_2017_bin_19_poisMean, with glob: nom_gamma_stat_resolved_4b_2017_bin_19, from constraint: gamma_stat_resolved_4b_2017_bin_19_constraint
Pairing nui: gamma_stat_resolved_4b_2017_bin_20_poisMean, with glob: nom_gamma_stat_resolved_4b_2017_bin_20, from constraint: gamma_stat_resolved_4b_2017_bin_20_constraint
Pairing nui: gamma_stat_resolved_4b_2017_bin_21_poisMean, with glob: nom_gamma_stat_resolved_4b_2017_bin_21, from constraint: gamma_stat_resolved_4b_2017_bin_21_constraint
Pairing nui: gamma_stat_resolved_4b_2017_bin_22_poisMean, with glob: nom_gamma_stat_resolved_4b_2017_bin_22, from constraint: gamma_stat_resolved_4b_2017_bin_22_constraint
Pairing nui: gamma_stat_resolved_4b_2017_bin_23_poisMean, with glob: nom_gamma_stat_resolved_4b_2017_bin_23, from constraint: gamma_stat_resolved_4b_2017_bin_23_constraint
Pairing nui: gamma_stat_resolved_4b_2017_bin_24_poisMean, with glob: nom_gamma_stat_resolved_4b_2017_bin_24, from constraint: gamma_stat_resolved_4b_2017_bin_24_constraint
Pairing nui: gamma_stat_resolved_4b_2017_bin_25_poisMean, with glob: nom_gamma_stat_resolved_4b_2017_bin_25, from constraint: gamma_stat_resolved_4b_2017_bin_25_constraint
Pairing nui: gamma_stat_resolved_4b_2017_bin_26_poisMean, with glob: nom_gamma_stat_resolved_4b_2017_bin_26, from constraint: gamma_stat_resolved_4b_2017_bin_26_constraint
Pairing nui: gamma_stat_resolved_4b_2017_bin_27_poisMean, with glob: nom_gamma_stat_resolved_4b_2017_bin_27, from constraint: gamma_stat_resolved_4b_2017_bin_27_constraint
Pairing nui: gamma_stat_resolved_4b_2017_bin_28_poisMean, with glob: nom_gamma_stat_resolved_4b_2017_bin_28, from constraint: gamma_stat_resolved_4b_2017_bin_28_constraint
Pairing nui: gamma_stat_resolved_4b_2017_bin_29_poisMean, with glob: nom_gamma_stat_resolved_4b_2017_bin_29, from constraint: gamma_stat_resolved_4b_2017_bin_29_constraint
Pairing nui: gamma_stat_resolved_4b_2017_bin_30_poisMean, with glob: nom_gamma_stat_resolved_4b_2017_bin_30, from constraint: gamma_stat_resolved_4b_2017_bin_30_constraint
Pairing nui: gamma_stat_resolved_4b_2017_bin_31_poisMean, with glob: nom_gamma_stat_resolved_4b_2017_bin_31, from constraint: gamma_stat_resolved_4b_2017_bin_31_constraint
Pairing nui: gamma_stat_resolved_4b_2017_bin_32_poisMean, with glob: nom_gamma_stat_resolved_4b_2017_bin_32, from constraint: gamma_stat_resolved_4b_2017_bin_32_constraint
Pairing nui: gamma_stat_resolved_4b_2017_bin_33_poisMean, with glob: nom_gamma_stat_resolved_4b_2017_bin_33, from constraint: gamma_stat_resolved_4b_2017_bin_33_constraint
Pairing nui: gamma_stat_resolved_4b_2017_bin_34_poisMean, with glob: nom_gamma_stat_resolved_4b_2017_bin_34, from constraint: gamma_stat_resolved_4b_2017_bin_34_constraint
Pairing nui: gamma_stat_resolved_4b_2017_bin_35_poisMean, with glob: nom_gamma_stat_resolved_4b_2017_bin_35, from constraint: gamma_stat_resolved_4b_2017_bin_35_constraint
Pairing nui: gamma_stat_resolved_4b_2017_bin_36_poisMean, with glob: nom_gamma_stat_resolved_4b_2017_bin_36, from constraint: gamma_stat_resolved_4b_2017_bin_36_constraint
Pairing nui: gamma_stat_resolved_4b_2017_bin_37_poisMean, with glob: nom_gamma_stat_resolved_4b_2017_bin_37, from constraint: gamma_stat_resolved_4b_2017_bin_37_constraint
Pairing nui: gamma_stat_resolved_4b_2017_bin_38_poisMean, with glob: nom_gamma_stat_resolved_4b_2017_bin_38, from constraint: gamma_stat_resolved_4b_2017_bin_38_constraint
Pairing nui: gamma_stat_resolved_4b_2017_bin_39_poisMean, with glob: nom_gamma_stat_resolved_4b_2017_bin_39, from constraint: gamma_stat_resolved_4b_2017_bin_39_constraint
Pairing nui: gamma_stat_resolved_4b_2017_bin_40_poisMean, with glob: nom_gamma_stat_resolved_4b_2017_bin_40, from constraint: gamma_stat_resolved_4b_2017_bin_40_constraint
Pairing nui: gamma_stat_resolved_4b_2017_bin_41_poisMean, with glob: nom_gamma_stat_resolved_4b_2017_bin_41, from constraint: gamma_stat_resolved_4b_2017_bin_41_constraint
Pairing nui: gamma_stat_resolved_4b_2017_bin_42_poisMean, with glob: nom_gamma_stat_resolved_4b_2017_bin_42, from constraint: gamma_stat_resolved_4b_2017_bin_42_constraint
Pairing nui: gamma_stat_resolved_4b_2017_bin_43_poisMean, with glob: nom_gamma_stat_resolved_4b_2017_bin_43, from constraint: gamma_stat_resolved_4b_2017_bin_43_constraint
Pairing nui: gamma_stat_resolved_4b_2017_bin_44_poisMean, with glob: nom_gamma_stat_resolved_4b_2017_bin_44, from constraint: gamma_stat_resolved_4b_2017_bin_44_constraint
Pairing nui: gamma_stat_resolved_4b_2017_bin_45_poisMean, with glob: nom_gamma_stat_resolved_4b_2017_bin_45, from constraint: gamma_stat_resolved_4b_2017_bin_45_constraint
Pairing nui: gamma_stat_resolved_4b_2017_bin_46_poisMean, with glob: nom_gamma_stat_resolved_4b_2017_bin_46, from constraint: gamma_stat_resolved_4b_2017_bin_46_constraint
Pairing nui: gamma_stat_resolved_4b_2017_bin_47_poisMean, with glob: nom_gamma_stat_resolved_4b_2017_bin_47, from constraint: gamma_stat_resolved_4b_2017_bin_47_constraint
Pairing nui: gamma_stat_resolved_4b_2017_bin_48_poisMean, with glob: nom_gamma_stat_resolved_4b_2017_bin_48, from constraint: gamma_stat_resolved_4b_2017_bin_48_constraint
Pairing nui: gamma_stat_resolved_4b_2017_bin_49_poisMean, with glob: nom_gamma_stat_resolved_4b_2017_bin_49, from constraint: gamma_stat_resolved_4b_2017_bin_49_constraint
Pairing nui: gamma_stat_resolved_4b_2017_bin_50_poisMean, with glob: nom_gamma_stat_resolved_4b_2017_bin_50, from constraint: gamma_stat_resolved_4b_2017_bin_50_constraint
Pairing nui: gamma_stat_resolved_4b_2017_bin_51_poisMean, with glob: nom_gamma_stat_resolved_4b_2017_bin_51, from constraint: gamma_stat_resolved_4b_2017_bin_51_constraint
Pairing nui: gamma_stat_resolved_4b_2017_bin_52_poisMean, with glob: nom_gamma_stat_resolved_4b_2017_bin_52, from constraint: gamma_stat_resolved_4b_2017_bin_52_constraint
Pairing nui: gamma_stat_resolved_4b_2017_bin_53_poisMean, with glob: nom_gamma_stat_resolved_4b_2017_bin_53, from constraint: gamma_stat_resolved_4b_2017_bin_53_constraint
Pairing nui: gamma_stat_resolved_4b_2017_bin_54_poisMean, with glob: nom_gamma_stat_resolved_4b_2017_bin_54, from constraint: gamma_stat_resolved_4b_2017_bin_54_constraint
Pairing nui: gamma_stat_resolved_4b_2017_bin_55_poisMean, with glob: nom_gamma_stat_resolved_4b_2017_bin_55, from constraint: gamma_stat_resolved_4b_2017_bin_55_constraint
Pairing nui: gamma_stat_resolved_4b_2017_bin_56_poisMean, with glob: nom_gamma_stat_resolved_4b_2017_bin_56, from constraint: gamma_stat_resolved_4b_2017_bin_56_constraint
Pairing nui: gamma_stat_resolved_4b_2017_bin_57_poisMean, with glob: nom_gamma_stat_resolved_4b_2017_bin_57, from constraint: gamma_stat_resolved_4b_2017_bin_57_constraint
Pairing nui: gamma_stat_resolved_4b_2017_bin_58_poisMean, with glob: nom_gamma_stat_resolved_4b_2017_bin_58, from constraint: gamma_stat_resolved_4b_2017_bin_58_constraint
Pairing nui: gamma_stat_resolved_4b_2017_bin_59_poisMean, with glob: nom_gamma_stat_resolved_4b_2017_bin_59, from constraint: gamma_stat_resolved_4b_2017_bin_59_constraint
Pairing nui: gamma_stat_resolved_4b_2017_bin_60_poisMean, with glob: nom_gamma_stat_resolved_4b_2017_bin_60, from constraint: gamma_stat_resolved_4b_2017_bin_60_constraint
Pairing nui: gamma_stat_resolved_4b_2017_bin_61_poisMean, with glob: nom_gamma_stat_resolved_4b_2017_bin_61, from constraint: gamma_stat_resolved_4b_2017_bin_61_constraint
Pairing nui: gamma_stat_resolved_4b_2017_bin_62_poisMean, with glob: nom_gamma_stat_resolved_4b_2017_bin_62, from constraint: gamma_stat_resolved_4b_2017_bin_62_constraint
Pairing nui: gamma_stat_resolved_4b_2017_bin_63_poisMean, with glob: nom_gamma_stat_resolved_4b_2017_bin_63, from constraint: gamma_stat_resolved_4b_2017_bin_63_constraint
Pairing nui: gamma_stat_resolved_4b_2017_bin_64_poisMean, with glob: nom_gamma_stat_resolved_4b_2017_bin_64, from constraint: gamma_stat_resolved_4b_2017_bin_64_constraint
Pairing nui: gamma_stat_resolved_4b_2017_bin_65_poisMean, with glob: nom_gamma_stat_resolved_4b_2017_bin_65, from constraint: gamma_stat_resolved_4b_2017_bin_65_constraint
Pairing nui: gamma_stat_resolved_4b_2017_bin_66_poisMean, with glob: nom_gamma_stat_resolved_4b_2017_bin_66, from constraint: gamma_stat_resolved_4b_2017_bin_66_constraint
Pairing nui: gamma_stat_resolved_4b_2017_bin_67_poisMean, with glob: nom_gamma_stat_resolved_4b_2017_bin_67, from constraint: gamma_stat_resolved_4b_2017_bin_67_constraint
Pairing nui: gamma_stat_resolved_4b_2017_bin_68_poisMean, with glob: nom_gamma_stat_resolved_4b_2017_bin_68, from constraint: gamma_stat_resolved_4b_2017_bin_68_constraint
Pairing nui: gamma_stat_resolved_4b_2017_bin_69_poisMean, with glob: nom_gamma_stat_resolved_4b_2017_bin_69, from constraint: gamma_stat_resolved_4b_2017_bin_69_constraint
Pairing nui: alpha_BackgroundNorm18, with glob: nom_alpha_BackgroundNorm18, from constraint: alpha_BackgroundNorm18Constraint
Pairing nui: alpha_BackgroundShape_HighHT_18, with glob: nom_alpha_BackgroundShape_HighHT_18, from constraint: alpha_BackgroundShape_HighHT_18Constraint
Pairing nui: alpha_BackgroundShape_LowHT_18, with glob: nom_alpha_BackgroundShape_LowHT_18, from constraint: alpha_BackgroundShape_LowHT_18Constraint
Pairing nui: gamma_stat_resolved_4b_2018_bin_0_poisMean, with glob: nom_gamma_stat_resolved_4b_2018_bin_0, from constraint: gamma_stat_resolved_4b_2018_bin_0_constraint
Pairing nui: gamma_stat_resolved_4b_2018_bin_1_poisMean, with glob: nom_gamma_stat_resolved_4b_2018_bin_1, from constraint: gamma_stat_resolved_4b_2018_bin_1_constraint
Pairing nui: gamma_stat_resolved_4b_2018_bin_2_poisMean, with glob: nom_gamma_stat_resolved_4b_2018_bin_2, from constraint: gamma_stat_resolved_4b_2018_bin_2_constraint
Pairing nui: gamma_stat_resolved_4b_2018_bin_3_poisMean, with glob: nom_gamma_stat_resolved_4b_2018_bin_3, from constraint: gamma_stat_resolved_4b_2018_bin_3_constraint
Pairing nui: gamma_stat_resolved_4b_2018_bin_4_poisMean, with glob: nom_gamma_stat_resolved_4b_2018_bin_4, from constraint: gamma_stat_resolved_4b_2018_bin_4_constraint
Pairing nui: gamma_stat_resolved_4b_2018_bin_5_poisMean, with glob: nom_gamma_stat_resolved_4b_2018_bin_5, from constraint: gamma_stat_resolved_4b_2018_bin_5_constraint
Pairing nui: gamma_stat_resolved_4b_2018_bin_6_poisMean, with glob: nom_gamma_stat_resolved_4b_2018_bin_6, from constraint: gamma_stat_resolved_4b_2018_bin_6_constraint
Pairing nui: gamma_stat_resolved_4b_2018_bin_7_poisMean, with glob: nom_gamma_stat_resolved_4b_2018_bin_7, from constraint: gamma_stat_resolved_4b_2018_bin_7_constraint
Pairing nui: gamma_stat_resolved_4b_2018_bin_8_poisMean, with glob: nom_gamma_stat_resolved_4b_2018_bin_8, from constraint: gamma_stat_resolved_4b_2018_bin_8_constraint
Pairing nui: gamma_stat_resolved_4b_2018_bin_9_poisMean, with glob: nom_gamma_stat_resolved_4b_2018_bin_9, from constraint: gamma_stat_resolved_4b_2018_bin_9_constraint
Pairing nui: gamma_stat_resolved_4b_2018_bin_10_poisMean, with glob: nom_gamma_stat_resolved_4b_2018_bin_10, from constraint: gamma_stat_resolved_4b_2018_bin_10_constraint
Pairing nui: gamma_stat_resolved_4b_2018_bin_11_poisMean, with glob: nom_gamma_stat_resolved_4b_2018_bin_11, from constraint: gamma_stat_resolved_4b_2018_bin_11_constraint
Pairing nui: gamma_stat_resolved_4b_2018_bin_12_poisMean, with glob: nom_gamma_stat_resolved_4b_2018_bin_12, from constraint: gamma_stat_resolved_4b_2018_bin_12_constraint
Pairing nui: gamma_stat_resolved_4b_2018_bin_13_poisMean, with glob: nom_gamma_stat_resolved_4b_2018_bin_13, from constraint: gamma_stat_resolved_4b_2018_bin_13_constraint
Pairing nui: gamma_stat_resolved_4b_2018_bin_14_poisMean, with glob: nom_gamma_stat_resolved_4b_2018_bin_14, from constraint: gamma_stat_resolved_4b_2018_bin_14_constraint
Pairing nui: gamma_stat_resolved_4b_2018_bin_15_poisMean, with glob: nom_gamma_stat_resolved_4b_2018_bin_15, from constraint: gamma_stat_resolved_4b_2018_bin_15_constraint
Pairing nui: gamma_stat_resolved_4b_2018_bin_16_poisMean, with glob: nom_gamma_stat_resolved_4b_2018_bin_16, from constraint: gamma_stat_resolved_4b_2018_bin_16_constraint
Pairing nui: gamma_stat_resolved_4b_2018_bin_17_poisMean, with glob: nom_gamma_stat_resolved_4b_2018_bin_17, from constraint: gamma_stat_resolved_4b_2018_bin_17_constraint
Pairing nui: gamma_stat_resolved_4b_2018_bin_18_poisMean, with glob: nom_gamma_stat_resolved_4b_2018_bin_18, from constraint: gamma_stat_resolved_4b_2018_bin_18_constraint
Pairing nui: gamma_stat_resolved_4b_2018_bin_19_poisMean, with glob: nom_gamma_stat_resolved_4b_2018_bin_19, from constraint: gamma_stat_resolved_4b_2018_bin_19_constraint
Pairing nui: gamma_stat_resolved_4b_2018_bin_20_poisMean, with glob: nom_gamma_stat_resolved_4b_2018_bin_20, from constraint: gamma_stat_resolved_4b_2018_bin_20_constraint
Pairing nui: gamma_stat_resolved_4b_2018_bin_21_poisMean, with glob: nom_gamma_stat_resolved_4b_2018_bin_21, from constraint: gamma_stat_resolved_4b_2018_bin_21_constraint
Pairing nui: gamma_stat_resolved_4b_2018_bin_22_poisMean, with glob: nom_gamma_stat_resolved_4b_2018_bin_22, from constraint: gamma_stat_resolved_4b_2018_bin_22_constraint
Pairing nui: gamma_stat_resolved_4b_2018_bin_23_poisMean, with glob: nom_gamma_stat_resolved_4b_2018_bin_23, from constraint: gamma_stat_resolved_4b_2018_bin_23_constraint
Pairing nui: gamma_stat_resolved_4b_2018_bin_24_poisMean, with glob: nom_gamma_stat_resolved_4b_2018_bin_24, from constraint: gamma_stat_resolved_4b_2018_bin_24_constraint
Pairing nui: gamma_stat_resolved_4b_2018_bin_25_poisMean, with glob: nom_gamma_stat_resolved_4b_2018_bin_25, from constraint: gamma_stat_resolved_4b_2018_bin_25_constraint
Pairing nui: gamma_stat_resolved_4b_2018_bin_26_poisMean, with glob: nom_gamma_stat_resolved_4b_2018_bin_26, from constraint: gamma_stat_resolved_4b_2018_bin_26_constraint
Pairing nui: gamma_stat_resolved_4b_2018_bin_27_poisMean, with glob: nom_gamma_stat_resolved_4b_2018_bin_27, from constraint: gamma_stat_resolved_4b_2018_bin_27_constraint
Pairing nui: gamma_stat_resolved_4b_2018_bin_28_poisMean, with glob: nom_gamma_stat_resolved_4b_2018_bin_28, from constraint: gamma_stat_resolved_4b_2018_bin_28_constraint
Pairing nui: gamma_stat_resolved_4b_2018_bin_29_poisMean, with glob: nom_gamma_stat_resolved_4b_2018_bin_29, from constraint: gamma_stat_resolved_4b_2018_bin_29_constraint
Pairing nui: gamma_stat_resolved_4b_2018_bin_30_poisMean, with glob: nom_gamma_stat_resolved_4b_2018_bin_30, from constraint: gamma_stat_resolved_4b_2018_bin_30_constraint
Pairing nui: gamma_stat_resolved_4b_2018_bin_31_poisMean, with glob: nom_gamma_stat_resolved_4b_2018_bin_31, from constraint: gamma_stat_resolved_4b_2018_bin_31_constraint
Pairing nui: gamma_stat_resolved_4b_2018_bin_32_poisMean, with glob: nom_gamma_stat_resolved_4b_2018_bin_32, from constraint: gamma_stat_resolved_4b_2018_bin_32_constraint
Pairing nui: gamma_stat_resolved_4b_2018_bin_33_poisMean, with glob: nom_gamma_stat_resolved_4b_2018_bin_33, from constraint: gamma_stat_resolved_4b_2018_bin_33_constraint
Pairing nui: gamma_stat_resolved_4b_2018_bin_34_poisMean, with glob: nom_gamma_stat_resolved_4b_2018_bin_34, from constraint: gamma_stat_resolved_4b_2018_bin_34_constraint
Pairing nui: gamma_stat_resolved_4b_2018_bin_35_poisMean, with glob: nom_gamma_stat_resolved_4b_2018_bin_35, from constraint: gamma_stat_resolved_4b_2018_bin_35_constraint
Pairing nui: gamma_stat_resolved_4b_2018_bin_36_poisMean, with glob: nom_gamma_stat_resolved_4b_2018_bin_36, from constraint: gamma_stat_resolved_4b_2018_bin_36_constraint
Pairing nui: gamma_stat_resolved_4b_2018_bin_37_poisMean, with glob: nom_gamma_stat_resolved_4b_2018_bin_37, from constraint: gamma_stat_resolved_4b_2018_bin_37_constraint
Pairing nui: gamma_stat_resolved_4b_2018_bin_38_poisMean, with glob: nom_gamma_stat_resolved_4b_2018_bin_38, from constraint: gamma_stat_resolved_4b_2018_bin_38_constraint
Pairing nui: gamma_stat_resolved_4b_2018_bin_39_poisMean, with glob: nom_gamma_stat_resolved_4b_2018_bin_39, from constraint: gamma_stat_resolved_4b_2018_bin_39_constraint
Pairing nui: gamma_stat_resolved_4b_2018_bin_40_poisMean, with glob: nom_gamma_stat_resolved_4b_2018_bin_40, from constraint: gamma_stat_resolved_4b_2018_bin_40_constraint
Pairing nui: gamma_stat_resolved_4b_2018_bin_41_poisMean, with glob: nom_gamma_stat_resolved_4b_2018_bin_41, from constraint: gamma_stat_resolved_4b_2018_bin_41_constraint
Pairing nui: gamma_stat_resolved_4b_2018_bin_42_poisMean, with glob: nom_gamma_stat_resolved_4b_2018_bin_42, from constraint: gamma_stat_resolved_4b_2018_bin_42_constraint
Pairing nui: gamma_stat_resolved_4b_2018_bin_43_poisMean, with glob: nom_gamma_stat_resolved_4b_2018_bin_43, from constraint: gamma_stat_resolved_4b_2018_bin_43_constraint
Pairing nui: gamma_stat_resolved_4b_2018_bin_44_poisMean, with glob: nom_gamma_stat_resolved_4b_2018_bin_44, from constraint: gamma_stat_resolved_4b_2018_bin_44_constraint
Pairing nui: gamma_stat_resolved_4b_2018_bin_45_poisMean, with glob: nom_gamma_stat_resolved_4b_2018_bin_45, from constraint: gamma_stat_resolved_4b_2018_bin_45_constraint
Pairing nui: gamma_stat_resolved_4b_2018_bin_46_poisMean, with glob: nom_gamma_stat_resolved_4b_2018_bin_46, from constraint: gamma_stat_resolved_4b_2018_bin_46_constraint
Pairing nui: gamma_stat_resolved_4b_2018_bin_47_poisMean, with glob: nom_gamma_stat_resolved_4b_2018_bin_47, from constraint: gamma_stat_resolved_4b_2018_bin_47_constraint
Pairing nui: gamma_stat_resolved_4b_2018_bin_48_poisMean, with glob: nom_gamma_stat_resolved_4b_2018_bin_48, from constraint: gamma_stat_resolved_4b_2018_bin_48_constraint
Pairing nui: gamma_stat_resolved_4b_2018_bin_49_poisMean, with glob: nom_gamma_stat_resolved_4b_2018_bin_49, from constraint: gamma_stat_resolved_4b_2018_bin_49_constraint
Pairing nui: gamma_stat_resolved_4b_2018_bin_50_poisMean, with glob: nom_gamma_stat_resolved_4b_2018_bin_50, from constraint: gamma_stat_resolved_4b_2018_bin_50_constraint
Pairing nui: gamma_stat_resolved_4b_2018_bin_51_poisMean, with glob: nom_gamma_stat_resolved_4b_2018_bin_51, from constraint: gamma_stat_resolved_4b_2018_bin_51_constraint
Pairing nui: gamma_stat_resolved_4b_2018_bin_52_poisMean, with glob: nom_gamma_stat_resolved_4b_2018_bin_52, from constraint: gamma_stat_resolved_4b_2018_bin_52_constraint
Pairing nui: gamma_stat_resolved_4b_2018_bin_53_poisMean, with glob: nom_gamma_stat_resolved_4b_2018_bin_53, from constraint: gamma_stat_resolved_4b_2018_bin_53_constraint
Pairing nui: gamma_stat_resolved_4b_2018_bin_54_poisMean, with glob: nom_gamma_stat_resolved_4b_2018_bin_54, from constraint: gamma_stat_resolved_4b_2018_bin_54_constraint
Pairing nui: gamma_stat_resolved_4b_2018_bin_55_poisMean, with glob: nom_gamma_stat_resolved_4b_2018_bin_55, from constraint: gamma_stat_resolved_4b_2018_bin_55_constraint
Pairing nui: gamma_stat_resolved_4b_2018_bin_56_poisMean, with glob: nom_gamma_stat_resolved_4b_2018_bin_56, from constraint: gamma_stat_resolved_4b_2018_bin_56_constraint
Pairing nui: gamma_stat_resolved_4b_2018_bin_57_poisMean, with glob: nom_gamma_stat_resolved_4b_2018_bin_57, from constraint: gamma_stat_resolved_4b_2018_bin_57_constraint
Pairing nui: gamma_stat_resolved_4b_2018_bin_58_poisMean, with glob: nom_gamma_stat_resolved_4b_2018_bin_58, from constraint: gamma_stat_resolved_4b_2018_bin_58_constraint
Pairing nui: gamma_stat_resolved_4b_2018_bin_59_poisMean, with glob: nom_gamma_stat_resolved_4b_2018_bin_59, from constraint: gamma_stat_resolved_4b_2018_bin_59_constraint
Pairing nui: gamma_stat_resolved_4b_2018_bin_60_poisMean, with glob: nom_gamma_stat_resolved_4b_2018_bin_60, from constraint: gamma_stat_resolved_4b_2018_bin_60_constraint
Pairing nui: gamma_stat_resolved_4b_2018_bin_61_poisMean, with glob: nom_gamma_stat_resolved_4b_2018_bin_61, from constraint: gamma_stat_resolved_4b_2018_bin_61_constraint
Pairing nui: gamma_stat_resolved_4b_2018_bin_62_poisMean, with glob: nom_gamma_stat_resolved_4b_2018_bin_62, from constraint: gamma_stat_resolved_4b_2018_bin_62_constraint
Pairing nui: gamma_stat_resolved_4b_2018_bin_63_poisMean, with glob: nom_gamma_stat_resolved_4b_2018_bin_63, from constraint: gamma_stat_resolved_4b_2018_bin_63_constraint
Pairing nui: gamma_stat_resolved_4b_2018_bin_64_poisMean, with glob: nom_gamma_stat_resolved_4b_2018_bin_64, from constraint: gamma_stat_resolved_4b_2018_bin_64_constraint
Pairing nui: gamma_stat_resolved_4b_2018_bin_65_poisMean, with glob: nom_gamma_stat_resolved_4b_2018_bin_65, from constraint: gamma_stat_resolved_4b_2018_bin_65_constraint
Pairing nui: gamma_stat_resolved_4b_2018_bin_66_poisMean, with glob: nom_gamma_stat_resolved_4b_2018_bin_66, from constraint: gamma_stat_resolved_4b_2018_bin_66_constraint
Pairing nui: gamma_stat_resolved_4b_2018_bin_67_poisMean, with glob: nom_gamma_stat_resolved_4b_2018_bin_67, from constraint: gamma_stat_resolved_4b_2018_bin_67_constraint
Pairing nui: gamma_stat_resolved_4b_2018_bin_68_poisMean, with glob: nom_gamma_stat_resolved_4b_2018_bin_68, from constraint: gamma_stat_resolved_4b_2018_bin_68_constraint
Pairing nui: gamma_stat_resolved_4b_2018_bin_69_poisMean, with glob: nom_gamma_stat_resolved_4b_2018_bin_69, from constraint: gamma_stat_resolved_4b_2018_bin_69_constraint
nui: 0x6021c20, glob: 0x6fc34e0
Setting glob: nominalLumi, which had previous val: 1, to conditional val: 1
nui: 0x52b68f0, glob: 0x67496e0
Setting glob: nom_alpha_BackgroundNorm16, which had previous val: 0, to conditional val: 0
nui: 0x6fc4fc0, glob: 0x6fc5ca0
Setting glob: nom_alpha_BackgroundShape_HighHT_16, which had previous val: 0, to conditional val: 0
nui: 0x6fc79b0, glob: 0x6fc86f0
Setting glob: nom_alpha_BackgroundShape_LowHT_16, which had previous val: 0, to conditional val: 0
nui: 0x5b2b470, glob: 0x674b3a0
Setting glob: nom_alpha_Theory, which had previous val: 0, to conditional val: 0
nui: 0x627a8f0, glob: 0x627bb00
Setting glob: nom_alpha_FT_EFF_Eigen_B_0, which had previous val: 0, to conditional val: 0
nui: 0x665f960, glob: 0x6660b70
Setting glob: nom_alpha_FT_EFF_Eigen_B_1, which had previous val: 0, to conditional val: 0
nui: 0x69b64d0, glob: 0x69b76e0
Setting glob: nom_alpha_FT_EFF_Eigen_B_2, which had previous val: 0, to conditional val: 0
nui: 0x69b8fe0, glob: 0x69ba160
Setting glob: nom_alpha_FT_EFF_Eigen_B_3, which had previous val: 0, to conditional val: 0
nui: 0x69bb9d0, glob: 0x69bcb50
Setting glob: nom_alpha_FT_EFF_Eigen_B_4, which had previous val: 0, to conditional val: 0
nui: 0x69be3c0, glob: 0x69bf540
Setting glob: nom_alpha_FT_EFF_Eigen_B_5, which had previous val: 0, to conditional val: 0
nui: 0x69c0db0, glob: 0x69c1f30
Setting glob: nom_alpha_FT_EFF_Eigen_B_6, which had previous val: 0, to conditional val: 0
nui: 0x69c37a0, glob: 0x69c4920
Setting glob: nom_alpha_FT_EFF_Eigen_B_7, which had previous val: 0, to conditional val: 0
nui: 0x69c6190, glob: 0x69c7310
Setting glob: nom_alpha_FT_EFF_Eigen_B_8, which had previous val: 0, to conditional val: 0
nui: 0x69c8b80, glob: 0x69c9d00
Setting glob: nom_alpha_FT_EFF_Eigen_C_0, which had previous val: 0, to conditional val: 0
nui: 0x69cb570, glob: 0x69cc6f0
Setting glob: nom_alpha_FT_EFF_Eigen_C_1, which had previous val: 0, to conditional val: 0
nui: 0x69cdf60, glob: 0x69cf0e0
Setting glob: nom_alpha_FT_EFF_Eigen_C_2, which had previous val: 0, to conditional val: 0
nui: 0x69d0950, glob: 0x69d1ad0
Setting glob: nom_alpha_FT_EFF_Eigen_C_3, which had previous val: 0, to conditional val: 0
nui: 0x69d3340, glob: 0x69d44c0
Setting glob: nom_alpha_FT_EFF_Eigen_Light_0, which had previous val: 0, to conditional val: 0
nui: 0x69d5d80, glob: 0x69d6ee0
Setting glob: nom_alpha_FT_EFF_Eigen_Light_1, which had previous val: 0, to conditional val: 0
nui: 0x69d87a0, glob: 0x69d9900
Setting glob: nom_alpha_FT_EFF_Eigen_Light_2, which had previous val: 0, to conditional val: 0
nui: 0x69db1c0, glob: 0x69dc320
Setting glob: nom_alpha_FT_EFF_Eigen_Light_3, which had previous val: 0, to conditional val: 0
nui: 0x69ddbe0, glob: 0x69ded40
Setting glob: nom_alpha_FT_EFF_extrapolation, which had previous val: 0, to conditional val: 0
nui: 0x69e0600, glob: 0x69e1780
Setting glob: nom_alpha_FT_EFF_extrapolation_from_charm, which had previous val: 0, to conditional val: 0
nui: 0x69e3100, glob: 0x69e4260
Setting glob: nom_alpha_JET_BJES_Response, which had previous val: 0, to conditional val: 0
nui: 0x69e5ad0, glob: 0x69e6c50
Setting glob: nom_alpha_JET_EffectiveNP_Detector1, which had previous val: 0, to conditional val: 0
nui: 0x69e8570, glob: 0x69e96d0
Setting glob: nom_alpha_JET_EffectiveNP_Detector2, which had previous val: 0, to conditional val: 0
nui: 0x69eaff0, glob: 0x69ec150
Setting glob: nom_alpha_JET_EffectiveNP_Mixed1, which had previous val: 0, to conditional val: 0
nui: 0x69eda50, glob: 0x69eebb0
Setting glob: nom_alpha_JET_EffectiveNP_Mixed2, which had previous val: 0, to conditional val: 0
nui: 0x69f04b0, glob: 0x69f1610
Setting glob: nom_alpha_JET_EffectiveNP_Mixed3, which had previous val: 0, to conditional val: 0
nui: 0x69f2f10, glob: 0x69f4090
Setting glob: nom_alpha_JET_EffectiveNP_Modelling1, which had previous val: 0, to conditional val: 0
nui: 0x69f59d0, glob: 0x69f6b50
Setting glob: nom_alpha_JET_EffectiveNP_Modelling2, which had previous val: 0, to conditional val: 0
nui: 0x69f8490, glob: 0x69f9610
Setting glob: nom_alpha_JET_EffectiveNP_Modelling3, which had previous val: 0, to conditional val: 0
nui: 0x69faf50, glob: 0x69fc0d0
Setting glob: nom_alpha_JET_EffectiveNP_Modelling4, which had previous val: 0, to conditional val: 0
nui: 0x69fda10, glob: 0x69feb90
Setting glob: nom_alpha_JET_EffectiveNP_Statistical1, which had previous val: 0, to conditional val: 0
nui: 0x6a004e0, glob: 0x6a01660
Setting glob: nom_alpha_JET_EffectiveNP_Statistical2, which had previous val: 0, to conditional val: 0
nui: 0x6a02fc0, glob: 0x6a04140
Setting glob: nom_alpha_JET_EffectiveNP_Statistical3, which had previous val: 0, to conditional val: 0
nui: 0x6a05a90, glob: 0x6a06c10
Setting glob: nom_alpha_JET_EffectiveNP_Statistical4, which had previous val: 0, to conditional val: 0
nui: 0x6a08560, glob: 0x6a096e0
Setting glob: nom_alpha_JET_EffectiveNP_Statistical5, which had previous val: 0, to conditional val: 0
nui: 0x6a0b030, glob: 0x6a0c1b0
Setting glob: nom_alpha_JET_EffectiveNP_Statistical6, which had previous val: 0, to conditional val: 0
nui: 0x6a0db00, glob: 0x6a0eca0
Setting glob: nom_alpha_JET_EtaIntercalibration_Modelling, which had previous val: 0, to conditional val: 0
nui: 0x6a10640, glob: 0x6a117e0
Setting glob: nom_alpha_JET_EtaIntercalibration_NonClosure_highE, which had previous val: 0, to conditional val: 0
nui: 0x6a13230, glob: 0x6a143a0
Setting glob: nom_alpha_JET_EtaIntercalibration_NonClosure_negEta, which had previous val: 0, to conditional val: 0
nui: 0x6a15df0, glob: 0x6a16f60
Setting glob: nom_alpha_JET_EtaIntercalibration_NonClosure_posEta, which had previous val: 0, to conditional val: 0
nui: 0x6a189b0, glob: 0x6a19b20
Setting glob: nom_alpha_JET_EtaIntercalibration_TotalStat, which had previous val: 0, to conditional val: 0
nui: 0x6a1b4c0, glob: 0x6a1c620
Setting glob: nom_alpha_JET_Flavor_Composition, which had previous val: 0, to conditional val: 0
nui: 0x6a1df20, glob: 0x6a1f080
Setting glob: nom_alpha_JET_Flavor_Response, which had previous val: 0, to conditional val: 0
nui: 0x6a20940, glob: 0x6a21aa0
Setting glob: nom_alpha_JET_JER_DataVsMC, which had previous val: 0, to conditional val: 0
nui: 0x6a23330, glob: 0x6a24490
Setting glob: nom_alpha_JET_JER_EffectiveNP_1, which had previous val: 0, to conditional val: 0
nui: 0x6a25d50, glob: 0x6a26eb0
Setting glob: nom_alpha_JET_JER_EffectiveNP_10, which had previous val: 0, to conditional val: 0
nui: 0x6a287b0, glob: 0x6a29910
Setting glob: nom_alpha_JET_JER_EffectiveNP_11, which had previous val: 0, to conditional val: 0
nui: 0x6a2b210, glob: 0x6a2c390
Setting glob: nom_alpha_JET_JER_EffectiveNP_12restTerm, which had previous val: 0, to conditional val: 0
nui: 0x6a2dd10, glob: 0x6a2ee70
Setting glob: nom_alpha_JET_JER_EffectiveNP_2, which had previous val: 0, to conditional val: 0
nui: 0x6a30730, glob: 0x6a31890
Setting glob: nom_alpha_JET_JER_EffectiveNP_3, which had previous val: 0, to conditional val: 0
nui: 0x6a33150, glob: 0x6a342b0
Setting glob: nom_alpha_JET_JER_EffectiveNP_4, which had previous val: 0, to conditional val: 0
nui: 0x6a35b70, glob: 0x6a36cd0
Setting glob: nom_alpha_JET_JER_EffectiveNP_5, which had previous val: 0, to conditional val: 0
nui: 0x6a38590, glob: 0x6a396f0
Setting glob: nom_alpha_JET_JER_EffectiveNP_6, which had previous val: 0, to conditional val: 0
nui: 0x6a3afb0, glob: 0x6a3c110
Setting glob: nom_alpha_JET_JER_EffectiveNP_7, which had previous val: 0, to conditional val: 0
nui: 0x6a3d9d0, glob: 0x6a3eb30
Setting glob: nom_alpha_JET_JER_EffectiveNP_8, which had previous val: 0, to conditional val: 0
nui: 0x6a403f0, glob: 0x6a41550
Setting glob: nom_alpha_JET_JER_EffectiveNP_9, which had previous val: 0, to conditional val: 0
nui: 0x6a42e10, glob: 0x6a43f70
Setting glob: nom_alpha_JET_Pileup_OffsetMu, which had previous val: 0, to conditional val: 0
nui: 0x6a45830, glob: 0x6a46990
Setting glob: nom_alpha_JET_Pileup_OffsetNPV, which had previous val: 0, to conditional val: 0
nui: 0x6a48250, glob: 0x6a493b0
Setting glob: nom_alpha_JET_Pileup_PtTerm, which had previous val: 0, to conditional val: 0
nui: 0x6a4ac20, glob: 0x6a4bda0
Setting glob: nom_alpha_JET_Pileup_RhoTopology, which had previous val: 0, to conditional val: 0
nui: 0x6a4d6a0, glob: 0x6a4e800
Setting glob: nom_alpha_JET_PunchThrough_MC16, which had previous val: 0, to conditional val: 0
nui: 0x6a500c0, glob: 0x6a51220
Setting glob: nom_alpha_JET_SingleParticle_HighPt, which had previous val: 0, to conditional val: 0
nui: 0x5f01110, glob: 0x5f63e30
Setting glob: nom_gamma_stat_resolved_4b_2016_bin_0, which had previous val: 722.682, to conditional val: 722.682
nui: 0x6fca3a0, glob: 0x6fcca10
Setting glob: nom_gamma_stat_resolved_4b_2016_bin_1, which had previous val: 706.683, to conditional val: 706.683
nui: 0x6fce510, glob: 0x6fd0b80
Setting glob: nom_gamma_stat_resolved_4b_2016_bin_2, which had previous val: 747.53, to conditional val: 747.53
nui: 0x6fd2680, glob: 0x6fd4cf0
Setting glob: nom_gamma_stat_resolved_4b_2016_bin_3, which had previous val: 775.128, to conditional val: 775.128
nui: 0x6fd67f0, glob: 0x6fd8e60
Setting glob: nom_gamma_stat_resolved_4b_2016_bin_4, which had previous val: 765.335, to conditional val: 765.335
nui: 0x6fda960, glob: 0x6fdcfd0
Setting glob: nom_gamma_stat_resolved_4b_2016_bin_5, which had previous val: 771.187, to conditional val: 771.187
nui: 0x6fdeae0, glob: 0x6fe1150
Setting glob: nom_gamma_stat_resolved_4b_2016_bin_6, which had previous val: 894.088, to conditional val: 894.088
nui: 0x6fe2c50, glob: 0x6fe52c0
Setting glob: nom_gamma_stat_resolved_4b_2016_bin_7, which had previous val: 1242.49, to conditional val: 1242.49
nui: 0x6fe6dc0, glob: 0x6fe9430
Setting glob: nom_gamma_stat_resolved_4b_2016_bin_8, which had previous val: 1504.46, to conditional val: 1504.46
nui: 0x6feaf30, glob: 0x6fed5a0
Setting glob: nom_gamma_stat_resolved_4b_2016_bin_9, which had previous val: 1650.02, to conditional val: 1650.02
nui: 0x6fef0a0, glob: 0x6ff1710
Setting glob: nom_gamma_stat_resolved_4b_2016_bin_10, which had previous val: 1910.29, to conditional val: 1910.29
nui: 0x6ff3210, glob: 0x6ff5880
Setting glob: nom_gamma_stat_resolved_4b_2016_bin_11, which had previous val: 2055.92, to conditional val: 2055.92
nui: 0x6ff7380, glob: 0x6ff99f0
Setting glob: nom_gamma_stat_resolved_4b_2016_bin_12, which had previous val: 2621.23, to conditional val: 2621.23
nui: 0x6ffb4f0, glob: 0x6ffdb60
Setting glob: nom_gamma_stat_resolved_4b_2016_bin_13, which had previous val: 2743.28, to conditional val: 2743.28
nui: 0x6fff670, glob: 0x7001ce0
Setting glob: nom_gamma_stat_resolved_4b_2016_bin_14, which had previous val: 2698.84, to conditional val: 2698.84
nui: 0x70037e0, glob: 0x7005e50
Setting glob: nom_gamma_stat_resolved_4b_2016_bin_15, which had previous val: 2679.99, to conditional val: 2679.99
nui: 0x7007950, glob: 0x7009fc0
Setting glob: nom_gamma_stat_resolved_4b_2016_bin_16, which had previous val: 2512.71, to conditional val: 2512.71
nui: 0x700bac0, glob: 0x700e130
Setting glob: nom_gamma_stat_resolved_4b_2016_bin_17, which had previous val: 2380.61, to conditional val: 2380.61
nui: 0x700fc30, glob: 0x70122a0
Setting glob: nom_gamma_stat_resolved_4b_2016_bin_18, which had previous val: 2841.75, to conditional val: 2841.75
nui: 0x7013da0, glob: 0x7016410
Setting glob: nom_gamma_stat_resolved_4b_2016_bin_19, which had previous val: 2332.21, to conditional val: 2332.21
nui: 0x7017f10, glob: 0x701a580
Setting glob: nom_gamma_stat_resolved_4b_2016_bin_20, which had previous val: 1649.03, to conditional val: 1649.03
nui: 0x701c080, glob: 0x701e6f0
Setting glob: nom_gamma_stat_resolved_4b_2016_bin_21, which had previous val: 1077.22, to conditional val: 1077.22
nui: 0x7020200, glob: 0x7022870
Setting glob: nom_gamma_stat_resolved_4b_2016_bin_22, which had previous val: 1700.92, to conditional val: 1700.92
nui: 0x7024370, glob: 0x70269e0
Setting glob: nom_gamma_stat_resolved_4b_2016_bin_23, which had previous val: 1240.92, to conditional val: 1240.92
nui: 0x70284e0, glob: 0x702ab50
Setting glob: nom_gamma_stat_resolved_4b_2016_bin_24, which had previous val: 1291.17, to conditional val: 1291.17
nui: 0x702c650, glob: 0x702ecc0
Setting glob: nom_gamma_stat_resolved_4b_2016_bin_25, which had previous val: 1021.39, to conditional val: 1021.39
nui: 0x70307c0, glob: 0x7032e30
Setting glob: nom_gamma_stat_resolved_4b_2016_bin_26, which had previous val: 773.274, to conditional val: 773.274
nui: 0x7034930, glob: 0x66c0210
Setting glob: nom_gamma_stat_resolved_4b_2016_bin_27, which had previous val: 746.168, to conditional val: 746.168
nui: 0x703c220, glob: 0x703e6d0
Setting glob: nom_gamma_stat_resolved_4b_2016_bin_28, which had previous val: 901.001, to conditional val: 901.001
nui: 0x70401d0, glob: 0x7042840
Setting glob: nom_gamma_stat_resolved_4b_2016_bin_29, which had previous val: 610.135, to conditional val: 610.135
nui: 0x7044340, glob: 0x70469b0
Setting glob: nom_gamma_stat_resolved_4b_2016_bin_30, which had previous val: 525.281, to conditional val: 525.281
nui: 0x70484b0, glob: 0x704ab20
Setting glob: nom_gamma_stat_resolved_4b_2016_bin_31, which had previous val: 561.244, to conditional val: 561.244
nui: 0x704c620, glob: 0x704ec90
Setting glob: nom_gamma_stat_resolved_4b_2016_bin_32, which had previous val: 524.934, to conditional val: 524.934
nui: 0x7050790, glob: 0x7052e00
Setting glob: nom_gamma_stat_resolved_4b_2016_bin_33, which had previous val: 463.289, to conditional val: 463.289
nui: 0x7054900, glob: 0x7056f70
Setting glob: nom_gamma_stat_resolved_4b_2016_bin_34, which had previous val: 372.041, to conditional val: 372.041
nui: 0x7058a70, glob: 0x705b0e0
Setting glob: nom_gamma_stat_resolved_4b_2016_bin_35, which had previous val: 354.18, to conditional val: 354.18
nui: 0x705cbe0, glob: 0x705f250
Setting glob: nom_gamma_stat_resolved_4b_2016_bin_36, which had previous val: 335.345, to conditional val: 335.345
nui: 0x7060d50, glob: 0x70633c0
Setting glob: nom_gamma_stat_resolved_4b_2016_bin_37, which had previous val: 276.914, to conditional val: 276.914
nui: 0x7064ec0, glob: 0x7067530
Setting glob: nom_gamma_stat_resolved_4b_2016_bin_38, which had previous val: 309.899, to conditional val: 309.899
nui: 0x7069030, glob: 0x706b6a0
Setting glob: nom_gamma_stat_resolved_4b_2016_bin_39, which had previous val: 267.63, to conditional val: 267.63
nui: 0x706d1a0, glob: 0x706f810
Setting glob: nom_gamma_stat_resolved_4b_2016_bin_40, which had previous val: 249.651, to conditional val: 249.651
nui: 0x7071310, glob: 0x7073980
Setting glob: nom_gamma_stat_resolved_4b_2016_bin_41, which had previous val: 221.106, to conditional val: 221.106
nui: 0x7075480, glob: 0x7077af0
Setting glob: nom_gamma_stat_resolved_4b_2016_bin_42, which had previous val: 203.441, to conditional val: 203.441
nui: 0x70795f0, glob: 0x707bc60
Setting glob: nom_gamma_stat_resolved_4b_2016_bin_43, which had previous val: 162.643, to conditional val: 162.643
nui: 0x707d760, glob: 0x707fdd0
Setting glob: nom_gamma_stat_resolved_4b_2016_bin_44, which had previous val: 166.706, to conditional val: 166.706
nui: 0x70818d0, glob: 0x7083f40
Setting glob: nom_gamma_stat_resolved_4b_2016_bin_45, which had previous val: 175.253, to conditional val: 175.253
nui: 0x7085a40, glob: 0x70880b0
Setting glob: nom_gamma_stat_resolved_4b_2016_bin_46, which had previous val: 160.076, to conditional val: 160.076
nui: 0x7089bb0, glob: 0x708c220
Setting glob: nom_gamma_stat_resolved_4b_2016_bin_47, which had previous val: 159.758, to conditional val: 159.758
nui: 0x708dd20, glob: 0x7090390
Setting glob: nom_gamma_stat_resolved_4b_2016_bin_48, which had previous val: 122.444, to conditional val: 122.444
nui: 0x7091e90, glob: 0x7094500
Setting glob: nom_gamma_stat_resolved_4b_2016_bin_49, which had previous val: 119.329, to conditional val: 119.329
nui: 0x7096000, glob: 0x7098670
Setting glob: nom_gamma_stat_resolved_4b_2016_bin_50, which had previous val: 113.163, to conditional val: 113.163
nui: 0x709a170, glob: 0x709c7e0
Setting glob: nom_gamma_stat_resolved_4b_2016_bin_51, which had previous val: 133.584, to conditional val: 133.584
nui: 0x709e2e0, glob: 0x70a0950
Setting glob: nom_gamma_stat_resolved_4b_2016_bin_52, which had previous val: 98.1664, to conditional val: 98.1664
nui: 0x70a2450, glob: 0x70a4ac0
Setting glob: nom_gamma_stat_resolved_4b_2016_bin_53, which had previous val: 131.422, to conditional val: 131.422
nui: 0x70a65c0, glob: 0x70a8c30
Setting glob: nom_gamma_stat_resolved_4b_2016_bin_54, which had previous val: 99.7649, to conditional val: 99.7649
nui: 0x70aa730, glob: 0x70acda0
Setting glob: nom_gamma_stat_resolved_4b_2016_bin_55, which had previous val: 54.9132, to conditional val: 54.9132
nui: 0x70ae8a0, glob: 0x70b0f10
Setting glob: nom_gamma_stat_resolved_4b_2016_bin_56, which had previous val: 115.583, to conditional val: 115.583
nui: 0x70b2a10, glob: 0x70b5080
Setting glob: nom_gamma_stat_resolved_4b_2016_bin_57, which had previous val: 113.444, to conditional val: 113.444
nui: 0x70b6b80, glob: 0x70b91f0
Setting glob: nom_gamma_stat_resolved_4b_2016_bin_58, which had previous val: 104.648, to conditional val: 104.648
nui: 0x70bacf0, glob: 0x70bd360
Setting glob: nom_gamma_stat_resolved_4b_2016_bin_59, which had previous val: 97.351, to conditional val: 97.351
nui: 0x70bee60, glob: 0x70c14d0
Setting glob: nom_gamma_stat_resolved_4b_2016_bin_60, which had previous val: 101.104, to conditional val: 101.104
nui: 0x70c2fd0, glob: 0x70c5640
Setting glob: nom_gamma_stat_resolved_4b_2016_bin_61, which had previous val: 93.2016, to conditional val: 93.2016
nui: 0x70c7140, glob: 0x70c97b0
Setting glob: nom_gamma_stat_resolved_4b_2016_bin_62, which had previous val: 94.9165, to conditional val: 94.9165
nui: 0x70cb2b0, glob: 0x70cd920
Setting glob: nom_gamma_stat_resolved_4b_2016_bin_63, which had previous val: 89.3037, to conditional val: 89.3037
nui: 0x70cf420, glob: 0x70d1a90
Setting glob: nom_gamma_stat_resolved_4b_2016_bin_64, which had previous val: 56.2707, to conditional val: 56.2707
nui: 0x70d3590, glob: 0x70d5c00
Setting glob: nom_gamma_stat_resolved_4b_2016_bin_65, which had previous val: 68.1257, to conditional val: 68.1257
nui: 0x70d7700, glob: 0x70d9d70
Setting glob: nom_gamma_stat_resolved_4b_2016_bin_66, which had previous val: 91.7702, to conditional val: 91.7702
nui: 0x70db870, glob: 0x670f580
Setting glob: nom_gamma_stat_resolved_4b_2016_bin_67, which had previous val: 81.2086, to conditional val: 81.2086
nui: 0x6711150, glob: 0x67136e0
Setting glob: nom_gamma_stat_resolved_4b_2016_bin_68, which had previous val: 72.2982, to conditional val: 72.2982
nui: 0x67152b0, glob: 0x6717840
Setting glob: nom_gamma_stat_resolved_4b_2016_bin_69, which had previous val: 55.3002, to conditional val: 55.3002
nui: 0x627e780, glob: 0x6f96e50
Setting glob: nom_alpha_BackgroundNorm17, which had previous val: 0, to conditional val: 0
nui: 0x6f82010, glob: 0x6f83210
Setting glob: nom_alpha_BackgroundShape_HighHT_17, which had previous val: 0, to conditional val: 0
nui: 0x6f84b00, glob: 0x6f85c50
Setting glob: nom_alpha_BackgroundShape_LowHT_17, which had previous val: 0, to conditional val: 0
nui: 0x6284cd0, glob: 0x6286c20
Setting glob: nom_gamma_stat_resolved_4b_2017_bin_0, which had previous val: 723.037, to conditional val: 723.037
nui: 0x628f2b0, glob: 0x6291160
Setting glob: nom_gamma_stat_resolved_4b_2017_bin_1, which had previous val: 738.539, to conditional val: 738.539
nui: 0x6293420, glob: 0x62952d0
Setting glob: nom_gamma_stat_resolved_4b_2017_bin_2, which had previous val: 750.164, to conditional val: 750.164
nui: 0x6297590, glob: 0x6299440
Setting glob: nom_gamma_stat_resolved_4b_2017_bin_3, which had previous val: 821.242, to conditional val: 821.242
nui: 0x629b700, glob: 0x629d5b0
Setting glob: nom_gamma_stat_resolved_4b_2017_bin_4, which had previous val: 997.98, to conditional val: 997.98
nui: 0x629f870, glob: 0x62a1720
Setting glob: nom_gamma_stat_resolved_4b_2017_bin_5, which had previous val: 868.999, to conditional val: 868.999
nui: 0x62a39e0, glob: 0x62a5890
Setting glob: nom_gamma_stat_resolved_4b_2017_bin_6, which had previous val: 1030.6, to conditional val: 1030.6
nui: 0x62a7b50, glob: 0x62a9a00
Setting glob: nom_gamma_stat_resolved_4b_2017_bin_7, which had previous val: 1178.9, to conditional val: 1178.9
nui: 0x62ac220, glob: 0x62ae0d0
Setting glob: nom_gamma_stat_resolved_4b_2017_bin_8, which had previous val: 1468.59, to conditional val: 1468.59
nui: 0x62b0390, glob: 0x62b2240
Setting glob: nom_gamma_stat_resolved_4b_2017_bin_9, which had previous val: 1622.75, to conditional val: 1622.75
nui: 0x62b4500, glob: 0x62b63b0
Setting glob: nom_gamma_stat_resolved_4b_2017_bin_10, which had previous val: 1884.08, to conditional val: 1884.08
nui: 0x62b8670, glob: 0x62ba520
Setting glob: nom_gamma_stat_resolved_4b_2017_bin_11, which had previous val: 2367.18, to conditional val: 2367.18
nui: 0x62bc7e0, glob: 0x62be690
Setting glob: nom_gamma_stat_resolved_4b_2017_bin_12, which had previous val: 2130.97, to conditional val: 2130.97
nui: 0x62c0960, glob: 0x62c2810
Setting glob: nom_gamma_stat_resolved_4b_2017_bin_13, which had previous val: 2155.95, to conditional val: 2155.95
nui: 0x62c4ad0, glob: 0x62c6980
Setting glob: nom_gamma_stat_resolved_4b_2017_bin_14, which had previous val: 2125.87, to conditional val: 2125.87
nui: 0x62c8c40, glob: 0x62caaf0
Setting glob: nom_gamma_stat_resolved_4b_2017_bin_15, which had previous val: 2161.35, to conditional val: 2161.35
nui: 0x62ccdb0, glob: 0x62cec60
Setting glob: nom_gamma_stat_resolved_4b_2017_bin_16, which had previous val: 2026.02, to conditional val: 2026.02
nui: 0x62d0f20, glob: 0x62d2dd0
Setting glob: nom_gamma_stat_resolved_4b_2017_bin_17, which had previous val: 2030.78, to conditional val: 2030.78
nui: 0x62d5090, glob: 0x62d6f40
Setting glob: nom_gamma_stat_resolved_4b_2017_bin_18, which had previous val: 2275.71, to conditional val: 2275.71
nui: 0x62d9970, glob: 0x62db6f0
Setting glob: nom_gamma_stat_resolved_4b_2017_bin_19, which had previous val: 1715.63, to conditional val: 1715.63
nui: 0x62dd9b0, glob: 0x62df860
Setting glob: nom_gamma_stat_resolved_4b_2017_bin_20, which had previous val: 1696.95, to conditional val: 1696.95
nui: 0x62e1b20, glob: 0x62e39d0
Setting glob: nom_gamma_stat_resolved_4b_2017_bin_21, which had previous val: 1704.53, to conditional val: 1704.53
nui: 0x62e5c90, glob: 0x62e7b40
Setting glob: nom_gamma_stat_resolved_4b_2017_bin_22, which had previous val: 1514.11, to conditional val: 1514.11
nui: 0x62e9e00, glob: 0x62ebcb0
Setting glob: nom_gamma_stat_resolved_4b_2017_bin_23, which had previous val: 1812.36, to conditional val: 1812.36
nui: 0x62edf70, glob: 0x62efe20
Setting glob: nom_gamma_stat_resolved_4b_2017_bin_24, which had previous val: 1357.23, to conditional val: 1357.23
nui: 0x62f20e0, glob: 0x62f3f90
Setting glob: nom_gamma_stat_resolved_4b_2017_bin_25, which had previous val: 1282.83, to conditional val: 1282.83
nui: 0x62f6250, glob: 0x62f8100
Setting glob: nom_gamma_stat_resolved_4b_2017_bin_26, which had previous val: 1087.43, to conditional val: 1087.43
nui: 0x62fa3c0, glob: 0x62fc270
Setting glob: nom_gamma_stat_resolved_4b_2017_bin_27, which had previous val: 1149.37, to conditional val: 1149.37
nui: 0x62fe530, glob: 0x63003e0
Setting glob: nom_gamma_stat_resolved_4b_2017_bin_28, which had previous val: 925.693, to conditional val: 925.693
nui: 0x63026b0, glob: 0x6304560
Setting glob: nom_gamma_stat_resolved_4b_2017_bin_29, which had previous val: 977.494, to conditional val: 977.494
nui: 0x6306820, glob: 0x63086d0
Setting glob: nom_gamma_stat_resolved_4b_2017_bin_30, which had previous val: 843.44, to conditional val: 843.44
nui: 0x630a990, glob: 0x630c840
Setting glob: nom_gamma_stat_resolved_4b_2017_bin_31, which had previous val: 736.999, to conditional val: 736.999
nui: 0x630eb00, glob: 0x63109b0
Setting glob: nom_gamma_stat_resolved_4b_2017_bin_32, which had previous val: 715.442, to conditional val: 715.442
nui: 0x6312c70, glob: 0x6314b20
Setting glob: nom_gamma_stat_resolved_4b_2017_bin_33, which had previous val: 782.034, to conditional val: 782.034
nui: 0x6316de0, glob: 0x6318c90
Setting glob: nom_gamma_stat_resolved_4b_2017_bin_34, which had previous val: 665.191, to conditional val: 665.191
nui: 0x631af50, glob: 0x631ce00
Setting glob: nom_gamma_stat_resolved_4b_2017_bin_35, which had previous val: 589.968, to conditional val: 589.968
nui: 0x631f0c0, glob: 0x6320f70
Setting glob: nom_gamma_stat_resolved_4b_2017_bin_36, which had previous val: 410.768, to conditional val: 410.768
nui: 0x6323230, glob: 0x63250e0
Setting glob: nom_gamma_stat_resolved_4b_2017_bin_37, which had previous val: 498.494, to conditional val: 498.494
nui: 0x63273a0, glob: 0x6329250
Setting glob: nom_gamma_stat_resolved_4b_2017_bin_38, which had previous val: 425.306, to conditional val: 425.306
nui: 0x632b510, glob: 0x632d3c0
Setting glob: nom_gamma_stat_resolved_4b_2017_bin_39, which had previous val: 298.606, to conditional val: 298.606
nui: 0x632f680, glob: 0x6331530
Setting glob: nom_gamma_stat_resolved_4b_2017_bin_40, which had previous val: 342.113, to conditional val: 342.113
nui: 0x63337f0, glob: 0x63356a0
Setting glob: nom_gamma_stat_resolved_4b_2017_bin_41, which had previous val: 314.852, to conditional val: 314.852
nui: 0x63385b0, glob: 0x633a3b0
Setting glob: nom_gamma_stat_resolved_4b_2017_bin_42, which had previous val: 328.906, to conditional val: 328.906
nui: 0x633c670, glob: 0x633e520
Setting glob: nom_gamma_stat_resolved_4b_2017_bin_43, which had previous val: 341.326, to conditional val: 341.326
nui: 0x63407e0, glob: 0x6342690
Setting glob: nom_gamma_stat_resolved_4b_2017_bin_44, which had previous val: 295.021, to conditional val: 295.021
nui: 0x6344960, glob: 0x6346810
Setting glob: nom_gamma_stat_resolved_4b_2017_bin_45, which had previous val: 266.259, to conditional val: 266.259
nui: 0x6348ad0, glob: 0x634a980
Setting glob: nom_gamma_stat_resolved_4b_2017_bin_46, which had previous val: 186.042, to conditional val: 186.042
nui: 0x634cc40, glob: 0x634eaf0
Setting glob: nom_gamma_stat_resolved_4b_2017_bin_47, which had previous val: 235.219, to conditional val: 235.219
nui: 0x6350db0, glob: 0x6352c60
Setting glob: nom_gamma_stat_resolved_4b_2017_bin_48, which had previous val: 222.878, to conditional val: 222.878
nui: 0x6354f20, glob: 0x6356dd0
Setting glob: nom_gamma_stat_resolved_4b_2017_bin_49, which had previous val: 206.851, to conditional val: 206.851
nui: 0x6359090, glob: 0x635af40
Setting glob: nom_gamma_stat_resolved_4b_2017_bin_50, which had previous val: 198.378, to conditional val: 198.378
nui: 0x635d200, glob: 0x635f0b0
Setting glob: nom_gamma_stat_resolved_4b_2017_bin_51, which had previous val: 200.855, to conditional val: 200.855
nui: 0x6361370, glob: 0x6363220
Setting glob: nom_gamma_stat_resolved_4b_2017_bin_52, which had previous val: 186.619, to conditional val: 186.619
nui: 0x61e3680, glob: 0x61e5550
Setting glob: nom_gamma_stat_resolved_4b_2017_bin_53, which had previous val: 171.359, to conditional val: 171.359
nui: 0x61e77e0, glob: 0x61e96b0
Setting glob: nom_gamma_stat_resolved_4b_2017_bin_54, which had previous val: 164.885, to conditional val: 164.885
nui: 0x61eb940, glob: 0x61ed810
Setting glob: nom_gamma_stat_resolved_4b_2017_bin_55, which had previous val: 159.698, to conditional val: 159.698
nui: 0x61efaa0, glob: 0x61f1970
Setting glob: nom_gamma_stat_resolved_4b_2017_bin_56, which had previous val: 146.113, to conditional val: 146.113
nui: 0x61f3c00, glob: 0x61f5ad0
Setting glob: nom_gamma_stat_resolved_4b_2017_bin_57, which had previous val: 140.266, to conditional val: 140.266
nui: 0x61f7d60, glob: 0x6393b10
Setting glob: nom_gamma_stat_resolved_4b_2017_bin_58, which had previous val: 138.883, to conditional val: 138.883
nui: 0x63959e0, glob: 0x6397890
Setting glob: nom_gamma_stat_resolved_4b_2017_bin_59, which had previous val: 105.568, to conditional val: 105.568
nui: 0x6399b50, glob: 0x639ba00
Setting glob: nom_gamma_stat_resolved_4b_2017_bin_60, which had previous val: 142.948, to conditional val: 142.948
nui: 0x639dcc0, glob: 0x639fb70
Setting glob: nom_gamma_stat_resolved_4b_2017_bin_61, which had previous val: 127.021, to conditional val: 127.021
nui: 0x63a1e30, glob: 0x63a3ce0
Setting glob: nom_gamma_stat_resolved_4b_2017_bin_62, which had previous val: 121.501, to conditional val: 121.501
nui: 0x63a5fa0, glob: 0x63a7e50
Setting glob: nom_gamma_stat_resolved_4b_2017_bin_63, which had previous val: 122.657, to conditional val: 122.657
nui: 0x63aa110, glob: 0x63abfc0
Setting glob: nom_gamma_stat_resolved_4b_2017_bin_64, which had previous val: 117.896, to conditional val: 117.896
nui: 0x63ae280, glob: 0x63b0130
Setting glob: nom_gamma_stat_resolved_4b_2017_bin_65, which had previous val: 118.399, to conditional val: 118.399
nui: 0x63b23f0, glob: 0x63b42a0
Setting glob: nom_gamma_stat_resolved_4b_2017_bin_66, which had previous val: 101.46, to conditional val: 101.46
nui: 0x63b6560, glob: 0x63b8410
Setting glob: nom_gamma_stat_resolved_4b_2017_bin_67, which had previous val: 112.448, to conditional val: 112.448
nui: 0x63ba6d0, glob: 0x63bc580
Setting glob: nom_gamma_stat_resolved_4b_2017_bin_68, which had previous val: 100.033, to conditional val: 100.033
nui: 0x63bf630, glob: 0x63c1370
Setting glob: nom_gamma_stat_resolved_4b_2017_bin_69, which had previous val: 74.2995, to conditional val: 74.2995
nui: 0x66637f0, glob: 0x6eba4b0
Setting glob: nom_alpha_BackgroundNorm18, which had previous val: 0, to conditional val: 0
nui: 0x6ea5310, glob: 0x6ea6510
Setting glob: nom_alpha_BackgroundShape_HighHT_18, which had previous val: 0, to conditional val: 0
nui: 0x6ea7e00, glob: 0x6ea8f50
Setting glob: nom_alpha_BackgroundShape_LowHT_18, which had previous val: 0, to conditional val: 0
nui: 0x6669c40, glob: 0x666bb90
Setting glob: nom_gamma_stat_resolved_4b_2018_bin_0, which had previous val: 1189.08, to conditional val: 1189.08
nui: 0x666dea0, glob: 0x666fd50
Setting glob: nom_gamma_stat_resolved_4b_2018_bin_1, which had previous val: 1014.03, to conditional val: 1014.03
nui: 0x6672010, glob: 0x6673ec0
Setting glob: nom_gamma_stat_resolved_4b_2018_bin_2, which had previous val: 970.518, to conditional val: 970.518
nui: 0x6676180, glob: 0x6678030
Setting glob: nom_gamma_stat_resolved_4b_2018_bin_3, which had previous val: 1172.47, to conditional val: 1172.47
nui: 0x667a2f0, glob: 0x667c1a0
Setting glob: nom_gamma_stat_resolved_4b_2018_bin_4, which had previous val: 1072.42, to conditional val: 1072.42
nui: 0x667e460, glob: 0x6680310
Setting glob: nom_gamma_stat_resolved_4b_2018_bin_5, which had previous val: 1163.51, to conditional val: 1163.51
nui: 0x66825d0, glob: 0x6684480
Setting glob: nom_gamma_stat_resolved_4b_2018_bin_6, which had previous val: 1370.52, to conditional val: 1370.52
nui: 0x6686740, glob: 0x66885f0
Setting glob: nom_gamma_stat_resolved_4b_2018_bin_7, which had previous val: 1533.89, to conditional val: 1533.89
nui: 0x668a8b0, glob: 0x668c760
Setting glob: nom_gamma_stat_resolved_4b_2018_bin_8, which had previous val: 1639.7, to conditional val: 1639.7
nui: 0x668ea20, glob: 0x66908d0
Setting glob: nom_gamma_stat_resolved_4b_2018_bin_9, which had previous val: 2242.49, to conditional val: 2242.49
nui: 0x6692b90, glob: 0x6694a40
Setting glob: nom_gamma_stat_resolved_4b_2018_bin_10, which had previous val: 2317.17, to conditional val: 2317.17
nui: 0x6696d00, glob: 0x6698bb0
Setting glob: nom_gamma_stat_resolved_4b_2018_bin_11, which had previous val: 2992.86, to conditional val: 2992.86
nui: 0x669ae70, glob: 0x669cd20
Setting glob: nom_gamma_stat_resolved_4b_2018_bin_12, which had previous val: 2929.59, to conditional val: 2929.59
nui: 0x669efe0, glob: 0x66a0e90
Setting glob: nom_gamma_stat_resolved_4b_2018_bin_13, which had previous val: 3075.34, to conditional val: 3075.34
nui: 0x66a3150, glob: 0x66a5000
Setting glob: nom_gamma_stat_resolved_4b_2018_bin_14, which had previous val: 3216.39, to conditional val: 3216.39
nui: 0x66a72c0, glob: 0x66a9170
Setting glob: nom_gamma_stat_resolved_4b_2018_bin_15, which had previous val: 3352.14, to conditional val: 3352.14
nui: 0x66ab430, glob: 0x66ad2e0
Setting glob: nom_gamma_stat_resolved_4b_2018_bin_16, which had previous val: 2590.6, to conditional val: 2590.6
nui: 0x66af5a0, glob: 0x66b1450
Setting glob: nom_gamma_stat_resolved_4b_2018_bin_17, which had previous val: 3569.47, to conditional val: 3569.47
nui: 0x66b3710, glob: 0x66b55c0
Setting glob: nom_gamma_stat_resolved_4b_2018_bin_18, which had previous val: 2419.68, to conditional val: 2419.68
nui: 0x66b7880, glob: 0x66b9730
Setting glob: nom_gamma_stat_resolved_4b_2018_bin_19, which had previous val: 2118.01, to conditional val: 2118.01
nui: 0x66bb9f0, glob: 0x66bd8a0
Setting glob: nom_gamma_stat_resolved_4b_2018_bin_20, which had previous val: 2103.25, to conditional val: 2103.25
nui: 0x63374a0, glob: 0x66c3290
Setting glob: nom_gamma_stat_resolved_4b_2018_bin_21, which had previous val: 2174.79, to conditional val: 2174.79
nui: 0x66c5550, glob: 0x66c7400
Setting glob: nom_gamma_stat_resolved_4b_2018_bin_22, which had previous val: 1393.94, to conditional val: 1393.94
nui: 0x66c96c0, glob: 0x66cb570
Setting glob: nom_gamma_stat_resolved_4b_2018_bin_23, which had previous val: 1675.84, to conditional val: 1675.84
nui: 0x66cd830, glob: 0x66cf6e0
Setting glob: nom_gamma_stat_resolved_4b_2018_bin_24, which had previous val: 1442.8, to conditional val: 1442.8
nui: 0x66d19a0, glob: 0x66d3850
Setting glob: nom_gamma_stat_resolved_4b_2018_bin_25, which had previous val: 1326.2, to conditional val: 1326.2
nui: 0x66d5b10, glob: 0x66d79c0
Setting glob: nom_gamma_stat_resolved_4b_2018_bin_26, which had previous val: 1032.14, to conditional val: 1032.14
nui: 0x66d9c80, glob: 0x66dbb30
Setting glob: nom_gamma_stat_resolved_4b_2018_bin_27, which had previous val: 1053.71, to conditional val: 1053.71
nui: 0x66dddf0, glob: 0x66dfca0
Setting glob: nom_gamma_stat_resolved_4b_2018_bin_28, which had previous val: 918.637, to conditional val: 918.637
nui: 0x66e1f60, glob: 0x66e3e10
Setting glob: nom_gamma_stat_resolved_4b_2018_bin_29, which had previous val: 959.275, to conditional val: 959.275
nui: 0x66e60d0, glob: 0x66e7f80
Setting glob: nom_gamma_stat_resolved_4b_2018_bin_30, which had previous val: 727.88, to conditional val: 727.88
nui: 0x66ea240, glob: 0x66ec0f0
Setting glob: nom_gamma_stat_resolved_4b_2018_bin_31, which had previous val: 778.087, to conditional val: 778.087
nui: 0x66ee3b0, glob: 0x66f0260
Setting glob: nom_gamma_stat_resolved_4b_2018_bin_32, which had previous val: 686.897, to conditional val: 686.897
nui: 0x66f2520, glob: 0x66f43d0
Setting glob: nom_gamma_stat_resolved_4b_2018_bin_33, which had previous val: 548.255, to conditional val: 548.255
nui: 0x66f6690, glob: 0x66f8540
Setting glob: nom_gamma_stat_resolved_4b_2018_bin_34, which had previous val: 490.382, to conditional val: 490.382
nui: 0x66fa800, glob: 0x66fc6b0
Setting glob: nom_gamma_stat_resolved_4b_2018_bin_35, which had previous val: 517.145, to conditional val: 517.145
nui: 0x66fe970, glob: 0x6700820
Setting glob: nom_gamma_stat_resolved_4b_2018_bin_36, which had previous val: 434.116, to conditional val: 434.116
nui: 0x6702ae0, glob: 0x6704990
Setting glob: nom_gamma_stat_resolved_4b_2018_bin_37, which had previous val: 456.49, to conditional val: 456.49
nui: 0x6706c50, glob: 0x6708b00
Setting glob: nom_gamma_stat_resolved_4b_2018_bin_38, which had previous val: 410.308, to conditional val: 410.308
nui: 0x670adc0, glob: 0x670cc70
Setting glob: nom_gamma_stat_resolved_4b_2018_bin_39, which had previous val: 332.356, to conditional val: 332.356
nui: 0x63642b0, glob: 0x6366180
Setting glob: nom_gamma_stat_resolved_4b_2018_bin_40, which had previous val: 339.745, to conditional val: 339.745
nui: 0x6368410, glob: 0x636a2e0
Setting glob: nom_gamma_stat_resolved_4b_2018_bin_41, which had previous val: 319.404, to conditional val: 319.404
nui: 0x636c570, glob: 0x636e440
Setting glob: nom_gamma_stat_resolved_4b_2018_bin_42, which had previous val: 262.577, to conditional val: 262.577
nui: 0x63706d0, glob: 0x63725a0
Setting glob: nom_gamma_stat_resolved_4b_2018_bin_43, which had previous val: 275.397, to conditional val: 275.397
nui: 0x6374830, glob: 0x6376700
Setting glob: nom_gamma_stat_resolved_4b_2018_bin_44, which had previous val: 260.291, to conditional val: 260.291
nui: 0x6378990, glob: 0x637a860
Setting glob: nom_gamma_stat_resolved_4b_2018_bin_45, which had previous val: 244.046, to conditional val: 244.046
nui: 0x637caf0, glob: 0x637e9c0
Setting glob: nom_gamma_stat_resolved_4b_2018_bin_46, which had previous val: 268.204, to conditional val: 268.204
nui: 0x6380c50, glob: 0x6382b20
Setting glob: nom_gamma_stat_resolved_4b_2018_bin_47, which had previous val: 210.183, to conditional val: 210.183
nui: 0x6384db0, glob: 0x6386c80
Setting glob: nom_gamma_stat_resolved_4b_2018_bin_48, which had previous val: 204.993, to conditional val: 204.993
nui: 0x6388f10, glob: 0x638ade0
Setting glob: nom_gamma_stat_resolved_4b_2018_bin_49, which had previous val: 199.783, to conditional val: 199.783
nui: 0x638d070, glob: 0x638ef40
Setting glob: nom_gamma_stat_resolved_4b_2018_bin_50, which had previous val: 216.612, to conditional val: 216.612
nui: 0x63911d0, glob: 0x63930a0
Setting glob: nom_gamma_stat_resolved_4b_2018_bin_51, which had previous val: 160.791, to conditional val: 160.791
nui: 0x676f8f0, glob: 0x67717a0
Setting glob: nom_gamma_stat_resolved_4b_2018_bin_52, which had previous val: 182.977, to conditional val: 182.977
nui: 0x6773a60, glob: 0x6775910
Setting glob: nom_gamma_stat_resolved_4b_2018_bin_53, which had previous val: 188.777, to conditional val: 188.777
nui: 0x6777bd0, glob: 0x6779a80
Setting glob: nom_gamma_stat_resolved_4b_2018_bin_54, which had previous val: 170.62, to conditional val: 170.62
nui: 0x677bd40, glob: 0x677dbf0
Setting glob: nom_gamma_stat_resolved_4b_2018_bin_55, which had previous val: 163.025, to conditional val: 163.025
nui: 0x677feb0, glob: 0x6781d60
Setting glob: nom_gamma_stat_resolved_4b_2018_bin_56, which had previous val: 149.811, to conditional val: 149.811
nui: 0x6784020, glob: 0x6785ed0
Setting glob: nom_gamma_stat_resolved_4b_2018_bin_57, which had previous val: 173.271, to conditional val: 173.271
nui: 0x6788190, glob: 0x678a040
Setting glob: nom_gamma_stat_resolved_4b_2018_bin_58, which had previous val: 147.887, to conditional val: 147.887
nui: 0x678c300, glob: 0x678e1b0
Setting glob: nom_gamma_stat_resolved_4b_2018_bin_59, which had previous val: 115.836, to conditional val: 115.836
nui: 0x6790480, glob: 0x6792330
Setting glob: nom_gamma_stat_resolved_4b_2018_bin_60, which had previous val: 149.115, to conditional val: 149.115
nui: 0x67945f0, glob: 0x67964a0
Setting glob: nom_gamma_stat_resolved_4b_2018_bin_61, which had previous val: 138.221, to conditional val: 138.221
nui: 0x6798760, glob: 0x679a610
Setting glob: nom_gamma_stat_resolved_4b_2018_bin_62, which had previous val: 145.779, to conditional val: 145.779
nui: 0x679c8d0, glob: 0x679e780
Setting glob: nom_gamma_stat_resolved_4b_2018_bin_63, which had previous val: 119.849, to conditional val: 119.849
nui: 0x67a0a40, glob: 0x67a28f0
Setting glob: nom_gamma_stat_resolved_4b_2018_bin_64, which had previous val: 114.606, to conditional val: 114.606
nui: 0x67a4bb0, glob: 0x67a6a60
Setting glob: nom_gamma_stat_resolved_4b_2018_bin_65, which had previous val: 105.861, to conditional val: 105.861
nui: 0x67a8d20, glob: 0x67aabd0
Setting glob: nom_gamma_stat_resolved_4b_2018_bin_66, which had previous val: 103.425, to conditional val: 103.425
nui: 0x67ace90, glob: 0x67aed40
Setting glob: nom_gamma_stat_resolved_4b_2018_bin_67, which had previous val: 140.033, to conditional val: 140.033
nui: 0x67b1010, glob: 0x67b2ec0
Setting glob: nom_gamma_stat_resolved_4b_2018_bin_68, which had previous val: 126.096, to conditional val: 126.096
nui: 0x63bed00, glob: 0x67b8940
Setting glob: nom_gamma_stat_resolved_4b_2018_bin_69, which had previous val: 93.806, to conditional val: 93.806
Saving conditional snapshots
Making asimov
adding obs
adding weight
weightVar: 0x674da00
defining set
 check expectedData by category
[#1] INFO:NumericIntegration -- RooRealIntegral::init(resolved_4b_2016_model_Int[obs_x_resolved_4b_2016]) using numeric integrator RooBinIntegrator to calculate Int(obs_x_resolved_4b_2016)
RooRealVar::obs_x_resolved_4b_2016 = 1242.86  L(250 - 1250) B(70) 
pdf: model_resolved_4b_2016
expected events 9009.13
-----
[#1] INFO:NumericIntegration -- RooRealIntegral::init(resolved_4b_2017_model_Int[obs_x_resolved_4b_2017]) using numeric integrator RooBinIntegrator to calculate Int(obs_x_resolved_4b_2017)
RooRealVar::obs_x_resolved_4b_2017 = 1242.86  L(250 - 1250) B(70) 
pdf: model_resolved_4b_2017
expected events 11041.1
-----
[#1] INFO:NumericIntegration -- RooRealIntegral::init(resolved_4b_2018_model_Int[obs_x_resolved_4b_2018]) using numeric integrator RooBinIntegrator to calculate Int(obs_x_resolved_4b_2018)
RooRealVar::obs_x_resolved_4b_2018 = 1242.86  L(250 - 1250) B(70) 
pdf: model_resolved_4b_2018
expected events 19485.9
-----
Import 2
[#1] INFO:ObjectHandling -- RooWorkspace::import(combWS) importing dataset asimovData_POI_0_NP_nom
