
[1mRooFit v3.60 -- Developed by Wouter Verkerke and David Kirkby[0m 
                Copyright (C) 2000-2013 NIKHEF, University of California & Stanford University
                All rights reserved, please read http://roofit.sourceforge.net/license.txt

Warning in <TClassTable::Add>: class RooNovosibirsk_nancy already in TClassTable
Warning in <TClassTable::Add>: class ExpGausExpPDF already in TClassTable
Warning in <TClassTable::Add>: class HggTwoSidedCBPdf already in TClassTable
You called: 
/afs/cern.ch/work/c/chlcheng/Repository/hh_combination_fw/submodules/RooStatTools/./bin/makeAsimovData output/rescaled/bbbb/spin0/1000.root output/rescaled/bbbb/spin0/1000_with_Asimov_POI_0_NP_nom.root combWS ModelConfig combData false 0.0 asimovData_POI_0_NP_nom xsec_br 
#--- Running makeAsimovData ---
# - Settings: 
  - input_ws:           output/rescaled/bbbb/spin0/1000.root
  - output_ws:          output/rescaled/bbbb/spin0/1000_with_Asimov_POI_0_NP_nom.root
  - workspacename:      combWS
  - modelConfigName:    ModelConfig
  - dataName:           combData
  - doConditional:      0 (false)
  - mu:                 0
  - asimovData_name:    asimovData_POI_0_NP_nom
  - poiName:            xsec_br
Executing makeAsimovData().
inside makeAsimovData().
- doConditional: 0
Pairing nui: Lumi, with glob: nominalLumi, from constraint: lumiConstraint
Pairing nui: alpha_BackgroundNorm16, with glob: nom_alpha_BackgroundNorm16, from constraint: alpha_BackgroundNorm16Constraint
Pairing nui: alpha_BackgroundShape_HighHT_16, with glob: nom_alpha_BackgroundShape_HighHT_16, from constraint: alpha_BackgroundShape_HighHT_16Constraint
Pairing nui: alpha_BackgroundShape_LowHT_16, with glob: nom_alpha_BackgroundShape_LowHT_16, from constraint: alpha_BackgroundShape_LowHT_16Constraint
Pairing nui: alpha_Theory, with glob: nom_alpha_Theory, from constraint: alpha_TheoryConstraint
Pairing nui: alpha_FT_EFF_Eigen_B_0, with glob: nom_alpha_FT_EFF_Eigen_B_0, from constraint: alpha_FT_EFF_Eigen_B_0Constraint
Pairing nui: alpha_FT_EFF_Eigen_B_1, with glob: nom_alpha_FT_EFF_Eigen_B_1, from constraint: alpha_FT_EFF_Eigen_B_1Constraint
Pairing nui: alpha_FT_EFF_Eigen_B_2, with glob: nom_alpha_FT_EFF_Eigen_B_2, from constraint: alpha_FT_EFF_Eigen_B_2Constraint
Pairing nui: alpha_FT_EFF_Eigen_B_3, with glob: nom_alpha_FT_EFF_Eigen_B_3, from constraint: alpha_FT_EFF_Eigen_B_3Constraint
Pairing nui: alpha_FT_EFF_Eigen_B_4, with glob: nom_alpha_FT_EFF_Eigen_B_4, from constraint: alpha_FT_EFF_Eigen_B_4Constraint
Pairing nui: alpha_FT_EFF_Eigen_B_5, with glob: nom_alpha_FT_EFF_Eigen_B_5, from constraint: alpha_FT_EFF_Eigen_B_5Constraint
Pairing nui: alpha_FT_EFF_Eigen_B_6, with glob: nom_alpha_FT_EFF_Eigen_B_6, from constraint: alpha_FT_EFF_Eigen_B_6Constraint
Pairing nui: alpha_FT_EFF_Eigen_B_7, with glob: nom_alpha_FT_EFF_Eigen_B_7, from constraint: alpha_FT_EFF_Eigen_B_7Constraint
Pairing nui: alpha_FT_EFF_Eigen_B_8, with glob: nom_alpha_FT_EFF_Eigen_B_8, from constraint: alpha_FT_EFF_Eigen_B_8Constraint
Pairing nui: alpha_FT_EFF_Eigen_C_0, with glob: nom_alpha_FT_EFF_Eigen_C_0, from constraint: alpha_FT_EFF_Eigen_C_0Constraint
Pairing nui: alpha_FT_EFF_Eigen_C_1, with glob: nom_alpha_FT_EFF_Eigen_C_1, from constraint: alpha_FT_EFF_Eigen_C_1Constraint
Pairing nui: alpha_FT_EFF_Eigen_C_2, with glob: nom_alpha_FT_EFF_Eigen_C_2, from constraint: alpha_FT_EFF_Eigen_C_2Constraint
Pairing nui: alpha_FT_EFF_Eigen_C_3, with glob: nom_alpha_FT_EFF_Eigen_C_3, from constraint: alpha_FT_EFF_Eigen_C_3Constraint
Pairing nui: alpha_FT_EFF_Eigen_Light_0, with glob: nom_alpha_FT_EFF_Eigen_Light_0, from constraint: alpha_FT_EFF_Eigen_Light_0Constraint
Pairing nui: alpha_FT_EFF_Eigen_Light_1, with glob: nom_alpha_FT_EFF_Eigen_Light_1, from constraint: alpha_FT_EFF_Eigen_Light_1Constraint
Pairing nui: alpha_FT_EFF_Eigen_Light_2, with glob: nom_alpha_FT_EFF_Eigen_Light_2, from constraint: alpha_FT_EFF_Eigen_Light_2Constraint
Pairing nui: alpha_FT_EFF_Eigen_Light_3, with glob: nom_alpha_FT_EFF_Eigen_Light_3, from constraint: alpha_FT_EFF_Eigen_Light_3Constraint
Pairing nui: alpha_FT_EFF_extrapolation, with glob: nom_alpha_FT_EFF_extrapolation, from constraint: alpha_FT_EFF_extrapolationConstraint
Pairing nui: alpha_FT_EFF_extrapolation_from_charm, with glob: nom_alpha_FT_EFF_extrapolation_from_charm, from constraint: alpha_FT_EFF_extrapolation_from_charmConstraint
Pairing nui: alpha_JET_BJES_Response, with glob: nom_alpha_JET_BJES_Response, from constraint: alpha_JET_BJES_ResponseConstraint
Pairing nui: alpha_JET_EffectiveNP_Detector1, with glob: nom_alpha_JET_EffectiveNP_Detector1, from constraint: alpha_JET_EffectiveNP_Detector1Constraint
Pairing nui: alpha_JET_EffectiveNP_Detector2, with glob: nom_alpha_JET_EffectiveNP_Detector2, from constraint: alpha_JET_EffectiveNP_Detector2Constraint
Pairing nui: alpha_JET_EffectiveNP_Mixed1, with glob: nom_alpha_JET_EffectiveNP_Mixed1, from constraint: alpha_JET_EffectiveNP_Mixed1Constraint
Pairing nui: alpha_JET_EffectiveNP_Mixed2, with glob: nom_alpha_JET_EffectiveNP_Mixed2, from constraint: alpha_JET_EffectiveNP_Mixed2Constraint
Pairing nui: alpha_JET_EffectiveNP_Mixed3, with glob: nom_alpha_JET_EffectiveNP_Mixed3, from constraint: alpha_JET_EffectiveNP_Mixed3Constraint
Pairing nui: alpha_JET_EffectiveNP_Modelling1, with glob: nom_alpha_JET_EffectiveNP_Modelling1, from constraint: alpha_JET_EffectiveNP_Modelling1Constraint
Pairing nui: alpha_JET_EffectiveNP_Modelling2, with glob: nom_alpha_JET_EffectiveNP_Modelling2, from constraint: alpha_JET_EffectiveNP_Modelling2Constraint
Pairing nui: alpha_JET_EffectiveNP_Modelling3, with glob: nom_alpha_JET_EffectiveNP_Modelling3, from constraint: alpha_JET_EffectiveNP_Modelling3Constraint
Pairing nui: alpha_JET_EffectiveNP_Modelling4, with glob: nom_alpha_JET_EffectiveNP_Modelling4, from constraint: alpha_JET_EffectiveNP_Modelling4Constraint
Pairing nui: alpha_JET_EffectiveNP_Statistical1, with glob: nom_alpha_JET_EffectiveNP_Statistical1, from constraint: alpha_JET_EffectiveNP_Statistical1Constraint
Pairing nui: alpha_JET_EffectiveNP_Statistical2, with glob: nom_alpha_JET_EffectiveNP_Statistical2, from constraint: alpha_JET_EffectiveNP_Statistical2Constraint
Pairing nui: alpha_JET_EffectiveNP_Statistical3, with glob: nom_alpha_JET_EffectiveNP_Statistical3, from constraint: alpha_JET_EffectiveNP_Statistical3Constraint
Pairing nui: alpha_JET_EffectiveNP_Statistical4, with glob: nom_alpha_JET_EffectiveNP_Statistical4, from constraint: alpha_JET_EffectiveNP_Statistical4Constraint
Pairing nui: alpha_JET_EffectiveNP_Statistical5, with glob: nom_alpha_JET_EffectiveNP_Statistical5, from constraint: alpha_JET_EffectiveNP_Statistical5Constraint
Pairing nui: alpha_JET_EffectiveNP_Statistical6, with glob: nom_alpha_JET_EffectiveNP_Statistical6, from constraint: alpha_JET_EffectiveNP_Statistical6Constraint
Pairing nui: alpha_JET_EtaIntercalibration_Modelling, with glob: nom_alpha_JET_EtaIntercalibration_Modelling, from constraint: alpha_JET_EtaIntercalibration_ModellingConstraint
Pairing nui: alpha_JET_EtaIntercalibration_NonClosure_highE, with glob: nom_alpha_JET_EtaIntercalibration_NonClosure_highE, from constraint: alpha_JET_EtaIntercalibration_NonClosure_highEConstraint
Pairing nui: alpha_JET_EtaIntercalibration_NonClosure_negEta, with glob: nom_alpha_JET_EtaIntercalibration_NonClosure_negEta, from constraint: alpha_JET_EtaIntercalibration_NonClosure_negEtaConstraint
Pairing nui: alpha_JET_EtaIntercalibration_NonClosure_posEta, with glob: nom_alpha_JET_EtaIntercalibration_NonClosure_posEta, from constraint: alpha_JET_EtaIntercalibration_NonClosure_posEtaConstraint
Pairing nui: alpha_JET_EtaIntercalibration_TotalStat, with glob: nom_alpha_JET_EtaIntercalibration_TotalStat, from constraint: alpha_JET_EtaIntercalibration_TotalStatConstraint
Pairing nui: alpha_JET_Flavor_Composition, with glob: nom_alpha_JET_Flavor_Composition, from constraint: alpha_JET_Flavor_CompositionConstraint
Pairing nui: alpha_JET_Flavor_Response, with glob: nom_alpha_JET_Flavor_Response, from constraint: alpha_JET_Flavor_ResponseConstraint
Pairing nui: alpha_JET_JER_DataVsMC, with glob: nom_alpha_JET_JER_DataVsMC, from constraint: alpha_JET_JER_DataVsMCConstraint
Pairing nui: alpha_JET_JER_EffectiveNP_1, with glob: nom_alpha_JET_JER_EffectiveNP_1, from constraint: alpha_JET_JER_EffectiveNP_1Constraint
Pairing nui: alpha_JET_JER_EffectiveNP_10, with glob: nom_alpha_JET_JER_EffectiveNP_10, from constraint: alpha_JET_JER_EffectiveNP_10Constraint
Pairing nui: alpha_JET_JER_EffectiveNP_11, with glob: nom_alpha_JET_JER_EffectiveNP_11, from constraint: alpha_JET_JER_EffectiveNP_11Constraint
Pairing nui: alpha_JET_JER_EffectiveNP_12restTerm, with glob: nom_alpha_JET_JER_EffectiveNP_12restTerm, from constraint: alpha_JET_JER_EffectiveNP_12restTermConstraint
Pairing nui: alpha_JET_JER_EffectiveNP_2, with glob: nom_alpha_JET_JER_EffectiveNP_2, from constraint: alpha_JET_JER_EffectiveNP_2Constraint
Pairing nui: alpha_JET_JER_EffectiveNP_3, with glob: nom_alpha_JET_JER_EffectiveNP_3, from constraint: alpha_JET_JER_EffectiveNP_3Constraint
Pairing nui: alpha_JET_JER_EffectiveNP_4, with glob: nom_alpha_JET_JER_EffectiveNP_4, from constraint: alpha_JET_JER_EffectiveNP_4Constraint
Pairing nui: alpha_JET_JER_EffectiveNP_5, with glob: nom_alpha_JET_JER_EffectiveNP_5, from constraint: alpha_JET_JER_EffectiveNP_5Constraint
Pairing nui: alpha_JET_JER_EffectiveNP_6, with glob: nom_alpha_JET_JER_EffectiveNP_6, from constraint: alpha_JET_JER_EffectiveNP_6Constraint
Pairing nui: alpha_JET_JER_EffectiveNP_7, with glob: nom_alpha_JET_JER_EffectiveNP_7, from constraint: alpha_JET_JER_EffectiveNP_7Constraint
Pairing nui: alpha_JET_JER_EffectiveNP_8, with glob: nom_alpha_JET_JER_EffectiveNP_8, from constraint: alpha_JET_JER_EffectiveNP_8Constraint
Pairing nui: alpha_JET_JER_EffectiveNP_9, with glob: nom_alpha_JET_JER_EffectiveNP_9, from constraint: alpha_JET_JER_EffectiveNP_9Constraint
Pairing nui: alpha_JET_Pileup_OffsetMu, with glob: nom_alpha_JET_Pileup_OffsetMu, from constraint: alpha_JET_Pileup_OffsetMuConstraint
Pairing nui: alpha_JET_Pileup_OffsetNPV, with glob: nom_alpha_JET_Pileup_OffsetNPV, from constraint: alpha_JET_Pileup_OffsetNPVConstraint
Pairing nui: alpha_JET_Pileup_PtTerm, with glob: nom_alpha_JET_Pileup_PtTerm, from constraint: alpha_JET_Pileup_PtTermConstraint
Pairing nui: alpha_JET_Pileup_RhoTopology, with glob: nom_alpha_JET_Pileup_RhoTopology, from constraint: alpha_JET_Pileup_RhoTopologyConstraint
Pairing nui: alpha_JET_PunchThrough_MC16, with glob: nom_alpha_JET_PunchThrough_MC16, from constraint: alpha_JET_PunchThrough_MC16Constraint
Pairing nui: alpha_JET_SingleParticle_HighPt, with glob: nom_alpha_JET_SingleParticle_HighPt, from constraint: alpha_JET_SingleParticle_HighPtConstraint
Pairing nui: gamma_stat_resolved_4b_2016_bin_0_poisMean, with glob: nom_gamma_stat_resolved_4b_2016_bin_0, from constraint: gamma_stat_resolved_4b_2016_bin_0_constraint
Pairing nui: gamma_stat_resolved_4b_2016_bin_1_poisMean, with glob: nom_gamma_stat_resolved_4b_2016_bin_1, from constraint: gamma_stat_resolved_4b_2016_bin_1_constraint
Pairing nui: gamma_stat_resolved_4b_2016_bin_2_poisMean, with glob: nom_gamma_stat_resolved_4b_2016_bin_2, from constraint: gamma_stat_resolved_4b_2016_bin_2_constraint
Pairing nui: gamma_stat_resolved_4b_2016_bin_3_poisMean, with glob: nom_gamma_stat_resolved_4b_2016_bin_3, from constraint: gamma_stat_resolved_4b_2016_bin_3_constraint
Pairing nui: gamma_stat_resolved_4b_2016_bin_4_poisMean, with glob: nom_gamma_stat_resolved_4b_2016_bin_4, from constraint: gamma_stat_resolved_4b_2016_bin_4_constraint
Pairing nui: gamma_stat_resolved_4b_2016_bin_5_poisMean, with glob: nom_gamma_stat_resolved_4b_2016_bin_5, from constraint: gamma_stat_resolved_4b_2016_bin_5_constraint
Pairing nui: gamma_stat_resolved_4b_2016_bin_6_poisMean, with glob: nom_gamma_stat_resolved_4b_2016_bin_6, from constraint: gamma_stat_resolved_4b_2016_bin_6_constraint
Pairing nui: gamma_stat_resolved_4b_2016_bin_7_poisMean, with glob: nom_gamma_stat_resolved_4b_2016_bin_7, from constraint: gamma_stat_resolved_4b_2016_bin_7_constraint
Pairing nui: gamma_stat_resolved_4b_2016_bin_8_poisMean, with glob: nom_gamma_stat_resolved_4b_2016_bin_8, from constraint: gamma_stat_resolved_4b_2016_bin_8_constraint
Pairing nui: gamma_stat_resolved_4b_2016_bin_9_poisMean, with glob: nom_gamma_stat_resolved_4b_2016_bin_9, from constraint: gamma_stat_resolved_4b_2016_bin_9_constraint
Pairing nui: gamma_stat_resolved_4b_2016_bin_10_poisMean, with glob: nom_gamma_stat_resolved_4b_2016_bin_10, from constraint: gamma_stat_resolved_4b_2016_bin_10_constraint
Pairing nui: gamma_stat_resolved_4b_2016_bin_11_poisMean, with glob: nom_gamma_stat_resolved_4b_2016_bin_11, from constraint: gamma_stat_resolved_4b_2016_bin_11_constraint
Pairing nui: gamma_stat_resolved_4b_2016_bin_12_poisMean, with glob: nom_gamma_stat_resolved_4b_2016_bin_12, from constraint: gamma_stat_resolved_4b_2016_bin_12_constraint
Pairing nui: gamma_stat_resolved_4b_2016_bin_13_poisMean, with glob: nom_gamma_stat_resolved_4b_2016_bin_13, from constraint: gamma_stat_resolved_4b_2016_bin_13_constraint
Pairing nui: gamma_stat_resolved_4b_2016_bin_14_poisMean, with glob: nom_gamma_stat_resolved_4b_2016_bin_14, from constraint: gamma_stat_resolved_4b_2016_bin_14_constraint
Pairing nui: gamma_stat_resolved_4b_2016_bin_15_poisMean, with glob: nom_gamma_stat_resolved_4b_2016_bin_15, from constraint: gamma_stat_resolved_4b_2016_bin_15_constraint
Pairing nui: gamma_stat_resolved_4b_2016_bin_16_poisMean, with glob: nom_gamma_stat_resolved_4b_2016_bin_16, from constraint: gamma_stat_resolved_4b_2016_bin_16_constraint
Pairing nui: gamma_stat_resolved_4b_2016_bin_17_poisMean, with glob: nom_gamma_stat_resolved_4b_2016_bin_17, from constraint: gamma_stat_resolved_4b_2016_bin_17_constraint
Pairing nui: gamma_stat_resolved_4b_2016_bin_18_poisMean, with glob: nom_gamma_stat_resolved_4b_2016_bin_18, from constraint: gamma_stat_resolved_4b_2016_bin_18_constraint
Pairing nui: gamma_stat_resolved_4b_2016_bin_19_poisMean, with glob: nom_gamma_stat_resolved_4b_2016_bin_19, from constraint: gamma_stat_resolved_4b_2016_bin_19_constraint
Pairing nui: gamma_stat_resolved_4b_2016_bin_20_poisMean, with glob: nom_gamma_stat_resolved_4b_2016_bin_20, from constraint: gamma_stat_resolved_4b_2016_bin_20_constraint
Pairing nui: gamma_stat_resolved_4b_2016_bin_21_poisMean, with glob: nom_gamma_stat_resolved_4b_2016_bin_21, from constraint: gamma_stat_resolved_4b_2016_bin_21_constraint
Pairing nui: gamma_stat_resolved_4b_2016_bin_22_poisMean, with glob: nom_gamma_stat_resolved_4b_2016_bin_22, from constraint: gamma_stat_resolved_4b_2016_bin_22_constraint
Pairing nui: gamma_stat_resolved_4b_2016_bin_23_poisMean, with glob: nom_gamma_stat_resolved_4b_2016_bin_23, from constraint: gamma_stat_resolved_4b_2016_bin_23_constraint
Pairing nui: gamma_stat_resolved_4b_2016_bin_24_poisMean, with glob: nom_gamma_stat_resolved_4b_2016_bin_24, from constraint: gamma_stat_resolved_4b_2016_bin_24_constraint
Pairing nui: gamma_stat_resolved_4b_2016_bin_25_poisMean, with glob: nom_gamma_stat_resolved_4b_2016_bin_25, from constraint: gamma_stat_resolved_4b_2016_bin_25_constraint
Pairing nui: gamma_stat_resolved_4b_2016_bin_26_poisMean, with glob: nom_gamma_stat_resolved_4b_2016_bin_26, from constraint: gamma_stat_resolved_4b_2016_bin_26_constraint
Pairing nui: gamma_stat_resolved_4b_2016_bin_27_poisMean, with glob: nom_gamma_stat_resolved_4b_2016_bin_27, from constraint: gamma_stat_resolved_4b_2016_bin_27_constraint
Pairing nui: gamma_stat_resolved_4b_2016_bin_28_poisMean, with glob: nom_gamma_stat_resolved_4b_2016_bin_28, from constraint: gamma_stat_resolved_4b_2016_bin_28_constraint
Pairing nui: gamma_stat_resolved_4b_2016_bin_29_poisMean, with glob: nom_gamma_stat_resolved_4b_2016_bin_29, from constraint: gamma_stat_resolved_4b_2016_bin_29_constraint
Pairing nui: gamma_stat_resolved_4b_2016_bin_30_poisMean, with glob: nom_gamma_stat_resolved_4b_2016_bin_30, from constraint: gamma_stat_resolved_4b_2016_bin_30_constraint
Pairing nui: gamma_stat_resolved_4b_2016_bin_31_poisMean, with glob: nom_gamma_stat_resolved_4b_2016_bin_31, from constraint: gamma_stat_resolved_4b_2016_bin_31_constraint
Pairing nui: gamma_stat_resolved_4b_2016_bin_32_poisMean, with glob: nom_gamma_stat_resolved_4b_2016_bin_32, from constraint: gamma_stat_resolved_4b_2016_bin_32_constraint
Pairing nui: gamma_stat_resolved_4b_2016_bin_33_poisMean, with glob: nom_gamma_stat_resolved_4b_2016_bin_33, from constraint: gamma_stat_resolved_4b_2016_bin_33_constraint
Pairing nui: gamma_stat_resolved_4b_2016_bin_34_poisMean, with glob: nom_gamma_stat_resolved_4b_2016_bin_34, from constraint: gamma_stat_resolved_4b_2016_bin_34_constraint
Pairing nui: gamma_stat_resolved_4b_2016_bin_35_poisMean, with glob: nom_gamma_stat_resolved_4b_2016_bin_35, from constraint: gamma_stat_resolved_4b_2016_bin_35_constraint
Pairing nui: gamma_stat_resolved_4b_2016_bin_36_poisMean, with glob: nom_gamma_stat_resolved_4b_2016_bin_36, from constraint: gamma_stat_resolved_4b_2016_bin_36_constraint
Pairing nui: gamma_stat_resolved_4b_2016_bin_37_poisMean, with glob: nom_gamma_stat_resolved_4b_2016_bin_37, from constraint: gamma_stat_resolved_4b_2016_bin_37_constraint
Pairing nui: gamma_stat_resolved_4b_2016_bin_38_poisMean, with glob: nom_gamma_stat_resolved_4b_2016_bin_38, from constraint: gamma_stat_resolved_4b_2016_bin_38_constraint
Pairing nui: gamma_stat_resolved_4b_2016_bin_39_poisMean, with glob: nom_gamma_stat_resolved_4b_2016_bin_39, from constraint: gamma_stat_resolved_4b_2016_bin_39_constraint
Pairing nui: gamma_stat_resolved_4b_2016_bin_40_poisMean, with glob: nom_gamma_stat_resolved_4b_2016_bin_40, from constraint: gamma_stat_resolved_4b_2016_bin_40_constraint
Pairing nui: gamma_stat_resolved_4b_2016_bin_41_poisMean, with glob: nom_gamma_stat_resolved_4b_2016_bin_41, from constraint: gamma_stat_resolved_4b_2016_bin_41_constraint
Pairing nui: gamma_stat_resolved_4b_2016_bin_42_poisMean, with glob: nom_gamma_stat_resolved_4b_2016_bin_42, from constraint: gamma_stat_resolved_4b_2016_bin_42_constraint
Pairing nui: gamma_stat_resolved_4b_2016_bin_43_poisMean, with glob: nom_gamma_stat_resolved_4b_2016_bin_43, from constraint: gamma_stat_resolved_4b_2016_bin_43_constraint
Pairing nui: gamma_stat_resolved_4b_2016_bin_44_poisMean, with glob: nom_gamma_stat_resolved_4b_2016_bin_44, from constraint: gamma_stat_resolved_4b_2016_bin_44_constraint
Pairing nui: gamma_stat_resolved_4b_2016_bin_45_poisMean, with glob: nom_gamma_stat_resolved_4b_2016_bin_45, from constraint: gamma_stat_resolved_4b_2016_bin_45_constraint
Pairing nui: gamma_stat_resolved_4b_2016_bin_46_poisMean, with glob: nom_gamma_stat_resolved_4b_2016_bin_46, from constraint: gamma_stat_resolved_4b_2016_bin_46_constraint
Pairing nui: gamma_stat_resolved_4b_2016_bin_47_poisMean, with glob: nom_gamma_stat_resolved_4b_2016_bin_47, from constraint: gamma_stat_resolved_4b_2016_bin_47_constraint
Pairing nui: gamma_stat_resolved_4b_2016_bin_48_poisMean, with glob: nom_gamma_stat_resolved_4b_2016_bin_48, from constraint: gamma_stat_resolved_4b_2016_bin_48_constraint
Pairing nui: gamma_stat_resolved_4b_2016_bin_49_poisMean, with glob: nom_gamma_stat_resolved_4b_2016_bin_49, from constraint: gamma_stat_resolved_4b_2016_bin_49_constraint
Pairing nui: gamma_stat_resolved_4b_2016_bin_50_poisMean, with glob: nom_gamma_stat_resolved_4b_2016_bin_50, from constraint: gamma_stat_resolved_4b_2016_bin_50_constraint
Pairing nui: gamma_stat_resolved_4b_2016_bin_51_poisMean, with glob: nom_gamma_stat_resolved_4b_2016_bin_51, from constraint: gamma_stat_resolved_4b_2016_bin_51_constraint
Pairing nui: gamma_stat_resolved_4b_2016_bin_52_poisMean, with glob: nom_gamma_stat_resolved_4b_2016_bin_52, from constraint: gamma_stat_resolved_4b_2016_bin_52_constraint
Pairing nui: gamma_stat_resolved_4b_2016_bin_53_poisMean, with glob: nom_gamma_stat_resolved_4b_2016_bin_53, from constraint: gamma_stat_resolved_4b_2016_bin_53_constraint
Pairing nui: gamma_stat_resolved_4b_2016_bin_54_poisMean, with glob: nom_gamma_stat_resolved_4b_2016_bin_54, from constraint: gamma_stat_resolved_4b_2016_bin_54_constraint
Pairing nui: gamma_stat_resolved_4b_2016_bin_55_poisMean, with glob: nom_gamma_stat_resolved_4b_2016_bin_55, from constraint: gamma_stat_resolved_4b_2016_bin_55_constraint
Pairing nui: gamma_stat_resolved_4b_2016_bin_56_poisMean, with glob: nom_gamma_stat_resolved_4b_2016_bin_56, from constraint: gamma_stat_resolved_4b_2016_bin_56_constraint
Pairing nui: gamma_stat_resolved_4b_2016_bin_57_poisMean, with glob: nom_gamma_stat_resolved_4b_2016_bin_57, from constraint: gamma_stat_resolved_4b_2016_bin_57_constraint
Pairing nui: gamma_stat_resolved_4b_2016_bin_58_poisMean, with glob: nom_gamma_stat_resolved_4b_2016_bin_58, from constraint: gamma_stat_resolved_4b_2016_bin_58_constraint
Pairing nui: gamma_stat_resolved_4b_2016_bin_59_poisMean, with glob: nom_gamma_stat_resolved_4b_2016_bin_59, from constraint: gamma_stat_resolved_4b_2016_bin_59_constraint
Pairing nui: gamma_stat_resolved_4b_2016_bin_60_poisMean, with glob: nom_gamma_stat_resolved_4b_2016_bin_60, from constraint: gamma_stat_resolved_4b_2016_bin_60_constraint
Pairing nui: gamma_stat_resolved_4b_2016_bin_61_poisMean, with glob: nom_gamma_stat_resolved_4b_2016_bin_61, from constraint: gamma_stat_resolved_4b_2016_bin_61_constraint
Pairing nui: gamma_stat_resolved_4b_2016_bin_62_poisMean, with glob: nom_gamma_stat_resolved_4b_2016_bin_62, from constraint: gamma_stat_resolved_4b_2016_bin_62_constraint
Pairing nui: gamma_stat_resolved_4b_2016_bin_63_poisMean, with glob: nom_gamma_stat_resolved_4b_2016_bin_63, from constraint: gamma_stat_resolved_4b_2016_bin_63_constraint
Pairing nui: gamma_stat_resolved_4b_2016_bin_64_poisMean, with glob: nom_gamma_stat_resolved_4b_2016_bin_64, from constraint: gamma_stat_resolved_4b_2016_bin_64_constraint
Pairing nui: gamma_stat_resolved_4b_2016_bin_65_poisMean, with glob: nom_gamma_stat_resolved_4b_2016_bin_65, from constraint: gamma_stat_resolved_4b_2016_bin_65_constraint
Pairing nui: gamma_stat_resolved_4b_2016_bin_66_poisMean, with glob: nom_gamma_stat_resolved_4b_2016_bin_66, from constraint: gamma_stat_resolved_4b_2016_bin_66_constraint
Pairing nui: gamma_stat_resolved_4b_2016_bin_67_poisMean, with glob: nom_gamma_stat_resolved_4b_2016_bin_67, from constraint: gamma_stat_resolved_4b_2016_bin_67_constraint
Pairing nui: gamma_stat_resolved_4b_2016_bin_68_poisMean, with glob: nom_gamma_stat_resolved_4b_2016_bin_68, from constraint: gamma_stat_resolved_4b_2016_bin_68_constraint
Pairing nui: gamma_stat_resolved_4b_2016_bin_69_poisMean, with glob: nom_gamma_stat_resolved_4b_2016_bin_69, from constraint: gamma_stat_resolved_4b_2016_bin_69_constraint
Pairing nui: alpha_BackgroundNorm17, with glob: nom_alpha_BackgroundNorm17, from constraint: alpha_BackgroundNorm17Constraint
Pairing nui: alpha_BackgroundShape_HighHT_17, with glob: nom_alpha_BackgroundShape_HighHT_17, from constraint: alpha_BackgroundShape_HighHT_17Constraint
Pairing nui: alpha_BackgroundShape_LowHT_17, with glob: nom_alpha_BackgroundShape_LowHT_17, from constraint: alpha_BackgroundShape_LowHT_17Constraint
Pairing nui: gamma_stat_resolved_4b_2017_bin_0_poisMean, with glob: nom_gamma_stat_resolved_4b_2017_bin_0, from constraint: gamma_stat_resolved_4b_2017_bin_0_constraint
Pairing nui: gamma_stat_resolved_4b_2017_bin_1_poisMean, with glob: nom_gamma_stat_resolved_4b_2017_bin_1, from constraint: gamma_stat_resolved_4b_2017_bin_1_constraint
Pairing nui: gamma_stat_resolved_4b_2017_bin_2_poisMean, with glob: nom_gamma_stat_resolved_4b_2017_bin_2, from constraint: gamma_stat_resolved_4b_2017_bin_2_constraint
Pairing nui: gamma_stat_resolved_4b_2017_bin_3_poisMean, with glob: nom_gamma_stat_resolved_4b_2017_bin_3, from constraint: gamma_stat_resolved_4b_2017_bin_3_constraint
Pairing nui: gamma_stat_resolved_4b_2017_bin_4_poisMean, with glob: nom_gamma_stat_resolved_4b_2017_bin_4, from constraint: gamma_stat_resolved_4b_2017_bin_4_constraint
Pairing nui: gamma_stat_resolved_4b_2017_bin_5_poisMean, with glob: nom_gamma_stat_resolved_4b_2017_bin_5, from constraint: gamma_stat_resolved_4b_2017_bin_5_constraint
Pairing nui: gamma_stat_resolved_4b_2017_bin_6_poisMean, with glob: nom_gamma_stat_resolved_4b_2017_bin_6, from constraint: gamma_stat_resolved_4b_2017_bin_6_constraint
Pairing nui: gamma_stat_resolved_4b_2017_bin_7_poisMean, with glob: nom_gamma_stat_resolved_4b_2017_bin_7, from constraint: gamma_stat_resolved_4b_2017_bin_7_constraint
Pairing nui: gamma_stat_resolved_4b_2017_bin_8_poisMean, with glob: nom_gamma_stat_resolved_4b_2017_bin_8, from constraint: gamma_stat_resolved_4b_2017_bin_8_constraint
Pairing nui: gamma_stat_resolved_4b_2017_bin_9_poisMean, with glob: nom_gamma_stat_resolved_4b_2017_bin_9, from constraint: gamma_stat_resolved_4b_2017_bin_9_constraint
Pairing nui: gamma_stat_resolved_4b_2017_bin_10_poisMean, with glob: nom_gamma_stat_resolved_4b_2017_bin_10, from constraint: gamma_stat_resolved_4b_2017_bin_10_constraint
Pairing nui: gamma_stat_resolved_4b_2017_bin_11_poisMean, with glob: nom_gamma_stat_resolved_4b_2017_bin_11, from constraint: gamma_stat_resolved_4b_2017_bin_11_constraint
Pairing nui: gamma_stat_resolved_4b_2017_bin_12_poisMean, with glob: nom_gamma_stat_resolved_4b_2017_bin_12, from constraint: gamma_stat_resolved_4b_2017_bin_12_constraint
Pairing nui: gamma_stat_resolved_4b_2017_bin_13_poisMean, with glob: nom_gamma_stat_resolved_4b_2017_bin_13, from constraint: gamma_stat_resolved_4b_2017_bin_13_constraint
Pairing nui: gamma_stat_resolved_4b_2017_bin_14_poisMean, with glob: nom_gamma_stat_resolved_4b_2017_bin_14, from constraint: gamma_stat_resolved_4b_2017_bin_14_constraint
Pairing nui: gamma_stat_resolved_4b_2017_bin_15_poisMean, with glob: nom_gamma_stat_resolved_4b_2017_bin_15, from constraint: gamma_stat_resolved_4b_2017_bin_15_constraint
Pairing nui: gamma_stat_resolved_4b_2017_bin_16_poisMean, with glob: nom_gamma_stat_resolved_4b_2017_bin_16, from constraint: gamma_stat_resolved_4b_2017_bin_16_constraint
Pairing nui: gamma_stat_resolved_4b_2017_bin_17_poisMean, with glob: nom_gamma_stat_resolved_4b_2017_bin_17, from constraint: gamma_stat_resolved_4b_2017_bin_17_constraint
Pairing nui: gamma_stat_resolved_4b_2017_bin_18_poisMean, with glob: nom_gamma_stat_resolved_4b_2017_bin_18, from constraint: gamma_stat_resolved_4b_2017_bin_18_constraint
Pairing nui: gamma_stat_resolved_4b_2017_bin_19_poisMean, with glob: nom_gamma_stat_resolved_4b_2017_bin_19, from constraint: gamma_stat_resolved_4b_2017_bin_19_constraint
Pairing nui: gamma_stat_resolved_4b_2017_bin_20_poisMean, with glob: nom_gamma_stat_resolved_4b_2017_bin_20, from constraint: gamma_stat_resolved_4b_2017_bin_20_constraint
Pairing nui: gamma_stat_resolved_4b_2017_bin_21_poisMean, with glob: nom_gamma_stat_resolved_4b_2017_bin_21, from constraint: gamma_stat_resolved_4b_2017_bin_21_constraint
Pairing nui: gamma_stat_resolved_4b_2017_bin_22_poisMean, with glob: nom_gamma_stat_resolved_4b_2017_bin_22, from constraint: gamma_stat_resolved_4b_2017_bin_22_constraint
Pairing nui: gamma_stat_resolved_4b_2017_bin_23_poisMean, with glob: nom_gamma_stat_resolved_4b_2017_bin_23, from constraint: gamma_stat_resolved_4b_2017_bin_23_constraint
Pairing nui: gamma_stat_resolved_4b_2017_bin_24_poisMean, with glob: nom_gamma_stat_resolved_4b_2017_bin_24, from constraint: gamma_stat_resolved_4b_2017_bin_24_constraint
Pairing nui: gamma_stat_resolved_4b_2017_bin_25_poisMean, with glob: nom_gamma_stat_resolved_4b_2017_bin_25, from constraint: gamma_stat_resolved_4b_2017_bin_25_constraint
Pairing nui: gamma_stat_resolved_4b_2017_bin_26_poisMean, with glob: nom_gamma_stat_resolved_4b_2017_bin_26, from constraint: gamma_stat_resolved_4b_2017_bin_26_constraint
Pairing nui: gamma_stat_resolved_4b_2017_bin_27_poisMean, with glob: nom_gamma_stat_resolved_4b_2017_bin_27, from constraint: gamma_stat_resolved_4b_2017_bin_27_constraint
Pairing nui: gamma_stat_resolved_4b_2017_bin_28_poisMean, with glob: nom_gamma_stat_resolved_4b_2017_bin_28, from constraint: gamma_stat_resolved_4b_2017_bin_28_constraint
Pairing nui: gamma_stat_resolved_4b_2017_bin_29_poisMean, with glob: nom_gamma_stat_resolved_4b_2017_bin_29, from constraint: gamma_stat_resolved_4b_2017_bin_29_constraint
Pairing nui: gamma_stat_resolved_4b_2017_bin_30_poisMean, with glob: nom_gamma_stat_resolved_4b_2017_bin_30, from constraint: gamma_stat_resolved_4b_2017_bin_30_constraint
Pairing nui: gamma_stat_resolved_4b_2017_bin_31_poisMean, with glob: nom_gamma_stat_resolved_4b_2017_bin_31, from constraint: gamma_stat_resolved_4b_2017_bin_31_constraint
Pairing nui: gamma_stat_resolved_4b_2017_bin_32_poisMean, with glob: nom_gamma_stat_resolved_4b_2017_bin_32, from constraint: gamma_stat_resolved_4b_2017_bin_32_constraint
Pairing nui: gamma_stat_resolved_4b_2017_bin_33_poisMean, with glob: nom_gamma_stat_resolved_4b_2017_bin_33, from constraint: gamma_stat_resolved_4b_2017_bin_33_constraint
Pairing nui: gamma_stat_resolved_4b_2017_bin_34_poisMean, with glob: nom_gamma_stat_resolved_4b_2017_bin_34, from constraint: gamma_stat_resolved_4b_2017_bin_34_constraint
Pairing nui: gamma_stat_resolved_4b_2017_bin_35_poisMean, with glob: nom_gamma_stat_resolved_4b_2017_bin_35, from constraint: gamma_stat_resolved_4b_2017_bin_35_constraint
Pairing nui: gamma_stat_resolved_4b_2017_bin_36_poisMean, with glob: nom_gamma_stat_resolved_4b_2017_bin_36, from constraint: gamma_stat_resolved_4b_2017_bin_36_constraint
Pairing nui: gamma_stat_resolved_4b_2017_bin_37_poisMean, with glob: nom_gamma_stat_resolved_4b_2017_bin_37, from constraint: gamma_stat_resolved_4b_2017_bin_37_constraint
Pairing nui: gamma_stat_resolved_4b_2017_bin_38_poisMean, with glob: nom_gamma_stat_resolved_4b_2017_bin_38, from constraint: gamma_stat_resolved_4b_2017_bin_38_constraint
Pairing nui: gamma_stat_resolved_4b_2017_bin_39_poisMean, with glob: nom_gamma_stat_resolved_4b_2017_bin_39, from constraint: gamma_stat_resolved_4b_2017_bin_39_constraint
Pairing nui: gamma_stat_resolved_4b_2017_bin_40_poisMean, with glob: nom_gamma_stat_resolved_4b_2017_bin_40, from constraint: gamma_stat_resolved_4b_2017_bin_40_constraint
Pairing nui: gamma_stat_resolved_4b_2017_bin_41_poisMean, with glob: nom_gamma_stat_resolved_4b_2017_bin_41, from constraint: gamma_stat_resolved_4b_2017_bin_41_constraint
Pairing nui: gamma_stat_resolved_4b_2017_bin_42_poisMean, with glob: nom_gamma_stat_resolved_4b_2017_bin_42, from constraint: gamma_stat_resolved_4b_2017_bin_42_constraint
Pairing nui: gamma_stat_resolved_4b_2017_bin_43_poisMean, with glob: nom_gamma_stat_resolved_4b_2017_bin_43, from constraint: gamma_stat_resolved_4b_2017_bin_43_constraint
Pairing nui: gamma_stat_resolved_4b_2017_bin_44_poisMean, with glob: nom_gamma_stat_resolved_4b_2017_bin_44, from constraint: gamma_stat_resolved_4b_2017_bin_44_constraint
Pairing nui: gamma_stat_resolved_4b_2017_bin_45_poisMean, with glob: nom_gamma_stat_resolved_4b_2017_bin_45, from constraint: gamma_stat_resolved_4b_2017_bin_45_constraint
Pairing nui: gamma_stat_resolved_4b_2017_bin_46_poisMean, with glob: nom_gamma_stat_resolved_4b_2017_bin_46, from constraint: gamma_stat_resolved_4b_2017_bin_46_constraint
Pairing nui: gamma_stat_resolved_4b_2017_bin_47_poisMean, with glob: nom_gamma_stat_resolved_4b_2017_bin_47, from constraint: gamma_stat_resolved_4b_2017_bin_47_constraint
Pairing nui: gamma_stat_resolved_4b_2017_bin_48_poisMean, with glob: nom_gamma_stat_resolved_4b_2017_bin_48, from constraint: gamma_stat_resolved_4b_2017_bin_48_constraint
Pairing nui: gamma_stat_resolved_4b_2017_bin_49_poisMean, with glob: nom_gamma_stat_resolved_4b_2017_bin_49, from constraint: gamma_stat_resolved_4b_2017_bin_49_constraint
Pairing nui: gamma_stat_resolved_4b_2017_bin_50_poisMean, with glob: nom_gamma_stat_resolved_4b_2017_bin_50, from constraint: gamma_stat_resolved_4b_2017_bin_50_constraint
Pairing nui: gamma_stat_resolved_4b_2017_bin_51_poisMean, with glob: nom_gamma_stat_resolved_4b_2017_bin_51, from constraint: gamma_stat_resolved_4b_2017_bin_51_constraint
Pairing nui: gamma_stat_resolved_4b_2017_bin_52_poisMean, with glob: nom_gamma_stat_resolved_4b_2017_bin_52, from constraint: gamma_stat_resolved_4b_2017_bin_52_constraint
Pairing nui: gamma_stat_resolved_4b_2017_bin_53_poisMean, with glob: nom_gamma_stat_resolved_4b_2017_bin_53, from constraint: gamma_stat_resolved_4b_2017_bin_53_constraint
Pairing nui: gamma_stat_resolved_4b_2017_bin_54_poisMean, with glob: nom_gamma_stat_resolved_4b_2017_bin_54, from constraint: gamma_stat_resolved_4b_2017_bin_54_constraint
Pairing nui: gamma_stat_resolved_4b_2017_bin_55_poisMean, with glob: nom_gamma_stat_resolved_4b_2017_bin_55, from constraint: gamma_stat_resolved_4b_2017_bin_55_constraint
Pairing nui: gamma_stat_resolved_4b_2017_bin_56_poisMean, with glob: nom_gamma_stat_resolved_4b_2017_bin_56, from constraint: gamma_stat_resolved_4b_2017_bin_56_constraint
Pairing nui: gamma_stat_resolved_4b_2017_bin_57_poisMean, with glob: nom_gamma_stat_resolved_4b_2017_bin_57, from constraint: gamma_stat_resolved_4b_2017_bin_57_constraint
Pairing nui: gamma_stat_resolved_4b_2017_bin_58_poisMean, with glob: nom_gamma_stat_resolved_4b_2017_bin_58, from constraint: gamma_stat_resolved_4b_2017_bin_58_constraint
Pairing nui: gamma_stat_resolved_4b_2017_bin_59_poisMean, with glob: nom_gamma_stat_resolved_4b_2017_bin_59, from constraint: gamma_stat_resolved_4b_2017_bin_59_constraint
Pairing nui: gamma_stat_resolved_4b_2017_bin_60_poisMean, with glob: nom_gamma_stat_resolved_4b_2017_bin_60, from constraint: gamma_stat_resolved_4b_2017_bin_60_constraint
Pairing nui: gamma_stat_resolved_4b_2017_bin_61_poisMean, with glob: nom_gamma_stat_resolved_4b_2017_bin_61, from constraint: gamma_stat_resolved_4b_2017_bin_61_constraint
Pairing nui: gamma_stat_resolved_4b_2017_bin_62_poisMean, with glob: nom_gamma_stat_resolved_4b_2017_bin_62, from constraint: gamma_stat_resolved_4b_2017_bin_62_constraint
Pairing nui: gamma_stat_resolved_4b_2017_bin_63_poisMean, with glob: nom_gamma_stat_resolved_4b_2017_bin_63, from constraint: gamma_stat_resolved_4b_2017_bin_63_constraint
Pairing nui: gamma_stat_resolved_4b_2017_bin_64_poisMean, with glob: nom_gamma_stat_resolved_4b_2017_bin_64, from constraint: gamma_stat_resolved_4b_2017_bin_64_constraint
Pairing nui: gamma_stat_resolved_4b_2017_bin_65_poisMean, with glob: nom_gamma_stat_resolved_4b_2017_bin_65, from constraint: gamma_stat_resolved_4b_2017_bin_65_constraint
Pairing nui: gamma_stat_resolved_4b_2017_bin_66_poisMean, with glob: nom_gamma_stat_resolved_4b_2017_bin_66, from constraint: gamma_stat_resolved_4b_2017_bin_66_constraint
Pairing nui: gamma_stat_resolved_4b_2017_bin_67_poisMean, with glob: nom_gamma_stat_resolved_4b_2017_bin_67, from constraint: gamma_stat_resolved_4b_2017_bin_67_constraint
Pairing nui: gamma_stat_resolved_4b_2017_bin_68_poisMean, with glob: nom_gamma_stat_resolved_4b_2017_bin_68, from constraint: gamma_stat_resolved_4b_2017_bin_68_constraint
Pairing nui: gamma_stat_resolved_4b_2017_bin_69_poisMean, with glob: nom_gamma_stat_resolved_4b_2017_bin_69, from constraint: gamma_stat_resolved_4b_2017_bin_69_constraint
Pairing nui: alpha_BackgroundNorm18, with glob: nom_alpha_BackgroundNorm18, from constraint: alpha_BackgroundNorm18Constraint
Pairing nui: alpha_BackgroundShape_HighHT_18, with glob: nom_alpha_BackgroundShape_HighHT_18, from constraint: alpha_BackgroundShape_HighHT_18Constraint
Pairing nui: alpha_BackgroundShape_LowHT_18, with glob: nom_alpha_BackgroundShape_LowHT_18, from constraint: alpha_BackgroundShape_LowHT_18Constraint
Pairing nui: gamma_stat_resolved_4b_2018_bin_0_poisMean, with glob: nom_gamma_stat_resolved_4b_2018_bin_0, from constraint: gamma_stat_resolved_4b_2018_bin_0_constraint
Pairing nui: gamma_stat_resolved_4b_2018_bin_1_poisMean, with glob: nom_gamma_stat_resolved_4b_2018_bin_1, from constraint: gamma_stat_resolved_4b_2018_bin_1_constraint
Pairing nui: gamma_stat_resolved_4b_2018_bin_2_poisMean, with glob: nom_gamma_stat_resolved_4b_2018_bin_2, from constraint: gamma_stat_resolved_4b_2018_bin_2_constraint
Pairing nui: gamma_stat_resolved_4b_2018_bin_3_poisMean, with glob: nom_gamma_stat_resolved_4b_2018_bin_3, from constraint: gamma_stat_resolved_4b_2018_bin_3_constraint
Pairing nui: gamma_stat_resolved_4b_2018_bin_4_poisMean, with glob: nom_gamma_stat_resolved_4b_2018_bin_4, from constraint: gamma_stat_resolved_4b_2018_bin_4_constraint
Pairing nui: gamma_stat_resolved_4b_2018_bin_5_poisMean, with glob: nom_gamma_stat_resolved_4b_2018_bin_5, from constraint: gamma_stat_resolved_4b_2018_bin_5_constraint
Pairing nui: gamma_stat_resolved_4b_2018_bin_6_poisMean, with glob: nom_gamma_stat_resolved_4b_2018_bin_6, from constraint: gamma_stat_resolved_4b_2018_bin_6_constraint
Pairing nui: gamma_stat_resolved_4b_2018_bin_7_poisMean, with glob: nom_gamma_stat_resolved_4b_2018_bin_7, from constraint: gamma_stat_resolved_4b_2018_bin_7_constraint
Pairing nui: gamma_stat_resolved_4b_2018_bin_8_poisMean, with glob: nom_gamma_stat_resolved_4b_2018_bin_8, from constraint: gamma_stat_resolved_4b_2018_bin_8_constraint
Pairing nui: gamma_stat_resolved_4b_2018_bin_9_poisMean, with glob: nom_gamma_stat_resolved_4b_2018_bin_9, from constraint: gamma_stat_resolved_4b_2018_bin_9_constraint
Pairing nui: gamma_stat_resolved_4b_2018_bin_10_poisMean, with glob: nom_gamma_stat_resolved_4b_2018_bin_10, from constraint: gamma_stat_resolved_4b_2018_bin_10_constraint
Pairing nui: gamma_stat_resolved_4b_2018_bin_11_poisMean, with glob: nom_gamma_stat_resolved_4b_2018_bin_11, from constraint: gamma_stat_resolved_4b_2018_bin_11_constraint
Pairing nui: gamma_stat_resolved_4b_2018_bin_12_poisMean, with glob: nom_gamma_stat_resolved_4b_2018_bin_12, from constraint: gamma_stat_resolved_4b_2018_bin_12_constraint
Pairing nui: gamma_stat_resolved_4b_2018_bin_13_poisMean, with glob: nom_gamma_stat_resolved_4b_2018_bin_13, from constraint: gamma_stat_resolved_4b_2018_bin_13_constraint
Pairing nui: gamma_stat_resolved_4b_2018_bin_14_poisMean, with glob: nom_gamma_stat_resolved_4b_2018_bin_14, from constraint: gamma_stat_resolved_4b_2018_bin_14_constraint
Pairing nui: gamma_stat_resolved_4b_2018_bin_15_poisMean, with glob: nom_gamma_stat_resolved_4b_2018_bin_15, from constraint: gamma_stat_resolved_4b_2018_bin_15_constraint
Pairing nui: gamma_stat_resolved_4b_2018_bin_16_poisMean, with glob: nom_gamma_stat_resolved_4b_2018_bin_16, from constraint: gamma_stat_resolved_4b_2018_bin_16_constraint
Pairing nui: gamma_stat_resolved_4b_2018_bin_17_poisMean, with glob: nom_gamma_stat_resolved_4b_2018_bin_17, from constraint: gamma_stat_resolved_4b_2018_bin_17_constraint
Pairing nui: gamma_stat_resolved_4b_2018_bin_18_poisMean, with glob: nom_gamma_stat_resolved_4b_2018_bin_18, from constraint: gamma_stat_resolved_4b_2018_bin_18_constraint
Pairing nui: gamma_stat_resolved_4b_2018_bin_19_poisMean, with glob: nom_gamma_stat_resolved_4b_2018_bin_19, from constraint: gamma_stat_resolved_4b_2018_bin_19_constraint
Pairing nui: gamma_stat_resolved_4b_2018_bin_20_poisMean, with glob: nom_gamma_stat_resolved_4b_2018_bin_20, from constraint: gamma_stat_resolved_4b_2018_bin_20_constraint
Pairing nui: gamma_stat_resolved_4b_2018_bin_21_poisMean, with glob: nom_gamma_stat_resolved_4b_2018_bin_21, from constraint: gamma_stat_resolved_4b_2018_bin_21_constraint
Pairing nui: gamma_stat_resolved_4b_2018_bin_22_poisMean, with glob: nom_gamma_stat_resolved_4b_2018_bin_22, from constraint: gamma_stat_resolved_4b_2018_bin_22_constraint
Pairing nui: gamma_stat_resolved_4b_2018_bin_23_poisMean, with glob: nom_gamma_stat_resolved_4b_2018_bin_23, from constraint: gamma_stat_resolved_4b_2018_bin_23_constraint
Pairing nui: gamma_stat_resolved_4b_2018_bin_24_poisMean, with glob: nom_gamma_stat_resolved_4b_2018_bin_24, from constraint: gamma_stat_resolved_4b_2018_bin_24_constraint
Pairing nui: gamma_stat_resolved_4b_2018_bin_25_poisMean, with glob: nom_gamma_stat_resolved_4b_2018_bin_25, from constraint: gamma_stat_resolved_4b_2018_bin_25_constraint
Pairing nui: gamma_stat_resolved_4b_2018_bin_26_poisMean, with glob: nom_gamma_stat_resolved_4b_2018_bin_26, from constraint: gamma_stat_resolved_4b_2018_bin_26_constraint
Pairing nui: gamma_stat_resolved_4b_2018_bin_27_poisMean, with glob: nom_gamma_stat_resolved_4b_2018_bin_27, from constraint: gamma_stat_resolved_4b_2018_bin_27_constraint
Pairing nui: gamma_stat_resolved_4b_2018_bin_28_poisMean, with glob: nom_gamma_stat_resolved_4b_2018_bin_28, from constraint: gamma_stat_resolved_4b_2018_bin_28_constraint
Pairing nui: gamma_stat_resolved_4b_2018_bin_29_poisMean, with glob: nom_gamma_stat_resolved_4b_2018_bin_29, from constraint: gamma_stat_resolved_4b_2018_bin_29_constraint
Pairing nui: gamma_stat_resolved_4b_2018_bin_30_poisMean, with glob: nom_gamma_stat_resolved_4b_2018_bin_30, from constraint: gamma_stat_resolved_4b_2018_bin_30_constraint
Pairing nui: gamma_stat_resolved_4b_2018_bin_31_poisMean, with glob: nom_gamma_stat_resolved_4b_2018_bin_31, from constraint: gamma_stat_resolved_4b_2018_bin_31_constraint
Pairing nui: gamma_stat_resolved_4b_2018_bin_32_poisMean, with glob: nom_gamma_stat_resolved_4b_2018_bin_32, from constraint: gamma_stat_resolved_4b_2018_bin_32_constraint
Pairing nui: gamma_stat_resolved_4b_2018_bin_33_poisMean, with glob: nom_gamma_stat_resolved_4b_2018_bin_33, from constraint: gamma_stat_resolved_4b_2018_bin_33_constraint
Pairing nui: gamma_stat_resolved_4b_2018_bin_34_poisMean, with glob: nom_gamma_stat_resolved_4b_2018_bin_34, from constraint: gamma_stat_resolved_4b_2018_bin_34_constraint
Pairing nui: gamma_stat_resolved_4b_2018_bin_35_poisMean, with glob: nom_gamma_stat_resolved_4b_2018_bin_35, from constraint: gamma_stat_resolved_4b_2018_bin_35_constraint
Pairing nui: gamma_stat_resolved_4b_2018_bin_36_poisMean, with glob: nom_gamma_stat_resolved_4b_2018_bin_36, from constraint: gamma_stat_resolved_4b_2018_bin_36_constraint
Pairing nui: gamma_stat_resolved_4b_2018_bin_37_poisMean, with glob: nom_gamma_stat_resolved_4b_2018_bin_37, from constraint: gamma_stat_resolved_4b_2018_bin_37_constraint
Pairing nui: gamma_stat_resolved_4b_2018_bin_38_poisMean, with glob: nom_gamma_stat_resolved_4b_2018_bin_38, from constraint: gamma_stat_resolved_4b_2018_bin_38_constraint
Pairing nui: gamma_stat_resolved_4b_2018_bin_39_poisMean, with glob: nom_gamma_stat_resolved_4b_2018_bin_39, from constraint: gamma_stat_resolved_4b_2018_bin_39_constraint
Pairing nui: gamma_stat_resolved_4b_2018_bin_40_poisMean, with glob: nom_gamma_stat_resolved_4b_2018_bin_40, from constraint: gamma_stat_resolved_4b_2018_bin_40_constraint
Pairing nui: gamma_stat_resolved_4b_2018_bin_41_poisMean, with glob: nom_gamma_stat_resolved_4b_2018_bin_41, from constraint: gamma_stat_resolved_4b_2018_bin_41_constraint
Pairing nui: gamma_stat_resolved_4b_2018_bin_42_poisMean, with glob: nom_gamma_stat_resolved_4b_2018_bin_42, from constraint: gamma_stat_resolved_4b_2018_bin_42_constraint
Pairing nui: gamma_stat_resolved_4b_2018_bin_43_poisMean, with glob: nom_gamma_stat_resolved_4b_2018_bin_43, from constraint: gamma_stat_resolved_4b_2018_bin_43_constraint
Pairing nui: gamma_stat_resolved_4b_2018_bin_44_poisMean, with glob: nom_gamma_stat_resolved_4b_2018_bin_44, from constraint: gamma_stat_resolved_4b_2018_bin_44_constraint
Pairing nui: gamma_stat_resolved_4b_2018_bin_45_poisMean, with glob: nom_gamma_stat_resolved_4b_2018_bin_45, from constraint: gamma_stat_resolved_4b_2018_bin_45_constraint
Pairing nui: gamma_stat_resolved_4b_2018_bin_46_poisMean, with glob: nom_gamma_stat_resolved_4b_2018_bin_46, from constraint: gamma_stat_resolved_4b_2018_bin_46_constraint
Pairing nui: gamma_stat_resolved_4b_2018_bin_47_poisMean, with glob: nom_gamma_stat_resolved_4b_2018_bin_47, from constraint: gamma_stat_resolved_4b_2018_bin_47_constraint
Pairing nui: gamma_stat_resolved_4b_2018_bin_48_poisMean, with glob: nom_gamma_stat_resolved_4b_2018_bin_48, from constraint: gamma_stat_resolved_4b_2018_bin_48_constraint
Pairing nui: gamma_stat_resolved_4b_2018_bin_49_poisMean, with glob: nom_gamma_stat_resolved_4b_2018_bin_49, from constraint: gamma_stat_resolved_4b_2018_bin_49_constraint
Pairing nui: gamma_stat_resolved_4b_2018_bin_50_poisMean, with glob: nom_gamma_stat_resolved_4b_2018_bin_50, from constraint: gamma_stat_resolved_4b_2018_bin_50_constraint
Pairing nui: gamma_stat_resolved_4b_2018_bin_51_poisMean, with glob: nom_gamma_stat_resolved_4b_2018_bin_51, from constraint: gamma_stat_resolved_4b_2018_bin_51_constraint
Pairing nui: gamma_stat_resolved_4b_2018_bin_52_poisMean, with glob: nom_gamma_stat_resolved_4b_2018_bin_52, from constraint: gamma_stat_resolved_4b_2018_bin_52_constraint
Pairing nui: gamma_stat_resolved_4b_2018_bin_53_poisMean, with glob: nom_gamma_stat_resolved_4b_2018_bin_53, from constraint: gamma_stat_resolved_4b_2018_bin_53_constraint
Pairing nui: gamma_stat_resolved_4b_2018_bin_54_poisMean, with glob: nom_gamma_stat_resolved_4b_2018_bin_54, from constraint: gamma_stat_resolved_4b_2018_bin_54_constraint
Pairing nui: gamma_stat_resolved_4b_2018_bin_55_poisMean, with glob: nom_gamma_stat_resolved_4b_2018_bin_55, from constraint: gamma_stat_resolved_4b_2018_bin_55_constraint
Pairing nui: gamma_stat_resolved_4b_2018_bin_56_poisMean, with glob: nom_gamma_stat_resolved_4b_2018_bin_56, from constraint: gamma_stat_resolved_4b_2018_bin_56_constraint
Pairing nui: gamma_stat_resolved_4b_2018_bin_57_poisMean, with glob: nom_gamma_stat_resolved_4b_2018_bin_57, from constraint: gamma_stat_resolved_4b_2018_bin_57_constraint
Pairing nui: gamma_stat_resolved_4b_2018_bin_58_poisMean, with glob: nom_gamma_stat_resolved_4b_2018_bin_58, from constraint: gamma_stat_resolved_4b_2018_bin_58_constraint
Pairing nui: gamma_stat_resolved_4b_2018_bin_59_poisMean, with glob: nom_gamma_stat_resolved_4b_2018_bin_59, from constraint: gamma_stat_resolved_4b_2018_bin_59_constraint
Pairing nui: gamma_stat_resolved_4b_2018_bin_60_poisMean, with glob: nom_gamma_stat_resolved_4b_2018_bin_60, from constraint: gamma_stat_resolved_4b_2018_bin_60_constraint
Pairing nui: gamma_stat_resolved_4b_2018_bin_61_poisMean, with glob: nom_gamma_stat_resolved_4b_2018_bin_61, from constraint: gamma_stat_resolved_4b_2018_bin_61_constraint
Pairing nui: gamma_stat_resolved_4b_2018_bin_62_poisMean, with glob: nom_gamma_stat_resolved_4b_2018_bin_62, from constraint: gamma_stat_resolved_4b_2018_bin_62_constraint
Pairing nui: gamma_stat_resolved_4b_2018_bin_63_poisMean, with glob: nom_gamma_stat_resolved_4b_2018_bin_63, from constraint: gamma_stat_resolved_4b_2018_bin_63_constraint
Pairing nui: gamma_stat_resolved_4b_2018_bin_64_poisMean, with glob: nom_gamma_stat_resolved_4b_2018_bin_64, from constraint: gamma_stat_resolved_4b_2018_bin_64_constraint
Pairing nui: gamma_stat_resolved_4b_2018_bin_65_poisMean, with glob: nom_gamma_stat_resolved_4b_2018_bin_65, from constraint: gamma_stat_resolved_4b_2018_bin_65_constraint
Pairing nui: gamma_stat_resolved_4b_2018_bin_66_poisMean, with glob: nom_gamma_stat_resolved_4b_2018_bin_66, from constraint: gamma_stat_resolved_4b_2018_bin_66_constraint
Pairing nui: gamma_stat_resolved_4b_2018_bin_67_poisMean, with glob: nom_gamma_stat_resolved_4b_2018_bin_67, from constraint: gamma_stat_resolved_4b_2018_bin_67_constraint
Pairing nui: gamma_stat_resolved_4b_2018_bin_68_poisMean, with glob: nom_gamma_stat_resolved_4b_2018_bin_68, from constraint: gamma_stat_resolved_4b_2018_bin_68_constraint
Pairing nui: gamma_stat_resolved_4b_2018_bin_69_poisMean, with glob: nom_gamma_stat_resolved_4b_2018_bin_69, from constraint: gamma_stat_resolved_4b_2018_bin_69_constraint
nui: 0x6373c30, glob: 0x73154b0
Setting glob: nominalLumi, which had previous val: 1, to conditional val: 1
nui: 0x5608c50, glob: 0x6a9b6e0
Setting glob: nom_alpha_BackgroundNorm16, which had previous val: 0, to conditional val: 0
nui: 0x7316f90, glob: 0x7317c70
Setting glob: nom_alpha_BackgroundShape_HighHT_16, which had previous val: 0, to conditional val: 0
nui: 0x7319980, glob: 0x731a6c0
Setting glob: nom_alpha_BackgroundShape_LowHT_16, which had previous val: 0, to conditional val: 0
nui: 0x5e7d480, glob: 0x6a9d3a0
Setting glob: nom_alpha_Theory, which had previous val: 0, to conditional val: 0
nui: 0x65cc900, glob: 0x65cdb10
Setting glob: nom_alpha_FT_EFF_Eigen_B_0, which had previous val: 0, to conditional val: 0
nui: 0x69b1970, glob: 0x69b2b80
Setting glob: nom_alpha_FT_EFF_Eigen_B_1, which had previous val: 0, to conditional val: 0
nui: 0x6d084d0, glob: 0x6d096e0
Setting glob: nom_alpha_FT_EFF_Eigen_B_2, which had previous val: 0, to conditional val: 0
nui: 0x6d0afe0, glob: 0x6d0c160
Setting glob: nom_alpha_FT_EFF_Eigen_B_3, which had previous val: 0, to conditional val: 0
nui: 0x6d0d9d0, glob: 0x6d0eb50
Setting glob: nom_alpha_FT_EFF_Eigen_B_4, which had previous val: 0, to conditional val: 0
nui: 0x6d103c0, glob: 0x6d11540
Setting glob: nom_alpha_FT_EFF_Eigen_B_5, which had previous val: 0, to conditional val: 0
nui: 0x6d12db0, glob: 0x6d13f30
Setting glob: nom_alpha_FT_EFF_Eigen_B_6, which had previous val: 0, to conditional val: 0
nui: 0x6d157a0, glob: 0x6d16920
Setting glob: nom_alpha_FT_EFF_Eigen_B_7, which had previous val: 0, to conditional val: 0
nui: 0x6d18190, glob: 0x6d19310
Setting glob: nom_alpha_FT_EFF_Eigen_B_8, which had previous val: 0, to conditional val: 0
nui: 0x6d1ab80, glob: 0x6d1bd00
Setting glob: nom_alpha_FT_EFF_Eigen_C_0, which had previous val: 0, to conditional val: 0
nui: 0x6d1d570, glob: 0x6d1e6f0
Setting glob: nom_alpha_FT_EFF_Eigen_C_1, which had previous val: 0, to conditional val: 0
nui: 0x6d1ff60, glob: 0x6d210e0
Setting glob: nom_alpha_FT_EFF_Eigen_C_2, which had previous val: 0, to conditional val: 0
nui: 0x6d22950, glob: 0x6d23ad0
Setting glob: nom_alpha_FT_EFF_Eigen_C_3, which had previous val: 0, to conditional val: 0
nui: 0x6d25340, glob: 0x6d264c0
Setting glob: nom_alpha_FT_EFF_Eigen_Light_0, which had previous val: 0, to conditional val: 0
nui: 0x6d27d80, glob: 0x6d28ee0
Setting glob: nom_alpha_FT_EFF_Eigen_Light_1, which had previous val: 0, to conditional val: 0
nui: 0x6d2a7a0, glob: 0x6d2b900
Setting glob: nom_alpha_FT_EFF_Eigen_Light_2, which had previous val: 0, to conditional val: 0
nui: 0x6d2d1c0, glob: 0x6d2e320
Setting glob: nom_alpha_FT_EFF_Eigen_Light_3, which had previous val: 0, to conditional val: 0
nui: 0x6d2fbe0, glob: 0x6d30d40
Setting glob: nom_alpha_FT_EFF_extrapolation, which had previous val: 0, to conditional val: 0
nui: 0x6d32600, glob: 0x6d33780
Setting glob: nom_alpha_FT_EFF_extrapolation_from_charm, which had previous val: 0, to conditional val: 0
nui: 0x6d35100, glob: 0x6d36260
Setting glob: nom_alpha_JET_BJES_Response, which had previous val: 0, to conditional val: 0
nui: 0x6d37ad0, glob: 0x6d38c50
Setting glob: nom_alpha_JET_EffectiveNP_Detector1, which had previous val: 0, to conditional val: 0
nui: 0x6d3a570, glob: 0x6d3b6d0
Setting glob: nom_alpha_JET_EffectiveNP_Detector2, which had previous val: 0, to conditional val: 0
nui: 0x6d3cff0, glob: 0x6d3e150
Setting glob: nom_alpha_JET_EffectiveNP_Mixed1, which had previous val: 0, to conditional val: 0
nui: 0x6d3fa50, glob: 0x6d40bb0
Setting glob: nom_alpha_JET_EffectiveNP_Mixed2, which had previous val: 0, to conditional val: 0
nui: 0x6d424b0, glob: 0x6d43610
Setting glob: nom_alpha_JET_EffectiveNP_Mixed3, which had previous val: 0, to conditional val: 0
nui: 0x6d44f10, glob: 0x6d46090
Setting glob: nom_alpha_JET_EffectiveNP_Modelling1, which had previous val: 0, to conditional val: 0
nui: 0x6d479d0, glob: 0x6d48b50
Setting glob: nom_alpha_JET_EffectiveNP_Modelling2, which had previous val: 0, to conditional val: 0
nui: 0x6d4a490, glob: 0x6d4b610
Setting glob: nom_alpha_JET_EffectiveNP_Modelling3, which had previous val: 0, to conditional val: 0
nui: 0x6d4cf50, glob: 0x6d4e0d0
Setting glob: nom_alpha_JET_EffectiveNP_Modelling4, which had previous val: 0, to conditional val: 0
nui: 0x6d4fa10, glob: 0x6d50b90
Setting glob: nom_alpha_JET_EffectiveNP_Statistical1, which had previous val: 0, to conditional val: 0
nui: 0x6d524e0, glob: 0x6d53660
Setting glob: nom_alpha_JET_EffectiveNP_Statistical2, which had previous val: 0, to conditional val: 0
nui: 0x6d54fc0, glob: 0x6d56140
Setting glob: nom_alpha_JET_EffectiveNP_Statistical3, which had previous val: 0, to conditional val: 0
nui: 0x6d57a90, glob: 0x6d58c10
Setting glob: nom_alpha_JET_EffectiveNP_Statistical4, which had previous val: 0, to conditional val: 0
nui: 0x6d5a560, glob: 0x6d5b6e0
Setting glob: nom_alpha_JET_EffectiveNP_Statistical5, which had previous val: 0, to conditional val: 0
nui: 0x6d5d030, glob: 0x6d5e1b0
Setting glob: nom_alpha_JET_EffectiveNP_Statistical6, which had previous val: 0, to conditional val: 0
nui: 0x6d5fb00, glob: 0x6d60ca0
Setting glob: nom_alpha_JET_EtaIntercalibration_Modelling, which had previous val: 0, to conditional val: 0
nui: 0x6d62640, glob: 0x6d637e0
Setting glob: nom_alpha_JET_EtaIntercalibration_NonClosure_highE, which had previous val: 0, to conditional val: 0
nui: 0x6d65230, glob: 0x6d663a0
Setting glob: nom_alpha_JET_EtaIntercalibration_NonClosure_negEta, which had previous val: 0, to conditional val: 0
nui: 0x6d67df0, glob: 0x6d68f60
Setting glob: nom_alpha_JET_EtaIntercalibration_NonClosure_posEta, which had previous val: 0, to conditional val: 0
nui: 0x6d6a9b0, glob: 0x6d6bb20
Setting glob: nom_alpha_JET_EtaIntercalibration_TotalStat, which had previous val: 0, to conditional val: 0
nui: 0x6d6d4c0, glob: 0x6d6e620
Setting glob: nom_alpha_JET_Flavor_Composition, which had previous val: 0, to conditional val: 0
nui: 0x6d6ff20, glob: 0x6d71080
Setting glob: nom_alpha_JET_Flavor_Response, which had previous val: 0, to conditional val: 0
nui: 0x6d72940, glob: 0x6d73aa0
Setting glob: nom_alpha_JET_JER_DataVsMC, which had previous val: 0, to conditional val: 0
nui: 0x6d75330, glob: 0x6d76490
Setting glob: nom_alpha_JET_JER_EffectiveNP_1, which had previous val: 0, to conditional val: 0
nui: 0x6d77d50, glob: 0x6d78eb0
Setting glob: nom_alpha_JET_JER_EffectiveNP_10, which had previous val: 0, to conditional val: 0
nui: 0x6d7a7b0, glob: 0x6d7b910
Setting glob: nom_alpha_JET_JER_EffectiveNP_11, which had previous val: 0, to conditional val: 0
nui: 0x6d7d210, glob: 0x6d7e390
Setting glob: nom_alpha_JET_JER_EffectiveNP_12restTerm, which had previous val: 0, to conditional val: 0
nui: 0x6d7fd10, glob: 0x6d80e70
Setting glob: nom_alpha_JET_JER_EffectiveNP_2, which had previous val: 0, to conditional val: 0
nui: 0x6d82730, glob: 0x6d83890
Setting glob: nom_alpha_JET_JER_EffectiveNP_3, which had previous val: 0, to conditional val: 0
nui: 0x6d85150, glob: 0x6d862b0
Setting glob: nom_alpha_JET_JER_EffectiveNP_4, which had previous val: 0, to conditional val: 0
nui: 0x6d87b70, glob: 0x6d88cd0
Setting glob: nom_alpha_JET_JER_EffectiveNP_5, which had previous val: 0, to conditional val: 0
nui: 0x6d8a590, glob: 0x6d8b6f0
Setting glob: nom_alpha_JET_JER_EffectiveNP_6, which had previous val: 0, to conditional val: 0
nui: 0x6d8cfb0, glob: 0x6d8e110
Setting glob: nom_alpha_JET_JER_EffectiveNP_7, which had previous val: 0, to conditional val: 0
nui: 0x6d8f9d0, glob: 0x6d90b30
Setting glob: nom_alpha_JET_JER_EffectiveNP_8, which had previous val: 0, to conditional val: 0
nui: 0x6d923f0, glob: 0x6d93550
Setting glob: nom_alpha_JET_JER_EffectiveNP_9, which had previous val: 0, to conditional val: 0
nui: 0x6d94e10, glob: 0x6d95f70
Setting glob: nom_alpha_JET_Pileup_OffsetMu, which had previous val: 0, to conditional val: 0
nui: 0x6d97830, glob: 0x6d98990
Setting glob: nom_alpha_JET_Pileup_OffsetNPV, which had previous val: 0, to conditional val: 0
nui: 0x6d9a250, glob: 0x6d9b3b0
Setting glob: nom_alpha_JET_Pileup_PtTerm, which had previous val: 0, to conditional val: 0
nui: 0x6d9cc20, glob: 0x6d9dda0
Setting glob: nom_alpha_JET_Pileup_RhoTopology, which had previous val: 0, to conditional val: 0
nui: 0x6d9f6a0, glob: 0x6da0800
Setting glob: nom_alpha_JET_PunchThrough_MC16, which had previous val: 0, to conditional val: 0
nui: 0x6da20c0, glob: 0x6da3220
Setting glob: nom_alpha_JET_SingleParticle_HighPt, which had previous val: 0, to conditional val: 0
nui: 0x6253120, glob: 0x62b5e40
Setting glob: nom_gamma_stat_resolved_4b_2016_bin_0, which had previous val: 722.682, to conditional val: 722.682
nui: 0x731c370, glob: 0x731e9e0
Setting glob: nom_gamma_stat_resolved_4b_2016_bin_1, which had previous val: 706.683, to conditional val: 706.683
nui: 0x73204e0, glob: 0x7322b50
Setting glob: nom_gamma_stat_resolved_4b_2016_bin_2, which had previous val: 747.53, to conditional val: 747.53
nui: 0x7324650, glob: 0x7326cc0
Setting glob: nom_gamma_stat_resolved_4b_2016_bin_3, which had previous val: 775.128, to conditional val: 775.128
nui: 0x73287c0, glob: 0x732ae30
Setting glob: nom_gamma_stat_resolved_4b_2016_bin_4, which had previous val: 765.335, to conditional val: 765.335
nui: 0x732c930, glob: 0x732efa0
Setting glob: nom_gamma_stat_resolved_4b_2016_bin_5, which had previous val: 771.187, to conditional val: 771.187
nui: 0x7330ab0, glob: 0x7333120
Setting glob: nom_gamma_stat_resolved_4b_2016_bin_6, which had previous val: 894.088, to conditional val: 894.088
nui: 0x7334c20, glob: 0x7337290
Setting glob: nom_gamma_stat_resolved_4b_2016_bin_7, which had previous val: 1242.49, to conditional val: 1242.49
nui: 0x7338d90, glob: 0x733b400
Setting glob: nom_gamma_stat_resolved_4b_2016_bin_8, which had previous val: 1504.46, to conditional val: 1504.46
nui: 0x733cf00, glob: 0x733f570
Setting glob: nom_gamma_stat_resolved_4b_2016_bin_9, which had previous val: 1650.02, to conditional val: 1650.02
nui: 0x7341070, glob: 0x73436e0
Setting glob: nom_gamma_stat_resolved_4b_2016_bin_10, which had previous val: 1910.29, to conditional val: 1910.29
nui: 0x73451e0, glob: 0x7347850
Setting glob: nom_gamma_stat_resolved_4b_2016_bin_11, which had previous val: 2055.92, to conditional val: 2055.92
nui: 0x7349350, glob: 0x734b9c0
Setting glob: nom_gamma_stat_resolved_4b_2016_bin_12, which had previous val: 2621.23, to conditional val: 2621.23
nui: 0x734d4c0, glob: 0x734fb30
Setting glob: nom_gamma_stat_resolved_4b_2016_bin_13, which had previous val: 2743.28, to conditional val: 2743.28
nui: 0x7351640, glob: 0x7353cb0
Setting glob: nom_gamma_stat_resolved_4b_2016_bin_14, which had previous val: 2698.84, to conditional val: 2698.84
nui: 0x73557b0, glob: 0x7357e20
Setting glob: nom_gamma_stat_resolved_4b_2016_bin_15, which had previous val: 2679.99, to conditional val: 2679.99
nui: 0x7359920, glob: 0x735bf90
Setting glob: nom_gamma_stat_resolved_4b_2016_bin_16, which had previous val: 2512.71, to conditional val: 2512.71
nui: 0x735da90, glob: 0x7360100
Setting glob: nom_gamma_stat_resolved_4b_2016_bin_17, which had previous val: 2380.61, to conditional val: 2380.61
nui: 0x7361c00, glob: 0x7364270
Setting glob: nom_gamma_stat_resolved_4b_2016_bin_18, which had previous val: 2841.75, to conditional val: 2841.75
nui: 0x7365d70, glob: 0x73683e0
Setting glob: nom_gamma_stat_resolved_4b_2016_bin_19, which had previous val: 2332.21, to conditional val: 2332.21
nui: 0x7369ee0, glob: 0x736c550
Setting glob: nom_gamma_stat_resolved_4b_2016_bin_20, which had previous val: 1649.03, to conditional val: 1649.03
nui: 0x736e050, glob: 0x73706c0
Setting glob: nom_gamma_stat_resolved_4b_2016_bin_21, which had previous val: 1077.22, to conditional val: 1077.22
nui: 0x73721d0, glob: 0x7374840
Setting glob: nom_gamma_stat_resolved_4b_2016_bin_22, which had previous val: 1700.92, to conditional val: 1700.92
nui: 0x7376340, glob: 0x73789b0
Setting glob: nom_gamma_stat_resolved_4b_2016_bin_23, which had previous val: 1240.92, to conditional val: 1240.92
nui: 0x737a4b0, glob: 0x737cb20
Setting glob: nom_gamma_stat_resolved_4b_2016_bin_24, which had previous val: 1291.17, to conditional val: 1291.17
nui: 0x737e620, glob: 0x7380c90
Setting glob: nom_gamma_stat_resolved_4b_2016_bin_25, which had previous val: 1021.39, to conditional val: 1021.39
nui: 0x7382790, glob: 0x7384e00
Setting glob: nom_gamma_stat_resolved_4b_2016_bin_26, which had previous val: 773.274, to conditional val: 773.274
nui: 0x7386900, glob: 0x6a12210
Setting glob: nom_gamma_stat_resolved_4b_2016_bin_27, which had previous val: 746.168, to conditional val: 746.168
nui: 0x738e1f0, glob: 0x73906a0
Setting glob: nom_gamma_stat_resolved_4b_2016_bin_28, which had previous val: 901.001, to conditional val: 901.001
nui: 0x73921a0, glob: 0x7394810
Setting glob: nom_gamma_stat_resolved_4b_2016_bin_29, which had previous val: 610.135, to conditional val: 610.135
nui: 0x7396310, glob: 0x7398980
Setting glob: nom_gamma_stat_resolved_4b_2016_bin_30, which had previous val: 525.281, to conditional val: 525.281
nui: 0x739a480, glob: 0x739caf0
Setting glob: nom_gamma_stat_resolved_4b_2016_bin_31, which had previous val: 561.244, to conditional val: 561.244
nui: 0x739e5f0, glob: 0x73a0c60
Setting glob: nom_gamma_stat_resolved_4b_2016_bin_32, which had previous val: 524.934, to conditional val: 524.934
nui: 0x73a2760, glob: 0x73a4dd0
Setting glob: nom_gamma_stat_resolved_4b_2016_bin_33, which had previous val: 463.289, to conditional val: 463.289
nui: 0x73a68d0, glob: 0x73a8f40
Setting glob: nom_gamma_stat_resolved_4b_2016_bin_34, which had previous val: 372.041, to conditional val: 372.041
nui: 0x73aaa40, glob: 0x73ad0b0
Setting glob: nom_gamma_stat_resolved_4b_2016_bin_35, which had previous val: 354.18, to conditional val: 354.18
nui: 0x73aebb0, glob: 0x73b1220
Setting glob: nom_gamma_stat_resolved_4b_2016_bin_36, which had previous val: 335.345, to conditional val: 335.345
nui: 0x73b2d20, glob: 0x73b5390
Setting glob: nom_gamma_stat_resolved_4b_2016_bin_37, which had previous val: 276.914, to conditional val: 276.914
nui: 0x73b6e90, glob: 0x73b9500
Setting glob: nom_gamma_stat_resolved_4b_2016_bin_38, which had previous val: 309.899, to conditional val: 309.899
nui: 0x73bb000, glob: 0x73bd670
Setting glob: nom_gamma_stat_resolved_4b_2016_bin_39, which had previous val: 267.63, to conditional val: 267.63
nui: 0x73bf170, glob: 0x73c17e0
Setting glob: nom_gamma_stat_resolved_4b_2016_bin_40, which had previous val: 249.651, to conditional val: 249.651
nui: 0x73c32e0, glob: 0x73c5950
Setting glob: nom_gamma_stat_resolved_4b_2016_bin_41, which had previous val: 221.106, to conditional val: 221.106
nui: 0x73c7450, glob: 0x73c9ac0
Setting glob: nom_gamma_stat_resolved_4b_2016_bin_42, which had previous val: 203.441, to conditional val: 203.441
nui: 0x73cb5c0, glob: 0x73cdc30
Setting glob: nom_gamma_stat_resolved_4b_2016_bin_43, which had previous val: 162.643, to conditional val: 162.643
nui: 0x73cf730, glob: 0x73d1da0
Setting glob: nom_gamma_stat_resolved_4b_2016_bin_44, which had previous val: 166.706, to conditional val: 166.706
nui: 0x73d38a0, glob: 0x73d5f10
Setting glob: nom_gamma_stat_resolved_4b_2016_bin_45, which had previous val: 175.253, to conditional val: 175.253
nui: 0x73d7a10, glob: 0x73da080
Setting glob: nom_gamma_stat_resolved_4b_2016_bin_46, which had previous val: 160.076, to conditional val: 160.076
nui: 0x73dbb80, glob: 0x73de1f0
Setting glob: nom_gamma_stat_resolved_4b_2016_bin_47, which had previous val: 159.758, to conditional val: 159.758
nui: 0x73dfcf0, glob: 0x73e2360
Setting glob: nom_gamma_stat_resolved_4b_2016_bin_48, which had previous val: 122.444, to conditional val: 122.444
nui: 0x73e3e60, glob: 0x73e64d0
Setting glob: nom_gamma_stat_resolved_4b_2016_bin_49, which had previous val: 119.329, to conditional val: 119.329
nui: 0x73e7fd0, glob: 0x73ea640
Setting glob: nom_gamma_stat_resolved_4b_2016_bin_50, which had previous val: 113.163, to conditional val: 113.163
nui: 0x73ec140, glob: 0x73ee7b0
Setting glob: nom_gamma_stat_resolved_4b_2016_bin_51, which had previous val: 133.584, to conditional val: 133.584
nui: 0x73f02b0, glob: 0x73f2920
Setting glob: nom_gamma_stat_resolved_4b_2016_bin_52, which had previous val: 98.1664, to conditional val: 98.1664
nui: 0x73f4420, glob: 0x73f6a90
Setting glob: nom_gamma_stat_resolved_4b_2016_bin_53, which had previous val: 131.422, to conditional val: 131.422
nui: 0x73f8590, glob: 0x73fac00
Setting glob: nom_gamma_stat_resolved_4b_2016_bin_54, which had previous val: 99.7649, to conditional val: 99.7649
nui: 0x73fc700, glob: 0x73fed70
Setting glob: nom_gamma_stat_resolved_4b_2016_bin_55, which had previous val: 54.9132, to conditional val: 54.9132
nui: 0x7400870, glob: 0x7402ee0
Setting glob: nom_gamma_stat_resolved_4b_2016_bin_56, which had previous val: 115.583, to conditional val: 115.583
nui: 0x74049e0, glob: 0x7407050
Setting glob: nom_gamma_stat_resolved_4b_2016_bin_57, which had previous val: 113.444, to conditional val: 113.444
nui: 0x7408b50, glob: 0x740b1c0
Setting glob: nom_gamma_stat_resolved_4b_2016_bin_58, which had previous val: 104.648, to conditional val: 104.648
nui: 0x740ccc0, glob: 0x740f330
Setting glob: nom_gamma_stat_resolved_4b_2016_bin_59, which had previous val: 97.351, to conditional val: 97.351
nui: 0x7410e30, glob: 0x74134a0
Setting glob: nom_gamma_stat_resolved_4b_2016_bin_60, which had previous val: 101.104, to conditional val: 101.104
nui: 0x7414fa0, glob: 0x7417610
Setting glob: nom_gamma_stat_resolved_4b_2016_bin_61, which had previous val: 93.2016, to conditional val: 93.2016
nui: 0x7419110, glob: 0x741b780
Setting glob: nom_gamma_stat_resolved_4b_2016_bin_62, which had previous val: 94.9165, to conditional val: 94.9165
nui: 0x741d280, glob: 0x741f8f0
Setting glob: nom_gamma_stat_resolved_4b_2016_bin_63, which had previous val: 89.3037, to conditional val: 89.3037
nui: 0x74213f0, glob: 0x7423a60
Setting glob: nom_gamma_stat_resolved_4b_2016_bin_64, which had previous val: 56.2707, to conditional val: 56.2707
nui: 0x7425560, glob: 0x7427bd0
Setting glob: nom_gamma_stat_resolved_4b_2016_bin_65, which had previous val: 68.1257, to conditional val: 68.1257
nui: 0x74296d0, glob: 0x742bd40
Setting glob: nom_gamma_stat_resolved_4b_2016_bin_66, which had previous val: 91.7702, to conditional val: 91.7702
nui: 0x742d840, glob: 0x6a61580
Setting glob: nom_gamma_stat_resolved_4b_2016_bin_67, which had previous val: 81.2086, to conditional val: 81.2086
nui: 0x6a63150, glob: 0x6a656e0
Setting glob: nom_gamma_stat_resolved_4b_2016_bin_68, which had previous val: 72.2982, to conditional val: 72.2982
nui: 0x6a672b0, glob: 0x6a69840
Setting glob: nom_gamma_stat_resolved_4b_2016_bin_69, which had previous val: 55.3002, to conditional val: 55.3002
nui: 0x65d0790, glob: 0x72e8e20
Setting glob: nom_alpha_BackgroundNorm17, which had previous val: 0, to conditional val: 0
nui: 0x72d3fe0, glob: 0x72d51e0
Setting glob: nom_alpha_BackgroundShape_HighHT_17, which had previous val: 0, to conditional val: 0
nui: 0x72d6ad0, glob: 0x72d7c20
Setting glob: nom_alpha_BackgroundShape_LowHT_17, which had previous val: 0, to conditional val: 0
nui: 0x65d6ce0, glob: 0x65d8c30
Setting glob: nom_gamma_stat_resolved_4b_2017_bin_0, which had previous val: 723.037, to conditional val: 723.037
nui: 0x65e12c0, glob: 0x65e3170
Setting glob: nom_gamma_stat_resolved_4b_2017_bin_1, which had previous val: 738.539, to conditional val: 738.539
nui: 0x65e5430, glob: 0x65e72e0
Setting glob: nom_gamma_stat_resolved_4b_2017_bin_2, which had previous val: 750.164, to conditional val: 750.164
nui: 0x65e95a0, glob: 0x65eb450
Setting glob: nom_gamma_stat_resolved_4b_2017_bin_3, which had previous val: 821.242, to conditional val: 821.242
nui: 0x65ed710, glob: 0x65ef5c0
Setting glob: nom_gamma_stat_resolved_4b_2017_bin_4, which had previous val: 997.98, to conditional val: 997.98
nui: 0x65f1880, glob: 0x65f3730
Setting glob: nom_gamma_stat_resolved_4b_2017_bin_5, which had previous val: 868.999, to conditional val: 868.999
nui: 0x65f59f0, glob: 0x65f78a0
Setting glob: nom_gamma_stat_resolved_4b_2017_bin_6, which had previous val: 1030.6, to conditional val: 1030.6
nui: 0x65f9b60, glob: 0x65fba10
Setting glob: nom_gamma_stat_resolved_4b_2017_bin_7, which had previous val: 1178.9, to conditional val: 1178.9
nui: 0x65fe230, glob: 0x66000e0
Setting glob: nom_gamma_stat_resolved_4b_2017_bin_8, which had previous val: 1468.59, to conditional val: 1468.59
nui: 0x66023a0, glob: 0x6604250
Setting glob: nom_gamma_stat_resolved_4b_2017_bin_9, which had previous val: 1622.75, to conditional val: 1622.75
nui: 0x6606510, glob: 0x66083c0
Setting glob: nom_gamma_stat_resolved_4b_2017_bin_10, which had previous val: 1884.08, to conditional val: 1884.08
nui: 0x660a680, glob: 0x660c530
Setting glob: nom_gamma_stat_resolved_4b_2017_bin_11, which had previous val: 2367.18, to conditional val: 2367.18
nui: 0x660e7f0, glob: 0x66106a0
Setting glob: nom_gamma_stat_resolved_4b_2017_bin_12, which had previous val: 2130.97, to conditional val: 2130.97
nui: 0x6612970, glob: 0x6614820
Setting glob: nom_gamma_stat_resolved_4b_2017_bin_13, which had previous val: 2155.95, to conditional val: 2155.95
nui: 0x6616ae0, glob: 0x6618990
Setting glob: nom_gamma_stat_resolved_4b_2017_bin_14, which had previous val: 2125.87, to conditional val: 2125.87
nui: 0x661ac50, glob: 0x661cb00
Setting glob: nom_gamma_stat_resolved_4b_2017_bin_15, which had previous val: 2161.35, to conditional val: 2161.35
nui: 0x661edc0, glob: 0x6620c70
Setting glob: nom_gamma_stat_resolved_4b_2017_bin_16, which had previous val: 2026.02, to conditional val: 2026.02
nui: 0x6622f30, glob: 0x6624de0
Setting glob: nom_gamma_stat_resolved_4b_2017_bin_17, which had previous val: 2030.78, to conditional val: 2030.78
nui: 0x66270a0, glob: 0x6628f50
Setting glob: nom_gamma_stat_resolved_4b_2017_bin_18, which had previous val: 2275.71, to conditional val: 2275.71
nui: 0x662b980, glob: 0x662d700
Setting glob: nom_gamma_stat_resolved_4b_2017_bin_19, which had previous val: 1715.63, to conditional val: 1715.63
nui: 0x662f9c0, glob: 0x6631870
Setting glob: nom_gamma_stat_resolved_4b_2017_bin_20, which had previous val: 1696.95, to conditional val: 1696.95
nui: 0x6633b30, glob: 0x66359e0
Setting glob: nom_gamma_stat_resolved_4b_2017_bin_21, which had previous val: 1704.53, to conditional val: 1704.53
nui: 0x6637ca0, glob: 0x6639b50
Setting glob: nom_gamma_stat_resolved_4b_2017_bin_22, which had previous val: 1514.11, to conditional val: 1514.11
nui: 0x663be10, glob: 0x663dcc0
Setting glob: nom_gamma_stat_resolved_4b_2017_bin_23, which had previous val: 1812.36, to conditional val: 1812.36
nui: 0x663ff80, glob: 0x6641e30
Setting glob: nom_gamma_stat_resolved_4b_2017_bin_24, which had previous val: 1357.23, to conditional val: 1357.23
nui: 0x66440f0, glob: 0x6645fa0
Setting glob: nom_gamma_stat_resolved_4b_2017_bin_25, which had previous val: 1282.83, to conditional val: 1282.83
nui: 0x6648260, glob: 0x664a110
Setting glob: nom_gamma_stat_resolved_4b_2017_bin_26, which had previous val: 1087.43, to conditional val: 1087.43
nui: 0x664c3d0, glob: 0x664e280
Setting glob: nom_gamma_stat_resolved_4b_2017_bin_27, which had previous val: 1149.37, to conditional val: 1149.37
nui: 0x6650540, glob: 0x66523f0
Setting glob: nom_gamma_stat_resolved_4b_2017_bin_28, which had previous val: 925.693, to conditional val: 925.693
nui: 0x66546c0, glob: 0x6656570
Setting glob: nom_gamma_stat_resolved_4b_2017_bin_29, which had previous val: 977.494, to conditional val: 977.494
nui: 0x6658830, glob: 0x665a6e0
Setting glob: nom_gamma_stat_resolved_4b_2017_bin_30, which had previous val: 843.44, to conditional val: 843.44
nui: 0x665c9a0, glob: 0x665e850
Setting glob: nom_gamma_stat_resolved_4b_2017_bin_31, which had previous val: 736.999, to conditional val: 736.999
nui: 0x6660b10, glob: 0x66629c0
Setting glob: nom_gamma_stat_resolved_4b_2017_bin_32, which had previous val: 715.442, to conditional val: 715.442
nui: 0x6664c80, glob: 0x6666b30
Setting glob: nom_gamma_stat_resolved_4b_2017_bin_33, which had previous val: 782.034, to conditional val: 782.034
nui: 0x6668df0, glob: 0x666aca0
Setting glob: nom_gamma_stat_resolved_4b_2017_bin_34, which had previous val: 665.191, to conditional val: 665.191
nui: 0x666cf60, glob: 0x666ee10
Setting glob: nom_gamma_stat_resolved_4b_2017_bin_35, which had previous val: 589.968, to conditional val: 589.968
nui: 0x66710d0, glob: 0x6672f80
Setting glob: nom_gamma_stat_resolved_4b_2017_bin_36, which had previous val: 410.768, to conditional val: 410.768
nui: 0x6675240, glob: 0x66770f0
Setting glob: nom_gamma_stat_resolved_4b_2017_bin_37, which had previous val: 498.494, to conditional val: 498.494
nui: 0x66793b0, glob: 0x667b260
Setting glob: nom_gamma_stat_resolved_4b_2017_bin_38, which had previous val: 425.306, to conditional val: 425.306
nui: 0x667d520, glob: 0x667f3d0
Setting glob: nom_gamma_stat_resolved_4b_2017_bin_39, which had previous val: 298.606, to conditional val: 298.606
nui: 0x6681690, glob: 0x6683540
Setting glob: nom_gamma_stat_resolved_4b_2017_bin_40, which had previous val: 342.113, to conditional val: 342.113
nui: 0x6685800, glob: 0x66876b0
Setting glob: nom_gamma_stat_resolved_4b_2017_bin_41, which had previous val: 314.852, to conditional val: 314.852
nui: 0x668a5c0, glob: 0x668c3c0
Setting glob: nom_gamma_stat_resolved_4b_2017_bin_42, which had previous val: 328.906, to conditional val: 328.906
nui: 0x668e680, glob: 0x6690530
Setting glob: nom_gamma_stat_resolved_4b_2017_bin_43, which had previous val: 341.326, to conditional val: 341.326
nui: 0x66927f0, glob: 0x66946a0
Setting glob: nom_gamma_stat_resolved_4b_2017_bin_44, which had previous val: 295.021, to conditional val: 295.021
nui: 0x6696970, glob: 0x6698820
Setting glob: nom_gamma_stat_resolved_4b_2017_bin_45, which had previous val: 266.259, to conditional val: 266.259
nui: 0x669aae0, glob: 0x669c990
Setting glob: nom_gamma_stat_resolved_4b_2017_bin_46, which had previous val: 186.042, to conditional val: 186.042
nui: 0x669ec50, glob: 0x66a0b00
Setting glob: nom_gamma_stat_resolved_4b_2017_bin_47, which had previous val: 235.219, to conditional val: 235.219
nui: 0x66a2dc0, glob: 0x66a4c70
Setting glob: nom_gamma_stat_resolved_4b_2017_bin_48, which had previous val: 222.878, to conditional val: 222.878
nui: 0x66a6f30, glob: 0x66a8de0
Setting glob: nom_gamma_stat_resolved_4b_2017_bin_49, which had previous val: 206.851, to conditional val: 206.851
nui: 0x66ab0a0, glob: 0x66acf50
Setting glob: nom_gamma_stat_resolved_4b_2017_bin_50, which had previous val: 198.378, to conditional val: 198.378
nui: 0x66af210, glob: 0x66b10c0
Setting glob: nom_gamma_stat_resolved_4b_2017_bin_51, which had previous val: 200.855, to conditional val: 200.855
nui: 0x66b3380, glob: 0x66b5230
Setting glob: nom_gamma_stat_resolved_4b_2017_bin_52, which had previous val: 186.619, to conditional val: 186.619
nui: 0x6535690, glob: 0x6537560
Setting glob: nom_gamma_stat_resolved_4b_2017_bin_53, which had previous val: 171.359, to conditional val: 171.359
nui: 0x65397f0, glob: 0x653b6c0
Setting glob: nom_gamma_stat_resolved_4b_2017_bin_54, which had previous val: 164.885, to conditional val: 164.885
nui: 0x653d950, glob: 0x653f820
Setting glob: nom_gamma_stat_resolved_4b_2017_bin_55, which had previous val: 159.698, to conditional val: 159.698
nui: 0x6541ab0, glob: 0x6543980
Setting glob: nom_gamma_stat_resolved_4b_2017_bin_56, which had previous val: 146.113, to conditional val: 146.113
nui: 0x6545c10, glob: 0x6547ae0
Setting glob: nom_gamma_stat_resolved_4b_2017_bin_57, which had previous val: 140.266, to conditional val: 140.266
nui: 0x6549d70, glob: 0x66e5b20
Setting glob: nom_gamma_stat_resolved_4b_2017_bin_58, which had previous val: 138.883, to conditional val: 138.883
nui: 0x66e79f0, glob: 0x66e98a0
Setting glob: nom_gamma_stat_resolved_4b_2017_bin_59, which had previous val: 105.568, to conditional val: 105.568
nui: 0x66ebb60, glob: 0x66eda10
Setting glob: nom_gamma_stat_resolved_4b_2017_bin_60, which had previous val: 142.948, to conditional val: 142.948
nui: 0x66efcd0, glob: 0x66f1b80
Setting glob: nom_gamma_stat_resolved_4b_2017_bin_61, which had previous val: 127.021, to conditional val: 127.021
nui: 0x66f3e40, glob: 0x66f5cf0
Setting glob: nom_gamma_stat_resolved_4b_2017_bin_62, which had previous val: 121.501, to conditional val: 121.501
nui: 0x66f7fb0, glob: 0x66f9e60
Setting glob: nom_gamma_stat_resolved_4b_2017_bin_63, which had previous val: 122.657, to conditional val: 122.657
nui: 0x66fc120, glob: 0x66fdfd0
Setting glob: nom_gamma_stat_resolved_4b_2017_bin_64, which had previous val: 117.896, to conditional val: 117.896
nui: 0x6700290, glob: 0x6702140
Setting glob: nom_gamma_stat_resolved_4b_2017_bin_65, which had previous val: 118.399, to conditional val: 118.399
nui: 0x6704400, glob: 0x67062b0
Setting glob: nom_gamma_stat_resolved_4b_2017_bin_66, which had previous val: 101.46, to conditional val: 101.46
nui: 0x6708570, glob: 0x670a420
Setting glob: nom_gamma_stat_resolved_4b_2017_bin_67, which had previous val: 112.448, to conditional val: 112.448
nui: 0x670c6e0, glob: 0x670e590
Setting glob: nom_gamma_stat_resolved_4b_2017_bin_68, which had previous val: 100.033, to conditional val: 100.033
nui: 0x6711640, glob: 0x6713380
Setting glob: nom_gamma_stat_resolved_4b_2017_bin_69, which had previous val: 74.2995, to conditional val: 74.2995
nui: 0x69b5800, glob: 0x720c470
Setting glob: nom_alpha_BackgroundNorm18, which had previous val: 0, to conditional val: 0
nui: 0x71f72d0, glob: 0x71f84d0
Setting glob: nom_alpha_BackgroundShape_HighHT_18, which had previous val: 0, to conditional val: 0
nui: 0x71f9dc0, glob: 0x71faf10
Setting glob: nom_alpha_BackgroundShape_LowHT_18, which had previous val: 0, to conditional val: 0
nui: 0x69bbc50, glob: 0x69bdba0
Setting glob: nom_gamma_stat_resolved_4b_2018_bin_0, which had previous val: 1189.08, to conditional val: 1189.08
nui: 0x69bfeb0, glob: 0x69c1d60
Setting glob: nom_gamma_stat_resolved_4b_2018_bin_1, which had previous val: 1014.03, to conditional val: 1014.03
nui: 0x69c4020, glob: 0x69c5ed0
Setting glob: nom_gamma_stat_resolved_4b_2018_bin_2, which had previous val: 970.518, to conditional val: 970.518
nui: 0x69c8190, glob: 0x69ca040
Setting glob: nom_gamma_stat_resolved_4b_2018_bin_3, which had previous val: 1172.47, to conditional val: 1172.47
nui: 0x69cc300, glob: 0x69ce1b0
Setting glob: nom_gamma_stat_resolved_4b_2018_bin_4, which had previous val: 1072.42, to conditional val: 1072.42
nui: 0x69d0470, glob: 0x69d2320
Setting glob: nom_gamma_stat_resolved_4b_2018_bin_5, which had previous val: 1163.51, to conditional val: 1163.51
nui: 0x69d45e0, glob: 0x69d6490
Setting glob: nom_gamma_stat_resolved_4b_2018_bin_6, which had previous val: 1370.52, to conditional val: 1370.52
nui: 0x69d8750, glob: 0x69da600
Setting glob: nom_gamma_stat_resolved_4b_2018_bin_7, which had previous val: 1533.89, to conditional val: 1533.89
nui: 0x69dc8c0, glob: 0x69de770
Setting glob: nom_gamma_stat_resolved_4b_2018_bin_8, which had previous val: 1639.7, to conditional val: 1639.7
nui: 0x69e0a30, glob: 0x69e28e0
Setting glob: nom_gamma_stat_resolved_4b_2018_bin_9, which had previous val: 2242.49, to conditional val: 2242.49
nui: 0x69e4ba0, glob: 0x69e6a40
Setting glob: nom_gamma_stat_resolved_4b_2018_bin_10, which had previous val: 2317.17, to conditional val: 2317.17
nui: 0x69e8d00, glob: 0x69eabb0
Setting glob: nom_gamma_stat_resolved_4b_2018_bin_11, which had previous val: 2992.86, to conditional val: 2992.86
nui: 0x69ece70, glob: 0x69eed20
Setting glob: nom_gamma_stat_resolved_4b_2018_bin_12, which had previous val: 2929.59, to conditional val: 2929.59
nui: 0x69f0fe0, glob: 0x69f2e90
Setting glob: nom_gamma_stat_resolved_4b_2018_bin_13, which had previous val: 3075.34, to conditional val: 3075.34
nui: 0x69f5150, glob: 0x69f7000
Setting glob: nom_gamma_stat_resolved_4b_2018_bin_14, which had previous val: 3216.39, to conditional val: 3216.39
nui: 0x69f92c0, glob: 0x69fb170
Setting glob: nom_gamma_stat_resolved_4b_2018_bin_15, which had previous val: 3352.14, to conditional val: 3352.14
nui: 0x69fd430, glob: 0x69ff2e0
Setting glob: nom_gamma_stat_resolved_4b_2018_bin_16, which had previous val: 2590.6, to conditional val: 2590.6
nui: 0x6a015a0, glob: 0x6a03450
Setting glob: nom_gamma_stat_resolved_4b_2018_bin_17, which had previous val: 3569.47, to conditional val: 3569.47
nui: 0x6a05710, glob: 0x6a075c0
Setting glob: nom_gamma_stat_resolved_4b_2018_bin_18, which had previous val: 2419.68, to conditional val: 2419.68
nui: 0x6a09880, glob: 0x6a0b730
Setting glob: nom_gamma_stat_resolved_4b_2018_bin_19, which had previous val: 2118.01, to conditional val: 2118.01
nui: 0x6a0d9f0, glob: 0x6a0f8a0
Setting glob: nom_gamma_stat_resolved_4b_2018_bin_20, which had previous val: 2103.25, to conditional val: 2103.25
nui: 0x66894b0, glob: 0x6a15290
Setting glob: nom_gamma_stat_resolved_4b_2018_bin_21, which had previous val: 2174.79, to conditional val: 2174.79
nui: 0x6a17550, glob: 0x6a19400
Setting glob: nom_gamma_stat_resolved_4b_2018_bin_22, which had previous val: 1393.94, to conditional val: 1393.94
nui: 0x6a1b6c0, glob: 0x6a1d570
Setting glob: nom_gamma_stat_resolved_4b_2018_bin_23, which had previous val: 1675.84, to conditional val: 1675.84
nui: 0x6a1f830, glob: 0x6a216e0
Setting glob: nom_gamma_stat_resolved_4b_2018_bin_24, which had previous val: 1442.8, to conditional val: 1442.8
nui: 0x6a239a0, glob: 0x6a25850
Setting glob: nom_gamma_stat_resolved_4b_2018_bin_25, which had previous val: 1326.2, to conditional val: 1326.2
nui: 0x6a27b10, glob: 0x6a299c0
Setting glob: nom_gamma_stat_resolved_4b_2018_bin_26, which had previous val: 1032.14, to conditional val: 1032.14
nui: 0x6a2bc80, glob: 0x6a2db30
Setting glob: nom_gamma_stat_resolved_4b_2018_bin_27, which had previous val: 1053.71, to conditional val: 1053.71
nui: 0x6a2fdf0, glob: 0x6a31ca0
Setting glob: nom_gamma_stat_resolved_4b_2018_bin_28, which had previous val: 918.637, to conditional val: 918.637
nui: 0x6a33f60, glob: 0x6a35e10
Setting glob: nom_gamma_stat_resolved_4b_2018_bin_29, which had previous val: 959.275, to conditional val: 959.275
nui: 0x6a380d0, glob: 0x6a39f80
Setting glob: nom_gamma_stat_resolved_4b_2018_bin_30, which had previous val: 727.88, to conditional val: 727.88
nui: 0x6a3c240, glob: 0x6a3e0f0
Setting glob: nom_gamma_stat_resolved_4b_2018_bin_31, which had previous val: 778.087, to conditional val: 778.087
nui: 0x6a403b0, glob: 0x6a42260
Setting glob: nom_gamma_stat_resolved_4b_2018_bin_32, which had previous val: 686.897, to conditional val: 686.897
nui: 0x6a44520, glob: 0x6a463d0
Setting glob: nom_gamma_stat_resolved_4b_2018_bin_33, which had previous val: 548.255, to conditional val: 548.255
nui: 0x6a48690, glob: 0x6a4a540
Setting glob: nom_gamma_stat_resolved_4b_2018_bin_34, which had previous val: 490.382, to conditional val: 490.382
nui: 0x6a4c800, glob: 0x6a4e6b0
Setting glob: nom_gamma_stat_resolved_4b_2018_bin_35, which had previous val: 517.145, to conditional val: 517.145
nui: 0x6a50970, glob: 0x6a52820
Setting glob: nom_gamma_stat_resolved_4b_2018_bin_36, which had previous val: 434.116, to conditional val: 434.116
nui: 0x6a54ae0, glob: 0x6a56990
Setting glob: nom_gamma_stat_resolved_4b_2018_bin_37, which had previous val: 456.49, to conditional val: 456.49
nui: 0x6a58c50, glob: 0x6a5ab00
Setting glob: nom_gamma_stat_resolved_4b_2018_bin_38, which had previous val: 410.308, to conditional val: 410.308
nui: 0x6a5cdc0, glob: 0x6a5ec70
Setting glob: nom_gamma_stat_resolved_4b_2018_bin_39, which had previous val: 332.356, to conditional val: 332.356
nui: 0x66b62c0, glob: 0x66b8190
Setting glob: nom_gamma_stat_resolved_4b_2018_bin_40, which had previous val: 339.745, to conditional val: 339.745
nui: 0x66ba420, glob: 0x66bc2f0
Setting glob: nom_gamma_stat_resolved_4b_2018_bin_41, which had previous val: 319.404, to conditional val: 319.404
nui: 0x66be580, glob: 0x66c0450
Setting glob: nom_gamma_stat_resolved_4b_2018_bin_42, which had previous val: 262.577, to conditional val: 262.577
nui: 0x66c26e0, glob: 0x66c45b0
Setting glob: nom_gamma_stat_resolved_4b_2018_bin_43, which had previous val: 275.397, to conditional val: 275.397
nui: 0x66c6840, glob: 0x66c8710
Setting glob: nom_gamma_stat_resolved_4b_2018_bin_44, which had previous val: 260.291, to conditional val: 260.291
nui: 0x66ca9a0, glob: 0x66cc870
Setting glob: nom_gamma_stat_resolved_4b_2018_bin_45, which had previous val: 244.046, to conditional val: 244.046
nui: 0x66ceb00, glob: 0x66d09d0
Setting glob: nom_gamma_stat_resolved_4b_2018_bin_46, which had previous val: 268.204, to conditional val: 268.204
nui: 0x66d2c60, glob: 0x66d4b30
Setting glob: nom_gamma_stat_resolved_4b_2018_bin_47, which had previous val: 210.183, to conditional val: 210.183
nui: 0x66d6dc0, glob: 0x66d8c90
Setting glob: nom_gamma_stat_resolved_4b_2018_bin_48, which had previous val: 204.993, to conditional val: 204.993
nui: 0x66daf20, glob: 0x66dcdf0
Setting glob: nom_gamma_stat_resolved_4b_2018_bin_49, which had previous val: 199.783, to conditional val: 199.783
nui: 0x66df080, glob: 0x66e0f50
Setting glob: nom_gamma_stat_resolved_4b_2018_bin_50, which had previous val: 216.612, to conditional val: 216.612
nui: 0x66e31e0, glob: 0x66e50b0
Setting glob: nom_gamma_stat_resolved_4b_2018_bin_51, which had previous val: 160.791, to conditional val: 160.791
nui: 0x6ac18f0, glob: 0x6ac37a0
Setting glob: nom_gamma_stat_resolved_4b_2018_bin_52, which had previous val: 182.977, to conditional val: 182.977
nui: 0x6ac5a60, glob: 0x6ac7910
Setting glob: nom_gamma_stat_resolved_4b_2018_bin_53, which had previous val: 188.777, to conditional val: 188.777
nui: 0x6ac9bd0, glob: 0x6acba80
Setting glob: nom_gamma_stat_resolved_4b_2018_bin_54, which had previous val: 170.62, to conditional val: 170.62
nui: 0x6acdd40, glob: 0x6acfbf0
Setting glob: nom_gamma_stat_resolved_4b_2018_bin_55, which had previous val: 163.025, to conditional val: 163.025
nui: 0x6ad1eb0, glob: 0x6ad3d60
Setting glob: nom_gamma_stat_resolved_4b_2018_bin_56, which had previous val: 149.811, to conditional val: 149.811
nui: 0x6ad6020, glob: 0x6ad7ed0
Setting glob: nom_gamma_stat_resolved_4b_2018_bin_57, which had previous val: 173.271, to conditional val: 173.271
nui: 0x6ada190, glob: 0x6adc040
Setting glob: nom_gamma_stat_resolved_4b_2018_bin_58, which had previous val: 147.887, to conditional val: 147.887
nui: 0x6ade300, glob: 0x6ae01b0
Setting glob: nom_gamma_stat_resolved_4b_2018_bin_59, which had previous val: 115.836, to conditional val: 115.836
nui: 0x6ae2480, glob: 0x6ae4330
Setting glob: nom_gamma_stat_resolved_4b_2018_bin_60, which had previous val: 149.115, to conditional val: 149.115
nui: 0x6ae65f0, glob: 0x6ae84a0
Setting glob: nom_gamma_stat_resolved_4b_2018_bin_61, which had previous val: 138.221, to conditional val: 138.221
nui: 0x6aea760, glob: 0x6aec610
Setting glob: nom_gamma_stat_resolved_4b_2018_bin_62, which had previous val: 145.779, to conditional val: 145.779
nui: 0x6aee8d0, glob: 0x6af0780
Setting glob: nom_gamma_stat_resolved_4b_2018_bin_63, which had previous val: 119.849, to conditional val: 119.849
nui: 0x6af2a40, glob: 0x6af48f0
Setting glob: nom_gamma_stat_resolved_4b_2018_bin_64, which had previous val: 114.606, to conditional val: 114.606
nui: 0x6af6bb0, glob: 0x6af8a60
Setting glob: nom_gamma_stat_resolved_4b_2018_bin_65, which had previous val: 105.861, to conditional val: 105.861
nui: 0x6afad20, glob: 0x6afcbd0
Setting glob: nom_gamma_stat_resolved_4b_2018_bin_66, which had previous val: 103.425, to conditional val: 103.425
nui: 0x6afee90, glob: 0x6b00d40
Setting glob: nom_gamma_stat_resolved_4b_2018_bin_67, which had previous val: 140.033, to conditional val: 140.033
nui: 0x6b03010, glob: 0x6b04ec0
Setting glob: nom_gamma_stat_resolved_4b_2018_bin_68, which had previous val: 126.096, to conditional val: 126.096
nui: 0x6710d10, glob: 0x6b0a940
Setting glob: nom_gamma_stat_resolved_4b_2018_bin_69, which had previous val: 93.806, to conditional val: 93.806
Saving conditional snapshots
Making asimov
adding obs
adding weight
weightVar: 0x6a9fa10
defining set
 check expectedData by category
[#1] INFO:NumericIntegration -- RooRealIntegral::init(resolved_4b_2016_model_Int[obs_x_resolved_4b_2016]) using numeric integrator RooBinIntegrator to calculate Int(obs_x_resolved_4b_2016)
RooRealVar::obs_x_resolved_4b_2016 = 1242.86  L(250 - 1250) B(70) 
pdf: model_resolved_4b_2016
expected events 9009.13
-----
[#1] INFO:NumericIntegration -- RooRealIntegral::init(resolved_4b_2017_model_Int[obs_x_resolved_4b_2017]) using numeric integrator RooBinIntegrator to calculate Int(obs_x_resolved_4b_2017)
RooRealVar::obs_x_resolved_4b_2017 = 1242.86  L(250 - 1250) B(70) 
pdf: model_resolved_4b_2017
expected events 11041.1
-----
[#1] INFO:NumericIntegration -- RooRealIntegral::init(resolved_4b_2018_model_Int[obs_x_resolved_4b_2018]) using numeric integrator RooBinIntegrator to calculate Int(obs_x_resolved_4b_2018)
RooRealVar::obs_x_resolved_4b_2018 = 1242.86  L(250 - 1250) B(70) 
pdf: model_resolved_4b_2018
expected events 19485.9
-----
Import 2
[#1] INFO:ObjectHandling -- RooWorkspace::import(combWS) importing dataset asimovData_POI_0_NP_nom
