
[1mRooFit v3.60 -- Developed by Wouter Verkerke and David Kirkby[0m 
                Copyright (C) 2000-2013 NIKHEF, University of California & Stanford University
                All rights reserved, please read http://roofit.sourceforge.net/license.txt

Warning in <TClassTable::Add>: class RooNovosibirsk_nancy already in TClassTable
Warning in <TClassTable::Add>: class ExpGausExpPDF already in TClassTable
Warning in <TClassTable::Add>: class HggTwoSidedCBPdf already in TClassTable
You called: 
/afs/cern.ch/work/c/chlcheng/Repository/hh_combination_fw/submodules/RooStatTools/./bin/makeAsimovData output/rescaled/bbbb/spin0/900.root output/rescaled/bbbb/spin0/900_with_Asimov_POI_0_NP_nom.root combWS ModelConfig combData false 0.0 asimovData_POI_0_NP_nom xsec_br 
#--- Running makeAsimovData ---
# - Settings: 
  - input_ws:           output/rescaled/bbbb/spin0/900.root
  - output_ws:          output/rescaled/bbbb/spin0/900_with_Asimov_POI_0_NP_nom.root
  - workspacename:      combWS
  - modelConfigName:    ModelConfig
  - dataName:           combData
  - doConditional:      0 (false)
  - mu:                 0
  - asimovData_name:    asimovData_POI_0_NP_nom
  - poiName:            xsec_br
Executing makeAsimovData().
inside makeAsimovData().
- doConditional: 0
Pairing nui: Lumi, with glob: nominalLumi, from constraint: lumiConstraint
Pairing nui: alpha_BackgroundNorm16, with glob: nom_alpha_BackgroundNorm16, from constraint: alpha_BackgroundNorm16Constraint
Pairing nui: alpha_BackgroundShape_HighHT_16, with glob: nom_alpha_BackgroundShape_HighHT_16, from constraint: alpha_BackgroundShape_HighHT_16Constraint
Pairing nui: alpha_BackgroundShape_LowHT_16, with glob: nom_alpha_BackgroundShape_LowHT_16, from constraint: alpha_BackgroundShape_LowHT_16Constraint
Pairing nui: alpha_Theory, with glob: nom_alpha_Theory, from constraint: alpha_TheoryConstraint
Pairing nui: alpha_FT_EFF_Eigen_B_0, with glob: nom_alpha_FT_EFF_Eigen_B_0, from constraint: alpha_FT_EFF_Eigen_B_0Constraint
Pairing nui: alpha_FT_EFF_Eigen_B_1, with glob: nom_alpha_FT_EFF_Eigen_B_1, from constraint: alpha_FT_EFF_Eigen_B_1Constraint
Pairing nui: alpha_FT_EFF_Eigen_B_2, with glob: nom_alpha_FT_EFF_Eigen_B_2, from constraint: alpha_FT_EFF_Eigen_B_2Constraint
Pairing nui: alpha_FT_EFF_Eigen_B_3, with glob: nom_alpha_FT_EFF_Eigen_B_3, from constraint: alpha_FT_EFF_Eigen_B_3Constraint
Pairing nui: alpha_FT_EFF_Eigen_B_4, with glob: nom_alpha_FT_EFF_Eigen_B_4, from constraint: alpha_FT_EFF_Eigen_B_4Constraint
Pairing nui: alpha_FT_EFF_Eigen_B_5, with glob: nom_alpha_FT_EFF_Eigen_B_5, from constraint: alpha_FT_EFF_Eigen_B_5Constraint
Pairing nui: alpha_FT_EFF_Eigen_B_6, with glob: nom_alpha_FT_EFF_Eigen_B_6, from constraint: alpha_FT_EFF_Eigen_B_6Constraint
Pairing nui: alpha_FT_EFF_Eigen_B_7, with glob: nom_alpha_FT_EFF_Eigen_B_7, from constraint: alpha_FT_EFF_Eigen_B_7Constraint
Pairing nui: alpha_FT_EFF_Eigen_B_8, with glob: nom_alpha_FT_EFF_Eigen_B_8, from constraint: alpha_FT_EFF_Eigen_B_8Constraint
Pairing nui: alpha_FT_EFF_Eigen_C_0, with glob: nom_alpha_FT_EFF_Eigen_C_0, from constraint: alpha_FT_EFF_Eigen_C_0Constraint
Pairing nui: alpha_FT_EFF_Eigen_C_1, with glob: nom_alpha_FT_EFF_Eigen_C_1, from constraint: alpha_FT_EFF_Eigen_C_1Constraint
Pairing nui: alpha_FT_EFF_Eigen_C_2, with glob: nom_alpha_FT_EFF_Eigen_C_2, from constraint: alpha_FT_EFF_Eigen_C_2Constraint
Pairing nui: alpha_FT_EFF_Eigen_C_3, with glob: nom_alpha_FT_EFF_Eigen_C_3, from constraint: alpha_FT_EFF_Eigen_C_3Constraint
Pairing nui: alpha_FT_EFF_Eigen_Light_0, with glob: nom_alpha_FT_EFF_Eigen_Light_0, from constraint: alpha_FT_EFF_Eigen_Light_0Constraint
Pairing nui: alpha_FT_EFF_Eigen_Light_1, with glob: nom_alpha_FT_EFF_Eigen_Light_1, from constraint: alpha_FT_EFF_Eigen_Light_1Constraint
Pairing nui: alpha_FT_EFF_Eigen_Light_2, with glob: nom_alpha_FT_EFF_Eigen_Light_2, from constraint: alpha_FT_EFF_Eigen_Light_2Constraint
Pairing nui: alpha_FT_EFF_Eigen_Light_3, with glob: nom_alpha_FT_EFF_Eigen_Light_3, from constraint: alpha_FT_EFF_Eigen_Light_3Constraint
Pairing nui: alpha_FT_EFF_extrapolation, with glob: nom_alpha_FT_EFF_extrapolation, from constraint: alpha_FT_EFF_extrapolationConstraint
Pairing nui: alpha_FT_EFF_extrapolation_from_charm, with glob: nom_alpha_FT_EFF_extrapolation_from_charm, from constraint: alpha_FT_EFF_extrapolation_from_charmConstraint
Pairing nui: alpha_JET_BJES_Response, with glob: nom_alpha_JET_BJES_Response, from constraint: alpha_JET_BJES_ResponseConstraint
Pairing nui: alpha_JET_EffectiveNP_Detector1, with glob: nom_alpha_JET_EffectiveNP_Detector1, from constraint: alpha_JET_EffectiveNP_Detector1Constraint
Pairing nui: alpha_JET_EffectiveNP_Detector2, with glob: nom_alpha_JET_EffectiveNP_Detector2, from constraint: alpha_JET_EffectiveNP_Detector2Constraint
Pairing nui: alpha_JET_EffectiveNP_Mixed1, with glob: nom_alpha_JET_EffectiveNP_Mixed1, from constraint: alpha_JET_EffectiveNP_Mixed1Constraint
Pairing nui: alpha_JET_EffectiveNP_Mixed2, with glob: nom_alpha_JET_EffectiveNP_Mixed2, from constraint: alpha_JET_EffectiveNP_Mixed2Constraint
Pairing nui: alpha_JET_EffectiveNP_Mixed3, with glob: nom_alpha_JET_EffectiveNP_Mixed3, from constraint: alpha_JET_EffectiveNP_Mixed3Constraint
Pairing nui: alpha_JET_EffectiveNP_Modelling1, with glob: nom_alpha_JET_EffectiveNP_Modelling1, from constraint: alpha_JET_EffectiveNP_Modelling1Constraint
Pairing nui: alpha_JET_EffectiveNP_Modelling2, with glob: nom_alpha_JET_EffectiveNP_Modelling2, from constraint: alpha_JET_EffectiveNP_Modelling2Constraint
Pairing nui: alpha_JET_EffectiveNP_Modelling3, with glob: nom_alpha_JET_EffectiveNP_Modelling3, from constraint: alpha_JET_EffectiveNP_Modelling3Constraint
Pairing nui: alpha_JET_EffectiveNP_Modelling4, with glob: nom_alpha_JET_EffectiveNP_Modelling4, from constraint: alpha_JET_EffectiveNP_Modelling4Constraint
Pairing nui: alpha_JET_EffectiveNP_Statistical1, with glob: nom_alpha_JET_EffectiveNP_Statistical1, from constraint: alpha_JET_EffectiveNP_Statistical1Constraint
Pairing nui: alpha_JET_EffectiveNP_Statistical2, with glob: nom_alpha_JET_EffectiveNP_Statistical2, from constraint: alpha_JET_EffectiveNP_Statistical2Constraint
Pairing nui: alpha_JET_EffectiveNP_Statistical3, with glob: nom_alpha_JET_EffectiveNP_Statistical3, from constraint: alpha_JET_EffectiveNP_Statistical3Constraint
Pairing nui: alpha_JET_EffectiveNP_Statistical4, with glob: nom_alpha_JET_EffectiveNP_Statistical4, from constraint: alpha_JET_EffectiveNP_Statistical4Constraint
Pairing nui: alpha_JET_EffectiveNP_Statistical5, with glob: nom_alpha_JET_EffectiveNP_Statistical5, from constraint: alpha_JET_EffectiveNP_Statistical5Constraint
Pairing nui: alpha_JET_EffectiveNP_Statistical6, with glob: nom_alpha_JET_EffectiveNP_Statistical6, from constraint: alpha_JET_EffectiveNP_Statistical6Constraint
Pairing nui: alpha_JET_EtaIntercalibration_Modelling, with glob: nom_alpha_JET_EtaIntercalibration_Modelling, from constraint: alpha_JET_EtaIntercalibration_ModellingConstraint
Pairing nui: alpha_JET_EtaIntercalibration_NonClosure_highE, with glob: nom_alpha_JET_EtaIntercalibration_NonClosure_highE, from constraint: alpha_JET_EtaIntercalibration_NonClosure_highEConstraint
Pairing nui: alpha_JET_EtaIntercalibration_NonClosure_negEta, with glob: nom_alpha_JET_EtaIntercalibration_NonClosure_negEta, from constraint: alpha_JET_EtaIntercalibration_NonClosure_negEtaConstraint
Pairing nui: alpha_JET_EtaIntercalibration_NonClosure_posEta, with glob: nom_alpha_JET_EtaIntercalibration_NonClosure_posEta, from constraint: alpha_JET_EtaIntercalibration_NonClosure_posEtaConstraint
Pairing nui: alpha_JET_EtaIntercalibration_TotalStat, with glob: nom_alpha_JET_EtaIntercalibration_TotalStat, from constraint: alpha_JET_EtaIntercalibration_TotalStatConstraint
Pairing nui: alpha_JET_Flavor_Composition, with glob: nom_alpha_JET_Flavor_Composition, from constraint: alpha_JET_Flavor_CompositionConstraint
Pairing nui: alpha_JET_Flavor_Response, with glob: nom_alpha_JET_Flavor_Response, from constraint: alpha_JET_Flavor_ResponseConstraint
Pairing nui: alpha_JET_JER_DataVsMC, with glob: nom_alpha_JET_JER_DataVsMC, from constraint: alpha_JET_JER_DataVsMCConstraint
Pairing nui: alpha_JET_JER_EffectiveNP_1, with glob: nom_alpha_JET_JER_EffectiveNP_1, from constraint: alpha_JET_JER_EffectiveNP_1Constraint
Pairing nui: alpha_JET_JER_EffectiveNP_10, with glob: nom_alpha_JET_JER_EffectiveNP_10, from constraint: alpha_JET_JER_EffectiveNP_10Constraint
Pairing nui: alpha_JET_JER_EffectiveNP_11, with glob: nom_alpha_JET_JER_EffectiveNP_11, from constraint: alpha_JET_JER_EffectiveNP_11Constraint
Pairing nui: alpha_JET_JER_EffectiveNP_12restTerm, with glob: nom_alpha_JET_JER_EffectiveNP_12restTerm, from constraint: alpha_JET_JER_EffectiveNP_12restTermConstraint
Pairing nui: alpha_JET_JER_EffectiveNP_2, with glob: nom_alpha_JET_JER_EffectiveNP_2, from constraint: alpha_JET_JER_EffectiveNP_2Constraint
Pairing nui: alpha_JET_JER_EffectiveNP_3, with glob: nom_alpha_JET_JER_EffectiveNP_3, from constraint: alpha_JET_JER_EffectiveNP_3Constraint
Pairing nui: alpha_JET_JER_EffectiveNP_4, with glob: nom_alpha_JET_JER_EffectiveNP_4, from constraint: alpha_JET_JER_EffectiveNP_4Constraint
Pairing nui: alpha_JET_JER_EffectiveNP_5, with glob: nom_alpha_JET_JER_EffectiveNP_5, from constraint: alpha_JET_JER_EffectiveNP_5Constraint
Pairing nui: alpha_JET_JER_EffectiveNP_6, with glob: nom_alpha_JET_JER_EffectiveNP_6, from constraint: alpha_JET_JER_EffectiveNP_6Constraint
Pairing nui: alpha_JET_JER_EffectiveNP_7, with glob: nom_alpha_JET_JER_EffectiveNP_7, from constraint: alpha_JET_JER_EffectiveNP_7Constraint
Pairing nui: alpha_JET_JER_EffectiveNP_8, with glob: nom_alpha_JET_JER_EffectiveNP_8, from constraint: alpha_JET_JER_EffectiveNP_8Constraint
Pairing nui: alpha_JET_JER_EffectiveNP_9, with glob: nom_alpha_JET_JER_EffectiveNP_9, from constraint: alpha_JET_JER_EffectiveNP_9Constraint
Pairing nui: alpha_JET_Pileup_OffsetMu, with glob: nom_alpha_JET_Pileup_OffsetMu, from constraint: alpha_JET_Pileup_OffsetMuConstraint
Pairing nui: alpha_JET_Pileup_OffsetNPV, with glob: nom_alpha_JET_Pileup_OffsetNPV, from constraint: alpha_JET_Pileup_OffsetNPVConstraint
Pairing nui: alpha_JET_Pileup_PtTerm, with glob: nom_alpha_JET_Pileup_PtTerm, from constraint: alpha_JET_Pileup_PtTermConstraint
Pairing nui: alpha_JET_Pileup_RhoTopology, with glob: nom_alpha_JET_Pileup_RhoTopology, from constraint: alpha_JET_Pileup_RhoTopologyConstraint
Pairing nui: alpha_JET_PunchThrough_MC16, with glob: nom_alpha_JET_PunchThrough_MC16, from constraint: alpha_JET_PunchThrough_MC16Constraint
Pairing nui: alpha_JET_SingleParticle_HighPt, with glob: nom_alpha_JET_SingleParticle_HighPt, from constraint: alpha_JET_SingleParticle_HighPtConstraint
Pairing nui: gamma_stat_resolved_4b_2016_bin_0_poisMean, with glob: nom_gamma_stat_resolved_4b_2016_bin_0, from constraint: gamma_stat_resolved_4b_2016_bin_0_constraint
Pairing nui: gamma_stat_resolved_4b_2016_bin_1_poisMean, with glob: nom_gamma_stat_resolved_4b_2016_bin_1, from constraint: gamma_stat_resolved_4b_2016_bin_1_constraint
Pairing nui: gamma_stat_resolved_4b_2016_bin_2_poisMean, with glob: nom_gamma_stat_resolved_4b_2016_bin_2, from constraint: gamma_stat_resolved_4b_2016_bin_2_constraint
Pairing nui: gamma_stat_resolved_4b_2016_bin_3_poisMean, with glob: nom_gamma_stat_resolved_4b_2016_bin_3, from constraint: gamma_stat_resolved_4b_2016_bin_3_constraint
Pairing nui: gamma_stat_resolved_4b_2016_bin_4_poisMean, with glob: nom_gamma_stat_resolved_4b_2016_bin_4, from constraint: gamma_stat_resolved_4b_2016_bin_4_constraint
Pairing nui: gamma_stat_resolved_4b_2016_bin_5_poisMean, with glob: nom_gamma_stat_resolved_4b_2016_bin_5, from constraint: gamma_stat_resolved_4b_2016_bin_5_constraint
Pairing nui: gamma_stat_resolved_4b_2016_bin_6_poisMean, with glob: nom_gamma_stat_resolved_4b_2016_bin_6, from constraint: gamma_stat_resolved_4b_2016_bin_6_constraint
Pairing nui: gamma_stat_resolved_4b_2016_bin_7_poisMean, with glob: nom_gamma_stat_resolved_4b_2016_bin_7, from constraint: gamma_stat_resolved_4b_2016_bin_7_constraint
Pairing nui: gamma_stat_resolved_4b_2016_bin_8_poisMean, with glob: nom_gamma_stat_resolved_4b_2016_bin_8, from constraint: gamma_stat_resolved_4b_2016_bin_8_constraint
Pairing nui: gamma_stat_resolved_4b_2016_bin_9_poisMean, with glob: nom_gamma_stat_resolved_4b_2016_bin_9, from constraint: gamma_stat_resolved_4b_2016_bin_9_constraint
Pairing nui: gamma_stat_resolved_4b_2016_bin_10_poisMean, with glob: nom_gamma_stat_resolved_4b_2016_bin_10, from constraint: gamma_stat_resolved_4b_2016_bin_10_constraint
Pairing nui: gamma_stat_resolved_4b_2016_bin_11_poisMean, with glob: nom_gamma_stat_resolved_4b_2016_bin_11, from constraint: gamma_stat_resolved_4b_2016_bin_11_constraint
Pairing nui: gamma_stat_resolved_4b_2016_bin_12_poisMean, with glob: nom_gamma_stat_resolved_4b_2016_bin_12, from constraint: gamma_stat_resolved_4b_2016_bin_12_constraint
Pairing nui: gamma_stat_resolved_4b_2016_bin_13_poisMean, with glob: nom_gamma_stat_resolved_4b_2016_bin_13, from constraint: gamma_stat_resolved_4b_2016_bin_13_constraint
Pairing nui: gamma_stat_resolved_4b_2016_bin_14_poisMean, with glob: nom_gamma_stat_resolved_4b_2016_bin_14, from constraint: gamma_stat_resolved_4b_2016_bin_14_constraint
Pairing nui: gamma_stat_resolved_4b_2016_bin_15_poisMean, with glob: nom_gamma_stat_resolved_4b_2016_bin_15, from constraint: gamma_stat_resolved_4b_2016_bin_15_constraint
Pairing nui: gamma_stat_resolved_4b_2016_bin_16_poisMean, with glob: nom_gamma_stat_resolved_4b_2016_bin_16, from constraint: gamma_stat_resolved_4b_2016_bin_16_constraint
Pairing nui: gamma_stat_resolved_4b_2016_bin_17_poisMean, with glob: nom_gamma_stat_resolved_4b_2016_bin_17, from constraint: gamma_stat_resolved_4b_2016_bin_17_constraint
Pairing nui: gamma_stat_resolved_4b_2016_bin_18_poisMean, with glob: nom_gamma_stat_resolved_4b_2016_bin_18, from constraint: gamma_stat_resolved_4b_2016_bin_18_constraint
Pairing nui: gamma_stat_resolved_4b_2016_bin_19_poisMean, with glob: nom_gamma_stat_resolved_4b_2016_bin_19, from constraint: gamma_stat_resolved_4b_2016_bin_19_constraint
Pairing nui: gamma_stat_resolved_4b_2016_bin_20_poisMean, with glob: nom_gamma_stat_resolved_4b_2016_bin_20, from constraint: gamma_stat_resolved_4b_2016_bin_20_constraint
Pairing nui: gamma_stat_resolved_4b_2016_bin_21_poisMean, with glob: nom_gamma_stat_resolved_4b_2016_bin_21, from constraint: gamma_stat_resolved_4b_2016_bin_21_constraint
Pairing nui: gamma_stat_resolved_4b_2016_bin_22_poisMean, with glob: nom_gamma_stat_resolved_4b_2016_bin_22, from constraint: gamma_stat_resolved_4b_2016_bin_22_constraint
Pairing nui: gamma_stat_resolved_4b_2016_bin_23_poisMean, with glob: nom_gamma_stat_resolved_4b_2016_bin_23, from constraint: gamma_stat_resolved_4b_2016_bin_23_constraint
Pairing nui: gamma_stat_resolved_4b_2016_bin_24_poisMean, with glob: nom_gamma_stat_resolved_4b_2016_bin_24, from constraint: gamma_stat_resolved_4b_2016_bin_24_constraint
Pairing nui: gamma_stat_resolved_4b_2016_bin_25_poisMean, with glob: nom_gamma_stat_resolved_4b_2016_bin_25, from constraint: gamma_stat_resolved_4b_2016_bin_25_constraint
Pairing nui: gamma_stat_resolved_4b_2016_bin_26_poisMean, with glob: nom_gamma_stat_resolved_4b_2016_bin_26, from constraint: gamma_stat_resolved_4b_2016_bin_26_constraint
Pairing nui: gamma_stat_resolved_4b_2016_bin_27_poisMean, with glob: nom_gamma_stat_resolved_4b_2016_bin_27, from constraint: gamma_stat_resolved_4b_2016_bin_27_constraint
Pairing nui: gamma_stat_resolved_4b_2016_bin_28_poisMean, with glob: nom_gamma_stat_resolved_4b_2016_bin_28, from constraint: gamma_stat_resolved_4b_2016_bin_28_constraint
Pairing nui: gamma_stat_resolved_4b_2016_bin_29_poisMean, with glob: nom_gamma_stat_resolved_4b_2016_bin_29, from constraint: gamma_stat_resolved_4b_2016_bin_29_constraint
Pairing nui: gamma_stat_resolved_4b_2016_bin_30_poisMean, with glob: nom_gamma_stat_resolved_4b_2016_bin_30, from constraint: gamma_stat_resolved_4b_2016_bin_30_constraint
Pairing nui: gamma_stat_resolved_4b_2016_bin_31_poisMean, with glob: nom_gamma_stat_resolved_4b_2016_bin_31, from constraint: gamma_stat_resolved_4b_2016_bin_31_constraint
Pairing nui: gamma_stat_resolved_4b_2016_bin_32_poisMean, with glob: nom_gamma_stat_resolved_4b_2016_bin_32, from constraint: gamma_stat_resolved_4b_2016_bin_32_constraint
Pairing nui: gamma_stat_resolved_4b_2016_bin_33_poisMean, with glob: nom_gamma_stat_resolved_4b_2016_bin_33, from constraint: gamma_stat_resolved_4b_2016_bin_33_constraint
Pairing nui: gamma_stat_resolved_4b_2016_bin_34_poisMean, with glob: nom_gamma_stat_resolved_4b_2016_bin_34, from constraint: gamma_stat_resolved_4b_2016_bin_34_constraint
Pairing nui: gamma_stat_resolved_4b_2016_bin_35_poisMean, with glob: nom_gamma_stat_resolved_4b_2016_bin_35, from constraint: gamma_stat_resolved_4b_2016_bin_35_constraint
Pairing nui: gamma_stat_resolved_4b_2016_bin_36_poisMean, with glob: nom_gamma_stat_resolved_4b_2016_bin_36, from constraint: gamma_stat_resolved_4b_2016_bin_36_constraint
Pairing nui: gamma_stat_resolved_4b_2016_bin_37_poisMean, with glob: nom_gamma_stat_resolved_4b_2016_bin_37, from constraint: gamma_stat_resolved_4b_2016_bin_37_constraint
Pairing nui: gamma_stat_resolved_4b_2016_bin_38_poisMean, with glob: nom_gamma_stat_resolved_4b_2016_bin_38, from constraint: gamma_stat_resolved_4b_2016_bin_38_constraint
Pairing nui: gamma_stat_resolved_4b_2016_bin_39_poisMean, with glob: nom_gamma_stat_resolved_4b_2016_bin_39, from constraint: gamma_stat_resolved_4b_2016_bin_39_constraint
Pairing nui: gamma_stat_resolved_4b_2016_bin_40_poisMean, with glob: nom_gamma_stat_resolved_4b_2016_bin_40, from constraint: gamma_stat_resolved_4b_2016_bin_40_constraint
Pairing nui: gamma_stat_resolved_4b_2016_bin_41_poisMean, with glob: nom_gamma_stat_resolved_4b_2016_bin_41, from constraint: gamma_stat_resolved_4b_2016_bin_41_constraint
Pairing nui: gamma_stat_resolved_4b_2016_bin_42_poisMean, with glob: nom_gamma_stat_resolved_4b_2016_bin_42, from constraint: gamma_stat_resolved_4b_2016_bin_42_constraint
Pairing nui: gamma_stat_resolved_4b_2016_bin_43_poisMean, with glob: nom_gamma_stat_resolved_4b_2016_bin_43, from constraint: gamma_stat_resolved_4b_2016_bin_43_constraint
Pairing nui: gamma_stat_resolved_4b_2016_bin_44_poisMean, with glob: nom_gamma_stat_resolved_4b_2016_bin_44, from constraint: gamma_stat_resolved_4b_2016_bin_44_constraint
Pairing nui: gamma_stat_resolved_4b_2016_bin_45_poisMean, with glob: nom_gamma_stat_resolved_4b_2016_bin_45, from constraint: gamma_stat_resolved_4b_2016_bin_45_constraint
Pairing nui: gamma_stat_resolved_4b_2016_bin_46_poisMean, with glob: nom_gamma_stat_resolved_4b_2016_bin_46, from constraint: gamma_stat_resolved_4b_2016_bin_46_constraint
Pairing nui: gamma_stat_resolved_4b_2016_bin_47_poisMean, with glob: nom_gamma_stat_resolved_4b_2016_bin_47, from constraint: gamma_stat_resolved_4b_2016_bin_47_constraint
Pairing nui: gamma_stat_resolved_4b_2016_bin_48_poisMean, with glob: nom_gamma_stat_resolved_4b_2016_bin_48, from constraint: gamma_stat_resolved_4b_2016_bin_48_constraint
Pairing nui: gamma_stat_resolved_4b_2016_bin_49_poisMean, with glob: nom_gamma_stat_resolved_4b_2016_bin_49, from constraint: gamma_stat_resolved_4b_2016_bin_49_constraint
Pairing nui: gamma_stat_resolved_4b_2016_bin_50_poisMean, with glob: nom_gamma_stat_resolved_4b_2016_bin_50, from constraint: gamma_stat_resolved_4b_2016_bin_50_constraint
Pairing nui: gamma_stat_resolved_4b_2016_bin_51_poisMean, with glob: nom_gamma_stat_resolved_4b_2016_bin_51, from constraint: gamma_stat_resolved_4b_2016_bin_51_constraint
Pairing nui: gamma_stat_resolved_4b_2016_bin_52_poisMean, with glob: nom_gamma_stat_resolved_4b_2016_bin_52, from constraint: gamma_stat_resolved_4b_2016_bin_52_constraint
Pairing nui: gamma_stat_resolved_4b_2016_bin_53_poisMean, with glob: nom_gamma_stat_resolved_4b_2016_bin_53, from constraint: gamma_stat_resolved_4b_2016_bin_53_constraint
Pairing nui: gamma_stat_resolved_4b_2016_bin_54_poisMean, with glob: nom_gamma_stat_resolved_4b_2016_bin_54, from constraint: gamma_stat_resolved_4b_2016_bin_54_constraint
Pairing nui: gamma_stat_resolved_4b_2016_bin_55_poisMean, with glob: nom_gamma_stat_resolved_4b_2016_bin_55, from constraint: gamma_stat_resolved_4b_2016_bin_55_constraint
Pairing nui: gamma_stat_resolved_4b_2016_bin_56_poisMean, with glob: nom_gamma_stat_resolved_4b_2016_bin_56, from constraint: gamma_stat_resolved_4b_2016_bin_56_constraint
Pairing nui: gamma_stat_resolved_4b_2016_bin_57_poisMean, with glob: nom_gamma_stat_resolved_4b_2016_bin_57, from constraint: gamma_stat_resolved_4b_2016_bin_57_constraint
Pairing nui: gamma_stat_resolved_4b_2016_bin_58_poisMean, with glob: nom_gamma_stat_resolved_4b_2016_bin_58, from constraint: gamma_stat_resolved_4b_2016_bin_58_constraint
Pairing nui: gamma_stat_resolved_4b_2016_bin_59_poisMean, with glob: nom_gamma_stat_resolved_4b_2016_bin_59, from constraint: gamma_stat_resolved_4b_2016_bin_59_constraint
Pairing nui: gamma_stat_resolved_4b_2016_bin_60_poisMean, with glob: nom_gamma_stat_resolved_4b_2016_bin_60, from constraint: gamma_stat_resolved_4b_2016_bin_60_constraint
Pairing nui: gamma_stat_resolved_4b_2016_bin_61_poisMean, with glob: nom_gamma_stat_resolved_4b_2016_bin_61, from constraint: gamma_stat_resolved_4b_2016_bin_61_constraint
Pairing nui: gamma_stat_resolved_4b_2016_bin_62_poisMean, with glob: nom_gamma_stat_resolved_4b_2016_bin_62, from constraint: gamma_stat_resolved_4b_2016_bin_62_constraint
Pairing nui: gamma_stat_resolved_4b_2016_bin_63_poisMean, with glob: nom_gamma_stat_resolved_4b_2016_bin_63, from constraint: gamma_stat_resolved_4b_2016_bin_63_constraint
Pairing nui: gamma_stat_resolved_4b_2016_bin_64_poisMean, with glob: nom_gamma_stat_resolved_4b_2016_bin_64, from constraint: gamma_stat_resolved_4b_2016_bin_64_constraint
Pairing nui: gamma_stat_resolved_4b_2016_bin_65_poisMean, with glob: nom_gamma_stat_resolved_4b_2016_bin_65, from constraint: gamma_stat_resolved_4b_2016_bin_65_constraint
Pairing nui: gamma_stat_resolved_4b_2016_bin_66_poisMean, with glob: nom_gamma_stat_resolved_4b_2016_bin_66, from constraint: gamma_stat_resolved_4b_2016_bin_66_constraint
Pairing nui: gamma_stat_resolved_4b_2016_bin_67_poisMean, with glob: nom_gamma_stat_resolved_4b_2016_bin_67, from constraint: gamma_stat_resolved_4b_2016_bin_67_constraint
Pairing nui: gamma_stat_resolved_4b_2016_bin_68_poisMean, with glob: nom_gamma_stat_resolved_4b_2016_bin_68, from constraint: gamma_stat_resolved_4b_2016_bin_68_constraint
Pairing nui: gamma_stat_resolved_4b_2016_bin_69_poisMean, with glob: nom_gamma_stat_resolved_4b_2016_bin_69, from constraint: gamma_stat_resolved_4b_2016_bin_69_constraint
Pairing nui: alpha_BackgroundNorm17, with glob: nom_alpha_BackgroundNorm17, from constraint: alpha_BackgroundNorm17Constraint
Pairing nui: alpha_BackgroundShape_HighHT_17, with glob: nom_alpha_BackgroundShape_HighHT_17, from constraint: alpha_BackgroundShape_HighHT_17Constraint
Pairing nui: alpha_BackgroundShape_LowHT_17, with glob: nom_alpha_BackgroundShape_LowHT_17, from constraint: alpha_BackgroundShape_LowHT_17Constraint
Pairing nui: gamma_stat_resolved_4b_2017_bin_0_poisMean, with glob: nom_gamma_stat_resolved_4b_2017_bin_0, from constraint: gamma_stat_resolved_4b_2017_bin_0_constraint
Pairing nui: gamma_stat_resolved_4b_2017_bin_1_poisMean, with glob: nom_gamma_stat_resolved_4b_2017_bin_1, from constraint: gamma_stat_resolved_4b_2017_bin_1_constraint
Pairing nui: gamma_stat_resolved_4b_2017_bin_2_poisMean, with glob: nom_gamma_stat_resolved_4b_2017_bin_2, from constraint: gamma_stat_resolved_4b_2017_bin_2_constraint
Pairing nui: gamma_stat_resolved_4b_2017_bin_3_poisMean, with glob: nom_gamma_stat_resolved_4b_2017_bin_3, from constraint: gamma_stat_resolved_4b_2017_bin_3_constraint
Pairing nui: gamma_stat_resolved_4b_2017_bin_4_poisMean, with glob: nom_gamma_stat_resolved_4b_2017_bin_4, from constraint: gamma_stat_resolved_4b_2017_bin_4_constraint
Pairing nui: gamma_stat_resolved_4b_2017_bin_5_poisMean, with glob: nom_gamma_stat_resolved_4b_2017_bin_5, from constraint: gamma_stat_resolved_4b_2017_bin_5_constraint
Pairing nui: gamma_stat_resolved_4b_2017_bin_6_poisMean, with glob: nom_gamma_stat_resolved_4b_2017_bin_6, from constraint: gamma_stat_resolved_4b_2017_bin_6_constraint
Pairing nui: gamma_stat_resolved_4b_2017_bin_7_poisMean, with glob: nom_gamma_stat_resolved_4b_2017_bin_7, from constraint: gamma_stat_resolved_4b_2017_bin_7_constraint
Pairing nui: gamma_stat_resolved_4b_2017_bin_8_poisMean, with glob: nom_gamma_stat_resolved_4b_2017_bin_8, from constraint: gamma_stat_resolved_4b_2017_bin_8_constraint
Pairing nui: gamma_stat_resolved_4b_2017_bin_9_poisMean, with glob: nom_gamma_stat_resolved_4b_2017_bin_9, from constraint: gamma_stat_resolved_4b_2017_bin_9_constraint
Pairing nui: gamma_stat_resolved_4b_2017_bin_10_poisMean, with glob: nom_gamma_stat_resolved_4b_2017_bin_10, from constraint: gamma_stat_resolved_4b_2017_bin_10_constraint
Pairing nui: gamma_stat_resolved_4b_2017_bin_11_poisMean, with glob: nom_gamma_stat_resolved_4b_2017_bin_11, from constraint: gamma_stat_resolved_4b_2017_bin_11_constraint
Pairing nui: gamma_stat_resolved_4b_2017_bin_12_poisMean, with glob: nom_gamma_stat_resolved_4b_2017_bin_12, from constraint: gamma_stat_resolved_4b_2017_bin_12_constraint
Pairing nui: gamma_stat_resolved_4b_2017_bin_13_poisMean, with glob: nom_gamma_stat_resolved_4b_2017_bin_13, from constraint: gamma_stat_resolved_4b_2017_bin_13_constraint
Pairing nui: gamma_stat_resolved_4b_2017_bin_14_poisMean, with glob: nom_gamma_stat_resolved_4b_2017_bin_14, from constraint: gamma_stat_resolved_4b_2017_bin_14_constraint
Pairing nui: gamma_stat_resolved_4b_2017_bin_15_poisMean, with glob: nom_gamma_stat_resolved_4b_2017_bin_15, from constraint: gamma_stat_resolved_4b_2017_bin_15_constraint
Pairing nui: gamma_stat_resolved_4b_2017_bin_16_poisMean, with glob: nom_gamma_stat_resolved_4b_2017_bin_16, from constraint: gamma_stat_resolved_4b_2017_bin_16_constraint
Pairing nui: gamma_stat_resolved_4b_2017_bin_17_poisMean, with glob: nom_gamma_stat_resolved_4b_2017_bin_17, from constraint: gamma_stat_resolved_4b_2017_bin_17_constraint
Pairing nui: gamma_stat_resolved_4b_2017_bin_18_poisMean, with glob: nom_gamma_stat_resolved_4b_2017_bin_18, from constraint: gamma_stat_resolved_4b_2017_bin_18_constraint
Pairing nui: gamma_stat_resolved_4b_2017_bin_19_poisMean, with glob: nom_gamma_stat_resolved_4b_2017_bin_19, from constraint: gamma_stat_resolved_4b_2017_bin_19_constraint
Pairing nui: gamma_stat_resolved_4b_2017_bin_20_poisMean, with glob: nom_gamma_stat_resolved_4b_2017_bin_20, from constraint: gamma_stat_resolved_4b_2017_bin_20_constraint
Pairing nui: gamma_stat_resolved_4b_2017_bin_21_poisMean, with glob: nom_gamma_stat_resolved_4b_2017_bin_21, from constraint: gamma_stat_resolved_4b_2017_bin_21_constraint
Pairing nui: gamma_stat_resolved_4b_2017_bin_22_poisMean, with glob: nom_gamma_stat_resolved_4b_2017_bin_22, from constraint: gamma_stat_resolved_4b_2017_bin_22_constraint
Pairing nui: gamma_stat_resolved_4b_2017_bin_23_poisMean, with glob: nom_gamma_stat_resolved_4b_2017_bin_23, from constraint: gamma_stat_resolved_4b_2017_bin_23_constraint
Pairing nui: gamma_stat_resolved_4b_2017_bin_24_poisMean, with glob: nom_gamma_stat_resolved_4b_2017_bin_24, from constraint: gamma_stat_resolved_4b_2017_bin_24_constraint
Pairing nui: gamma_stat_resolved_4b_2017_bin_25_poisMean, with glob: nom_gamma_stat_resolved_4b_2017_bin_25, from constraint: gamma_stat_resolved_4b_2017_bin_25_constraint
Pairing nui: gamma_stat_resolved_4b_2017_bin_26_poisMean, with glob: nom_gamma_stat_resolved_4b_2017_bin_26, from constraint: gamma_stat_resolved_4b_2017_bin_26_constraint
Pairing nui: gamma_stat_resolved_4b_2017_bin_27_poisMean, with glob: nom_gamma_stat_resolved_4b_2017_bin_27, from constraint: gamma_stat_resolved_4b_2017_bin_27_constraint
Pairing nui: gamma_stat_resolved_4b_2017_bin_28_poisMean, with glob: nom_gamma_stat_resolved_4b_2017_bin_28, from constraint: gamma_stat_resolved_4b_2017_bin_28_constraint
Pairing nui: gamma_stat_resolved_4b_2017_bin_29_poisMean, with glob: nom_gamma_stat_resolved_4b_2017_bin_29, from constraint: gamma_stat_resolved_4b_2017_bin_29_constraint
Pairing nui: gamma_stat_resolved_4b_2017_bin_30_poisMean, with glob: nom_gamma_stat_resolved_4b_2017_bin_30, from constraint: gamma_stat_resolved_4b_2017_bin_30_constraint
Pairing nui: gamma_stat_resolved_4b_2017_bin_31_poisMean, with glob: nom_gamma_stat_resolved_4b_2017_bin_31, from constraint: gamma_stat_resolved_4b_2017_bin_31_constraint
Pairing nui: gamma_stat_resolved_4b_2017_bin_32_poisMean, with glob: nom_gamma_stat_resolved_4b_2017_bin_32, from constraint: gamma_stat_resolved_4b_2017_bin_32_constraint
Pairing nui: gamma_stat_resolved_4b_2017_bin_33_poisMean, with glob: nom_gamma_stat_resolved_4b_2017_bin_33, from constraint: gamma_stat_resolved_4b_2017_bin_33_constraint
Pairing nui: gamma_stat_resolved_4b_2017_bin_34_poisMean, with glob: nom_gamma_stat_resolved_4b_2017_bin_34, from constraint: gamma_stat_resolved_4b_2017_bin_34_constraint
Pairing nui: gamma_stat_resolved_4b_2017_bin_35_poisMean, with glob: nom_gamma_stat_resolved_4b_2017_bin_35, from constraint: gamma_stat_resolved_4b_2017_bin_35_constraint
Pairing nui: gamma_stat_resolved_4b_2017_bin_36_poisMean, with glob: nom_gamma_stat_resolved_4b_2017_bin_36, from constraint: gamma_stat_resolved_4b_2017_bin_36_constraint
Pairing nui: gamma_stat_resolved_4b_2017_bin_37_poisMean, with glob: nom_gamma_stat_resolved_4b_2017_bin_37, from constraint: gamma_stat_resolved_4b_2017_bin_37_constraint
Pairing nui: gamma_stat_resolved_4b_2017_bin_38_poisMean, with glob: nom_gamma_stat_resolved_4b_2017_bin_38, from constraint: gamma_stat_resolved_4b_2017_bin_38_constraint
Pairing nui: gamma_stat_resolved_4b_2017_bin_39_poisMean, with glob: nom_gamma_stat_resolved_4b_2017_bin_39, from constraint: gamma_stat_resolved_4b_2017_bin_39_constraint
Pairing nui: gamma_stat_resolved_4b_2017_bin_40_poisMean, with glob: nom_gamma_stat_resolved_4b_2017_bin_40, from constraint: gamma_stat_resolved_4b_2017_bin_40_constraint
Pairing nui: gamma_stat_resolved_4b_2017_bin_41_poisMean, with glob: nom_gamma_stat_resolved_4b_2017_bin_41, from constraint: gamma_stat_resolved_4b_2017_bin_41_constraint
Pairing nui: gamma_stat_resolved_4b_2017_bin_42_poisMean, with glob: nom_gamma_stat_resolved_4b_2017_bin_42, from constraint: gamma_stat_resolved_4b_2017_bin_42_constraint
Pairing nui: gamma_stat_resolved_4b_2017_bin_43_poisMean, with glob: nom_gamma_stat_resolved_4b_2017_bin_43, from constraint: gamma_stat_resolved_4b_2017_bin_43_constraint
Pairing nui: gamma_stat_resolved_4b_2017_bin_44_poisMean, with glob: nom_gamma_stat_resolved_4b_2017_bin_44, from constraint: gamma_stat_resolved_4b_2017_bin_44_constraint
Pairing nui: gamma_stat_resolved_4b_2017_bin_45_poisMean, with glob: nom_gamma_stat_resolved_4b_2017_bin_45, from constraint: gamma_stat_resolved_4b_2017_bin_45_constraint
Pairing nui: gamma_stat_resolved_4b_2017_bin_46_poisMean, with glob: nom_gamma_stat_resolved_4b_2017_bin_46, from constraint: gamma_stat_resolved_4b_2017_bin_46_constraint
Pairing nui: gamma_stat_resolved_4b_2017_bin_47_poisMean, with glob: nom_gamma_stat_resolved_4b_2017_bin_47, from constraint: gamma_stat_resolved_4b_2017_bin_47_constraint
Pairing nui: gamma_stat_resolved_4b_2017_bin_48_poisMean, with glob: nom_gamma_stat_resolved_4b_2017_bin_48, from constraint: gamma_stat_resolved_4b_2017_bin_48_constraint
Pairing nui: gamma_stat_resolved_4b_2017_bin_49_poisMean, with glob: nom_gamma_stat_resolved_4b_2017_bin_49, from constraint: gamma_stat_resolved_4b_2017_bin_49_constraint
Pairing nui: gamma_stat_resolved_4b_2017_bin_50_poisMean, with glob: nom_gamma_stat_resolved_4b_2017_bin_50, from constraint: gamma_stat_resolved_4b_2017_bin_50_constraint
Pairing nui: gamma_stat_resolved_4b_2017_bin_51_poisMean, with glob: nom_gamma_stat_resolved_4b_2017_bin_51, from constraint: gamma_stat_resolved_4b_2017_bin_51_constraint
Pairing nui: gamma_stat_resolved_4b_2017_bin_52_poisMean, with glob: nom_gamma_stat_resolved_4b_2017_bin_52, from constraint: gamma_stat_resolved_4b_2017_bin_52_constraint
Pairing nui: gamma_stat_resolved_4b_2017_bin_53_poisMean, with glob: nom_gamma_stat_resolved_4b_2017_bin_53, from constraint: gamma_stat_resolved_4b_2017_bin_53_constraint
Pairing nui: gamma_stat_resolved_4b_2017_bin_54_poisMean, with glob: nom_gamma_stat_resolved_4b_2017_bin_54, from constraint: gamma_stat_resolved_4b_2017_bin_54_constraint
Pairing nui: gamma_stat_resolved_4b_2017_bin_55_poisMean, with glob: nom_gamma_stat_resolved_4b_2017_bin_55, from constraint: gamma_stat_resolved_4b_2017_bin_55_constraint
Pairing nui: gamma_stat_resolved_4b_2017_bin_56_poisMean, with glob: nom_gamma_stat_resolved_4b_2017_bin_56, from constraint: gamma_stat_resolved_4b_2017_bin_56_constraint
Pairing nui: gamma_stat_resolved_4b_2017_bin_57_poisMean, with glob: nom_gamma_stat_resolved_4b_2017_bin_57, from constraint: gamma_stat_resolved_4b_2017_bin_57_constraint
Pairing nui: gamma_stat_resolved_4b_2017_bin_58_poisMean, with glob: nom_gamma_stat_resolved_4b_2017_bin_58, from constraint: gamma_stat_resolved_4b_2017_bin_58_constraint
Pairing nui: gamma_stat_resolved_4b_2017_bin_59_poisMean, with glob: nom_gamma_stat_resolved_4b_2017_bin_59, from constraint: gamma_stat_resolved_4b_2017_bin_59_constraint
Pairing nui: gamma_stat_resolved_4b_2017_bin_60_poisMean, with glob: nom_gamma_stat_resolved_4b_2017_bin_60, from constraint: gamma_stat_resolved_4b_2017_bin_60_constraint
Pairing nui: gamma_stat_resolved_4b_2017_bin_61_poisMean, with glob: nom_gamma_stat_resolved_4b_2017_bin_61, from constraint: gamma_stat_resolved_4b_2017_bin_61_constraint
Pairing nui: gamma_stat_resolved_4b_2017_bin_62_poisMean, with glob: nom_gamma_stat_resolved_4b_2017_bin_62, from constraint: gamma_stat_resolved_4b_2017_bin_62_constraint
Pairing nui: gamma_stat_resolved_4b_2017_bin_63_poisMean, with glob: nom_gamma_stat_resolved_4b_2017_bin_63, from constraint: gamma_stat_resolved_4b_2017_bin_63_constraint
Pairing nui: gamma_stat_resolved_4b_2017_bin_64_poisMean, with glob: nom_gamma_stat_resolved_4b_2017_bin_64, from constraint: gamma_stat_resolved_4b_2017_bin_64_constraint
Pairing nui: gamma_stat_resolved_4b_2017_bin_65_poisMean, with glob: nom_gamma_stat_resolved_4b_2017_bin_65, from constraint: gamma_stat_resolved_4b_2017_bin_65_constraint
Pairing nui: gamma_stat_resolved_4b_2017_bin_66_poisMean, with glob: nom_gamma_stat_resolved_4b_2017_bin_66, from constraint: gamma_stat_resolved_4b_2017_bin_66_constraint
Pairing nui: gamma_stat_resolved_4b_2017_bin_67_poisMean, with glob: nom_gamma_stat_resolved_4b_2017_bin_67, from constraint: gamma_stat_resolved_4b_2017_bin_67_constraint
Pairing nui: gamma_stat_resolved_4b_2017_bin_68_poisMean, with glob: nom_gamma_stat_resolved_4b_2017_bin_68, from constraint: gamma_stat_resolved_4b_2017_bin_68_constraint
Pairing nui: gamma_stat_resolved_4b_2017_bin_69_poisMean, with glob: nom_gamma_stat_resolved_4b_2017_bin_69, from constraint: gamma_stat_resolved_4b_2017_bin_69_constraint
Pairing nui: alpha_BackgroundNorm18, with glob: nom_alpha_BackgroundNorm18, from constraint: alpha_BackgroundNorm18Constraint
Pairing nui: alpha_BackgroundShape_HighHT_18, with glob: nom_alpha_BackgroundShape_HighHT_18, from constraint: alpha_BackgroundShape_HighHT_18Constraint
Pairing nui: alpha_BackgroundShape_LowHT_18, with glob: nom_alpha_BackgroundShape_LowHT_18, from constraint: alpha_BackgroundShape_LowHT_18Constraint
Pairing nui: gamma_stat_resolved_4b_2018_bin_0_poisMean, with glob: nom_gamma_stat_resolved_4b_2018_bin_0, from constraint: gamma_stat_resolved_4b_2018_bin_0_constraint
Pairing nui: gamma_stat_resolved_4b_2018_bin_1_poisMean, with glob: nom_gamma_stat_resolved_4b_2018_bin_1, from constraint: gamma_stat_resolved_4b_2018_bin_1_constraint
Pairing nui: gamma_stat_resolved_4b_2018_bin_2_poisMean, with glob: nom_gamma_stat_resolved_4b_2018_bin_2, from constraint: gamma_stat_resolved_4b_2018_bin_2_constraint
Pairing nui: gamma_stat_resolved_4b_2018_bin_3_poisMean, with glob: nom_gamma_stat_resolved_4b_2018_bin_3, from constraint: gamma_stat_resolved_4b_2018_bin_3_constraint
Pairing nui: gamma_stat_resolved_4b_2018_bin_4_poisMean, with glob: nom_gamma_stat_resolved_4b_2018_bin_4, from constraint: gamma_stat_resolved_4b_2018_bin_4_constraint
Pairing nui: gamma_stat_resolved_4b_2018_bin_5_poisMean, with glob: nom_gamma_stat_resolved_4b_2018_bin_5, from constraint: gamma_stat_resolved_4b_2018_bin_5_constraint
Pairing nui: gamma_stat_resolved_4b_2018_bin_6_poisMean, with glob: nom_gamma_stat_resolved_4b_2018_bin_6, from constraint: gamma_stat_resolved_4b_2018_bin_6_constraint
Pairing nui: gamma_stat_resolved_4b_2018_bin_7_poisMean, with glob: nom_gamma_stat_resolved_4b_2018_bin_7, from constraint: gamma_stat_resolved_4b_2018_bin_7_constraint
Pairing nui: gamma_stat_resolved_4b_2018_bin_8_poisMean, with glob: nom_gamma_stat_resolved_4b_2018_bin_8, from constraint: gamma_stat_resolved_4b_2018_bin_8_constraint
Pairing nui: gamma_stat_resolved_4b_2018_bin_9_poisMean, with glob: nom_gamma_stat_resolved_4b_2018_bin_9, from constraint: gamma_stat_resolved_4b_2018_bin_9_constraint
Pairing nui: gamma_stat_resolved_4b_2018_bin_10_poisMean, with glob: nom_gamma_stat_resolved_4b_2018_bin_10, from constraint: gamma_stat_resolved_4b_2018_bin_10_constraint
Pairing nui: gamma_stat_resolved_4b_2018_bin_11_poisMean, with glob: nom_gamma_stat_resolved_4b_2018_bin_11, from constraint: gamma_stat_resolved_4b_2018_bin_11_constraint
Pairing nui: gamma_stat_resolved_4b_2018_bin_12_poisMean, with glob: nom_gamma_stat_resolved_4b_2018_bin_12, from constraint: gamma_stat_resolved_4b_2018_bin_12_constraint
Pairing nui: gamma_stat_resolved_4b_2018_bin_13_poisMean, with glob: nom_gamma_stat_resolved_4b_2018_bin_13, from constraint: gamma_stat_resolved_4b_2018_bin_13_constraint
Pairing nui: gamma_stat_resolved_4b_2018_bin_14_poisMean, with glob: nom_gamma_stat_resolved_4b_2018_bin_14, from constraint: gamma_stat_resolved_4b_2018_bin_14_constraint
Pairing nui: gamma_stat_resolved_4b_2018_bin_15_poisMean, with glob: nom_gamma_stat_resolved_4b_2018_bin_15, from constraint: gamma_stat_resolved_4b_2018_bin_15_constraint
Pairing nui: gamma_stat_resolved_4b_2018_bin_16_poisMean, with glob: nom_gamma_stat_resolved_4b_2018_bin_16, from constraint: gamma_stat_resolved_4b_2018_bin_16_constraint
Pairing nui: gamma_stat_resolved_4b_2018_bin_17_poisMean, with glob: nom_gamma_stat_resolved_4b_2018_bin_17, from constraint: gamma_stat_resolved_4b_2018_bin_17_constraint
Pairing nui: gamma_stat_resolved_4b_2018_bin_18_poisMean, with glob: nom_gamma_stat_resolved_4b_2018_bin_18, from constraint: gamma_stat_resolved_4b_2018_bin_18_constraint
Pairing nui: gamma_stat_resolved_4b_2018_bin_19_poisMean, with glob: nom_gamma_stat_resolved_4b_2018_bin_19, from constraint: gamma_stat_resolved_4b_2018_bin_19_constraint
Pairing nui: gamma_stat_resolved_4b_2018_bin_20_poisMean, with glob: nom_gamma_stat_resolved_4b_2018_bin_20, from constraint: gamma_stat_resolved_4b_2018_bin_20_constraint
Pairing nui: gamma_stat_resolved_4b_2018_bin_21_poisMean, with glob: nom_gamma_stat_resolved_4b_2018_bin_21, from constraint: gamma_stat_resolved_4b_2018_bin_21_constraint
Pairing nui: gamma_stat_resolved_4b_2018_bin_22_poisMean, with glob: nom_gamma_stat_resolved_4b_2018_bin_22, from constraint: gamma_stat_resolved_4b_2018_bin_22_constraint
Pairing nui: gamma_stat_resolved_4b_2018_bin_23_poisMean, with glob: nom_gamma_stat_resolved_4b_2018_bin_23, from constraint: gamma_stat_resolved_4b_2018_bin_23_constraint
Pairing nui: gamma_stat_resolved_4b_2018_bin_24_poisMean, with glob: nom_gamma_stat_resolved_4b_2018_bin_24, from constraint: gamma_stat_resolved_4b_2018_bin_24_constraint
Pairing nui: gamma_stat_resolved_4b_2018_bin_25_poisMean, with glob: nom_gamma_stat_resolved_4b_2018_bin_25, from constraint: gamma_stat_resolved_4b_2018_bin_25_constraint
Pairing nui: gamma_stat_resolved_4b_2018_bin_26_poisMean, with glob: nom_gamma_stat_resolved_4b_2018_bin_26, from constraint: gamma_stat_resolved_4b_2018_bin_26_constraint
Pairing nui: gamma_stat_resolved_4b_2018_bin_27_poisMean, with glob: nom_gamma_stat_resolved_4b_2018_bin_27, from constraint: gamma_stat_resolved_4b_2018_bin_27_constraint
Pairing nui: gamma_stat_resolved_4b_2018_bin_28_poisMean, with glob: nom_gamma_stat_resolved_4b_2018_bin_28, from constraint: gamma_stat_resolved_4b_2018_bin_28_constraint
Pairing nui: gamma_stat_resolved_4b_2018_bin_29_poisMean, with glob: nom_gamma_stat_resolved_4b_2018_bin_29, from constraint: gamma_stat_resolved_4b_2018_bin_29_constraint
Pairing nui: gamma_stat_resolved_4b_2018_bin_30_poisMean, with glob: nom_gamma_stat_resolved_4b_2018_bin_30, from constraint: gamma_stat_resolved_4b_2018_bin_30_constraint
Pairing nui: gamma_stat_resolved_4b_2018_bin_31_poisMean, with glob: nom_gamma_stat_resolved_4b_2018_bin_31, from constraint: gamma_stat_resolved_4b_2018_bin_31_constraint
Pairing nui: gamma_stat_resolved_4b_2018_bin_32_poisMean, with glob: nom_gamma_stat_resolved_4b_2018_bin_32, from constraint: gamma_stat_resolved_4b_2018_bin_32_constraint
Pairing nui: gamma_stat_resolved_4b_2018_bin_33_poisMean, with glob: nom_gamma_stat_resolved_4b_2018_bin_33, from constraint: gamma_stat_resolved_4b_2018_bin_33_constraint
Pairing nui: gamma_stat_resolved_4b_2018_bin_34_poisMean, with glob: nom_gamma_stat_resolved_4b_2018_bin_34, from constraint: gamma_stat_resolved_4b_2018_bin_34_constraint
Pairing nui: gamma_stat_resolved_4b_2018_bin_35_poisMean, with glob: nom_gamma_stat_resolved_4b_2018_bin_35, from constraint: gamma_stat_resolved_4b_2018_bin_35_constraint
Pairing nui: gamma_stat_resolved_4b_2018_bin_36_poisMean, with glob: nom_gamma_stat_resolved_4b_2018_bin_36, from constraint: gamma_stat_resolved_4b_2018_bin_36_constraint
Pairing nui: gamma_stat_resolved_4b_2018_bin_37_poisMean, with glob: nom_gamma_stat_resolved_4b_2018_bin_37, from constraint: gamma_stat_resolved_4b_2018_bin_37_constraint
Pairing nui: gamma_stat_resolved_4b_2018_bin_38_poisMean, with glob: nom_gamma_stat_resolved_4b_2018_bin_38, from constraint: gamma_stat_resolved_4b_2018_bin_38_constraint
Pairing nui: gamma_stat_resolved_4b_2018_bin_39_poisMean, with glob: nom_gamma_stat_resolved_4b_2018_bin_39, from constraint: gamma_stat_resolved_4b_2018_bin_39_constraint
Pairing nui: gamma_stat_resolved_4b_2018_bin_40_poisMean, with glob: nom_gamma_stat_resolved_4b_2018_bin_40, from constraint: gamma_stat_resolved_4b_2018_bin_40_constraint
Pairing nui: gamma_stat_resolved_4b_2018_bin_41_poisMean, with glob: nom_gamma_stat_resolved_4b_2018_bin_41, from constraint: gamma_stat_resolved_4b_2018_bin_41_constraint
Pairing nui: gamma_stat_resolved_4b_2018_bin_42_poisMean, with glob: nom_gamma_stat_resolved_4b_2018_bin_42, from constraint: gamma_stat_resolved_4b_2018_bin_42_constraint
Pairing nui: gamma_stat_resolved_4b_2018_bin_43_poisMean, with glob: nom_gamma_stat_resolved_4b_2018_bin_43, from constraint: gamma_stat_resolved_4b_2018_bin_43_constraint
Pairing nui: gamma_stat_resolved_4b_2018_bin_44_poisMean, with glob: nom_gamma_stat_resolved_4b_2018_bin_44, from constraint: gamma_stat_resolved_4b_2018_bin_44_constraint
Pairing nui: gamma_stat_resolved_4b_2018_bin_45_poisMean, with glob: nom_gamma_stat_resolved_4b_2018_bin_45, from constraint: gamma_stat_resolved_4b_2018_bin_45_constraint
Pairing nui: gamma_stat_resolved_4b_2018_bin_46_poisMean, with glob: nom_gamma_stat_resolved_4b_2018_bin_46, from constraint: gamma_stat_resolved_4b_2018_bin_46_constraint
Pairing nui: gamma_stat_resolved_4b_2018_bin_47_poisMean, with glob: nom_gamma_stat_resolved_4b_2018_bin_47, from constraint: gamma_stat_resolved_4b_2018_bin_47_constraint
Pairing nui: gamma_stat_resolved_4b_2018_bin_48_poisMean, with glob: nom_gamma_stat_resolved_4b_2018_bin_48, from constraint: gamma_stat_resolved_4b_2018_bin_48_constraint
Pairing nui: gamma_stat_resolved_4b_2018_bin_49_poisMean, with glob: nom_gamma_stat_resolved_4b_2018_bin_49, from constraint: gamma_stat_resolved_4b_2018_bin_49_constraint
Pairing nui: gamma_stat_resolved_4b_2018_bin_50_poisMean, with glob: nom_gamma_stat_resolved_4b_2018_bin_50, from constraint: gamma_stat_resolved_4b_2018_bin_50_constraint
Pairing nui: gamma_stat_resolved_4b_2018_bin_51_poisMean, with glob: nom_gamma_stat_resolved_4b_2018_bin_51, from constraint: gamma_stat_resolved_4b_2018_bin_51_constraint
Pairing nui: gamma_stat_resolved_4b_2018_bin_52_poisMean, with glob: nom_gamma_stat_resolved_4b_2018_bin_52, from constraint: gamma_stat_resolved_4b_2018_bin_52_constraint
Pairing nui: gamma_stat_resolved_4b_2018_bin_53_poisMean, with glob: nom_gamma_stat_resolved_4b_2018_bin_53, from constraint: gamma_stat_resolved_4b_2018_bin_53_constraint
Pairing nui: gamma_stat_resolved_4b_2018_bin_54_poisMean, with glob: nom_gamma_stat_resolved_4b_2018_bin_54, from constraint: gamma_stat_resolved_4b_2018_bin_54_constraint
Pairing nui: gamma_stat_resolved_4b_2018_bin_55_poisMean, with glob: nom_gamma_stat_resolved_4b_2018_bin_55, from constraint: gamma_stat_resolved_4b_2018_bin_55_constraint
Pairing nui: gamma_stat_resolved_4b_2018_bin_56_poisMean, with glob: nom_gamma_stat_resolved_4b_2018_bin_56, from constraint: gamma_stat_resolved_4b_2018_bin_56_constraint
Pairing nui: gamma_stat_resolved_4b_2018_bin_57_poisMean, with glob: nom_gamma_stat_resolved_4b_2018_bin_57, from constraint: gamma_stat_resolved_4b_2018_bin_57_constraint
Pairing nui: gamma_stat_resolved_4b_2018_bin_58_poisMean, with glob: nom_gamma_stat_resolved_4b_2018_bin_58, from constraint: gamma_stat_resolved_4b_2018_bin_58_constraint
Pairing nui: gamma_stat_resolved_4b_2018_bin_59_poisMean, with glob: nom_gamma_stat_resolved_4b_2018_bin_59, from constraint: gamma_stat_resolved_4b_2018_bin_59_constraint
Pairing nui: gamma_stat_resolved_4b_2018_bin_60_poisMean, with glob: nom_gamma_stat_resolved_4b_2018_bin_60, from constraint: gamma_stat_resolved_4b_2018_bin_60_constraint
Pairing nui: gamma_stat_resolved_4b_2018_bin_61_poisMean, with glob: nom_gamma_stat_resolved_4b_2018_bin_61, from constraint: gamma_stat_resolved_4b_2018_bin_61_constraint
Pairing nui: gamma_stat_resolved_4b_2018_bin_62_poisMean, with glob: nom_gamma_stat_resolved_4b_2018_bin_62, from constraint: gamma_stat_resolved_4b_2018_bin_62_constraint
Pairing nui: gamma_stat_resolved_4b_2018_bin_63_poisMean, with glob: nom_gamma_stat_resolved_4b_2018_bin_63, from constraint: gamma_stat_resolved_4b_2018_bin_63_constraint
Pairing nui: gamma_stat_resolved_4b_2018_bin_64_poisMean, with glob: nom_gamma_stat_resolved_4b_2018_bin_64, from constraint: gamma_stat_resolved_4b_2018_bin_64_constraint
Pairing nui: gamma_stat_resolved_4b_2018_bin_65_poisMean, with glob: nom_gamma_stat_resolved_4b_2018_bin_65, from constraint: gamma_stat_resolved_4b_2018_bin_65_constraint
Pairing nui: gamma_stat_resolved_4b_2018_bin_66_poisMean, with glob: nom_gamma_stat_resolved_4b_2018_bin_66, from constraint: gamma_stat_resolved_4b_2018_bin_66_constraint
Pairing nui: gamma_stat_resolved_4b_2018_bin_67_poisMean, with glob: nom_gamma_stat_resolved_4b_2018_bin_67, from constraint: gamma_stat_resolved_4b_2018_bin_67_constraint
Pairing nui: gamma_stat_resolved_4b_2018_bin_68_poisMean, with glob: nom_gamma_stat_resolved_4b_2018_bin_68, from constraint: gamma_stat_resolved_4b_2018_bin_68_constraint
Pairing nui: gamma_stat_resolved_4b_2018_bin_69_poisMean, with glob: nom_gamma_stat_resolved_4b_2018_bin_69, from constraint: gamma_stat_resolved_4b_2018_bin_69_constraint
nui: 0x5d86d10, glob: 0x6d28500
Setting glob: nominalLumi, which had previous val: 1, to conditional val: 1
nui: 0x501bad0, glob: 0x64ae7c0
Setting glob: nom_alpha_BackgroundNorm16, which had previous val: 0, to conditional val: 0
nui: 0x6d29fe0, glob: 0x6d2acc0
Setting glob: nom_alpha_BackgroundShape_HighHT_16, which had previous val: 0, to conditional val: 0
nui: 0x6d2c9d0, glob: 0x6d2d710
Setting glob: nom_alpha_BackgroundShape_LowHT_16, which had previous val: 0, to conditional val: 0
nui: 0x5890560, glob: 0x64b0480
Setting glob: nom_alpha_Theory, which had previous val: 0, to conditional val: 0
nui: 0x5fdf9c0, glob: 0x5fe0bd0
Setting glob: nom_alpha_FT_EFF_Eigen_B_0, which had previous val: 0, to conditional val: 0
nui: 0x63c4a40, glob: 0x63c5c50
Setting glob: nom_alpha_FT_EFF_Eigen_B_1, which had previous val: 0, to conditional val: 0
nui: 0x671b580, glob: 0x671c790
Setting glob: nom_alpha_FT_EFF_Eigen_B_2, which had previous val: 0, to conditional val: 0
nui: 0x671e090, glob: 0x671f210
Setting glob: nom_alpha_FT_EFF_Eigen_B_3, which had previous val: 0, to conditional val: 0
nui: 0x6720a80, glob: 0x6721c00
Setting glob: nom_alpha_FT_EFF_Eigen_B_4, which had previous val: 0, to conditional val: 0
nui: 0x6723470, glob: 0x67245f0
Setting glob: nom_alpha_FT_EFF_Eigen_B_5, which had previous val: 0, to conditional val: 0
nui: 0x6725e60, glob: 0x6726fe0
Setting glob: nom_alpha_FT_EFF_Eigen_B_6, which had previous val: 0, to conditional val: 0
nui: 0x6728850, glob: 0x67299d0
Setting glob: nom_alpha_FT_EFF_Eigen_B_7, which had previous val: 0, to conditional val: 0
nui: 0x672b240, glob: 0x672c3c0
Setting glob: nom_alpha_FT_EFF_Eigen_B_8, which had previous val: 0, to conditional val: 0
nui: 0x672dc30, glob: 0x672edb0
Setting glob: nom_alpha_FT_EFF_Eigen_C_0, which had previous val: 0, to conditional val: 0
nui: 0x6730620, glob: 0x67317a0
Setting glob: nom_alpha_FT_EFF_Eigen_C_1, which had previous val: 0, to conditional val: 0
nui: 0x6733010, glob: 0x6734190
Setting glob: nom_alpha_FT_EFF_Eigen_C_2, which had previous val: 0, to conditional val: 0
nui: 0x6735a00, glob: 0x6736b80
Setting glob: nom_alpha_FT_EFF_Eigen_C_3, which had previous val: 0, to conditional val: 0
nui: 0x67383f0, glob: 0x6739570
Setting glob: nom_alpha_FT_EFF_Eigen_Light_0, which had previous val: 0, to conditional val: 0
nui: 0x673ae30, glob: 0x673bf90
Setting glob: nom_alpha_FT_EFF_Eigen_Light_1, which had previous val: 0, to conditional val: 0
nui: 0x673d850, glob: 0x673e9b0
Setting glob: nom_alpha_FT_EFF_Eigen_Light_2, which had previous val: 0, to conditional val: 0
nui: 0x6740270, glob: 0x67413d0
Setting glob: nom_alpha_FT_EFF_Eigen_Light_3, which had previous val: 0, to conditional val: 0
nui: 0x6742c90, glob: 0x6743df0
Setting glob: nom_alpha_FT_EFF_extrapolation, which had previous val: 0, to conditional val: 0
nui: 0x67456b0, glob: 0x6746830
Setting glob: nom_alpha_FT_EFF_extrapolation_from_charm, which had previous val: 0, to conditional val: 0
nui: 0x67481b0, glob: 0x6749310
Setting glob: nom_alpha_JET_BJES_Response, which had previous val: 0, to conditional val: 0
nui: 0x674ab80, glob: 0x674bd00
Setting glob: nom_alpha_JET_EffectiveNP_Detector1, which had previous val: 0, to conditional val: 0
nui: 0x674d620, glob: 0x674e780
Setting glob: nom_alpha_JET_EffectiveNP_Detector2, which had previous val: 0, to conditional val: 0
nui: 0x67500a0, glob: 0x6751200
Setting glob: nom_alpha_JET_EffectiveNP_Mixed1, which had previous val: 0, to conditional val: 0
nui: 0x6752b00, glob: 0x6753c60
Setting glob: nom_alpha_JET_EffectiveNP_Mixed2, which had previous val: 0, to conditional val: 0
nui: 0x6755560, glob: 0x67566c0
Setting glob: nom_alpha_JET_EffectiveNP_Mixed3, which had previous val: 0, to conditional val: 0
nui: 0x6757fc0, glob: 0x6759140
Setting glob: nom_alpha_JET_EffectiveNP_Modelling1, which had previous val: 0, to conditional val: 0
nui: 0x675aa80, glob: 0x675bc00
Setting glob: nom_alpha_JET_EffectiveNP_Modelling2, which had previous val: 0, to conditional val: 0
nui: 0x675d540, glob: 0x675e6c0
Setting glob: nom_alpha_JET_EffectiveNP_Modelling3, which had previous val: 0, to conditional val: 0
nui: 0x6760000, glob: 0x6761180
Setting glob: nom_alpha_JET_EffectiveNP_Modelling4, which had previous val: 0, to conditional val: 0
nui: 0x6762ac0, glob: 0x6763c40
Setting glob: nom_alpha_JET_EffectiveNP_Statistical1, which had previous val: 0, to conditional val: 0
nui: 0x6765590, glob: 0x6766710
Setting glob: nom_alpha_JET_EffectiveNP_Statistical2, which had previous val: 0, to conditional val: 0
nui: 0x6768060, glob: 0x67691e0
Setting glob: nom_alpha_JET_EffectiveNP_Statistical3, which had previous val: 0, to conditional val: 0
nui: 0x676ab30, glob: 0x676bcb0
Setting glob: nom_alpha_JET_EffectiveNP_Statistical4, which had previous val: 0, to conditional val: 0
nui: 0x676d600, glob: 0x676e780
Setting glob: nom_alpha_JET_EffectiveNP_Statistical5, which had previous val: 0, to conditional val: 0
nui: 0x67700d0, glob: 0x6771250
Setting glob: nom_alpha_JET_EffectiveNP_Statistical6, which had previous val: 0, to conditional val: 0
nui: 0x6772ba0, glob: 0x6773d40
Setting glob: nom_alpha_JET_EtaIntercalibration_Modelling, which had previous val: 0, to conditional val: 0
nui: 0x67756e0, glob: 0x6776880
Setting glob: nom_alpha_JET_EtaIntercalibration_NonClosure_highE, which had previous val: 0, to conditional val: 0
nui: 0x67782d0, glob: 0x6779440
Setting glob: nom_alpha_JET_EtaIntercalibration_NonClosure_negEta, which had previous val: 0, to conditional val: 0
nui: 0x677ae90, glob: 0x677c000
Setting glob: nom_alpha_JET_EtaIntercalibration_NonClosure_posEta, which had previous val: 0, to conditional val: 0
nui: 0x677da50, glob: 0x677ebc0
Setting glob: nom_alpha_JET_EtaIntercalibration_TotalStat, which had previous val: 0, to conditional val: 0
nui: 0x6780560, glob: 0x67816c0
Setting glob: nom_alpha_JET_Flavor_Composition, which had previous val: 0, to conditional val: 0
nui: 0x6782fc0, glob: 0x6784120
Setting glob: nom_alpha_JET_Flavor_Response, which had previous val: 0, to conditional val: 0
nui: 0x67859e0, glob: 0x6786b40
Setting glob: nom_alpha_JET_JER_DataVsMC, which had previous val: 0, to conditional val: 0
nui: 0x67883b0, glob: 0x6789530
Setting glob: nom_alpha_JET_JER_EffectiveNP_1, which had previous val: 0, to conditional val: 0
nui: 0x678adf0, glob: 0x678bf50
Setting glob: nom_alpha_JET_JER_EffectiveNP_10, which had previous val: 0, to conditional val: 0
nui: 0x678d850, glob: 0x678e9b0
Setting glob: nom_alpha_JET_JER_EffectiveNP_11, which had previous val: 0, to conditional val: 0
nui: 0x67902b0, glob: 0x6791430
Setting glob: nom_alpha_JET_JER_EffectiveNP_12restTerm, which had previous val: 0, to conditional val: 0
nui: 0x6792db0, glob: 0x6793f10
Setting glob: nom_alpha_JET_JER_EffectiveNP_2, which had previous val: 0, to conditional val: 0
nui: 0x67957d0, glob: 0x6796930
Setting glob: nom_alpha_JET_JER_EffectiveNP_3, which had previous val: 0, to conditional val: 0
nui: 0x67981f0, glob: 0x6799350
Setting glob: nom_alpha_JET_JER_EffectiveNP_4, which had previous val: 0, to conditional val: 0
nui: 0x679ac10, glob: 0x679bd70
Setting glob: nom_alpha_JET_JER_EffectiveNP_5, which had previous val: 0, to conditional val: 0
nui: 0x679d630, glob: 0x679e790
Setting glob: nom_alpha_JET_JER_EffectiveNP_6, which had previous val: 0, to conditional val: 0
nui: 0x67a0050, glob: 0x67a11b0
Setting glob: nom_alpha_JET_JER_EffectiveNP_7, which had previous val: 0, to conditional val: 0
nui: 0x67a2a70, glob: 0x67a3bd0
Setting glob: nom_alpha_JET_JER_EffectiveNP_8, which had previous val: 0, to conditional val: 0
nui: 0x67a5490, glob: 0x67a65f0
Setting glob: nom_alpha_JET_JER_EffectiveNP_9, which had previous val: 0, to conditional val: 0
nui: 0x67a7eb0, glob: 0x67a9010
Setting glob: nom_alpha_JET_Pileup_OffsetMu, which had previous val: 0, to conditional val: 0
nui: 0x67aa8d0, glob: 0x67aba30
Setting glob: nom_alpha_JET_Pileup_OffsetNPV, which had previous val: 0, to conditional val: 0
nui: 0x67ad2f0, glob: 0x67ae450
Setting glob: nom_alpha_JET_Pileup_PtTerm, which had previous val: 0, to conditional val: 0
nui: 0x67afcc0, glob: 0x67b0e40
Setting glob: nom_alpha_JET_Pileup_RhoTopology, which had previous val: 0, to conditional val: 0
nui: 0x67b2740, glob: 0x67b38a0
Setting glob: nom_alpha_JET_PunchThrough_MC16, which had previous val: 0, to conditional val: 0
nui: 0x67b5160, glob: 0x67b62c0
Setting glob: nom_alpha_JET_SingleParticle_HighPt, which had previous val: 0, to conditional val: 0
nui: 0x5c66200, glob: 0x5cc8f20
Setting glob: nom_gamma_stat_resolved_4b_2016_bin_0, which had previous val: 722.682, to conditional val: 722.682
nui: 0x6d2f3c0, glob: 0x6d31a30
Setting glob: nom_gamma_stat_resolved_4b_2016_bin_1, which had previous val: 706.683, to conditional val: 706.683
nui: 0x6d33530, glob: 0x6d35ba0
Setting glob: nom_gamma_stat_resolved_4b_2016_bin_2, which had previous val: 747.53, to conditional val: 747.53
nui: 0x6d376a0, glob: 0x6d39d10
Setting glob: nom_gamma_stat_resolved_4b_2016_bin_3, which had previous val: 775.128, to conditional val: 775.128
nui: 0x6d3b810, glob: 0x6d3de80
Setting glob: nom_gamma_stat_resolved_4b_2016_bin_4, which had previous val: 765.335, to conditional val: 765.335
nui: 0x6d3f980, glob: 0x6d41ff0
Setting glob: nom_gamma_stat_resolved_4b_2016_bin_5, which had previous val: 771.187, to conditional val: 771.187
nui: 0x6d43b00, glob: 0x6d46170
Setting glob: nom_gamma_stat_resolved_4b_2016_bin_6, which had previous val: 894.088, to conditional val: 894.088
nui: 0x6d47c70, glob: 0x6d4a2e0
Setting glob: nom_gamma_stat_resolved_4b_2016_bin_7, which had previous val: 1242.49, to conditional val: 1242.49
nui: 0x6d4bde0, glob: 0x6d4e450
Setting glob: nom_gamma_stat_resolved_4b_2016_bin_8, which had previous val: 1504.46, to conditional val: 1504.46
nui: 0x6d4ff50, glob: 0x6d525c0
Setting glob: nom_gamma_stat_resolved_4b_2016_bin_9, which had previous val: 1650.02, to conditional val: 1650.02
nui: 0x6d540c0, glob: 0x6d56730
Setting glob: nom_gamma_stat_resolved_4b_2016_bin_10, which had previous val: 1910.29, to conditional val: 1910.29
nui: 0x6d58230, glob: 0x6d5a8a0
Setting glob: nom_gamma_stat_resolved_4b_2016_bin_11, which had previous val: 2055.92, to conditional val: 2055.92
nui: 0x6d5c3a0, glob: 0x6d5ea10
Setting glob: nom_gamma_stat_resolved_4b_2016_bin_12, which had previous val: 2621.23, to conditional val: 2621.23
nui: 0x6d60510, glob: 0x6d62b80
Setting glob: nom_gamma_stat_resolved_4b_2016_bin_13, which had previous val: 2743.28, to conditional val: 2743.28
nui: 0x6d64690, glob: 0x6d66d00
Setting glob: nom_gamma_stat_resolved_4b_2016_bin_14, which had previous val: 2698.84, to conditional val: 2698.84
nui: 0x6d68800, glob: 0x6d6ae70
Setting glob: nom_gamma_stat_resolved_4b_2016_bin_15, which had previous val: 2679.99, to conditional val: 2679.99
nui: 0x6d6c970, glob: 0x6d6efe0
Setting glob: nom_gamma_stat_resolved_4b_2016_bin_16, which had previous val: 2512.71, to conditional val: 2512.71
nui: 0x6d70ae0, glob: 0x6d73150
Setting glob: nom_gamma_stat_resolved_4b_2016_bin_17, which had previous val: 2380.61, to conditional val: 2380.61
nui: 0x6d74c50, glob: 0x6d772c0
Setting glob: nom_gamma_stat_resolved_4b_2016_bin_18, which had previous val: 2841.75, to conditional val: 2841.75
nui: 0x6d78dc0, glob: 0x6d7b430
Setting glob: nom_gamma_stat_resolved_4b_2016_bin_19, which had previous val: 2332.21, to conditional val: 2332.21
nui: 0x6d7cf30, glob: 0x6d7f5a0
Setting glob: nom_gamma_stat_resolved_4b_2016_bin_20, which had previous val: 1649.03, to conditional val: 1649.03
nui: 0x6d810a0, glob: 0x6d83710
Setting glob: nom_gamma_stat_resolved_4b_2016_bin_21, which had previous val: 1077.22, to conditional val: 1077.22
nui: 0x6d85220, glob: 0x6d87890
Setting glob: nom_gamma_stat_resolved_4b_2016_bin_22, which had previous val: 1700.92, to conditional val: 1700.92
nui: 0x6d89390, glob: 0x6d8ba00
Setting glob: nom_gamma_stat_resolved_4b_2016_bin_23, which had previous val: 1240.92, to conditional val: 1240.92
nui: 0x6d8d500, glob: 0x6d8fb70
Setting glob: nom_gamma_stat_resolved_4b_2016_bin_24, which had previous val: 1291.17, to conditional val: 1291.17
nui: 0x6d91670, glob: 0x6d93ce0
Setting glob: nom_gamma_stat_resolved_4b_2016_bin_25, which had previous val: 1021.39, to conditional val: 1021.39
nui: 0x6d957e0, glob: 0x6d97e50
Setting glob: nom_gamma_stat_resolved_4b_2016_bin_26, which had previous val: 773.274, to conditional val: 773.274
nui: 0x6d99950, glob: 0x64252f0
Setting glob: nom_gamma_stat_resolved_4b_2016_bin_27, which had previous val: 746.168, to conditional val: 746.168
nui: 0x6da1240, glob: 0x6da36f0
Setting glob: nom_gamma_stat_resolved_4b_2016_bin_28, which had previous val: 901.001, to conditional val: 901.001
nui: 0x6da51f0, glob: 0x6da7860
Setting glob: nom_gamma_stat_resolved_4b_2016_bin_29, which had previous val: 610.135, to conditional val: 610.135
nui: 0x6da9360, glob: 0x6dab9d0
Setting glob: nom_gamma_stat_resolved_4b_2016_bin_30, which had previous val: 525.281, to conditional val: 525.281
nui: 0x6dad4d0, glob: 0x6dafb40
Setting glob: nom_gamma_stat_resolved_4b_2016_bin_31, which had previous val: 561.244, to conditional val: 561.244
nui: 0x6db1640, glob: 0x6db3cb0
Setting glob: nom_gamma_stat_resolved_4b_2016_bin_32, which had previous val: 524.934, to conditional val: 524.934
nui: 0x6db57b0, glob: 0x6db7e20
Setting glob: nom_gamma_stat_resolved_4b_2016_bin_33, which had previous val: 463.289, to conditional val: 463.289
nui: 0x6db9920, glob: 0x6dbbf90
Setting glob: nom_gamma_stat_resolved_4b_2016_bin_34, which had previous val: 372.041, to conditional val: 372.041
nui: 0x6dbda90, glob: 0x6dc0100
Setting glob: nom_gamma_stat_resolved_4b_2016_bin_35, which had previous val: 354.18, to conditional val: 354.18
nui: 0x6dc1c00, glob: 0x6dc4270
Setting glob: nom_gamma_stat_resolved_4b_2016_bin_36, which had previous val: 335.345, to conditional val: 335.345
nui: 0x6dc5d70, glob: 0x6dc83e0
Setting glob: nom_gamma_stat_resolved_4b_2016_bin_37, which had previous val: 276.914, to conditional val: 276.914
nui: 0x6dc9ee0, glob: 0x6dcc550
Setting glob: nom_gamma_stat_resolved_4b_2016_bin_38, which had previous val: 309.899, to conditional val: 309.899
nui: 0x6dce050, glob: 0x6dd06c0
Setting glob: nom_gamma_stat_resolved_4b_2016_bin_39, which had previous val: 267.63, to conditional val: 267.63
nui: 0x6dd21c0, glob: 0x6dd4830
Setting glob: nom_gamma_stat_resolved_4b_2016_bin_40, which had previous val: 249.651, to conditional val: 249.651
nui: 0x6dd6330, glob: 0x6dd89a0
Setting glob: nom_gamma_stat_resolved_4b_2016_bin_41, which had previous val: 221.106, to conditional val: 221.106
nui: 0x6dda4a0, glob: 0x6ddcb10
Setting glob: nom_gamma_stat_resolved_4b_2016_bin_42, which had previous val: 203.441, to conditional val: 203.441
nui: 0x6dde610, glob: 0x6de0c80
Setting glob: nom_gamma_stat_resolved_4b_2016_bin_43, which had previous val: 162.643, to conditional val: 162.643
nui: 0x6de2780, glob: 0x6de4df0
Setting glob: nom_gamma_stat_resolved_4b_2016_bin_44, which had previous val: 166.706, to conditional val: 166.706
nui: 0x6de68f0, glob: 0x6de8f60
Setting glob: nom_gamma_stat_resolved_4b_2016_bin_45, which had previous val: 175.253, to conditional val: 175.253
nui: 0x6deaa60, glob: 0x6ded0d0
Setting glob: nom_gamma_stat_resolved_4b_2016_bin_46, which had previous val: 160.076, to conditional val: 160.076
nui: 0x6deebd0, glob: 0x6df1240
Setting glob: nom_gamma_stat_resolved_4b_2016_bin_47, which had previous val: 159.758, to conditional val: 159.758
nui: 0x6df2d40, glob: 0x6df53b0
Setting glob: nom_gamma_stat_resolved_4b_2016_bin_48, which had previous val: 122.444, to conditional val: 122.444
nui: 0x6df6eb0, glob: 0x6df9520
Setting glob: nom_gamma_stat_resolved_4b_2016_bin_49, which had previous val: 119.329, to conditional val: 119.329
nui: 0x6dfb020, glob: 0x6dfd690
Setting glob: nom_gamma_stat_resolved_4b_2016_bin_50, which had previous val: 113.163, to conditional val: 113.163
nui: 0x6dff190, glob: 0x6e01800
Setting glob: nom_gamma_stat_resolved_4b_2016_bin_51, which had previous val: 133.584, to conditional val: 133.584
nui: 0x6e03300, glob: 0x6e05970
Setting glob: nom_gamma_stat_resolved_4b_2016_bin_52, which had previous val: 98.1664, to conditional val: 98.1664
nui: 0x6e07470, glob: 0x6e09ae0
Setting glob: nom_gamma_stat_resolved_4b_2016_bin_53, which had previous val: 131.422, to conditional val: 131.422
nui: 0x6e0b5e0, glob: 0x6e0dc50
Setting glob: nom_gamma_stat_resolved_4b_2016_bin_54, which had previous val: 99.7649, to conditional val: 99.7649
nui: 0x6e0f750, glob: 0x6e11dc0
Setting glob: nom_gamma_stat_resolved_4b_2016_bin_55, which had previous val: 54.9132, to conditional val: 54.9132
nui: 0x6e138c0, glob: 0x6e15f30
Setting glob: nom_gamma_stat_resolved_4b_2016_bin_56, which had previous val: 115.583, to conditional val: 115.583
nui: 0x6e17a30, glob: 0x6e1a0a0
Setting glob: nom_gamma_stat_resolved_4b_2016_bin_57, which had previous val: 113.444, to conditional val: 113.444
nui: 0x6e1bba0, glob: 0x6e1e210
Setting glob: nom_gamma_stat_resolved_4b_2016_bin_58, which had previous val: 104.648, to conditional val: 104.648
nui: 0x6e1fd10, glob: 0x6e22380
Setting glob: nom_gamma_stat_resolved_4b_2016_bin_59, which had previous val: 97.351, to conditional val: 97.351
nui: 0x6e23e80, glob: 0x6e264f0
Setting glob: nom_gamma_stat_resolved_4b_2016_bin_60, which had previous val: 101.104, to conditional val: 101.104
nui: 0x6e27ff0, glob: 0x6e2a660
Setting glob: nom_gamma_stat_resolved_4b_2016_bin_61, which had previous val: 93.2016, to conditional val: 93.2016
nui: 0x6e2c160, glob: 0x6e2e7d0
Setting glob: nom_gamma_stat_resolved_4b_2016_bin_62, which had previous val: 94.9165, to conditional val: 94.9165
nui: 0x6e302d0, glob: 0x6e32940
Setting glob: nom_gamma_stat_resolved_4b_2016_bin_63, which had previous val: 89.3037, to conditional val: 89.3037
nui: 0x6e34440, glob: 0x6e36ab0
Setting glob: nom_gamma_stat_resolved_4b_2016_bin_64, which had previous val: 56.2707, to conditional val: 56.2707
nui: 0x6e385b0, glob: 0x6e3ac20
Setting glob: nom_gamma_stat_resolved_4b_2016_bin_65, which had previous val: 68.1257, to conditional val: 68.1257
nui: 0x6e3c720, glob: 0x6e3ed90
Setting glob: nom_gamma_stat_resolved_4b_2016_bin_66, which had previous val: 91.7702, to conditional val: 91.7702
nui: 0x6e40890, glob: 0x6474660
Setting glob: nom_gamma_stat_resolved_4b_2016_bin_67, which had previous val: 81.2086, to conditional val: 81.2086
nui: 0x6476230, glob: 0x64787c0
Setting glob: nom_gamma_stat_resolved_4b_2016_bin_68, which had previous val: 72.2982, to conditional val: 72.2982
nui: 0x647a390, glob: 0x647c920
Setting glob: nom_gamma_stat_resolved_4b_2016_bin_69, which had previous val: 55.3002, to conditional val: 55.3002
nui: 0x5fe3850, glob: 0x6cfbe70
Setting glob: nom_alpha_BackgroundNorm17, which had previous val: 0, to conditional val: 0
nui: 0x6ce7030, glob: 0x6ce8230
Setting glob: nom_alpha_BackgroundShape_HighHT_17, which had previous val: 0, to conditional val: 0
nui: 0x6ce9b20, glob: 0x6ceac70
Setting glob: nom_alpha_BackgroundShape_LowHT_17, which had previous val: 0, to conditional val: 0
nui: 0x5fe9da0, glob: 0x5febcf0
Setting glob: nom_gamma_stat_resolved_4b_2017_bin_0, which had previous val: 723.037, to conditional val: 723.037
nui: 0x5ff4380, glob: 0x5ff6230
Setting glob: nom_gamma_stat_resolved_4b_2017_bin_1, which had previous val: 738.539, to conditional val: 738.539
nui: 0x5ff84f0, glob: 0x5ffa3a0
Setting glob: nom_gamma_stat_resolved_4b_2017_bin_2, which had previous val: 750.164, to conditional val: 750.164
nui: 0x5ffc660, glob: 0x5ffe510
Setting glob: nom_gamma_stat_resolved_4b_2017_bin_3, which had previous val: 821.242, to conditional val: 821.242
nui: 0x60007d0, glob: 0x6002680
Setting glob: nom_gamma_stat_resolved_4b_2017_bin_4, which had previous val: 997.98, to conditional val: 997.98
nui: 0x6004950, glob: 0x6006800
Setting glob: nom_gamma_stat_resolved_4b_2017_bin_5, which had previous val: 868.999, to conditional val: 868.999
nui: 0x6008ac0, glob: 0x600a970
Setting glob: nom_gamma_stat_resolved_4b_2017_bin_6, which had previous val: 1030.6, to conditional val: 1030.6
nui: 0x600cc30, glob: 0x600eae0
Setting glob: nom_gamma_stat_resolved_4b_2017_bin_7, which had previous val: 1178.9, to conditional val: 1178.9
nui: 0x6011300, glob: 0x60131b0
Setting glob: nom_gamma_stat_resolved_4b_2017_bin_8, which had previous val: 1468.59, to conditional val: 1468.59
nui: 0x6015470, glob: 0x6017320
Setting glob: nom_gamma_stat_resolved_4b_2017_bin_9, which had previous val: 1622.75, to conditional val: 1622.75
nui: 0x60195e0, glob: 0x601b490
Setting glob: nom_gamma_stat_resolved_4b_2017_bin_10, which had previous val: 1884.08, to conditional val: 1884.08
nui: 0x601d750, glob: 0x601f600
Setting glob: nom_gamma_stat_resolved_4b_2017_bin_11, which had previous val: 2367.18, to conditional val: 2367.18
nui: 0x60218c0, glob: 0x6023770
Setting glob: nom_gamma_stat_resolved_4b_2017_bin_12, which had previous val: 2130.97, to conditional val: 2130.97
nui: 0x6025a30, glob: 0x60278e0
Setting glob: nom_gamma_stat_resolved_4b_2017_bin_13, which had previous val: 2155.95, to conditional val: 2155.95
nui: 0x6029ba0, glob: 0x602ba50
Setting glob: nom_gamma_stat_resolved_4b_2017_bin_14, which had previous val: 2125.87, to conditional val: 2125.87
nui: 0x602dd10, glob: 0x602fbc0
Setting glob: nom_gamma_stat_resolved_4b_2017_bin_15, which had previous val: 2161.35, to conditional val: 2161.35
nui: 0x6031e80, glob: 0x6033d30
Setting glob: nom_gamma_stat_resolved_4b_2017_bin_16, which had previous val: 2026.02, to conditional val: 2026.02
nui: 0x6035ff0, glob: 0x6037ea0
Setting glob: nom_gamma_stat_resolved_4b_2017_bin_17, which had previous val: 2030.78, to conditional val: 2030.78
nui: 0x603a160, glob: 0x603c010
Setting glob: nom_gamma_stat_resolved_4b_2017_bin_18, which had previous val: 2275.71, to conditional val: 2275.71
nui: 0x603ea40, glob: 0x60407c0
Setting glob: nom_gamma_stat_resolved_4b_2017_bin_19, which had previous val: 1715.63, to conditional val: 1715.63
nui: 0x6042a80, glob: 0x6044930
Setting glob: nom_gamma_stat_resolved_4b_2017_bin_20, which had previous val: 1696.95, to conditional val: 1696.95
nui: 0x6046c00, glob: 0x6048ab0
Setting glob: nom_gamma_stat_resolved_4b_2017_bin_21, which had previous val: 1704.53, to conditional val: 1704.53
nui: 0x604ad70, glob: 0x604cc20
Setting glob: nom_gamma_stat_resolved_4b_2017_bin_22, which had previous val: 1514.11, to conditional val: 1514.11
nui: 0x604eee0, glob: 0x6050d90
Setting glob: nom_gamma_stat_resolved_4b_2017_bin_23, which had previous val: 1812.36, to conditional val: 1812.36
nui: 0x6053050, glob: 0x6054f00
Setting glob: nom_gamma_stat_resolved_4b_2017_bin_24, which had previous val: 1357.23, to conditional val: 1357.23
nui: 0x60571c0, glob: 0x6059070
Setting glob: nom_gamma_stat_resolved_4b_2017_bin_25, which had previous val: 1282.83, to conditional val: 1282.83
nui: 0x605b330, glob: 0x605d1e0
Setting glob: nom_gamma_stat_resolved_4b_2017_bin_26, which had previous val: 1087.43, to conditional val: 1087.43
nui: 0x605f4a0, glob: 0x6061350
Setting glob: nom_gamma_stat_resolved_4b_2017_bin_27, which had previous val: 1149.37, to conditional val: 1149.37
nui: 0x6063610, glob: 0x60654c0
Setting glob: nom_gamma_stat_resolved_4b_2017_bin_28, which had previous val: 925.693, to conditional val: 925.693
nui: 0x6067780, glob: 0x6069630
Setting glob: nom_gamma_stat_resolved_4b_2017_bin_29, which had previous val: 977.494, to conditional val: 977.494
nui: 0x606b8f0, glob: 0x606d7a0
Setting glob: nom_gamma_stat_resolved_4b_2017_bin_30, which had previous val: 843.44, to conditional val: 843.44
nui: 0x606fa60, glob: 0x6071910
Setting glob: nom_gamma_stat_resolved_4b_2017_bin_31, which had previous val: 736.999, to conditional val: 736.999
nui: 0x6073bd0, glob: 0x6075a80
Setting glob: nom_gamma_stat_resolved_4b_2017_bin_32, which had previous val: 715.442, to conditional val: 715.442
nui: 0x6077d40, glob: 0x6079bf0
Setting glob: nom_gamma_stat_resolved_4b_2017_bin_33, which had previous val: 782.034, to conditional val: 782.034
nui: 0x607beb0, glob: 0x607dd60
Setting glob: nom_gamma_stat_resolved_4b_2017_bin_34, which had previous val: 665.191, to conditional val: 665.191
nui: 0x6080020, glob: 0x6081ed0
Setting glob: nom_gamma_stat_resolved_4b_2017_bin_35, which had previous val: 589.968, to conditional val: 589.968
nui: 0x6084190, glob: 0x6086040
Setting glob: nom_gamma_stat_resolved_4b_2017_bin_36, which had previous val: 410.768, to conditional val: 410.768
nui: 0x6088310, glob: 0x608a1c0
Setting glob: nom_gamma_stat_resolved_4b_2017_bin_37, which had previous val: 498.494, to conditional val: 498.494
nui: 0x608c480, glob: 0x608e330
Setting glob: nom_gamma_stat_resolved_4b_2017_bin_38, which had previous val: 425.306, to conditional val: 425.306
nui: 0x60905f0, glob: 0x60924a0
Setting glob: nom_gamma_stat_resolved_4b_2017_bin_39, which had previous val: 298.606, to conditional val: 298.606
nui: 0x6094760, glob: 0x6096610
Setting glob: nom_gamma_stat_resolved_4b_2017_bin_40, which had previous val: 342.113, to conditional val: 342.113
nui: 0x60988d0, glob: 0x609a780
Setting glob: nom_gamma_stat_resolved_4b_2017_bin_41, which had previous val: 314.852, to conditional val: 314.852
nui: 0x609d690, glob: 0x609f490
Setting glob: nom_gamma_stat_resolved_4b_2017_bin_42, which had previous val: 328.906, to conditional val: 328.906
nui: 0x60a1750, glob: 0x60a3600
Setting glob: nom_gamma_stat_resolved_4b_2017_bin_43, which had previous val: 341.326, to conditional val: 341.326
nui: 0x60a58c0, glob: 0x60a7770
Setting glob: nom_gamma_stat_resolved_4b_2017_bin_44, which had previous val: 295.021, to conditional val: 295.021
nui: 0x60a9a30, glob: 0x60ab8e0
Setting glob: nom_gamma_stat_resolved_4b_2017_bin_45, which had previous val: 266.259, to conditional val: 266.259
nui: 0x60adba0, glob: 0x60afa50
Setting glob: nom_gamma_stat_resolved_4b_2017_bin_46, which had previous val: 186.042, to conditional val: 186.042
nui: 0x60b1d10, glob: 0x60b3bc0
Setting glob: nom_gamma_stat_resolved_4b_2017_bin_47, which had previous val: 235.219, to conditional val: 235.219
nui: 0x60b5e80, glob: 0x60b7d30
Setting glob: nom_gamma_stat_resolved_4b_2017_bin_48, which had previous val: 222.878, to conditional val: 222.878
nui: 0x60b9ff0, glob: 0x60bbea0
Setting glob: nom_gamma_stat_resolved_4b_2017_bin_49, which had previous val: 206.851, to conditional val: 206.851
nui: 0x60be160, glob: 0x60c0010
Setting glob: nom_gamma_stat_resolved_4b_2017_bin_50, which had previous val: 198.378, to conditional val: 198.378
nui: 0x60c22d0, glob: 0x60c4180
Setting glob: nom_gamma_stat_resolved_4b_2017_bin_51, which had previous val: 200.855, to conditional val: 200.855
nui: 0x60c6440, glob: 0x60c82f0
Setting glob: nom_gamma_stat_resolved_4b_2017_bin_52, which had previous val: 186.619, to conditional val: 186.619
nui: 0x5f48750, glob: 0x5f4a620
Setting glob: nom_gamma_stat_resolved_4b_2017_bin_53, which had previous val: 171.359, to conditional val: 171.359
nui: 0x5f4c8b0, glob: 0x5f4e780
Setting glob: nom_gamma_stat_resolved_4b_2017_bin_54, which had previous val: 164.885, to conditional val: 164.885
nui: 0x5f50a10, glob: 0x5f528e0
Setting glob: nom_gamma_stat_resolved_4b_2017_bin_55, which had previous val: 159.698, to conditional val: 159.698
nui: 0x5f54b70, glob: 0x5f56a40
Setting glob: nom_gamma_stat_resolved_4b_2017_bin_56, which had previous val: 146.113, to conditional val: 146.113
nui: 0x5f58cd0, glob: 0x5f5aba0
Setting glob: nom_gamma_stat_resolved_4b_2017_bin_57, which had previous val: 140.266, to conditional val: 140.266
nui: 0x5f5ce30, glob: 0x60f8be0
Setting glob: nom_gamma_stat_resolved_4b_2017_bin_58, which had previous val: 138.883, to conditional val: 138.883
nui: 0x60faab0, glob: 0x60fc960
Setting glob: nom_gamma_stat_resolved_4b_2017_bin_59, which had previous val: 105.568, to conditional val: 105.568
nui: 0x60fec20, glob: 0x6100ad0
Setting glob: nom_gamma_stat_resolved_4b_2017_bin_60, which had previous val: 142.948, to conditional val: 142.948
nui: 0x6102d90, glob: 0x6104c40
Setting glob: nom_gamma_stat_resolved_4b_2017_bin_61, which had previous val: 127.021, to conditional val: 127.021
nui: 0x6106f00, glob: 0x6108db0
Setting glob: nom_gamma_stat_resolved_4b_2017_bin_62, which had previous val: 121.501, to conditional val: 121.501
nui: 0x610b070, glob: 0x610cf20
Setting glob: nom_gamma_stat_resolved_4b_2017_bin_63, which had previous val: 122.657, to conditional val: 122.657
nui: 0x610f1e0, glob: 0x6111090
Setting glob: nom_gamma_stat_resolved_4b_2017_bin_64, which had previous val: 117.896, to conditional val: 117.896
nui: 0x6113350, glob: 0x6115200
Setting glob: nom_gamma_stat_resolved_4b_2017_bin_65, which had previous val: 118.399, to conditional val: 118.399
nui: 0x61174c0, glob: 0x6119370
Setting glob: nom_gamma_stat_resolved_4b_2017_bin_66, which had previous val: 101.46, to conditional val: 101.46
nui: 0x611b630, glob: 0x611d4e0
Setting glob: nom_gamma_stat_resolved_4b_2017_bin_67, which had previous val: 112.448, to conditional val: 112.448
nui: 0x611f7a0, glob: 0x6121650
Setting glob: nom_gamma_stat_resolved_4b_2017_bin_68, which had previous val: 100.033, to conditional val: 100.033
nui: 0x6124710, glob: 0x6126450
Setting glob: nom_gamma_stat_resolved_4b_2017_bin_69, which had previous val: 74.2995, to conditional val: 74.2995
nui: 0x63c88d0, glob: 0x6c1f4d0
Setting glob: nom_alpha_BackgroundNorm18, which had previous val: 0, to conditional val: 0
nui: 0x6c0a330, glob: 0x6c0b530
Setting glob: nom_alpha_BackgroundShape_HighHT_18, which had previous val: 0, to conditional val: 0
nui: 0x6c0ce20, glob: 0x6c0df70
Setting glob: nom_alpha_BackgroundShape_LowHT_18, which had previous val: 0, to conditional val: 0
nui: 0x63ced20, glob: 0x63d0c70
Setting glob: nom_gamma_stat_resolved_4b_2018_bin_0, which had previous val: 1189.08, to conditional val: 1189.08
nui: 0x63d2f80, glob: 0x63d4e30
Setting glob: nom_gamma_stat_resolved_4b_2018_bin_1, which had previous val: 1014.03, to conditional val: 1014.03
nui: 0x63d70f0, glob: 0x63d8fa0
Setting glob: nom_gamma_stat_resolved_4b_2018_bin_2, which had previous val: 970.518, to conditional val: 970.518
nui: 0x63db260, glob: 0x63dd110
Setting glob: nom_gamma_stat_resolved_4b_2018_bin_3, which had previous val: 1172.47, to conditional val: 1172.47
nui: 0x63df3d0, glob: 0x63e1280
Setting glob: nom_gamma_stat_resolved_4b_2018_bin_4, which had previous val: 1072.42, to conditional val: 1072.42
nui: 0x63e3540, glob: 0x63e53f0
Setting glob: nom_gamma_stat_resolved_4b_2018_bin_5, which had previous val: 1163.51, to conditional val: 1163.51
nui: 0x63e76b0, glob: 0x63e9560
Setting glob: nom_gamma_stat_resolved_4b_2018_bin_6, which had previous val: 1370.52, to conditional val: 1370.52
nui: 0x63eb820, glob: 0x63ed6d0
Setting glob: nom_gamma_stat_resolved_4b_2018_bin_7, which had previous val: 1533.89, to conditional val: 1533.89
nui: 0x63ef990, glob: 0x63f1840
Setting glob: nom_gamma_stat_resolved_4b_2018_bin_8, which had previous val: 1639.7, to conditional val: 1639.7
nui: 0x63f3b00, glob: 0x63f59b0
Setting glob: nom_gamma_stat_resolved_4b_2018_bin_9, which had previous val: 2242.49, to conditional val: 2242.49
nui: 0x63f7c70, glob: 0x63f9b20
Setting glob: nom_gamma_stat_resolved_4b_2018_bin_10, which had previous val: 2317.17, to conditional val: 2317.17
nui: 0x63fbde0, glob: 0x63fdc90
Setting glob: nom_gamma_stat_resolved_4b_2018_bin_11, which had previous val: 2992.86, to conditional val: 2992.86
nui: 0x63fff50, glob: 0x6401e00
Setting glob: nom_gamma_stat_resolved_4b_2018_bin_12, which had previous val: 2929.59, to conditional val: 2929.59
nui: 0x64040c0, glob: 0x6405f70
Setting glob: nom_gamma_stat_resolved_4b_2018_bin_13, which had previous val: 3075.34, to conditional val: 3075.34
nui: 0x6408230, glob: 0x640a0e0
Setting glob: nom_gamma_stat_resolved_4b_2018_bin_14, which had previous val: 3216.39, to conditional val: 3216.39
nui: 0x640c3a0, glob: 0x640e250
Setting glob: nom_gamma_stat_resolved_4b_2018_bin_15, which had previous val: 3352.14, to conditional val: 3352.14
nui: 0x6410510, glob: 0x64123c0
Setting glob: nom_gamma_stat_resolved_4b_2018_bin_16, which had previous val: 2590.6, to conditional val: 2590.6
nui: 0x6414680, glob: 0x6416530
Setting glob: nom_gamma_stat_resolved_4b_2018_bin_17, which had previous val: 3569.47, to conditional val: 3569.47
nui: 0x64187f0, glob: 0x641a6a0
Setting glob: nom_gamma_stat_resolved_4b_2018_bin_18, which had previous val: 2419.68, to conditional val: 2419.68
nui: 0x641c960, glob: 0x641e810
Setting glob: nom_gamma_stat_resolved_4b_2018_bin_19, which had previous val: 2118.01, to conditional val: 2118.01
nui: 0x6420ad0, glob: 0x6422980
Setting glob: nom_gamma_stat_resolved_4b_2018_bin_20, which had previous val: 2103.25, to conditional val: 2103.25
nui: 0x609c580, glob: 0x6428370
Setting glob: nom_gamma_stat_resolved_4b_2018_bin_21, which had previous val: 2174.79, to conditional val: 2174.79
nui: 0x642a630, glob: 0x642c4e0
Setting glob: nom_gamma_stat_resolved_4b_2018_bin_22, which had previous val: 1393.94, to conditional val: 1393.94
nui: 0x642e7a0, glob: 0x6430650
Setting glob: nom_gamma_stat_resolved_4b_2018_bin_23, which had previous val: 1675.84, to conditional val: 1675.84
nui: 0x6432910, glob: 0x64347c0
Setting glob: nom_gamma_stat_resolved_4b_2018_bin_24, which had previous val: 1442.8, to conditional val: 1442.8
nui: 0x6436a80, glob: 0x6438930
Setting glob: nom_gamma_stat_resolved_4b_2018_bin_25, which had previous val: 1326.2, to conditional val: 1326.2
nui: 0x643abf0, glob: 0x643caa0
Setting glob: nom_gamma_stat_resolved_4b_2018_bin_26, which had previous val: 1032.14, to conditional val: 1032.14
nui: 0x643ed60, glob: 0x6440c10
Setting glob: nom_gamma_stat_resolved_4b_2018_bin_27, which had previous val: 1053.71, to conditional val: 1053.71
nui: 0x6442ed0, glob: 0x6444d80
Setting glob: nom_gamma_stat_resolved_4b_2018_bin_28, which had previous val: 918.637, to conditional val: 918.637
nui: 0x6447040, glob: 0x6448ef0
Setting glob: nom_gamma_stat_resolved_4b_2018_bin_29, which had previous val: 959.275, to conditional val: 959.275
nui: 0x644b1b0, glob: 0x644d060
Setting glob: nom_gamma_stat_resolved_4b_2018_bin_30, which had previous val: 727.88, to conditional val: 727.88
nui: 0x644f320, glob: 0x64511d0
Setting glob: nom_gamma_stat_resolved_4b_2018_bin_31, which had previous val: 778.087, to conditional val: 778.087
nui: 0x6453490, glob: 0x6455340
Setting glob: nom_gamma_stat_resolved_4b_2018_bin_32, which had previous val: 686.897, to conditional val: 686.897
nui: 0x6457600, glob: 0x64594b0
Setting glob: nom_gamma_stat_resolved_4b_2018_bin_33, which had previous val: 548.255, to conditional val: 548.255
nui: 0x645b770, glob: 0x645d620
Setting glob: nom_gamma_stat_resolved_4b_2018_bin_34, which had previous val: 490.382, to conditional val: 490.382
nui: 0x645f8e0, glob: 0x6461790
Setting glob: nom_gamma_stat_resolved_4b_2018_bin_35, which had previous val: 517.145, to conditional val: 517.145
nui: 0x6463a50, glob: 0x6465900
Setting glob: nom_gamma_stat_resolved_4b_2018_bin_36, which had previous val: 434.116, to conditional val: 434.116
nui: 0x6467bc0, glob: 0x6469a70
Setting glob: nom_gamma_stat_resolved_4b_2018_bin_37, which had previous val: 456.49, to conditional val: 456.49
nui: 0x646bd30, glob: 0x646dbe0
Setting glob: nom_gamma_stat_resolved_4b_2018_bin_38, which had previous val: 410.308, to conditional val: 410.308
nui: 0x646fea0, glob: 0x6471d50
Setting glob: nom_gamma_stat_resolved_4b_2018_bin_39, which had previous val: 332.356, to conditional val: 332.356
nui: 0x60c9380, glob: 0x60cb250
Setting glob: nom_gamma_stat_resolved_4b_2018_bin_40, which had previous val: 339.745, to conditional val: 339.745
nui: 0x60cd4e0, glob: 0x60cf3b0
Setting glob: nom_gamma_stat_resolved_4b_2018_bin_41, which had previous val: 319.404, to conditional val: 319.404
nui: 0x60d1640, glob: 0x60d3510
Setting glob: nom_gamma_stat_resolved_4b_2018_bin_42, which had previous val: 262.577, to conditional val: 262.577
nui: 0x60d57a0, glob: 0x60d7670
Setting glob: nom_gamma_stat_resolved_4b_2018_bin_43, which had previous val: 275.397, to conditional val: 275.397
nui: 0x60d9900, glob: 0x60db7d0
Setting glob: nom_gamma_stat_resolved_4b_2018_bin_44, which had previous val: 260.291, to conditional val: 260.291
nui: 0x60dda60, glob: 0x60df930
Setting glob: nom_gamma_stat_resolved_4b_2018_bin_45, which had previous val: 244.046, to conditional val: 244.046
nui: 0x60e1bc0, glob: 0x60e3a90
Setting glob: nom_gamma_stat_resolved_4b_2018_bin_46, which had previous val: 268.204, to conditional val: 268.204
nui: 0x60e5d20, glob: 0x60e7bf0
Setting glob: nom_gamma_stat_resolved_4b_2018_bin_47, which had previous val: 210.183, to conditional val: 210.183
nui: 0x60e9e80, glob: 0x60ebd50
Setting glob: nom_gamma_stat_resolved_4b_2018_bin_48, which had previous val: 204.993, to conditional val: 204.993
nui: 0x60edfe0, glob: 0x60efeb0
Setting glob: nom_gamma_stat_resolved_4b_2018_bin_49, which had previous val: 199.783, to conditional val: 199.783
nui: 0x60f2140, glob: 0x60f4010
Setting glob: nom_gamma_stat_resolved_4b_2018_bin_50, which had previous val: 216.612, to conditional val: 216.612
nui: 0x60f62a0, glob: 0x60f8170
Setting glob: nom_gamma_stat_resolved_4b_2018_bin_51, which had previous val: 160.791, to conditional val: 160.791
nui: 0x64d49d0, glob: 0x64d6880
Setting glob: nom_gamma_stat_resolved_4b_2018_bin_52, which had previous val: 182.977, to conditional val: 182.977
nui: 0x64d8b40, glob: 0x64da9f0
Setting glob: nom_gamma_stat_resolved_4b_2018_bin_53, which had previous val: 188.777, to conditional val: 188.777
nui: 0x64dccb0, glob: 0x64deb60
Setting glob: nom_gamma_stat_resolved_4b_2018_bin_54, which had previous val: 170.62, to conditional val: 170.62
nui: 0x64e0e20, glob: 0x64e2cd0
Setting glob: nom_gamma_stat_resolved_4b_2018_bin_55, which had previous val: 163.025, to conditional val: 163.025
nui: 0x64e4f90, glob: 0x64e6e40
Setting glob: nom_gamma_stat_resolved_4b_2018_bin_56, which had previous val: 149.811, to conditional val: 149.811
nui: 0x64e9100, glob: 0x64eafb0
Setting glob: nom_gamma_stat_resolved_4b_2018_bin_57, which had previous val: 173.271, to conditional val: 173.271
nui: 0x64ed270, glob: 0x64ef120
Setting glob: nom_gamma_stat_resolved_4b_2018_bin_58, which had previous val: 147.887, to conditional val: 147.887
nui: 0x64f13e0, glob: 0x64f3290
Setting glob: nom_gamma_stat_resolved_4b_2018_bin_59, which had previous val: 115.836, to conditional val: 115.836
nui: 0x64f5560, glob: 0x64f7410
Setting glob: nom_gamma_stat_resolved_4b_2018_bin_60, which had previous val: 149.115, to conditional val: 149.115
nui: 0x64f96d0, glob: 0x64fb580
Setting glob: nom_gamma_stat_resolved_4b_2018_bin_61, which had previous val: 138.221, to conditional val: 138.221
nui: 0x64fd840, glob: 0x64ff6f0
Setting glob: nom_gamma_stat_resolved_4b_2018_bin_62, which had previous val: 145.779, to conditional val: 145.779
nui: 0x65019b0, glob: 0x6503860
Setting glob: nom_gamma_stat_resolved_4b_2018_bin_63, which had previous val: 119.849, to conditional val: 119.849
nui: 0x6505b20, glob: 0x65079d0
Setting glob: nom_gamma_stat_resolved_4b_2018_bin_64, which had previous val: 114.606, to conditional val: 114.606
nui: 0x6509c90, glob: 0x650bb40
Setting glob: nom_gamma_stat_resolved_4b_2018_bin_65, which had previous val: 105.861, to conditional val: 105.861
nui: 0x650de00, glob: 0x650fcb0
Setting glob: nom_gamma_stat_resolved_4b_2018_bin_66, which had previous val: 103.425, to conditional val: 103.425
nui: 0x6511f70, glob: 0x6513e20
Setting glob: nom_gamma_stat_resolved_4b_2018_bin_67, which had previous val: 140.033, to conditional val: 140.033
nui: 0x65160f0, glob: 0x6517fa0
Setting glob: nom_gamma_stat_resolved_4b_2018_bin_68, which had previous val: 126.096, to conditional val: 126.096
nui: 0x6123de0, glob: 0x651da20
Setting glob: nom_gamma_stat_resolved_4b_2018_bin_69, which had previous val: 93.806, to conditional val: 93.806
Saving conditional snapshots
Making asimov
adding obs
adding weight
weightVar: 0x64b2ae0
defining set
 check expectedData by category
[#1] INFO:NumericIntegration -- RooRealIntegral::init(resolved_4b_2016_model_Int[obs_x_resolved_4b_2016]) using numeric integrator RooBinIntegrator to calculate Int(obs_x_resolved_4b_2016)
RooRealVar::obs_x_resolved_4b_2016 = 1242.86  L(250 - 1250) B(70) 
pdf: model_resolved_4b_2016
expected events 9009.13
-----
[#1] INFO:NumericIntegration -- RooRealIntegral::init(resolved_4b_2017_model_Int[obs_x_resolved_4b_2017]) using numeric integrator RooBinIntegrator to calculate Int(obs_x_resolved_4b_2017)
RooRealVar::obs_x_resolved_4b_2017 = 1242.86  L(250 - 1250) B(70) 
pdf: model_resolved_4b_2017
expected events 11041.1
-----
[#1] INFO:NumericIntegration -- RooRealIntegral::init(resolved_4b_2018_model_Int[obs_x_resolved_4b_2018]) using numeric integrator RooBinIntegrator to calculate Int(obs_x_resolved_4b_2018)
RooRealVar::obs_x_resolved_4b_2018 = 1242.86  L(250 - 1250) B(70) 
pdf: model_resolved_4b_2018
expected events 19485.9
-----
Import 2
[#1] INFO:ObjectHandling -- RooWorkspace::import(combWS) importing dataset asimovData_POI_0_NP_nom
